Info Session started: Tue Mar  7 00:11:55 2023

Info PROGRAM /home/seankent/bluejay/imperas/imperas-riscv-tests/riscv-ovpsim-plus/bin/Linux64/riscvOVPsimPlus.exe
Info ------------- ENVIRONMENT -------------
Info --------------------------------------
Info -------- FLAGS (from command line)
Info --variant  RV64I
Info --override  riscvOVPsim/cpu/tval_ii_code=F
Info --program  /home/seankent/bluejay/ip/central_processing_unit/sim/gen/sim__xyz/SLLW-01/SLLW-01.elf
Info --signaturedump
Info --customcontrol
Info --override  riscvOVPsim/cpu/sigdump/SignatureFile=/home/seankent/bluejay/ip/central_processing_unit/sim/gen/sim__xyz/SLLW-01/SLLW-01.signature.output
Info --override  riscvOVPsim/cpu/sigdump/SignatureGranularity=4
Info --override  riscvOVPsim/cpu/simulateexceptions=T
Info --override  riscvOVPsim/cpu/defaultsemihost=F
Info --logfile  /home/seankent/bluejay/ip/central_processing_unit/sim/gen/sim__xyz/SLLW-01/SLLW-01.log
Info --override  riscvOVPsim/cpu/user_version=2.3
Info --------------------------------------
Imperas riscvOVPsimPlus


riscvOVPsimPlus (64-Bit) v20230201.0 Open Virtual Platform simulator from www.IMPERAS.com.
Copyright (c) 2005-2023 Imperas Software Ltd.  Contains Imperas Proprietary Information.
Licensed Software, All Rights Reserved.
Visit www.IMPERAS.com for multicore debug, verification and analysis solutions.

riscvOVPsimPlus started: Tue Mar  7 00:11:55 2023


Info (OR_OF) Target 'riscvOVPsim/cpu' has object file read from '/home/seankent/bluejay/ip/central_processing_unit/sim/gen/sim__xyz/SLLW-01/SLLW-01.elf'
Info (OR_PH) Program Headers:
Info (OR_PH) Type           Offset             VirtAddr           PhysAddr
Info (OR_PH)                FileSiz            MemSiz             Flags  Align
Info (OR_PD) PROC           0x0000000000005b08 0x0000000000000000 0x0000000000000000
Info (OR_PD)                0x000000000000001e 0x0000000000000000 R--    1
Info (OR_PD) LOAD           0x0000000000001000 0x0000000080000000 0x0000000080000000
Info (OR_PD)                0x00000000000025ec 0x00000000000025ec R-E    1000
Info (OR_PD) LOAD           0x0000000000004000 0x0000000080003000 0x0000000080003000
Info (OR_PD)                0x0000000000001b08 0x0000000000001b08 RW-    1000
Info (SIGNATURE_DUMP_FSB) Found Symbol 'begin_signature' in application at 0x80004010
Info (SIGNATURE_DUMP_FSE) Found Symbol 'end_signature' in application at 0x80004970
Info (SIGNATURE_DUMP_EN) Signature File enabled, file '/home/seankent/bluejay/ip/central_processing_unit/sim/gen/sim__xyz/SLLW-01/SLLW-01.signature.output'.
Info (SIGNATURE_DUMP_ES) Extracting signature from 0x80004010 size 2400 bytes
Info (SIGNATURE_DUMP_SB) Symbol 'begin_signature' at 0x80004010
Info (SIGNATURE_DUMP_SE) Symbol 'end_signature' at 0x80004970
Info (SIGNATURE_DUMP_SFW) Signature Write 1 0x80004010 bytes 8 0x0
Info (SIGNATURE_DUMP_WTH) Intercept 'write_tohost'. Generate Signature file
8d00f780
ffffffff
429ede3d
00000000
351abfa0
00000000
00000000
00000000
80000000
ffffffff
80000000
ffffffff
31e42380
00000000
c57e0000
ffffffff
00000000
00000000
34267ad9
00000000
80000000
ffffffff
fc714000
ffffffff
a4dd0000
ffffffff
11aa0000
00000000
30000000
00000000
152fe000
00000000
610cf0e0
00000000
c0eb8344
ffffffff
f0937800
ffffffff
90000000
ffffffff
2fb1a000
00000000
484605f6
00000000
00000000
00000000
c6a01080
ffffffff
b8dfb000
ffffffff
54800000
00000000
03d00000
00000000
84000000
ffffffff
80000000
ffffffff
00000000
00000000
ffffffff
ffffffff
00000000
00000000
80000000
ffffffff
00000000
00000000
00000000
00000000
00000000
00000000
80000000
ffffffff
80000000
ffffffff
ffffffff
ffffffff
00000000
00000000
40000000
00000000
00000000
00000000
00000000
00000000
00000000
00000000
00000000
00000000
00000000
00000000
00000000
00000000
00000000
00000000
00000000
00000000
00000000
00000000
00000000
00000000
00000000
00000000
00000000
00000000
00000000
00000000
00000000
00000000
00000000
00000000
00000000
00000000
00000000
00000000
00000000
00000000
00000000
00000000
00000000
00000000
00000000
00000000
00000000
00000000
00000000
00000000
00000000
00000000
00000000
00000000
00000000
00000000
00000000
00000000
00000000
00000000
00000000
00000000
00000000
00000000
00000000
00000000
00000000
00000000
00000000
00000000
00000000
00000000
00000000
00000000
00000000
00000000
00000000
00000000
00000000
00000000
00000000
00000000
00000000
00000000
00000000
00000000
00000000
00000000
00000000
00000000
00000000
00000000
00000000
00000000
00000000
00000000
00000000
00000000
00000000
00000000
00000000
00000000
00000000
00000000
00000000
00000000
00000000
00000000
00000000
00000000
00000000
00000000
00000000
00000000
00000000
00000000
00000000
00000000
00000000
00000000
00000000
00000000
00000000
00000000
00000000
00000000
00000000
00000000
00000000
00000000
80000000
ffffffff
fffffffd
ffffffff
fffffffb
ffffffff
fffffff7
ffffffff
ffffffef
ffffffff
ffffffdf
ffffffff
ffffffbf
ffffffff
ffffff7f
ffffffff
fffffeff
ffffffff
fffffdff
ffffffff
fffffbff
ffffffff
fffff7ff
ffffffff
ffffefff
ffffffff
ffffdfff
ffffffff
ffffbfff
ffffffff
ffff7fff
ffffffff
fffeffff
ffffffff
fffdffff
ffffffff
fffbffff
ffffffff
fff7ffff
ffffffff
ffefffff
ffffffff
ffdfffff
ffffffff
ffbfffff
ffffffff
ff7fffff
ffffffff
feffffff
ffffffff
fdffffff
ffffffff
fbffffff
ffffffff
f7ffffff
ffffffff
efffffff
ffffffff
dfffffff
ffffffff
bfffffff
ffffffff
7fffffff
00000000
ffffffff
ffffffff
ffffffff
ffffffff
ffffffff
ffffffff
ffffffff
ffffffff
ffffffff
ffffffff
ffffffff
ffffffff
ffffffff
ffffffff
ffffffff
ffffffff
ffffffff
ffffffff
ffffffff
ffffffff
ffffffff
ffffffff
ffffffff
ffffffff
ffffffff
ffffffff
ffffffff
ffffffff
ffffffff
ffffffff
ffffffff
ffffffff
ffffffff
ffffffff
ffffffff
ffffffff
ffffffff
ffffffff
ffffffff
ffffffff
ffffffff
ffffffff
ffffffff
ffffffff
ffffffff
ffffffff
ffffffff
ffffffff
ffffffff
ffffffff
ffffffff
ffffffff
ffffffff
ffffffff
ffffffff
ffffffff
ffff0000
ffffffff
ffffff00
ffffffff
fffffff0
ffffffff
fffffffc
ffffffff
00000001
00000000
00000002
00000000
00000004
00000000
00000008
00000000
00000010
00000000
00000020
00000000
00000040
00000000
00000080
00000000
00000100
00000000
00000200
00000000
00000400
00000000
00000800
00000000
00001000
00000000
00002000
00000000
00004000
00000000
00008000
00000000
00010000
00000000
00020000
00000000
00040000
00000000
00080000
00000000
00100000
00000000
00200000
00000000
00400000
00000000
00800000
00000000
01000000
00000000
02000000
00000000
04000000
00000000
08000000
00000000
10000000
00000000
20000000
00000000
40000000
00000000
80000000
ffffffff
00000000
00000000
00000000
00000000
00000000
00000000
00000000
00000000
00000000
00000000
00000000
00000000
00000000
00000000
00000000
00000000
00000000
00000000
00000000
00000000
00000000
00000000
00000000
00000000
00000000
00000000
00000000
00000000
00000000
00000000
00000000
00000000
00000000
00000000
00000000
00000000
00000000
00000000
00000000
00000000
00000000
00000000
00000000
00000000
00000000
00000000
00000000
00000000
00000000
00000000
00000000
00000000
00000000
00000000
00000000
00000000
00000000
00000000
00000000
00000000
00000000
00000000
00000000
00000000
fffffffe
ffffffff
fffffffd
ffffffff
fffffffb
ffffffff
fffffff7
ffffffff
ffffffef
ffffffff
ffffffdf
ffffffff
ffffffbf
ffffffff
ffffff7f
ffffffff
fffffeff
ffffffff
fffffdff
ffffffff
fffffbff
ffffffff
fffff7ff
ffffffff
ffffefff
ffffffff
ffffdfff
ffffffff
ffffbfff
ffffffff
ffff7fff
ffffffff
fffeffff
ffffffff
fffdffff
ffffffff
fffbffff
ffffffff
fff7ffff
ffffffff
ffefffff
ffffffff
ffdfffff
ffffffff
ffbfffff
ffffffff
ff7fffff
ffffffff
feffffff
ffffffff
fdffffff
ffffffff
fbffffff
ffffffff
f7ffffff
ffffffff
efffffff
ffffffff
dfffffff
ffffffff
bfffffff
ffffffff
7fffffff
00000000
ffffffff
ffffffff
ffffffff
ffffffff
ffffffff
ffffffff
ffffffff
ffffffff
ffffffff
ffffffff
ffffffff
ffffffff
ffffffff
ffffffff
ffffffff
ffffffff
ffffffff
ffffffff
ffffffff
ffffffff
ffffffff
ffffffff
ffffffff
ffffffff
ffffffff
ffffffff
ffffffff
ffffffff
ffffffff
ffffffff
ffffffff
ffffffff
ffffffff
ffffffff
ffffffff
ffffffff
ffffffff
ffffffff
ffffffff
ffffffff
ffffffff
ffffffff
ffffffff
ffffffff
ffffffff
ffffffff
ffffffff
ffffffff
ffffffff
ffffffff
ffffffff
ffffffff
ffffffff
ffffffff
ffffffff
ffffffff
ffffffff
ffffffff
ffffffff
ffffffff
ffffffff
ffffffff
ffffffff
ffffffff
93e38000
ffffffff
00000000
00000000
00000000
00000000
27eb62aa
00000000
Info 
Info ---------------------------------------------------
Info CPU 'riscvOVPsim/cpu' STATISTICS
Info   Type                  : riscv (RV64I)
Info   Nominal MIPS          : 100
Info   Final program counter : 0x8000003c
Info   Simulated instructions: 2,406
Info   Simulated MIPS        : run too short for meaningful result
Info ---------------------------------------------------
Info 
Info ---------------------------------------------------
Info SIMULATION TIME STATISTICS
Info   Simulated time        : 0.00 seconds
Info   User time             : 0.00 seconds
Info   System time           : 0.00 seconds
Info   Elapsed time          : 0.00 seconds
Info ---------------------------------------------------

riscvOVPsimPlus finished: Tue Mar  7 00:11:55 2023


riscvOVPsimPlus (64-Bit) v20230201.0 Open Virtual Platform simulator from www.IMPERAS.com.
Visit www.IMPERAS.com for multicore debug, verification and analysis solutions.

Info Session ended: Tue Mar  7 00:11:55 2023

