Info Session started: Tue Mar  7 00:07:36 2023

Info PROGRAM /home/seankent/bluejay/imperas/imperas-riscv-tests/riscv-ovpsim-plus/bin/Linux64/riscvOVPsimPlus.exe
Info ------------- ENVIRONMENT -------------
Info --------------------------------------
Info -------- FLAGS (from command line)
Info --variant  RV64I
Info --override  riscvOVPsim/cpu/tval_ii_code=F
Info --program  /home/seankent/bluejay/ip/central_processing_unit/sim/gen/sim__xyz/ADDIW-01/ADDIW-01.elf
Info --signaturedump
Info --customcontrol
Info --override  riscvOVPsim/cpu/sigdump/SignatureFile=/home/seankent/bluejay/ip/central_processing_unit/sim/gen/sim__xyz/ADDIW-01/ADDIW-01.signature.output
Info --override  riscvOVPsim/cpu/sigdump/SignatureGranularity=4
Info --override  riscvOVPsim/cpu/simulateexceptions=T
Info --override  riscvOVPsim/cpu/defaultsemihost=F
Info --logfile  /home/seankent/bluejay/ip/central_processing_unit/sim/gen/sim__xyz/ADDIW-01/ADDIW-01.log
Info --override  riscvOVPsim/cpu/user_version=2.3
Info --------------------------------------
Imperas riscvOVPsimPlus


riscvOVPsimPlus (64-Bit) v20230201.0 Open Virtual Platform simulator from www.IMPERAS.com.
Copyright (c) 2005-2023 Imperas Software Ltd.  Contains Imperas Proprietary Information.
Licensed Software, All Rights Reserved.
Visit www.IMPERAS.com for multicore debug, verification and analysis solutions.

riscvOVPsimPlus started: Tue Mar  7 00:07:36 2023


Info (OR_OF) Target 'riscvOVPsim/cpu' has object file read from '/home/seankent/bluejay/ip/central_processing_unit/sim/gen/sim__xyz/ADDIW-01/ADDIW-01.elf'
Info (OR_PH) Program Headers:
Info (OR_PH) Type           Offset             VirtAddr           PhysAddr
Info (OR_PH)                FileSiz            MemSiz             Flags  Align
Info (OR_PD) PROC           0x0000000000004b08 0x0000000000000000 0x0000000000000000
Info (OR_PD)                0x000000000000001e 0x0000000000000000 R--    1
Info (OR_PD) LOAD           0x0000000000001000 0x0000000080000000 0x0000000080000000
Info (OR_PD)                0x0000000000001b74 0x0000000000001b74 R-E    1000
Info (OR_PD) LOAD           0x0000000000003000 0x0000000080002000 0x0000000080002000
Info (OR_PD)                0x0000000000001b08 0x0000000000001b08 RW-    1000
Info (SIGNATURE_DUMP_FSB) Found Symbol 'begin_signature' in application at 0x80003010
Info (SIGNATURE_DUMP_FSE) Found Symbol 'end_signature' in application at 0x80003970
Info (SIGNATURE_DUMP_EN) Signature File enabled, file '/home/seankent/bluejay/ip/central_processing_unit/sim/gen/sim__xyz/ADDIW-01/ADDIW-01.signature.output'.
Info (SIGNATURE_DUMP_ES) Extracting signature from 0x80003010 size 2400 bytes
Info (SIGNATURE_DUMP_SB) Symbol 'begin_signature' at 0x80003010
Info (SIGNATURE_DUMP_SE) Symbol 'end_signature' at 0x80003970
Info (SIGNATURE_DUMP_SFW) Signature Write 1 0x80003010 bytes 8 0x0
Info (SIGNATURE_DUMP_WTH) Intercept 'write_tohost'. Generate Signature file
1519ff16
00000000
429ed88e
00000000
fffffc65
ffffffff
04661f73
00000000
c737a958
ffffffff
00000000
00000000
2c63c32e
00000000
195b6690
00000000
34b80fc8
00000000
34267f99
00000000
67dd3ad0
00000000
b2d3eb73
ffffffff
00000000
00000000
00000000
00000000
c83b3a08
ffffffff
a968a4ec
ffffffff
5b08602c
00000000
6075c7c3
00000000
4ff08f20
00000000
b32a446d
ffffffff
17a2f8a6
00000000
484604ab
00000000
fc9d8193
ffffffff
9b1a86c8
ffffffff
426b8727
00000000
f6323ea8
ffffffff
4bfb0211
00000000
f22b6afc
ffffffff
0cc9d4a4
00000000
169dc21a
00000000
ffffffff
ffffffff
ffffffff
ffffffff
fffffffe
ffffffff
00000000
00000000
00000000
00000000
ffffffff
ffffffff
fffffffe
ffffffff
00000000
00000000
ffffffff
ffffffff
ffffffff
ffffffff
00000002
00000000
00000004
00000000
00000008
00000000
00000010
00000000
00000020
00000000
00000040
00000000
00000080
00000000
00000100
00000000
00000200
00000000
00000400
00000000
00000800
00000000
00000000
00000000
00000ffe
00000000
00001ffd
00000000
00003ffb
00000000
00007ff7
00000000
0000ffef
00000000
0001ffdf
00000000
0003ffbf
00000000
0007ff7f
00000000
000ffeff
00000000
001ffdff
00000000
003ffbff
00000000
008007ff
00000000
00fffffe
00000000
01fffffd
00000000
03fffffb
00000000
07fffff7
00000000
0fffffef
00000000
1fffffdf
00000000
3fffffbf
00000000
7fffff7f
00000000
fffffeff
ffffffff
fffffdff
ffffffff
fffffbff
ffffffff
000007ff
00000000
fffffffe
ffffffff
fffffffd
ffffffff
fffffffb
ffffffff
fffffff7
ffffffff
ffffffef
ffffffff
ffffffdf
ffffffff
ffffffbf
ffffffff
ffffff7f
ffffffff
fffffeff
ffffffff
fffffdff
ffffffff
fffffbff
ffffffff
000007ff
00000000
fffffffe
ffffffff
fffffffd
ffffffff
fffffffb
ffffffff
fffffff7
ffffffff
ffffffef
ffffffff
ffffffdf
ffffffff
ffffffbf
ffffffff
ffffff7f
ffffffff
fffffeff
ffffffff
fffffdff
ffffffff
fffffbff
ffffffff
000007ff
00000000
fffffffe
ffffffff
fffffffd
ffffffff
fffffffb
ffffffff
fffffff7
ffffffff
ffffffed
ffffffff
ffffffdc
ffffffff
ffffffba
ffffffff
ffffff76
ffffffff
fffffeee
ffffffff
fffffdde
ffffffff
fffffbbe
ffffffff
0000077e
00000000
fffffefd
ffffffff
fffffdfc
ffffffff
fffffbfa
ffffffff
fffff7f6
ffffffff
ffffefee
ffffffff
ffffdfde
ffffffff
ffffbfbe
ffffffff
ffff7f7e
ffffffff
fffefefe
ffffffff
fffdfdfe
ffffffff
fffbfbfe
ffffffff
fff807fe
ffffffff
ffeffffd
ffffffff
ffdffffc
ffffffff
ffbffffa
ffffffff
ff7ffff6
ffffffff
feffffee
ffffffff
fdffffde
ffffffff
fbffffbe
ffffffff
f7ffff7e
ffffffff
effffefe
ffffffff
dffffdfe
ffffffff
bffffbfe
ffffffff
800007fe
ffffffff
fffffffd
ffffffff
fffffffc
ffffffff
fffffffa
ffffffff
fffffff6
ffffffff
ffffffee
ffffffff
ffffffde
ffffffff
ffffffbe
ffffffff
ffffff7e
ffffffff
fffffefe
ffffffff
fffffdfe
ffffffff
fffffbfe
ffffffff
000007fe
00000000
fffffffd
ffffffff
fffffffc
ffffffff
fffffffa
ffffffff
fffffff6
ffffffff
ffffffee
ffffffff
ffffffde
ffffffff
ffffffbe
ffffffff
ffffff7e
ffffffff
fffffefe
ffffffff
fffffdfe
ffffffff
fffffbfe
ffffffff
000007fe
00000000
fffffffd
ffffffff
fffffffc
ffffffff
fffffffa
ffffffff
fffffff6
ffffffff
ffffffee
ffffffff
ffffffde
ffffffff
ffffffbe
ffffffff
ffffff7e
ffffffff
00000002
00000000
00000004
00000000
00000008
00000000
00000010
00000000
00000020
00000000
00000040
00000000
00000080
00000000
00000100
00000000
00000200
00000000
00000400
00000000
00000800
00000000
00000000
00000000
00000ffe
00000000
00001ffd
00000000
00003ffb
00000000
00007ff7
00000000
0000ffef
00000000
0001ffdf
00000000
0003ffbf
00000000
0007ff7f
00000000
000ffeff
00000000
001ffdff
00000000
003ffbff
00000000
008007ff
00000000
00fffffe
00000000
01fffffd
00000000
03fffffb
00000000
07fffff7
00000000
0fffffef
00000000
1fffffdf
00000000
3fffffbf
00000000
7fffff7f
00000000
fffffeff
ffffffff
fffffdff
ffffffff
fffffbff
ffffffff
000007ff
00000000
fffffffe
ffffffff
fffffffd
ffffffff
fffffffb
ffffffff
fffffff7
ffffffff
ffffffef
ffffffff
ffffffdf
ffffffff
ffffffbf
ffffffff
ffffff7f
ffffffff
fffffeff
ffffffff
fffffdff
ffffffff
fffffbff
ffffffff
000007ff
00000000
fffffffe
ffffffff
fffffffd
ffffffff
fffffffb
ffffffff
fffffff7
ffffffff
ffffffef
ffffffff
ffffffdf
ffffffff
ffffffbf
ffffffff
ffffff7f
ffffffff
fffffeff
ffffffff
fffffdff
ffffffff
fffffbff
ffffffff
000007ff
00000000
fffffffe
ffffffff
fffffffd
ffffffff
fffffffb
ffffffff
fffffff7
ffffffff
ffffffed
ffffffff
ffffffdc
ffffffff
ffffffba
ffffffff
ffffff76
ffffffff
fffffeee
ffffffff
fffffdde
ffffffff
fffffbbe
ffffffff
0000077e
00000000
fffffefd
ffffffff
fffffdfc
ffffffff
fffffbfa
ffffffff
fffff7f6
ffffffff
ffffefee
ffffffff
ffffdfde
ffffffff
ffffbfbe
ffffffff
ffff7f7e
ffffffff
fffefefe
ffffffff
fffdfdfe
ffffffff
fffbfbfe
ffffffff
fff807fe
ffffffff
ffeffffd
ffffffff
ffdffffc
ffffffff
ffbffffa
ffffffff
ff7ffff6
ffffffff
feffffee
ffffffff
fdffffde
ffffffff
fbffffbe
ffffffff
f7ffff7e
ffffffff
effffefe
ffffffff
dffffdfe
ffffffff
bffffbfe
ffffffff
800007fe
ffffffff
fffffffd
ffffffff
fffffffc
ffffffff
fffffffa
ffffffff
fffffff6
ffffffff
ffffffee
ffffffff
ffffffde
ffffffff
ffffffbe
ffffffff
ffffff7e
ffffffff
fffffefe
ffffffff
fffffdfe
ffffffff
fffffbfe
ffffffff
000007fe
00000000
fffffffd
ffffffff
fffffffc
ffffffff
fffffffa
ffffffff
fffffff6
ffffffff
ffffffee
ffffffff
ffffffde
ffffffff
ffffffbe
ffffffff
ffffff7e
ffffffff
fffffefe
ffffffff
fffffdfe
ffffffff
fffffbfe
ffffffff
000007fe
00000000
fffffffd
ffffffff
fffffffc
ffffffff
fffffffa
ffffffff
fffffff6
ffffffff
ffffffee
ffffffff
ffffffde
ffffffff
ffffffbe
ffffffff
ffffff7e
ffffffff
00000000
00000000
fffff8e8
ffffffff
deadbeef
00000000
deadbeef
00000000
Info 
Info ---------------------------------------------------
Info CPU 'riscvOVPsim/cpu' STATISTICS
Info   Type                  : riscv (RV64I)
Info   Nominal MIPS          : 100
Info   Final program counter : 0x8000003c
Info   Simulated instructions: 1,730
Info   Simulated MIPS        : run too short for meaningful result
Info ---------------------------------------------------
Info 
Info ---------------------------------------------------
Info SIMULATION TIME STATISTICS
Info   Simulated time        : 0.00 seconds
Info   User time             : 0.01 seconds
Info   System time           : 0.00 seconds
Info   Elapsed time          : 0.01 seconds
Info ---------------------------------------------------

riscvOVPsimPlus finished: Tue Mar  7 00:07:36 2023


riscvOVPsimPlus (64-Bit) v20230201.0 Open Virtual Platform simulator from www.IMPERAS.com.
Visit www.IMPERAS.com for multicore debug, verification and analysis solutions.

Info Session ended: Tue Mar  7 00:07:36 2023

