
sw/prog.elf:     file format elf64-littleriscv


Disassembly of section .text:

0000000000000000 <_start>:
   0:	00008137          	lui	x2,0x8
   4:	00001197          	auipc	x3,0x1
   8:	a9c18193          	addi	x3,x3,-1380 # aa0 <__global_pointer$>
   c:	00000297          	auipc	x5,0x0
  10:	04028293          	addi	x5,x5,64 # 4c <trap_entry>
  14:	30529073          	csrrw	x0,mtvec,x5
  18:	00001297          	auipc	x5,0x1
  1c:	90028293          	addi	x5,x5,-1792 # 918 <jay>
  20:	00001317          	auipc	x6,0x1
  24:	8f830313          	addi	x6,x6,-1800 # 918 <jay>

0000000000000028 <_start__while__0>:
  28:	0062f863          	bgeu	x5,x6,38 <_start__endwhile__0>
  2c:	00028023          	sb	x0,0(x5)
  30:	00128293          	addi	x5,x5,1
  34:	ff5ff06f          	jal	x0,28 <_start__while__0>

0000000000000038 <_start__endwhile__0>:
  38:	00000097          	auipc	x1,0x0
  3c:	334080e7          	jalr	x1,820(x1) # 36c <__libc_init_array>
  40:	00000097          	auipc	x1,0x0
  44:	260080e7          	jalr	x1,608(x1) # 2a0 <main>

0000000000000048 <_start__while__1>:
  48:	0000006f          	jal	x0,48 <_start__while__1>

000000000000004c <trap_entry>:
  4c:	f8010113          	addi	x2,x2,-128 # 7f80 <__global_pointer$+0x74e0>
  50:	00113023          	sd	x1,0(x2)
  54:	00a13423          	sd	x10,8(x2)
  58:	00b13823          	sd	x11,16(x2)
  5c:	00c13c23          	sd	x12,24(x2)
  60:	02d13023          	sd	x13,32(x2)
  64:	02e13423          	sd	x14,40(x2)
  68:	02f13823          	sd	x15,48(x2)
  6c:	03013c23          	sd	x16,56(x2)
  70:	05113023          	sd	x17,64(x2)
  74:	04513423          	sd	x5,72(x2)
  78:	04613823          	sd	x6,80(x2)
  7c:	04713c23          	sd	x7,88(x2)
  80:	07c13023          	sd	x28,96(x2)
  84:	07d13423          	sd	x29,104(x2)
  88:	07e13823          	sd	x30,112(x2)
  8c:	07f13c23          	sd	x31,120(x2)
  90:	342022f3          	csrrs	x5,mcause,x0

0000000000000094 <trap_entry__if__0>:
  94:	0002c863          	blt	x5,x0,a4 <trap_entry__else__0>

0000000000000098 <trap_entry__then__0>:
  98:	00000317          	auipc	x6,0x0
  9c:	6a030313          	addi	x6,x6,1696 # 738 <exception_vector_table>
  a0:	0100006f          	jal	x0,b0 <trap_entry__endif__0>

00000000000000a4 <trap_entry__else__0>:
  a4:	00000317          	auipc	x6,0x0
  a8:	71430313          	addi	x6,x6,1812 # 7b8 <interrupt_vector_table>
  ac:	0040006f          	jal	x0,b0 <trap_entry__endif__0>

00000000000000b0 <trap_entry__endif__0>:
  b0:	00329393          	slli	x7,x5,0x3
  b4:	00730e33          	add	x28,x6,x7
  b8:	000e3e83          	ld	x29,0(x28)
  bc:	000e80e7          	jalr	x1,0(x29)
  c0:	00013083          	ld	x1,0(x2)
  c4:	00813503          	ld	x10,8(x2)
  c8:	01013583          	ld	x11,16(x2)
  cc:	01813603          	ld	x12,24(x2)
  d0:	02013683          	ld	x13,32(x2)
  d4:	02813703          	ld	x14,40(x2)
  d8:	03013783          	ld	x15,48(x2)
  dc:	03813803          	ld	x16,56(x2)
  e0:	04013883          	ld	x17,64(x2)
  e4:	04813283          	ld	x5,72(x2)
  e8:	05013303          	ld	x6,80(x2)
  ec:	05813383          	ld	x7,88(x2)
  f0:	06013e03          	ld	x28,96(x2)
  f4:	06813e83          	ld	x29,104(x2)
  f8:	07013f03          	ld	x30,112(x2)
  fc:	07813f83          	ld	x31,120(x2)
 100:	08010113          	addi	x2,x2,128
 104:	30200073          	mret

0000000000000108 <default_handler>:
 108:	0000006f          	jal	x0,108 <default_handler>

000000000000010c <_ZN3MIE5csrrwEm>:
 10c:	30459573          	csrrw	x10,mie,x11
 110:	00008067          	jalr	x0,0(x1)

0000000000000114 <_ZN3MIE4csrrEv>:
 114:	30402573          	csrrs	x10,mie,x0
 118:	00008067          	jalr	x0,0(x1)

000000000000011c <_ZN3MIE4csrwEm>:
 11c:	30459073          	csrrw	x0,mie,x11
 120:	00008067          	jalr	x0,0(x1)

0000000000000124 <_ZN3MIE5csrrsEm>:
 124:	3045a573          	csrrs	x10,mie,x11
 128:	00008067          	jalr	x0,0(x1)

000000000000012c <_ZN3MIE4csrsEm>:
 12c:	3045a073          	csrrs	x0,mie,x11
 130:	00008067          	jalr	x0,0(x1)

0000000000000134 <_ZN3MIE5csrrcEm>:
 134:	3045b573          	csrrc	x10,mie,x11
 138:	00008067          	jalr	x0,0(x1)

000000000000013c <_ZN3MIE4csrcEm>:
 13c:	3045b073          	csrrc	x0,mie,x11
 140:	00008067          	jalr	x0,0(x1)

0000000000000144 <_ZN7MSTATUS5csrrwEm>:
 144:	30051573          	csrrw	x10,mstatus,x10
 148:	00008067          	jalr	x0,0(x1)

000000000000014c <_ZN7MSTATUS4csrrEv>:
 14c:	30002573          	csrrs	x10,mstatus,x0
 150:	00008067          	jalr	x0,0(x1)

0000000000000154 <_ZN7MSTATUS4csrwEm>:
 154:	30051073          	csrrw	x0,mstatus,x10
 158:	00008067          	jalr	x0,0(x1)

000000000000015c <_ZN7MSTATUS5csrrsEm>:
 15c:	30052573          	csrrs	x10,mstatus,x10
 160:	00008067          	jalr	x0,0(x1)

0000000000000164 <_ZN7MSTATUS4csrsEm>:
 164:	30052073          	csrrs	x0,mstatus,x10
 168:	00008067          	jalr	x0,0(x1)

000000000000016c <_ZN7MSTATUS5csrrcEm>:
 16c:	30053573          	csrrc	x10,mstatus,x10
 170:	00008067          	jalr	x0,0(x1)

0000000000000174 <_ZN7MSTATUS4csrcEm>:
 174:	30053073          	csrrc	x0,mstatus,x10
 178:	00008067          	jalr	x0,0(x1)

000000000000017c <_ZN5MTVEC5csrrwEm>:
 17c:	30559573          	csrrw	x10,mtvec,x11
 180:	00008067          	jalr	x0,0(x1)

0000000000000184 <_ZN5MTVEC4csrrEv>:
 184:	30502573          	csrrs	x10,mtvec,x0
 188:	00008067          	jalr	x0,0(x1)

000000000000018c <_ZN5MTVEC4csrwEm>:
 18c:	30559073          	csrrw	x0,mtvec,x11
 190:	00008067          	jalr	x0,0(x1)

0000000000000194 <_ZN5MTVEC5csrrsEm>:
 194:	3055a573          	csrrs	x10,mtvec,x11
 198:	00008067          	jalr	x0,0(x1)

000000000000019c <_ZN5MTVEC4csrsEm>:
 19c:	3055a073          	csrrs	x0,mtvec,x11
 1a0:	00008067          	jalr	x0,0(x1)

00000000000001a4 <_ZN5MTVEC5csrrcEm>:
 1a4:	3055b573          	csrrc	x10,mtvec,x11
 1a8:	00008067          	jalr	x0,0(x1)

00000000000001ac <_ZN5MTVEC4csrcEm>:
 1ac:	3055b073          	csrrc	x0,mtvec,x11
 1b0:	00008067          	jalr	x0,0(x1)

00000000000001b4 <_ZN6MCAUSE5csrrwEm>:
 1b4:	34251573          	csrrw	x10,mcause,x10
 1b8:	00008067          	jalr	x0,0(x1)

00000000000001bc <_ZN6MCAUSE4csrrEv>:
 1bc:	34202573          	csrrs	x10,mcause,x0
 1c0:	00008067          	jalr	x0,0(x1)

00000000000001c4 <_ZN6MCAUSE4csrwEm>:
 1c4:	34251073          	csrrw	x0,mcause,x10
 1c8:	00008067          	jalr	x0,0(x1)

00000000000001cc <_ZN6MCAUSE5csrrsEm>:
 1cc:	34252573          	csrrs	x10,mcause,x10
 1d0:	00008067          	jalr	x0,0(x1)

00000000000001d4 <_ZN6MCAUSE4csrsEm>:
 1d4:	34252073          	csrrs	x0,mcause,x10
 1d8:	00008067          	jalr	x0,0(x1)

00000000000001dc <_ZN6MCAUSE5csrrcEm>:
 1dc:	34253573          	csrrc	x10,mcause,x10
 1e0:	00008067          	jalr	x0,0(x1)

00000000000001e4 <_ZN6MCAUSE4csrcEm>:
 1e4:	34253073          	csrrc	x0,mcause,x10
 1e8:	00008067          	jalr	x0,0(x1)

00000000000001ec <_ZN3Jay2lbEm>:
 1ec:	00058503          	lb	x10,0(x11)
 1f0:	00008067          	jalr	x0,0(x1)

00000000000001f4 <_ZN3Jay2lhEm>:
 1f4:	00059503          	lh	x10,0(x11)
 1f8:	00008067          	jalr	x0,0(x1)

00000000000001fc <_ZN3Jay2lwEm>:
 1fc:	0005a503          	lw	x10,0(x11)
 200:	00008067          	jalr	x0,0(x1)

0000000000000204 <_ZN3Jay2ldEm>:
 204:	0005b503          	ld	x10,0(x11)
 208:	00008067          	jalr	x0,0(x1)

000000000000020c <_ZN3Jay2sbEmm>:
 20c:	00c58023          	sb	x12,0(x11)
 210:	00008067          	jalr	x0,0(x1)

0000000000000214 <_ZN3Jay2shEmm>:
 214:	00c59023          	sh	x12,0(x11)
 218:	00008067          	jalr	x0,0(x1)

000000000000021c <_ZN3Jay2swEmm>:
 21c:	00c5a023          	sw	x12,0(x11)
 220:	00008067          	jalr	x0,0(x1)

0000000000000224 <_ZN3Jay2sdEmm>:
 224:	00c5b023          	sd	x12,0(x11)
 228:	00008067          	jalr	x0,0(x1)

000000000000022c <_Z17TimerInterruptISRv>:
 22c:	ff010113          	addi	x2,x2,-16
 230:	00813023          	sd	x8,0(x2)
 234:	00500593          	addi	x11,x0,5
 238:	00001437          	lui	x8,0x1
 23c:	91840513          	addi	x10,x8,-1768 # 918 <jay>
 240:	00000613          	addi	x12,x0,0
 244:	01d59593          	slli	x11,x11,0x1d
 248:	00113423          	sd	x1,8(x2)
 24c:	00000097          	auipc	x1,0x0
 250:	fd8080e7          	jalr	x1,-40(x1) # 224 <_ZN3Jay2sdEmm>
 254:	000016b7          	lui	x13,0x1
 258:	9206b783          	ld	x15,-1760(x13) # 920 <i>
 25c:	00001737          	lui	x14,0x1
 260:	81870713          	addi	x14,x14,-2024 # 818 <samples>
 264:	00178793          	addi	x15,x15,1
 268:	01f7f793          	andi	x15,x15,31
 26c:	00379613          	slli	x12,x15,0x3
 270:	00c70733          	add	x14,x14,x12
 274:	91840513          	addi	x10,x8,-1768
 278:	00013403          	ld	x8,0(x2)
 27c:	00813083          	ld	x1,8(x2)
 280:	00073603          	ld	x12,0(x14)
 284:	00d00593          	addi	x11,x0,13
 288:	01c59593          	slli	x11,x11,0x1c
 28c:	92f6b023          	sd	x15,-1760(x13)
 290:	00858593          	addi	x11,x11,8
 294:	01010113          	addi	x2,x2,16
 298:	00000317          	auipc	x6,0x0
 29c:	f8c30067          	jalr	x0,-116(x6) # 224 <_ZN3Jay2sdEmm>

Disassembly of section .text.startup:

00000000000002a0 <main>:
 2a0:	fe010113          	addi	x2,x2,-32
 2a4:	00813823          	sd	x8,16(x2)
 2a8:	00000637          	lui	x12,0x0
 2ac:	00001437          	lui	x8,0x1
 2b0:	000005b7          	lui	x11,0x0
 2b4:	22c60613          	addi	x12,x12,556 # 22c <_Z17TimerInterruptISRv>
 2b8:	7f058593          	addi	x11,x11,2032 # 7f0 <interrupt_vector_table+0x38>
 2bc:	91840513          	addi	x10,x8,-1768 # 918 <jay>
 2c0:	00113c23          	sd	x1,24(x2)
 2c4:	00913423          	sd	x9,8(x2)
 2c8:	00000097          	auipc	x1,0x0
 2cc:	f5c080e7          	jalr	x1,-164(x1) # 224 <_ZN3Jay2sdEmm>
 2d0:	00500493          	addi	x9,x0,5
 2d4:	01d49593          	slli	x11,x9,0x1d
 2d8:	00000613          	addi	x12,x0,0
 2dc:	91840513          	addi	x10,x8,-1768
 2e0:	00000097          	auipc	x1,0x0
 2e4:	f44080e7          	jalr	x1,-188(x1) # 224 <_ZN3Jay2sdEmm>
 2e8:	01d49593          	slli	x11,x9,0x1d
 2ec:	00002637          	lui	x12,0x2
 2f0:	dc560613          	addi	x12,x12,-571 # 1dc5 <__global_pointer$+0x1325>
 2f4:	00858593          	addi	x11,x11,8
 2f8:	91840513          	addi	x10,x8,-1768
 2fc:	00000097          	auipc	x1,0x0
 300:	f28080e7          	jalr	x1,-216(x1) # 224 <_ZN3Jay2sdEmm>
 304:	000017b7          	lui	x15,0x1
 308:	9207b703          	ld	x14,-1760(x15) # 920 <i>
 30c:	000017b7          	lui	x15,0x1
 310:	81878793          	addi	x15,x15,-2024 # 818 <samples>
 314:	00371713          	slli	x14,x14,0x3
 318:	00e787b3          	add	x15,x15,x14
 31c:	0007b603          	ld	x12,0(x15)
 320:	00d00493          	addi	x9,x0,13
 324:	01c49493          	slli	x9,x9,0x1c
 328:	00848593          	addi	x11,x9,8
 32c:	91840513          	addi	x10,x8,-1768
 330:	00000097          	auipc	x1,0x0
 334:	ef4080e7          	jalr	x1,-268(x1) # 224 <_ZN3Jay2sdEmm>
 338:	08000613          	addi	x12,x0,128
 33c:	00048593          	addi	x11,x9,0
 340:	91840513          	addi	x10,x8,-1768
 344:	00000097          	auipc	x1,0x0
 348:	ee0080e7          	jalr	x1,-288(x1) # 224 <_ZN3Jay2sdEmm>
 34c:	91840513          	addi	x10,x8,-1768
 350:	08000593          	addi	x11,x0,128
 354:	00000097          	auipc	x1,0x0
 358:	dd8080e7          	jalr	x1,-552(x1) # 12c <_ZN3MIE4csrsEm>
 35c:	00800513          	addi	x10,x0,8
 360:	00000097          	auipc	x1,0x0
 364:	e04080e7          	jalr	x1,-508(x1) # 164 <_ZN7MSTATUS4csrsEm>
 368:	0000006f          	jal	x0,368 <main+0xc8>

Disassembly of section .text.__libc_init_array:

000000000000036c <__libc_init_array>:
 36c:	fe010113          	addi	x2,x2,-32
 370:	00813823          	sd	x8,16(x2)
 374:	000007b7          	lui	x15,0x0
 378:	00000437          	lui	x8,0x0
 37c:	01213023          	sd	x18,0(x2)
 380:	00078793          	addi	x15,x15,0 # 0 <_start>
 384:	00040713          	addi	x14,x8,0 # 0 <_start>
 388:	00113c23          	sd	x1,24(x2)
 38c:	00913423          	sd	x9,8(x2)
 390:	40e78933          	sub	x18,x15,x14
 394:	02e78263          	beq	x15,x14,3b8 <__libc_init_array+0x4c>
 398:	40395913          	srai	x18,x18,0x3
 39c:	00040413          	addi	x8,x8,0
 3a0:	00000493          	addi	x9,x0,0
 3a4:	00043783          	ld	x15,0(x8)
 3a8:	00148493          	addi	x9,x9,1
 3ac:	00840413          	addi	x8,x8,8
 3b0:	000780e7          	jalr	x1,0(x15)
 3b4:	ff24e8e3          	bltu	x9,x18,3a4 <__libc_init_array+0x38>
 3b8:	00000437          	lui	x8,0x0
 3bc:	000007b7          	lui	x15,0x0
 3c0:	00078793          	addi	x15,x15,0 # 0 <_start>
 3c4:	00040713          	addi	x14,x8,0 # 0 <_start>
 3c8:	40e78933          	sub	x18,x15,x14
 3cc:	40395913          	srai	x18,x18,0x3
 3d0:	02e78063          	beq	x15,x14,3f0 <__libc_init_array+0x84>
 3d4:	00040413          	addi	x8,x8,0
 3d8:	00000493          	addi	x9,x0,0
 3dc:	00043783          	ld	x15,0(x8)
 3e0:	00148493          	addi	x9,x9,1
 3e4:	00840413          	addi	x8,x8,8
 3e8:	000780e7          	jalr	x1,0(x15)
 3ec:	ff24e8e3          	bltu	x9,x18,3dc <__libc_init_array+0x70>
 3f0:	01813083          	ld	x1,24(x2)
 3f4:	01013403          	ld	x8,16(x2)
 3f8:	00813483          	ld	x9,8(x2)
 3fc:	00013903          	ld	x18,0(x2)
 400:	02010113          	addi	x2,x2,32
 404:	00008067          	jalr	x0,0(x1)
