Info Session started: Tue Mar  7 00:11:21 2023

Info PROGRAM /home/seankent/bluejay/imperas/imperas-riscv-tests/riscv-ovpsim-plus/bin/Linux64/riscvOVPsimPlus.exe
Info ------------- ENVIRONMENT -------------
Info --------------------------------------
Info -------- FLAGS (from command line)
Info --variant  RV64I
Info --override  riscvOVPsim/cpu/tval_ii_code=F
Info --program  /home/seankent/bluejay/ip/central_processing_unit/sim/gen/sim__xyz/SD-01/SD-01.elf
Info --signaturedump
Info --customcontrol
Info --override  riscvOVPsim/cpu/sigdump/SignatureFile=/home/seankent/bluejay/ip/central_processing_unit/sim/gen/sim__xyz/SD-01/SD-01.signature.output
Info --override  riscvOVPsim/cpu/sigdump/SignatureGranularity=4
Info --override  riscvOVPsim/cpu/simulateexceptions=T
Info --override  riscvOVPsim/cpu/defaultsemihost=F
Info --logfile  /home/seankent/bluejay/ip/central_processing_unit/sim/gen/sim__xyz/SD-01/SD-01.log
Info --override  riscvOVPsim/cpu/user_version=2.3
Info --------------------------------------
Imperas riscvOVPsimPlus


riscvOVPsimPlus (64-Bit) v20230201.0 Open Virtual Platform simulator from www.IMPERAS.com.
Copyright (c) 2005-2023 Imperas Software Ltd.  Contains Imperas Proprietary Information.
Licensed Software, All Rights Reserved.
Visit www.IMPERAS.com for multicore debug, verification and analysis solutions.

riscvOVPsimPlus started: Tue Mar  7 00:11:21 2023


Info (OR_OF) Target 'riscvOVPsim/cpu' has object file read from '/home/seankent/bluejay/ip/central_processing_unit/sim/gen/sim__xyz/SD-01/SD-01.elf'
Info (OR_PH) Program Headers:
Info (OR_PH) Type           Offset             VirtAddr           PhysAddr
Info (OR_PH)                FileSiz            MemSiz             Flags  Align
Info (OR_PD) PROC           0x0000000000005b08 0x0000000000000000 0x0000000000000000
Info (OR_PD)                0x000000000000001e 0x0000000000000000 R--    1
Info (OR_PD) LOAD           0x0000000000001000 0x0000000080000000 0x0000000080000000
Info (OR_PD)                0x0000000000002bf0 0x0000000000002bf0 R-E    1000
Info (OR_PD) LOAD           0x0000000000004000 0x0000000080003000 0x0000000080003000
Info (OR_PD)                0x0000000000001b08 0x0000000000001b08 RW-    1000
Info (SIGNATURE_DUMP_FSB) Found Symbol 'begin_signature' in application at 0x80004010
Info (SIGNATURE_DUMP_FSE) Found Symbol 'end_signature' in application at 0x80004970
Info (SIGNATURE_DUMP_EN) Signature File enabled, file '/home/seankent/bluejay/ip/central_processing_unit/sim/gen/sim__xyz/SD-01/SD-01.signature.output'.
Info (SIGNATURE_DUMP_ES) Extracting signature from 0x80004010 size 2400 bytes
Info (SIGNATURE_DUMP_SB) Symbol 'begin_signature' at 0x80004010
Info (SIGNATURE_DUMP_SE) Symbol 'end_signature' at 0x80004970
Info (SIGNATURE_DUMP_SFW) Signature Write 1 0x80004010 bytes 8 0x0
Info (SIGNATURE_DUMP_WTH) Intercept 'write_tohost'. Generate Signature file
86569d27
f4bcf4a7
91a8d5fd
b26566a0
00000000
00000000
7ca660db
a783d03f
fbba7ae7
807fe203
34b80fd4
413f2c62
681454c0
701512f5
b2d3f1c5
91dd5ad6
d4983650
589f2ccd
c83b3c30
4d236af8
62f6cb6d
242b9878
6075c1a2
353a8593
00000000
00000000
00000000
00000000
b5aeeeb5
2ed729e0
9b1a8042
825648e4
e0e9092c
f4cc30bc
4bfb003d
fe9b8abf
93b06678
8cc7e790
169dbce8
caa4b80e
9fcbe57f
fe96a948
8bfcad15
8fe89d23
ea35fe19
e10f3f75
0be793b3
103e6515
47c6f638
bd562c12
e6b6a11c
0823f2c5
66652ebf
92d1fb3e
69150191
6a6a04cf
353308fb
ff3544a9
dbee5e94
e855a90d
ffffffff
7fffffff
00000000
80000000
ffffffff
ffffffff
ffffffff
ffffffff
00000000
00000000
00000001
00000000
00000000
00000000
ffffffff
ffffffff
ffffffff
7fffffff
00000000
80000000
fffffffe
ffffffff
ffffffff
7fffffff
ffffffff
bfffffff
ffffffff
dfffffff
ffffffff
efffffff
ffffffff
f7ffffff
ffffffff
fbffffff
ffffffff
fdffffff
ffffffff
feffffff
ffffffff
ff7fffff
ffffffff
ffbfffff
ffffffff
ffdfffff
ffffffff
ffefffff
ffffffff
fff7ffff
ffffffff
fffbffff
ffffffff
fffdffff
ffffffff
fffeffff
ffffffff
ffff7fff
ffffffff
ffffbfff
ffffffff
ffffdfff
ffffffff
ffffefff
ffffffff
fffff7ff
ffffffff
fffffbff
ffffffff
fffffdff
ffffffff
fffffeff
ffffffff
ffffff7f
ffffffff
ffffffbf
ffffffff
ffffffdf
ffffffff
ffffffef
ffffffff
fffffff7
ffffffff
fffffffb
ffffffff
fffffffd
ffffffff
fffffffe
7fffffff
ffffffff
bfffffff
ffffffff
dfffffff
ffffffff
efffffff
ffffffff
f7ffffff
ffffffff
fbffffff
ffffffff
fdffffff
ffffffff
feffffff
ffffffff
ff7fffff
ffffffff
ffbfffff
ffffffff
ffdfffff
ffffffff
ffefffff
ffffffff
fff7ffff
ffffffff
fffbffff
ffffffff
fffdffff
ffffffff
fffeffff
ffffffff
ffff7fff
ffffffff
ffffbfff
ffffffff
ffffdfff
ffffffff
ffffefff
ffffffff
fffff7ff
ffffffff
fffffbff
ffffffff
fffffdff
ffffffff
fffffeff
ffffffff
ffffff7f
ffffffff
ffffffbf
ffffffff
ffffffdf
ffffffff
ffffffef
ffffffff
fffffff7
ffffffff
fffffffb
ffffffff
fffffffd
ffffffff
fffffffe
ffffffff
00000000
80000000
00000000
40000000
00000000
20000000
00000000
10000000
00000000
08000000
00000000
04000000
00000000
02000000
00000000
01000000
00000000
00800000
00000000
00400000
00000000
00200000
00000000
00100000
00000000
00080000
00000000
00040000
00000000
00020000
00000000
00010000
00000000
00008000
00000000
00004000
00000000
00002000
00000000
00001000
00000000
00000800
00000000
00000400
00000000
00000200
00000000
00000100
00000000
00000080
00000000
00000040
00000000
00000020
00000000
00000010
00000000
00000008
00000000
00000004
00000000
00000002
00000000
00000001
80000000
00000000
40000000
00000000
20000000
00000000
10000000
00000000
08000000
00000000
04000000
00000000
02000000
00000000
01000000
00000000
00800000
00000000
00400000
00000000
00200000
00000000
00100000
00000000
00080000
00000000
00040000
00000000
00020000
00000000
00010000
00000000
00008000
00000000
00004000
00000000
00002000
00000000
00001000
00000000
00000800
00000000
00000400
00000000
00000200
00000000
00000100
00000000
00000080
00000000
00000040
00000000
00000020
00000000
00000010
00000000
00000008
00000000
00000004
00000000
00000002
00000000
00000000
00000000
00000000
00000000
00000000
00000000
00000000
00000000
00000000
00000000
00000000
00000000
00000000
00000000
00000000
00000000
00000000
00000000
00000000
00000000
00000000
00000000
00000000
00000000
00000000
00000000
00000000
00000000
00000000
00000000
00000000
00000000
00000000
00000000
00000000
00000000
00000000
00000000
00000000
00000000
00000000
00000000
00000000
00000000
00000000
00000000
00000000
00000000
00000000
00000000
00000000
00000000
00000000
00000000
00000000
00000000
00000000
00000000
00000000
00000000
00000000
00000000
00000000
00000000
00000000
00000000
00000000
00000000
00000000
00000000
00000000
00000000
00000000
00000000
00000000
00000000
00000000
00000000
00000000
00000000
00000000
00000000
00000000
00000000
00000000
00000000
00000000
00000000
00000000
00000000
00000000
00000000
00000000
00000000
00000000
00000000
00000000
00000000
00000000
00000000
00000000
00000000
00000000
00000000
00000000
00000000
00000000
00000000
00000000
00000000
00000000
00000000
00000000
00000000
00000000
00000000
00000000
00000000
00000000
00000000
00000000
00000000
00000000
00000000
00000000
00000000
00000000
00000000
00000000
00000000
00000000
00000000
00000000
00000000
00000000
00000000
00000000
00000000
00000000
00000000
00000000
00000000
00000000
00000000
00000000
00000000
00000000
00000000
00000000
00000000
00000000
00000000
00000000
00000000
00000000
00000000
00000000
00000000
00000000
00000000
00000000
00000000
00000000
00000000
00000000
00000000
00000000
00000000
00000000
00000000
00000000
00000000
00000000
00000000
00000000
00000000
00000000
00000000
00000000
00000000
00000000
00000000
00000000
00000000
00000000
00000000
00000000
00000000
00000000
00000000
00000000
00000000
00000000
00000000
00000000
00000000
00000000
00000000
00000000
00000000
00000000
00000000
00000000
00000000
00000000
00000000
00000000
00000000
00000000
00000000
00000000
00000000
00000000
00000000
00000000
00000000
00000000
00000000
00000000
00000000
00000000
00000000
00000000
00000000
00000000
00000000
00000000
00000000
00000000
00000000
00000000
00000000
00000000
00000000
00000000
00000000
00000000
00000000
00000000
00000000
00000000
00000000
00000000
00000000
00000000
00000000
00000000
00000000
00000000
00000000
00000000
00000000
00000000
00000000
00000000
00000000
00000000
00000000
deadbeef
00000000
deadbeef
00000000
deadbeef
00000000
Info 
Info ---------------------------------------------------
Info CPU 'riscvOVPsim/cpu' STATISTICS
Info   Type                  : riscv (RV64I)
Info   Nominal MIPS          : 100
Info   Final program counter : 0x8000003c
Info   Simulated instructions: 2,790
Info   Simulated MIPS        : run too short for meaningful result
Info ---------------------------------------------------
Info 
Info ---------------------------------------------------
Info SIMULATION TIME STATISTICS
Info   Simulated time        : 0.00 seconds
Info   User time             : 0.00 seconds
Info   System time           : 0.00 seconds
Info   Elapsed time          : 0.00 seconds
Info ---------------------------------------------------

riscvOVPsimPlus finished: Tue Mar  7 00:11:21 2023


riscvOVPsimPlus (64-Bit) v20230201.0 Open Virtual Platform simulator from www.IMPERAS.com.
Visit www.IMPERAS.com for multicore debug, verification and analysis solutions.

Info Session ended: Tue Mar  7 00:11:21 2023

