Vivado Simulator 2019.2
Copyright 1986-1999, 2001-2019 Xilinx, Inc. All Rights Reserved.
Running: /tools/Xilinx/Vivado/2019.2/bin/unwrapped/lnx64.o/xelab -debug all -top tb -snapshot snapshot 
Multi-threading is on. Using 18 slave threads.
Starting static elaboration
Pass Through NonSizing Optimizer
Completed static elaboration
Starting simulation data flow analysis
Completed simulation data flow analysis
Time Resolution for simulation is 1ps
Compiling module work.decoder
Compiling module work.d_flip_flop(WIDTH=64)
Compiling module work.register_file
Compiling module work.arithmetic_logic_unit
Compiling module work.comparator
Compiling module work.d_flip_flop(RESET_VALUE=1'b0)
Compiling module work.d_flip_flop(RESET_VALUE=1'b1)
Compiling module work.d_flip_flop(WIDTH=62,RESET_VALUE...
Compiling module work.d_flip_flop
Compiling module work.d_flip_flop(WIDTH=64,RESET_VALUE...
Compiling module work.d_flip_flop(WIDTH=63,RESET_VALUE...
Compiling module work.control_and_status_registers
Compiling module work.d_flip_flop(WIDTH=8,RESET_VALUE=...
Compiling module work.d_flip_flop(WIDTH=64,RESET_VALUE...
Compiling module work.d_flip_flop(WIDTH=32)
Compiling module work.central_processing_unit
Compiling module work.tb_mem(DEPTH=64'b010000000000000...
Compiling module work.tb
WARNING: [XSIM 43-3373] "/home/seankent/bluejay/ip/central_processing_unit/tb/gen/tb.sv" Line 118. System function $value$plusargs is used as system task. This system function should have a LHS e.g. x=$value$plusargs().
WARNING: [XSIM 43-3373] "/home/seankent/bluejay/ip/central_processing_unit/tb/gen/tb.sv" Line 124. System function $value$plusargs is used as system task. This system function should have a LHS e.g. x=$value$plusargs().
WARNING: [XSIM 43-3373] "/home/seankent/bluejay/ip/central_processing_unit/tb/gen/tb.sv" Line 126. System function $value$plusargs is used as system task. This system function should have a LHS e.g. x=$value$plusargs().
WARNING: [XSIM 43-3373] "/home/seankent/bluejay/ip/central_processing_unit/tb/gen/tb.sv" Line 128. System function $value$plusargs is used as system task. This system function should have a LHS e.g. x=$value$plusargs().
WARNING: [XSIM 43-3373] "/home/seankent/bluejay/ip/central_processing_unit/tb/gen/tb.sv" Line 152. System function $value$plusargs is used as system task. This system function should have a LHS e.g. x=$value$plusargs().
Built simulation snapshot snapshot
