#-----------------------------------------------------------
# xsim v2019.2 (64-bit)
# SW Build 2708876 on Wed Nov  6 21:39:14 MST 2019
# IP Build 2700528 on Thu Nov  7 00:09:20 MST 2019
# Start of session at: Sun Feb 12 11:15:27 2023
# Process ID: 5301
# Current directory: /home/seankent/bluejay/ip/central_processing_unit/sim/gen/sim__xyz
# Command line: xsim -mode tcl -source {xsim.dir/snapshot/xsim_script.tcl}
# Log file: /home/seankent/bluejay/ip/central_processing_unit/sim/gen/sim__xyz/xsim.log
# Journal file: /home/seankent/bluejay/ip/central_processing_unit/sim/gen/sim__xyz/xsim.jou
#-----------------------------------------------------------
source xsim.dir/snapshot/xsim_script.tcl
# xsim {snapshot} -testplusarg filename__mem=/home/seankent/bluejay/ip/central_processing_unit/sim/gen/sim__xyz/ADD-01/ADD-01.mem -testplusarg filename__sig=/home/seankent/bluejay/ip/central_processing_unit/sim/gen/sim__xyz/ADD-01/ADD-01.signature -testplusarg begin_signature=0000000080004010 -testplusarg end_signature=0000000080004970 -testplusarg tohost=0000000080003000 -wdb {/home/seankent/bluejay/ip/central_processing_unit/sim/gen/sim__xyz/ADD-01/snapshot.wdb} -autoloadwcfg -tclbatch {/home/seankent/bluejay/tcl/xsim_cfg.tcl}
Vivado Simulator 2019.2
Time resolution is 1 ps
source /home/seankent/bluejay/tcl/xsim_cfg.tcl
## log_wave -recursive *
WARNING: [Simtcl 6-197] One or more HDL objects could not be logged because of object type or size limitations.  To see details please rerun the command with -verbose (-v).
## run all
tohost = 80003000
filename__sig = /home/seankent/bluejay/ip/central_processing_unit/sim/gen/sim__xyz/ADD-01/ADD-01.signature
begin_signature = 80004010
end_signature = 80004970
$finish called at time : 156150 ns : File "/home/seankent/bluejay/ip/central_processing_unit/tb/gen/tb.sv" Line 139
## exit
INFO: [Common 17-206] Exiting xsim at Sun Feb 12 11:15:34 2023...
