#-----------------------------------------------------------
# xsim v2022.2 (64-bit)
# SW Build 3671981 on Fri Oct 14 04:59:54 MDT 2022
# IP Build 3669848 on Fri Oct 14 08:30:02 MDT 2022
# Start of session at: Mon Mar  6 15:38:03 2023
# Process ID: 13990
# Current directory: /home/seankent/bluejay/ip/central_processing_unit/sim/gen/sim__xyz
# Command line: xsim -mode tcl -source {xsim.dir/snapshot/xsim_script.tcl}
# Log file: /home/seankent/bluejay/ip/central_processing_unit/sim/gen/sim__xyz/xsim.log
# Journal file: /home/seankent/bluejay/ip/central_processing_unit/sim/gen/sim__xyz/xsim.jou
# Running On: seankent, OS: Linux, CPU Frequency: 4996.152 MHz, CPU Physical cores: 10, Host memory: 33523 MB
#-----------------------------------------------------------
source xsim.dir/snapshot/xsim_script.tcl
# xsim {snapshot} -testplusarg filename__mem=/home/seankent/bluejay/ip/central_processing_unit/sim/gen/sim__xyz/BEQ-01/BEQ-01.mem -testplusarg filename__sig=/home/seankent/bluejay/ip/central_processing_unit/sim/gen/sim__xyz/BEQ-01/BEQ-01.signature -testplusarg begin_signature=0000000080005010 -testplusarg end_signature=0000000080005970 -testplusarg tohost=0000000080004000 -wdb {/home/seankent/bluejay/ip/central_processing_unit/sim/gen/sim__xyz/BEQ-01/snapshot.wdb} -autoloadwcfg -tclbatch {/home/seankent/bluejay/tcl/xsim_cfg.tcl}
Time resolution is 1 ps
source /home/seankent/bluejay/tcl/xsim_cfg.tcl
## log_wave -recursive *
WARNING: [Simtcl 6-197] One or more HDL objects could not be logged because of object type or size limitations.  To see details please rerun the command with -verbose (-v).
## run all
Command failed: Simulator command interrupted.

Simulation engine not responding
The simulator has terminated in an unexpected manner.  Please review the simulation log (xsim.log) for details.
## exit
INFO: [Common 17-206] Exiting xsim at Mon Mar  6 15:38:06 2023...
