Info Session started: Tue Mar  7 00:07:50 2023

Info PROGRAM /home/seankent/bluejay/imperas/imperas-riscv-tests/riscv-ovpsim-plus/bin/Linux64/riscvOVPsimPlus.exe
Info ------------- ENVIRONMENT -------------
Info --------------------------------------
Info -------- FLAGS (from command line)
Info --variant  RV64I
Info --override  riscvOVPsim/cpu/tval_ii_code=F
Info --program  /home/seankent/bluejay/ip/central_processing_unit/sim/gen/sim__xyz/ANDI-01/ANDI-01.elf
Info --signaturedump
Info --customcontrol
Info --override  riscvOVPsim/cpu/sigdump/SignatureFile=/home/seankent/bluejay/ip/central_processing_unit/sim/gen/sim__xyz/ANDI-01/ANDI-01.signature.output
Info --override  riscvOVPsim/cpu/sigdump/SignatureGranularity=4
Info --override  riscvOVPsim/cpu/simulateexceptions=T
Info --override  riscvOVPsim/cpu/defaultsemihost=F
Info --logfile  /home/seankent/bluejay/ip/central_processing_unit/sim/gen/sim__xyz/ANDI-01/ANDI-01.log
Info --override  riscvOVPsim/cpu/user_version=2.3
Info --------------------------------------
Imperas riscvOVPsimPlus


riscvOVPsimPlus (64-Bit) v20230201.0 Open Virtual Platform simulator from www.IMPERAS.com.
Copyright (c) 2005-2023 Imperas Software Ltd.  Contains Imperas Proprietary Information.
Licensed Software, All Rights Reserved.
Visit www.IMPERAS.com for multicore debug, verification and analysis solutions.

riscvOVPsimPlus started: Tue Mar  7 00:07:50 2023


Info (OR_OF) Target 'riscvOVPsim/cpu' has object file read from '/home/seankent/bluejay/ip/central_processing_unit/sim/gen/sim__xyz/ANDI-01/ANDI-01.elf'
Info (OR_PH) Program Headers:
Info (OR_PH) Type           Offset             VirtAddr           PhysAddr
Info (OR_PH)                FileSiz            MemSiz             Flags  Align
Info (OR_PD) PROC           0x0000000000004b08 0x0000000000000000 0x0000000000000000
Info (OR_PD)                0x000000000000001e 0x0000000000000000 R--    1
Info (OR_PD) LOAD           0x0000000000001000 0x0000000080000000 0x0000000080000000
Info (OR_PD)                0x0000000000001cb4 0x0000000000001cb4 R-E    1000
Info (OR_PD) LOAD           0x0000000000003000 0x0000000080002000 0x0000000080002000
Info (OR_PD)                0x0000000000001b08 0x0000000000001b08 RW-    1000
Info (SIGNATURE_DUMP_FSB) Found Symbol 'begin_signature' in application at 0x80003010
Info (SIGNATURE_DUMP_FSE) Found Symbol 'end_signature' in application at 0x80003970
Info (SIGNATURE_DUMP_EN) Signature File enabled, file '/home/seankent/bluejay/ip/central_processing_unit/sim/gen/sim__xyz/ANDI-01/ANDI-01.signature.output'.
Info (SIGNATURE_DUMP_ES) Extracting signature from 0x80003010 size 2400 bytes
Info (SIGNATURE_DUMP_SB) Symbol 'begin_signature' at 0x80003010
Info (SIGNATURE_DUMP_SE) Symbol 'end_signature' at 0x80003970
Info (SIGNATURE_DUMP_SFW) Signature Write 1 0x80003010 bytes 8 0x0
Info (SIGNATURE_DUMP_WTH) Intercept 'write_tohost'. Generate Signature file
151a0127
54f4aeeb
429eda11
e1b1199b
00000000
00000000
04662004
f27008e6
c737ac1a
0c8484a3
00000000
00000000
2c63c847
fd7b9df8
00000291
00000000
34b80fd4
413f2c62
000000c0
00000000
00000412
00000000
b2d3f184
91dd5ad6
00000000
00000000
00000000
00000000
c83b3c10
4d236af8
a968a96d
983b9f63
5b086085
1fbe3ca6
00000020
00000000
4ff09328
66268a1a
b32a4812
28ac54a3
17a2f908
dc3713a2
484604b4
74674399
fc9d8404
6bdd9821
00000002
00000000
426b8928
7bf4ef1c
00000152
00000000
00000014
00000000
00000400
00000000
0cc9d4c8
f52a52bf
00000420
00000000
00000000
00000000
00000000
80000000
ffffffff
ffffffff
00000001
00000000
00000000
00000000
00000000
80000000
ffffffff
ffffffff
00000001
00000000
00000000
00000000
00000000
80000000
00000001
00000000
00000002
00000000
00000004
00000000
00000008
00000000
00000010
00000000
00000020
00000000
00000040
00000000
00000080
00000000
00000100
00000000
00000200
00000000
00000400
00000000
00000800
00000000
00001000
00000000
00002000
00000000
00004000
00000000
00008000
00000000
00010000
00000000
00020000
00000000
00040000
00000000
00080000
00000000
00100000
00000000
00200000
00000000
00400000
00000000
00000000
00000000
01000000
00000000
02000000
00000000
04000000
00000000
08000000
00000000
10000000
00000000
20000000
00000000
40000000
00000000
80000000
00000000
00000000
00000001
00000000
00000002
00000000
00000004
00000000
00000000
00000000
00000010
00000000
00000020
00000000
00000040
00000000
00000080
00000000
00000100
00000000
00000200
00000000
00000400
00000000
00000800
00000000
00001000
00000000
00002000
00000000
00004000
00000000
00000000
00000000
00010000
00000000
00020000
00000000
00040000
00000000
00080000
00000000
00100000
00000000
00200000
00000000
00400000
00000000
00800000
00000000
01000000
00000000
02000000
00000000
04000000
00000000
00000000
00000000
10000000
00000000
20000000
00000000
40000000
00000000
80000000
ffffffee
ffffffff
ffffffdd
ffffffff
ffffffbb
ffffffff
ffffff77
ffffffff
fffffeef
ffffffff
fffffddf
ffffffff
fffffbbf
ffffffff
0000077f
00000000
fffffefe
ffffffff
fffffdfd
ffffffff
fffffbfb
ffffffff
fffff7f7
ffffffff
ffffefef
ffffffff
ffffdfdf
ffffffff
ffffbfbf
ffffffff
ffff7f7f
ffffffff
fffefeff
ffffffff
fffdfdff
ffffffff
fffbfbff
ffffffff
000007ff
00000000
ffeffffe
ffffffff
ffdffffd
ffffffff
ffbffffb
ffffffff
ff7ffff7
ffffffff
feffffef
ffffffff
fdffffdf
ffffffff
fbffffbf
ffffffff
f7ffff7f
ffffffff
effffeff
ffffffff
dffffdff
ffffffff
bffffbff
ffffffff
000007ff
00000000
fffffffe
fffffffe
fffffffd
fffffffd
fffffffb
fffffffb
fffffff7
fffffff7
ffffffef
ffffffef
ffffffdf
ffffffdf
ffffffbf
ffffffbf
ffffff7f
ffffff7f
fffffeff
fffffeff
fffffdff
fffffdff
fffffbff
fffffbff
000007ff
00000000
fffffffe
ffffefff
fffffffd
ffffdfff
fffffffb
ffffbfff
fffffff7
ffff7fff
ffffffef
fffeffff
ffffffdf
fffdffff
ffffffbf
fffbffff
ffffff7f
fff7ffff
fffffeff
ffefffff
fffffdff
ffdfffff
fffffbff
ffbfffff
000007ff
00000000
fffffffe
feffffff
fffffffd
fdffffff
fffffffb
fbffffff
fffffff7
f7ffffff
ffffffef
efffffff
ffffffdf
dfffffff
ffffffbf
bfffffff
ffffff7f
7fffffff
00000001
00000000
00000002
00000000
00000004
00000000
00000008
00000000
00000010
00000000
00000020
00000000
00000040
00000000
00000080
00000000
00000100
00000000
00000200
00000000
00000400
00000000
00000800
00000000
00001000
00000000
00002000
00000000
00004000
00000000
00008000
00000000
00010000
00000000
00020000
00000000
00040000
00000000
00080000
00000000
00100000
00000000
00200000
00000000
00400000
00000000
00000000
00000000
01000000
00000000
02000000
00000000
04000000
00000000
08000000
00000000
10000000
00000000
20000000
00000000
40000000
00000000
80000000
00000000
00000000
00000001
00000000
00000002
00000000
00000004
00000000
00000000
00000000
00000010
00000000
00000020
00000000
00000040
00000000
00000080
00000000
00000100
00000000
00000200
00000000
00000400
00000000
00000800
00000000
00001000
00000000
00002000
00000000
00004000
00000000
00000000
00000000
00010000
00000000
00020000
00000000
00040000
00000000
00080000
00000000
00100000
00000000
00200000
00000000
00400000
00000000
00800000
00000000
01000000
00000000
02000000
00000000
04000000
00000000
00000000
00000000
10000000
00000000
20000000
00000000
40000000
00000000
80000000
ffffffee
ffffffff
ffffffdd
ffffffff
ffffffbb
ffffffff
ffffff77
ffffffff
fffffeef
ffffffff
fffffddf
ffffffff
fffffbbf
ffffffff
0000077f
00000000
fffffefe
ffffffff
fffffdfd
ffffffff
fffffbfb
ffffffff
fffff7f7
ffffffff
ffffefef
ffffffff
ffffdfdf
ffffffff
ffffbfbf
ffffffff
ffff7f7f
ffffffff
fffefeff
ffffffff
fffdfdff
ffffffff
fffbfbff
ffffffff
000007ff
00000000
ffeffffe
ffffffff
ffdffffd
ffffffff
ffbffffb
ffffffff
ff7ffff7
ffffffff
feffffef
ffffffff
fdffffdf
ffffffff
fbffffbf
ffffffff
f7ffff7f
ffffffff
effffeff
ffffffff
dffffdff
ffffffff
bffffbff
ffffffff
000007ff
00000000
fffffffe
fffffffe
fffffffd
fffffffd
fffffffb
fffffffb
fffffff7
fffffff7
ffffffef
ffffffef
ffffffdf
ffffffdf
ffffffbf
ffffffbf
ffffff7f
ffffff7f
fffffeff
fffffeff
fffffdff
fffffdff
fffffbff
fffffbff
000007ff
00000000
fffffffe
ffffefff
fffffffd
ffffdfff
fffffffb
ffffbfff
fffffff7
ffff7fff
ffffffef
fffeffff
ffffffdf
fffdffff
ffffffbf
fffbffff
ffffff7f
fff7ffff
fffffeff
ffefffff
fffffdff
ffdfffff
fffffbff
ffbfffff
000007ff
00000000
fffffffe
feffffff
fffffffd
fdffffff
fffffffb
fbffffff
fffffff7
f7ffffff
ffffffef
efffffff
ffffffdf
dfffffff
ffffffbf
bfffffff
ffffff7f
7fffffff
00000000
00000000
00000000
00000000
deadbeef
00000000
deadbeef
00000000
Info 
Info ---------------------------------------------------
Info CPU 'riscvOVPsim/cpu' STATISTICS
Info   Type                  : riscv (RV64I)
Info   Nominal MIPS          : 100
Info   Final program counter : 0x8000003c
Info   Simulated instructions: 1,810
Info   Simulated MIPS        : run too short for meaningful result
Info ---------------------------------------------------
Info 
Info ---------------------------------------------------
Info SIMULATION TIME STATISTICS
Info   Simulated time        : 0.00 seconds
Info   User time             : 0.00 seconds
Info   System time           : 0.00 seconds
Info   Elapsed time          : 0.00 seconds
Info ---------------------------------------------------

riscvOVPsimPlus finished: Tue Mar  7 00:07:50 2023


riscvOVPsimPlus (64-Bit) v20230201.0 Open Virtual Platform simulator from www.IMPERAS.com.
Visit www.IMPERAS.com for multicore debug, verification and analysis solutions.

Info Session ended: Tue Mar  7 00:07:50 2023

