#-----------------------------------------------------------
# Vivado v2019.2 (64-bit)
# SW Build 2708876 on Wed Nov  6 21:40:23 MST 2019
# IP Build 2700528 on Thu Nov  7 00:09:20 MST 2019
# Start of session at: Wed Jun  8 11:12:37 2022
# Process ID: 18352
# Current directory: C:/Users/seanj/Documents/bluejay/vivado/bluejay
# Command line: vivado.exe -gui_launcher_event rodinguilauncherevent2952 C:\Users\seanj\Documents\bluejay\vivado\bluejay\bluejay.xpr
# Log file: C:/Users/seanj/Documents/bluejay/vivado/bluejay/vivado.log
# Journal file: C:/Users/seanj/Documents/bluejay/vivado/bluejay\vivado.jou
#-----------------------------------------------------------
start_gui
open_project C:/Users/seanj/Documents/bluejay/vivado/bluejay/bluejay.xpr
Scanning sources...
Finished scanning sources
INFO: [IP_Flow 19-234] Refreshing IP repositories
INFO: [IP_Flow 19-1704] No user IP repositories specified
INFO: [IP_Flow 19-2313] Loaded Vivado IP repository 'C:/Xilinx/Vivado/2019.2/data/ip'.
update_compile_order -fileset sources_1
launch_simulation
Command: launch_simulation 
boost::filesystem::remove: The process cannot access the file because it is being used by another process: "C:/Users/seanj/Documents/bluejay/vivado/bluejay/bluejay.sim/sim_1/behav/xsim/simulate.log"
launch_simulation
Command: launch_simulation 
boost::filesystem::remove: The process cannot access the file because it is being used by another process: "C:/Users/seanj/Documents/bluejay/vivado/bluejay/bluejay.sim/sim_1/behav/xsim/simulate.log"
exit
INFO: [Common 17-206] Exiting Vivado at Wed Jun  8 11:15:17 2022...
