#-----------------------------------------------------------
# Vivado v2019.2 (64-bit)
# SW Build 2708876 on Wed Nov  6 21:40:23 MST 2019
# IP Build 2700528 on Thu Nov  7 00:09:20 MST 2019
# Start of session at: Sat Jun 18 02:17:32 2022
# Process ID: 8976
# Current directory: C:/Users/seanj/Documents/bluejay/vivado/bluejay
# Command line: vivado.exe -gui_launcher_event rodinguilauncherevent11404 C:\Users\seanj\Documents\bluejay\vivado\bluejay\bluejay.xpr
# Log file: C:/Users/seanj/Documents/bluejay/vivado/bluejay/vivado.log
# Journal file: C:/Users/seanj/Documents/bluejay/vivado/bluejay\vivado.jou
#-----------------------------------------------------------
start_gui
open_project C:/Users/seanj/Documents/bluejay/vivado/bluejay/bluejay.xpr
Scanning sources...
Finished scanning sources
INFO: [IP_Flow 19-234] Refreshing IP repositories
INFO: [IP_Flow 19-1704] No user IP repositories specified
INFO: [IP_Flow 19-2313] Loaded Vivado IP repository 'C:/Xilinx/Vivado/2019.2/data/ip'.
update_compile_order -fileset sources_1
exit
INFO: [Common 17-206] Exiting Vivado at Sat Jun 18 02:22:54 2022...
