#-----------------------------------------------------------
# xsim v2019.2 (64-bit)
# SW Build 2708876 on Wed Nov  6 21:39:14 MST 2019
# IP Build 2700528 on Thu Nov  7 00:09:20 MST 2019
# Start of session at: Thu Mar  2 19:20:49 2023
# Process ID: 30968
# Current directory: /home/seankent/bluejay
# Command line: xsim -source {xsim.dir//home/seankent/bluejay/ip/central_processing_unit/sim/gen/sim__xyz/ADD-01/snapshot.wdb/xsim_script.tcl}
# Log file: /home/seankent/bluejay/xsim.log
# Journal file: /home/seankent/bluejay/xsim.jou
#-----------------------------------------------------------
start_gui
source xsim.dir//home/seankent/bluejay/ip/central_processing_unit/sim/gen/sim__xyz/ADD-01/snapshot.wdb/xsim_script.tcl
# set_param project.enableReportConfiguration 0
# load_feature core
# current_fileset
INFO: [IP_Flow 19-234] Refreshing IP repositories
INFO: [IP_Flow 19-1704] No user IP repositories specified
INFO: [IP_Flow 19-2313] Loaded Vivado IP repository '/tools/Xilinx/Vivado/2019.2/data/ip'.
# xsim {/home/seankent/bluejay/ip/central_processing_unit/sim/gen/sim__xyz/ADD-01/snapshot.wdb} -autoloadwcfg
close_sim
INFO: [Simtcl 6-16] Simulation closed
exit
INFO: [Common 17-206] Exiting xsim at Thu Mar  2 19:21:13 2023...
