Vivado Simulator v2022.1
Copyright 1986-1999, 2001-2022 Xilinx, Inc. All Rights Reserved.
Running: /tools/Xilinx/Vivado/2022.1/bin/unwrapped/lnx64.o/xelab -debug all --relax -top central_processing_unit__tb -snapshot central_processing_unit__tb__snapshot 
Multi-threading is on. Using 18 slave threads.
Starting static elaboration
Pass Through NonSizing Optimizer
Completed static elaboration
Starting simulation data flow analysis
Completed simulation data flow analysis
Time Resolution for simulation is 1ps
Compiling module work.decoder
Compiling module work.register_file
Compiling module work.arithmetic_logic_unit
Compiling module work.comparator
Compiling module work.central_processing_unit
Compiling module work.l1(DEPTH=64'b010000000000000000,...
Compiling module work.central_processing_unit__tb
WARNING: [XSIM 43-3373] "/home/seankent/bluejay/ip/central_processing_unit/tb/gen/central_processing_unit__tb.sv" Line 119. System function $value$plusargs is used as system task. This system function should have a LHS e.g. x=$value$plusargs().
WARNING: [XSIM 43-3373] "/home/seankent/bluejay/ip/central_processing_unit/tb/gen/central_processing_unit__tb.sv" Line 121. System function $value$plusargs is used as system task. This system function should have a LHS e.g. x=$value$plusargs().
WARNING: [XSIM 43-3373] "/home/seankent/bluejay/ip/central_processing_unit/tb/gen/central_processing_unit__tb.sv" Line 123. System function $value$plusargs is used as system task. This system function should have a LHS e.g. x=$value$plusargs().
WARNING: [XSIM 43-3373] "/home/seankent/bluejay/ip/central_processing_unit/tb/gen/central_processing_unit__tb.sv" Line 146. System function $value$plusargs is used as system task. This system function should have a LHS e.g. x=$value$plusargs().
Built simulation snapshot central_processing_unit__tb__snapshot
