#-----------------------------------------------------------
# xsim v2019.2 (64-bit)
# SW Build 2708876 on Wed Nov  6 21:39:14 MST 2019
# IP Build 2700528 on Thu Nov  7 00:09:20 MST 2019
# Start of session at: Sun Jan 29 00:37:52 2023
# Process ID: 17740
# Current directory: /home/seankent/bluejay/ip/platform_level_interrupt_controller/sim/sim_2023
# Command line: xsim -mode tcl -source {xsim.dir/tb__platform_level_interrupt_controller__snapshot/xsim_script.tcl}
# Log file: /home/seankent/bluejay/ip/platform_level_interrupt_controller/sim/sim_2023/xsim.log
# Journal file: /home/seankent/bluejay/ip/platform_level_interrupt_controller/sim/sim_2023/xsim.jou
#-----------------------------------------------------------
source xsim.dir/tb__platform_level_interrupt_controller__snapshot/xsim_script.tcl
# xsim {tb__platform_level_interrupt_controller__snapshot} -wdb {/home/seankent/bluejay/ip/platform_level_interrupt_controller/sim/sim_2023/t_233453451/tb__snapshot.wdb} -autoloadwcfg -tclbatch {/home/seankent/bluejay/tcl/xsim_cfg.tcl}
Vivado Simulator 2019.2
Time resolution is 1 ps
source /home/seankent/bluejay/tcl/xsim_cfg.tcl
## log_wave -recursive *
## run all
$finish called at time : 160 ns : File "/home/seankent/bluejay/ip/platform_level_interrupt_controller/tb/tb__platform_level_interrupt_controller.sv" Line 78
## exit
INFO: [Common 17-206] Exiting xsim at Sun Jan 29 00:37:58 2023...
