INFO: [VRFC 10-2263] Analyzing SystemVerilog file "/home/seankent/bluejay/ip/lib/src/d_flip_flop.sv" into library work
INFO: [VRFC 10-311] analyzing module d_flip_flop
INFO: [VRFC 10-2263] Analyzing SystemVerilog file "/home/seankent/bluejay/ip/lib/src/sr_flip_flop.sv" into library work
INFO: [VRFC 10-311] analyzing module sr_flip_flop
INFO: [VRFC 10-2263] Analyzing SystemVerilog file "/home/seankent/bluejay/ip/central_processing_unit/src/central_processing_unit.sv" into library work
INFO: [VRFC 10-311] analyzing module central_processing_unit
INFO: [VRFC 10-2263] Analyzing SystemVerilog file "/home/seankent/bluejay/ip/central_processing_unit/src/control_and_status_registers.sv" into library work
INFO: [VRFC 10-311] analyzing module control_and_status_registers
INFO: [VRFC 10-2458] undeclared symbol mstatus___spie, assumed default net type wire [/home/seankent/bluejay/ip/central_processing_unit/src/control_and_status_registers.sv:287]
INFO: [VRFC 10-2458] undeclared symbol en__scratch, assumed default net type wire [/home/seankent/bluejay/ip/central_processing_unit/src/control_and_status_registers.sv:706]
WARNING: [VRFC 10-3380] identifier 'we__misa' is used before its declaration [/home/seankent/bluejay/ip/central_processing_unit/src/control_and_status_registers.sv:49]
WARNING: [VRFC 10-3380] identifier 'we__mvendorid' is used before its declaration [/home/seankent/bluejay/ip/central_processing_unit/src/control_and_status_registers.sv:50]
WARNING: [VRFC 10-3380] identifier 'we__marchid' is used before its declaration [/home/seankent/bluejay/ip/central_processing_unit/src/control_and_status_registers.sv:51]
WARNING: [VRFC 10-3380] identifier 'we__mimpid' is used before its declaration [/home/seankent/bluejay/ip/central_processing_unit/src/control_and_status_registers.sv:52]
WARNING: [VRFC 10-3380] identifier 'we__mhartid' is used before its declaration [/home/seankent/bluejay/ip/central_processing_unit/src/control_and_status_registers.sv:53]
WARNING: [VRFC 10-3380] identifier 'we__mstatus' is used before its declaration [/home/seankent/bluejay/ip/central_processing_unit/src/control_and_status_registers.sv:54]
WARNING: [VRFC 10-3380] identifier 'we__mtvec' is used before its declaration [/home/seankent/bluejay/ip/central_processing_unit/src/control_and_status_registers.sv:55]
WARNING: [VRFC 10-3380] identifier 'we__medeleg' is used before its declaration [/home/seankent/bluejay/ip/central_processing_unit/src/control_and_status_registers.sv:56]
WARNING: [VRFC 10-3380] identifier 'we__mideleg' is used before its declaration [/home/seankent/bluejay/ip/central_processing_unit/src/control_and_status_registers.sv:57]
WARNING: [VRFC 10-3380] identifier 'we__mip' is used before its declaration [/home/seankent/bluejay/ip/central_processing_unit/src/control_and_status_registers.sv:58]
WARNING: [VRFC 10-3380] identifier 'we__mie' is used before its declaration [/home/seankent/bluejay/ip/central_processing_unit/src/control_and_status_registers.sv:59]
WARNING: [VRFC 10-3380] identifier 'we__mcycle' is used before its declaration [/home/seankent/bluejay/ip/central_processing_unit/src/control_and_status_registers.sv:60]
WARNING: [VRFC 10-3380] identifier 'we__minstret' is used before its declaration [/home/seankent/bluejay/ip/central_processing_unit/src/control_and_status_registers.sv:61]
WARNING: [VRFC 10-3380] identifier 'we__mhpmcounter3' is used before its declaration [/home/seankent/bluejay/ip/central_processing_unit/src/control_and_status_registers.sv:62]
WARNING: [VRFC 10-3380] identifier 'we__mhpmevent3' is used before its declaration [/home/seankent/bluejay/ip/central_processing_unit/src/control_and_status_registers.sv:63]
WARNING: [VRFC 10-3380] identifier 'we__mscratch' is used before its declaration [/home/seankent/bluejay/ip/central_processing_unit/src/control_and_status_registers.sv:64]
WARNING: [VRFC 10-3380] identifier 'we__mepc' is used before its declaration [/home/seankent/bluejay/ip/central_processing_unit/src/control_and_status_registers.sv:65]
WARNING: [VRFC 10-3380] identifier 'we__mcause' is used before its declaration [/home/seankent/bluejay/ip/central_processing_unit/src/control_and_status_registers.sv:66]
WARNING: [VRFC 10-3380] identifier 'we__mtval' is used before its declaration [/home/seankent/bluejay/ip/central_processing_unit/src/control_and_status_registers.sv:67]
WARNING: [VRFC 10-3380] identifier 'misa' is used before its declaration [/home/seankent/bluejay/ip/central_processing_unit/src/control_and_status_registers.sv:72]
WARNING: [VRFC 10-3380] identifier 'we__misa' is used before its declaration [/home/seankent/bluejay/ip/central_processing_unit/src/control_and_status_registers.sv:73]
WARNING: [VRFC 10-3380] identifier 'mvendorid' is used before its declaration [/home/seankent/bluejay/ip/central_processing_unit/src/control_and_status_registers.sv:77]
WARNING: [VRFC 10-3380] identifier 'we__mvendorid' is used before its declaration [/home/seankent/bluejay/ip/central_processing_unit/src/control_and_status_registers.sv:78]
WARNING: [VRFC 10-3380] identifier 'marchid' is used before its declaration [/home/seankent/bluejay/ip/central_processing_unit/src/control_and_status_registers.sv:82]
WARNING: [VRFC 10-3380] identifier 'we__marchid' is used before its declaration [/home/seankent/bluejay/ip/central_processing_unit/src/control_and_status_registers.sv:83]
WARNING: [VRFC 10-3380] identifier 'mimpid' is used before its declaration [/home/seankent/bluejay/ip/central_processing_unit/src/control_and_status_registers.sv:87]
WARNING: [VRFC 10-3380] identifier 'we__mimpid' is used before its declaration [/home/seankent/bluejay/ip/central_processing_unit/src/control_and_status_registers.sv:88]
WARNING: [VRFC 10-3380] identifier 'mhartid' is used before its declaration [/home/seankent/bluejay/ip/central_processing_unit/src/control_and_status_registers.sv:92]
WARNING: [VRFC 10-3380] identifier 'we__mhartid' is used before its declaration [/home/seankent/bluejay/ip/central_processing_unit/src/control_and_status_registers.sv:93]
WARNING: [VRFC 10-3380] identifier 'mstatus' is used before its declaration [/home/seankent/bluejay/ip/central_processing_unit/src/control_and_status_registers.sv:97]
WARNING: [VRFC 10-3380] identifier 'we__mstatus' is used before its declaration [/home/seankent/bluejay/ip/central_processing_unit/src/control_and_status_registers.sv:98]
WARNING: [VRFC 10-3380] identifier 'mtvec' is used before its declaration [/home/seankent/bluejay/ip/central_processing_unit/src/control_and_status_registers.sv:102]
WARNING: [VRFC 10-3380] identifier 'we__mtvec' is used before its declaration [/home/seankent/bluejay/ip/central_processing_unit/src/control_and_status_registers.sv:103]
WARNING: [VRFC 10-3380] identifier 'medeleg' is used before its declaration [/home/seankent/bluejay/ip/central_processing_unit/src/control_and_status_registers.sv:107]
WARNING: [VRFC 10-3380] identifier 'we__medeleg' is used before its declaration [/home/seankent/bluejay/ip/central_processing_unit/src/control_and_status_registers.sv:108]
WARNING: [VRFC 10-3380] identifier 'mideleg' is used before its declaration [/home/seankent/bluejay/ip/central_processing_unit/src/control_and_status_registers.sv:112]
WARNING: [VRFC 10-3380] identifier 'we__mideleg' is used before its declaration [/home/seankent/bluejay/ip/central_processing_unit/src/control_and_status_registers.sv:113]
WARNING: [VRFC 10-3380] identifier 'mip' is used before its declaration [/home/seankent/bluejay/ip/central_processing_unit/src/control_and_status_registers.sv:117]
WARNING: [VRFC 10-3380] identifier 'we__mip' is used before its declaration [/home/seankent/bluejay/ip/central_processing_unit/src/control_and_status_registers.sv:118]
WARNING: [VRFC 10-3380] identifier 'mie' is used before its declaration [/home/seankent/bluejay/ip/central_processing_unit/src/control_and_status_registers.sv:122]
WARNING: [VRFC 10-3380] identifier 'we__mie' is used before its declaration [/home/seankent/bluejay/ip/central_processing_unit/src/control_and_status_registers.sv:123]
WARNING: [VRFC 10-3380] identifier 'mcycle' is used before its declaration [/home/seankent/bluejay/ip/central_processing_unit/src/control_and_status_registers.sv:127]
WARNING: [VRFC 10-3380] identifier 'we__mcycle' is used before its declaration [/home/seankent/bluejay/ip/central_processing_unit/src/control_and_status_registers.sv:128]
WARNING: [VRFC 10-3380] identifier 'minstret' is used before its declaration [/home/seankent/bluejay/ip/central_processing_unit/src/control_and_status_registers.sv:132]
WARNING: [VRFC 10-3380] identifier 'we__minstret' is used before its declaration [/home/seankent/bluejay/ip/central_processing_unit/src/control_and_status_registers.sv:133]
WARNING: [VRFC 10-3380] identifier 'mhpmcounter3' is used before its declaration [/home/seankent/bluejay/ip/central_processing_unit/src/control_and_status_registers.sv:137]
WARNING: [VRFC 10-3380] identifier 'we__mhpmcounter3' is used before its declaration [/home/seankent/bluejay/ip/central_processing_unit/src/control_and_status_registers.sv:138]
WARNING: [VRFC 10-3380] identifier 'mhpmevent3' is used before its declaration [/home/seankent/bluejay/ip/central_processing_unit/src/control_and_status_registers.sv:142]
WARNING: [VRFC 10-3380] identifier 'we__mhpmevent3' is used before its declaration [/home/seankent/bluejay/ip/central_processing_unit/src/control_and_status_registers.sv:143]
WARNING: [VRFC 10-3380] identifier 'mscratch' is used before its declaration [/home/seankent/bluejay/ip/central_processing_unit/src/control_and_status_registers.sv:147]
WARNING: [VRFC 10-3380] identifier 'we__mscratch' is used before its declaration [/home/seankent/bluejay/ip/central_processing_unit/src/control_and_status_registers.sv:148]
WARNING: [VRFC 10-3380] identifier 'mepc' is used before its declaration [/home/seankent/bluejay/ip/central_processing_unit/src/control_and_status_registers.sv:152]
WARNING: [VRFC 10-3380] identifier 'we__mepc' is used before its declaration [/home/seankent/bluejay/ip/central_processing_unit/src/control_and_status_registers.sv:153]
WARNING: [VRFC 10-3380] identifier 'mcause' is used before its declaration [/home/seankent/bluejay/ip/central_processing_unit/src/control_and_status_registers.sv:157]
WARNING: [VRFC 10-3380] identifier 'we__mcause' is used before its declaration [/home/seankent/bluejay/ip/central_processing_unit/src/control_and_status_registers.sv:158]
WARNING: [VRFC 10-3380] identifier 'mtval' is used before its declaration [/home/seankent/bluejay/ip/central_processing_unit/src/control_and_status_registers.sv:162]
WARNING: [VRFC 10-3380] identifier 'we__mtval' is used before its declaration [/home/seankent/bluejay/ip/central_processing_unit/src/control_and_status_registers.sv:163]
INFO: [VRFC 10-2263] Analyzing SystemVerilog file "/home/seankent/bluejay/ip/central_processing_unit/src/arithmetic_logic_unit.sv" into library work
INFO: [VRFC 10-311] analyzing module arithmetic_logic_unit
INFO: [VRFC 10-2263] Analyzing SystemVerilog file "/home/seankent/bluejay/ip/central_processing_unit/src/register_file.sv" into library work
INFO: [VRFC 10-311] analyzing module register_file
INFO: [VRFC 10-2263] Analyzing SystemVerilog file "/home/seankent/bluejay/ip/central_processing_unit/src/decoder.sv" into library work
INFO: [VRFC 10-311] analyzing module decoder
INFO: [VRFC 10-2263] Analyzing SystemVerilog file "/home/seankent/bluejay/ip/central_processing_unit/src/comparator.sv" into library work
INFO: [VRFC 10-311] analyzing module comparator
INFO: [VRFC 10-2263] Analyzing SystemVerilog file "/home/seankent/bluejay/ip/central_processing_unit/tb/central_processing_unit__tb.sv" into library work
INFO: [VRFC 10-311] analyzing module central_processing_unit__tb
INFO: [VRFC 10-2263] Analyzing SystemVerilog file "/home/seankent/bluejay/ip/central_processing_unit/tb/memory.sv" into library work
INFO: [VRFC 10-311] analyzing module tb_mem
INFO: [VRFC 10-2263] Analyzing SystemVerilog file "/home/seankent/bluejay/ip/machine_timer_registers/src/machine_timer_registers.sv" into library work
INFO: [VRFC 10-311] analyzing module machine_timer_registers
WARNING: [VRFC 10-3380] identifier 'mtime' is used before its declaration [/home/seankent/bluejay/ip/machine_timer_registers/src/machine_timer_registers.sv:17]
WARNING: [VRFC 10-3380] identifier 'we__mtime' is used before its declaration [/home/seankent/bluejay/ip/machine_timer_registers/src/machine_timer_registers.sv:22]
WARNING: [VRFC 10-3380] identifier 'we__mtimecmp' is used before its declaration [/home/seankent/bluejay/ip/machine_timer_registers/src/machine_timer_registers.sv:23]
WARNING: [VRFC 10-3380] identifier 'mtime' is used before its declaration [/home/seankent/bluejay/ip/machine_timer_registers/src/machine_timer_registers.sv:28]
WARNING: [VRFC 10-3380] identifier 'we__mtime' is used before its declaration [/home/seankent/bluejay/ip/machine_timer_registers/src/machine_timer_registers.sv:29]
WARNING: [VRFC 10-3380] identifier 'mtimecmp' is used before its declaration [/home/seankent/bluejay/ip/machine_timer_registers/src/machine_timer_registers.sv:33]
WARNING: [VRFC 10-3380] identifier 'we__mtimecmp' is used before its declaration [/home/seankent/bluejay/ip/machine_timer_registers/src/machine_timer_registers.sv:34]
INFO: [VRFC 10-2263] Analyzing SystemVerilog file "/home/seankent/bluejay/ip/machine_timer_registers/tb/tb.sv" into library work
INFO: [VRFC 10-311] analyzing module tb
INFO: [VRFC 10-2263] Analyzing SystemVerilog file "/home/seankent/bluejay/ip/platform_level_interrupt_controller/src/platform_level_interrupt_controller.sv" into library work
INFO: [VRFC 10-311] analyzing module platform_level_interrupt_controller
INFO: [VRFC 10-2263] Analyzing SystemVerilog file "/home/seankent/bluejay/ip/platform_level_interrupt_controller/src/platform_level_interrupt_controller__core.sv" into library work
INFO: [VRFC 10-311] analyzing module platform_level_interrupt_controller__core
INFO: [VRFC 10-2458] undeclared symbol claim__1, assumed default net type wire [/home/seankent/bluejay/ip/platform_level_interrupt_controller/src/platform_level_interrupt_controller__core.sv:32]
INFO: [VRFC 10-2458] undeclared symbol context__0__ie__0, assumed default net type wire [/home/seankent/bluejay/ip/platform_level_interrupt_controller/src/platform_level_interrupt_controller__core.sv:45]
INFO: [VRFC 10-2458] undeclared symbol priority__0, assumed default net type wire [/home/seankent/bluejay/ip/platform_level_interrupt_controller/src/platform_level_interrupt_controller__core.sv:47]
INFO: [VRFC 10-2458] undeclared symbol context__0__ie__1, assumed default net type wire [/home/seankent/bluejay/ip/platform_level_interrupt_controller/src/platform_level_interrupt_controller__core.sv:49]
INFO: [VRFC 10-2458] undeclared symbol priority__1, assumed default net type wire [/home/seankent/bluejay/ip/platform_level_interrupt_controller/src/platform_level_interrupt_controller__core.sv:51]
INFO: [VRFC 10-2458] undeclared symbol context__0__priority_mux__0__id, assumed default net type wire [/home/seankent/bluejay/ip/platform_level_interrupt_controller/src/platform_level_interrupt_controller__core.sv:52]
INFO: [VRFC 10-2458] undeclared symbol context__0__priority_mux__0__ie, assumed default net type wire [/home/seankent/bluejay/ip/platform_level_interrupt_controller/src/platform_level_interrupt_controller__core.sv:53]
INFO: [VRFC 10-2458] undeclared symbol context__0__priority_mux__0__ip, assumed default net type wire [/home/seankent/bluejay/ip/platform_level_interrupt_controller/src/platform_level_interrupt_controller__core.sv:54]
INFO: [VRFC 10-2458] undeclared symbol context__0__priority_mux__0__priority, assumed default net type wire [/home/seankent/bluejay/ip/platform_level_interrupt_controller/src/platform_level_interrupt_controller__core.sv:55]
INFO: [VRFC 10-2458] undeclared symbol context__0__id, assumed default net type wire [/home/seankent/bluejay/ip/platform_level_interrupt_controller/src/platform_level_interrupt_controller__core.sv:58]
INFO: [VRFC 10-2458] undeclared symbol context__0__priority, assumed default net type wire [/home/seankent/bluejay/ip/platform_level_interrupt_controller/src/platform_level_interrupt_controller__core.sv:59]
WARNING: [VRFC 10-2938] 'priority__0' is already implicitly declared on line 47 [/home/seankent/bluejay/ip/platform_level_interrupt_controller/src/platform_level_interrupt_controller__core.sv:123]
WARNING: [VRFC 10-2938] 'priority__1' is already implicitly declared on line 51 [/home/seankent/bluejay/ip/platform_level_interrupt_controller/src/platform_level_interrupt_controller__core.sv:134]
WARNING: [VRFC 10-2938] 'context__0__ie__0' is already implicitly declared on line 45 [/home/seankent/bluejay/ip/platform_level_interrupt_controller/src/platform_level_interrupt_controller__core.sv:162]
WARNING: [VRFC 10-2938] 'context__0__ie__1' is already implicitly declared on line 49 [/home/seankent/bluejay/ip/platform_level_interrupt_controller/src/platform_level_interrupt_controller__core.sv:163]
WARNING: [VRFC 10-2938] 'claim__1' is already implicitly declared on line 32 [/home/seankent/bluejay/ip/platform_level_interrupt_controller/src/platform_level_interrupt_controller__core.sv:225]
WARNING: [VRFC 10-3380] identifier 'context__0__threshold' is used before its declaration [/home/seankent/bluejay/ip/platform_level_interrupt_controller/src/platform_level_interrupt_controller__core.sv:60]
WARNING: [VRFC 10-3380] identifier 'we__priority__0' is used before its declaration [/home/seankent/bluejay/ip/platform_level_interrupt_controller/src/platform_level_interrupt_controller__core.sv:66]
WARNING: [VRFC 10-3380] identifier 're__priority__0' is used before its declaration [/home/seankent/bluejay/ip/platform_level_interrupt_controller/src/platform_level_interrupt_controller__core.sv:67]
WARNING: [VRFC 10-3380] identifier 'we__priority__1' is used before its declaration [/home/seankent/bluejay/ip/platform_level_interrupt_controller/src/platform_level_interrupt_controller__core.sv:68]
WARNING: [VRFC 10-3380] identifier 're__priority__1' is used before its declaration [/home/seankent/bluejay/ip/platform_level_interrupt_controller/src/platform_level_interrupt_controller__core.sv:69]
WARNING: [VRFC 10-3380] identifier 'we__ip__0_to_31' is used before its declaration [/home/seankent/bluejay/ip/platform_level_interrupt_controller/src/platform_level_interrupt_controller__core.sv:70]
WARNING: [VRFC 10-3380] identifier 're__ip__0_to_31' is used before its declaration [/home/seankent/bluejay/ip/platform_level_interrupt_controller/src/platform_level_interrupt_controller__core.sv:71]
WARNING: [VRFC 10-3380] identifier 'we__context__0__ie__0_to_31' is used before its declaration [/home/seankent/bluejay/ip/platform_level_interrupt_controller/src/platform_level_interrupt_controller__core.sv:72]
WARNING: [VRFC 10-3380] identifier 're__context__0__ie__0_to_31' is used before its declaration [/home/seankent/bluejay/ip/platform_level_interrupt_controller/src/platform_level_interrupt_controller__core.sv:73]
WARNING: [VRFC 10-3380] identifier 'we__context__0__threshold' is used before its declaration [/home/seankent/bluejay/ip/platform_level_interrupt_controller/src/platform_level_interrupt_controller__core.sv:74]
WARNING: [VRFC 10-3380] identifier 're__context__0__threshold' is used before its declaration [/home/seankent/bluejay/ip/platform_level_interrupt_controller/src/platform_level_interrupt_controller__core.sv:75]
WARNING: [VRFC 10-3380] identifier 'we__context__0__claim_complete' is used before its declaration [/home/seankent/bluejay/ip/platform_level_interrupt_controller/src/platform_level_interrupt_controller__core.sv:76]
WARNING: [VRFC 10-3380] identifier 're__context__0__claim_complete' is used before its declaration [/home/seankent/bluejay/ip/platform_level_interrupt_controller/src/platform_level_interrupt_controller__core.sv:77]
WARNING: [VRFC 10-3380] identifier 'we__priority__0' is used before its declaration [/home/seankent/bluejay/ip/platform_level_interrupt_controller/src/platform_level_interrupt_controller__core.sv:83]
WARNING: [VRFC 10-3380] identifier 're__priority__0' is used before its declaration [/home/seankent/bluejay/ip/platform_level_interrupt_controller/src/platform_level_interrupt_controller__core.sv:84]
WARNING: [VRFC 10-3380] identifier 'we__priority__1' is used before its declaration [/home/seankent/bluejay/ip/platform_level_interrupt_controller/src/platform_level_interrupt_controller__core.sv:89]
WARNING: [VRFC 10-3380] identifier 're__priority__1' is used before its declaration [/home/seankent/bluejay/ip/platform_level_interrupt_controller/src/platform_level_interrupt_controller__core.sv:90]
WARNING: [VRFC 10-3380] identifier 'ip__0_to_31' is used before its declaration [/home/seankent/bluejay/ip/platform_level_interrupt_controller/src/platform_level_interrupt_controller__core.sv:94]
WARNING: [VRFC 10-3380] identifier 'we__ip__0_to_31' is used before its declaration [/home/seankent/bluejay/ip/platform_level_interrupt_controller/src/platform_level_interrupt_controller__core.sv:95]
WARNING: [VRFC 10-3380] identifier 're__ip__0_to_31' is used before its declaration [/home/seankent/bluejay/ip/platform_level_interrupt_controller/src/platform_level_interrupt_controller__core.sv:96]
WARNING: [VRFC 10-3380] identifier 'context__0__ie__0_to_31' is used before its declaration [/home/seankent/bluejay/ip/platform_level_interrupt_controller/src/platform_level_interrupt_controller__core.sv:100]
WARNING: [VRFC 10-3380] identifier 'we__context__0__ie__0_to_31' is used before its declaration [/home/seankent/bluejay/ip/platform_level_interrupt_controller/src/platform_level_interrupt_controller__core.sv:101]
WARNING: [VRFC 10-3380] identifier 're__context__0__ie__0_to_31' is used before its declaration [/home/seankent/bluejay/ip/platform_level_interrupt_controller/src/platform_level_interrupt_controller__core.sv:102]
WARNING: [VRFC 10-3380] identifier 'context__0__threshold' is used before its declaration [/home/seankent/bluejay/ip/platform_level_interrupt_controller/src/platform_level_interrupt_controller__core.sv:106]
WARNING: [VRFC 10-3380] identifier 'we__context__0__threshold' is used before its declaration [/home/seankent/bluejay/ip/platform_level_interrupt_controller/src/platform_level_interrupt_controller__core.sv:107]
WARNING: [VRFC 10-3380] identifier 're__context__0__threshold' is used before its declaration [/home/seankent/bluejay/ip/platform_level_interrupt_controller/src/platform_level_interrupt_controller__core.sv:108]
WARNING: [VRFC 10-3380] identifier 'context__0__claim_complete' is used before its declaration [/home/seankent/bluejay/ip/platform_level_interrupt_controller/src/platform_level_interrupt_controller__core.sv:112]
WARNING: [VRFC 10-3380] identifier 'we__context__0__claim_complete' is used before its declaration [/home/seankent/bluejay/ip/platform_level_interrupt_controller/src/platform_level_interrupt_controller__core.sv:113]
WARNING: [VRFC 10-3380] identifier 're__context__0__claim_complete' is used before its declaration [/home/seankent/bluejay/ip/platform_level_interrupt_controller/src/platform_level_interrupt_controller__core.sv:114]
INFO: [VRFC 10-2263] Analyzing SystemVerilog file "/home/seankent/bluejay/ip/platform_level_interrupt_controller/src/platform_level_interrupt_controller__gateway.sv" into library work
INFO: [VRFC 10-311] analyzing module platform_level_interrupt_controller__gateway
INFO: [VRFC 10-2263] Analyzing SystemVerilog file "/home/seankent/bluejay/ip/platform_level_interrupt_controller/src/platform_level_interrupt_controller__priority_mux.sv" into library work
INFO: [VRFC 10-311] analyzing module platform_level_interrupt_controller__priority_mux
INFO: [VRFC 10-2263] Analyzing SystemVerilog file "/home/seankent/bluejay/ip/platform_level_interrupt_controller/tb/tb__platform_level_interrupt_controller.sv" into library work
INFO: [VRFC 10-311] analyzing module tb__platform_level_interrupt_controller
