
ucode/prog.elf:     file format elf64-littleriscv


Disassembly of section .text:

0000000000000000 <_start>:
   0:	00008137          	lui	x2,0x8
   4:	00002197          	auipc	x3,0x2
   8:	d1418193          	addi	x3,x3,-748 # 1d18 <__global_pointer$>
   c:	00001297          	auipc	x5,0x1
  10:	5ec28293          	addi	x5,x5,1516 # 15f8 <__BSS_END__>
  14:	00001317          	auipc	x6,0x1
  18:	5e430313          	addi	x6,x6,1508 # 15f8 <__BSS_END__>

000000000000001c <WHILE__0>:
  1c:	0062f863          	bgeu	x5,x6,2c <END__0>
  20:	00028023          	sb	x0,0(x5)
  24:	00128293          	addi	x5,x5,1
  28:	ff5ff06f          	jal	x0,1c <WHILE__0>

000000000000002c <END__0>:
  2c:	00000097          	auipc	x1,0x0
  30:	404080e7          	jalr	x1,1028(x1) # 430 <main>

0000000000000034 <WHILE__1>:
  34:	0000006f          	jal	x0,34 <WHILE__1>

0000000000000038 <trap>:
  38:	f8010113          	addi	x2,x2,-128 # 7f80 <__global_pointer$+0x6268>
  3c:	00113023          	sd	x1,0(x2)
  40:	00a13423          	sd	x10,8(x2)
  44:	00b13823          	sd	x11,16(x2)
  48:	00c13c23          	sd	x12,24(x2)
  4c:	02d13023          	sd	x13,32(x2)
  50:	02e13423          	sd	x14,40(x2)
  54:	02f13823          	sd	x15,48(x2)
  58:	03013c23          	sd	x16,56(x2)
  5c:	05113023          	sd	x17,64(x2)
  60:	04513423          	sd	x5,72(x2)
  64:	04613823          	sd	x6,80(x2)
  68:	04713c23          	sd	x7,88(x2)
  6c:	07c13023          	sd	x28,96(x2)
  70:	07d13423          	sd	x29,104(x2)
  74:	07e13823          	sd	x30,112(x2)
  78:	07f13c23          	sd	x31,120(x2)
  7c:	342022f3          	csrrs	x5,mcause,x0

0000000000000080 <IF__0>:
  80:	0002c863          	blt	x5,x0,90 <ELSE__0>

0000000000000084 <THEN__0>:
  84:	00001317          	auipc	x6,0x1
  88:	49430313          	addi	x6,x6,1172 # 1518 <__DATA_BEGIN__>
  8c:	0100006f          	jal	x0,9c <END__0>

0000000000000090 <ELSE__0>:
  90:	00001317          	auipc	x6,0x1
  94:	50830313          	addi	x6,x6,1288 # 1598 <interrupt_vector_table>
  98:	0040006f          	jal	x0,9c <END__0>

000000000000009c <END__0>:
  9c:	00329293          	slli	x5,x5,0x3
  a0:	00530333          	add	x6,x6,x5
  a4:	00033383          	ld	x7,0(x6)
  a8:	000380e7          	jalr	x1,0(x7)
  ac:	00013083          	ld	x1,0(x2)
  b0:	00813503          	ld	x10,8(x2)
  b4:	01013583          	ld	x11,16(x2)
  b8:	01813603          	ld	x12,24(x2)
  bc:	02013683          	ld	x13,32(x2)
  c0:	02813703          	ld	x14,40(x2)
  c4:	03013783          	ld	x15,48(x2)
  c8:	03813803          	ld	x16,56(x2)
  cc:	04013883          	ld	x17,64(x2)
  d0:	04813283          	ld	x5,72(x2)
  d4:	05013303          	ld	x6,80(x2)
  d8:	05813383          	ld	x7,88(x2)
  dc:	06013e03          	ld	x28,96(x2)
  e0:	06813e83          	ld	x29,104(x2)
  e4:	07013f03          	ld	x30,112(x2)
  e8:	07813f83          	ld	x31,120(x2)
  ec:	08010113          	addi	x2,x2,128
  f0:	30200073          	mret

00000000000000f4 <stub>:
  f4:	00008067          	jalr	x0,0(x1)

00000000000000f8 <bind_isr>:
  f8:	00059863          	bne	x11,x0,108 <ELSE__0>

00000000000000fc <THEN__0>:
  fc:	00001297          	auipc	x5,0x1
 100:	41c28293          	addi	x5,x5,1052 # 1518 <__DATA_BEGIN__>
 104:	0100006f          	jal	x0,114 <END__0>

0000000000000108 <ELSE__0>:
 108:	00001297          	auipc	x5,0x1
 10c:	49028293          	addi	x5,x5,1168 # 1598 <interrupt_vector_table>
 110:	0040006f          	jal	x0,114 <END__0>

0000000000000114 <END__0>:
 114:	00351513          	slli	x10,x10,0x3
 118:	00a282b3          	add	x5,x5,x10
 11c:	00c2b023          	sd	x12,0(x5)
 120:	00008067          	jalr	x0,0(x1)

0000000000000124 <init>:
 124:	00000297          	auipc	x5,0x0
 128:	f1428293          	addi	x5,x5,-236 # 38 <trap>
 12c:	30529073          	csrrw	x0,mtvec,x5
 130:	00008067          	jalr	x0,0(x1)

0000000000000134 <enable_timer_interrupt>:
 134:	08000293          	addi	x5,x0,128
 138:	3042a073          	csrrs	x0,mie,x5
 13c:	00008067          	jalr	x0,0(x1)

0000000000000140 <enable_external_interrupt>:
 140:	000012b7          	lui	x5,0x1
 144:	8002829b          	addiw	x5,x5,-2048 # 800 <main+0x3d0>
 148:	3042a073          	csrrs	x0,mie,x5
 14c:	00008067          	jalr	x0,0(x1)

0000000000000150 <enable_interrupts>:
 150:	00800293          	addi	x5,x0,8
 154:	3002a073          	csrrs	x0,mstatus,x5
 158:	00008067          	jalr	x0,0(x1)

000000000000015c <set_mstatus_mie>:
 15c:	00800293          	addi	x5,x0,8
 160:	3002a073          	csrrs	x0,mstatus,x5
 164:	00008067          	jalr	x0,0(x1)

0000000000000168 <clear_mstatus_mie>:
 168:	00800293          	addi	x5,x0,8
 16c:	3002b073          	csrrc	x0,mstatus,x5
 170:	00008067          	jalr	x0,0(x1)

0000000000000174 <set_mie_mtie>:
 174:	08000513          	addi	x10,x0,128
 178:	30452073          	csrrs	x0,mie,x10
 17c:	00008067          	jalr	x0,0(x1)

0000000000000180 <StoreByte>:
 180:	fe010113          	addi	x2,x2,-32
 184:	00813c23          	sd	x8,24(x2)
 188:	02010413          	addi	x8,x2,32
 18c:	fea43423          	sd	x10,-24(x8)
 190:	00058793          	addi	x15,x11,0
 194:	fef403a3          	sb	x15,-25(x8)
 198:	fe843783          	ld	x15,-24(x8)
 19c:	fe744703          	lbu	x14,-25(x8)
 1a0:	00e78023          	sb	x14,0(x15)
 1a4:	00000013          	addi	x0,x0,0
 1a8:	01813403          	ld	x8,24(x2)
 1ac:	02010113          	addi	x2,x2,32
 1b0:	00008067          	jalr	x0,0(x1)

00000000000001b4 <StoreWord>:
 1b4:	fe010113          	addi	x2,x2,-32
 1b8:	00813c23          	sd	x8,24(x2)
 1bc:	02010413          	addi	x8,x2,32
 1c0:	fea43423          	sd	x10,-24(x8)
 1c4:	00058793          	addi	x15,x11,0
 1c8:	fef42223          	sw	x15,-28(x8)
 1cc:	fe843783          	ld	x15,-24(x8)
 1d0:	fe442703          	lw	x14,-28(x8)
 1d4:	00e7a023          	sw	x14,0(x15)
 1d8:	00000013          	addi	x0,x0,0
 1dc:	01813403          	ld	x8,24(x2)
 1e0:	02010113          	addi	x2,x2,32
 1e4:	00008067          	jalr	x0,0(x1)

00000000000001e8 <StoreHalf>:
 1e8:	fe010113          	addi	x2,x2,-32
 1ec:	00813c23          	sd	x8,24(x2)
 1f0:	02010413          	addi	x8,x2,32
 1f4:	fea43423          	sd	x10,-24(x8)
 1f8:	00058793          	addi	x15,x11,0
 1fc:	fef41323          	sh	x15,-26(x8)
 200:	fe843783          	ld	x15,-24(x8)
 204:	fe645703          	lhu	x14,-26(x8)
 208:	00e79023          	sh	x14,0(x15)
 20c:	00000013          	addi	x0,x0,0
 210:	01813403          	ld	x8,24(x2)
 214:	02010113          	addi	x2,x2,32
 218:	00008067          	jalr	x0,0(x1)

000000000000021c <StoreDouble>:
 21c:	fe010113          	addi	x2,x2,-32
 220:	00813c23          	sd	x8,24(x2)
 224:	02010413          	addi	x8,x2,32
 228:	fea43423          	sd	x10,-24(x8)
 22c:	feb43023          	sd	x11,-32(x8)
 230:	fe843783          	ld	x15,-24(x8)
 234:	fe043703          	ld	x14,-32(x8)
 238:	00e7b023          	sd	x14,0(x15)
 23c:	00000013          	addi	x0,x0,0
 240:	01813403          	ld	x8,24(x2)
 244:	02010113          	addi	x2,x2,32
 248:	00008067          	jalr	x0,0(x1)

000000000000024c <LoadByte>:
 24c:	fe010113          	addi	x2,x2,-32
 250:	00813c23          	sd	x8,24(x2)
 254:	02010413          	addi	x8,x2,32
 258:	fea43423          	sd	x10,-24(x8)
 25c:	fe843783          	ld	x15,-24(x8)
 260:	0007c783          	lbu	x15,0(x15)
 264:	00078513          	addi	x10,x15,0
 268:	01813403          	ld	x8,24(x2)
 26c:	02010113          	addi	x2,x2,32
 270:	00008067          	jalr	x0,0(x1)

0000000000000274 <LoadHalf>:
 274:	fe010113          	addi	x2,x2,-32
 278:	00813c23          	sd	x8,24(x2)
 27c:	02010413          	addi	x8,x2,32
 280:	fea43423          	sd	x10,-24(x8)
 284:	fe843783          	ld	x15,-24(x8)
 288:	0007d783          	lhu	x15,0(x15)
 28c:	00078513          	addi	x10,x15,0
 290:	01813403          	ld	x8,24(x2)
 294:	02010113          	addi	x2,x2,32
 298:	00008067          	jalr	x0,0(x1)

000000000000029c <LoadWord>:
 29c:	fe010113          	addi	x2,x2,-32
 2a0:	00813c23          	sd	x8,24(x2)
 2a4:	02010413          	addi	x8,x2,32
 2a8:	fea43423          	sd	x10,-24(x8)
 2ac:	fe843783          	ld	x15,-24(x8)
 2b0:	0007a783          	lw	x15,0(x15)
 2b4:	03079793          	slli	x15,x15,0x30
 2b8:	0307d793          	srli	x15,x15,0x30
 2bc:	00078513          	addi	x10,x15,0
 2c0:	01813403          	ld	x8,24(x2)
 2c4:	02010113          	addi	x2,x2,32
 2c8:	00008067          	jalr	x0,0(x1)

00000000000002cc <LoadDouble>:
 2cc:	fe010113          	addi	x2,x2,-32
 2d0:	00813c23          	sd	x8,24(x2)
 2d4:	02010413          	addi	x8,x2,32
 2d8:	fea43423          	sd	x10,-24(x8)
 2dc:	fe843783          	ld	x15,-24(x8)
 2e0:	0007b783          	ld	x15,0(x15)
 2e4:	00078513          	addi	x10,x15,0
 2e8:	01813403          	ld	x8,24(x2)
 2ec:	02010113          	addi	x2,x2,32
 2f0:	00008067          	jalr	x0,0(x1)

00000000000002f4 <TimerInterruptIsr>:
 2f4:	fe010113          	addi	x2,x2,-32
 2f8:	00113c23          	sd	x1,24(x2)
 2fc:	00813823          	sd	x8,16(x2)
 300:	02010413          	addi	x8,x2,32
 304:	00300793          	addi	x15,x0,3
 308:	01e79793          	slli	x15,x15,0x1e
 30c:	00178513          	addi	x10,x15,1
 310:	00000097          	auipc	x1,0x0
 314:	f3c080e7          	jalr	x1,-196(x1) # 24c <LoadByte>
 318:	00050793          	addi	x15,x10,0
 31c:	fef407a3          	sb	x15,-17(x8)
 320:	fef44783          	lbu	x15,-17(x8)
 324:	0007879b          	addiw	x15,x15,0
 328:	0017b793          	sltiu	x15,x15,1
 32c:	0ff7f793          	andi	x15,x15,255
 330:	fef407a3          	sb	x15,-17(x8)
 334:	fef44783          	lbu	x15,-17(x8)
 338:	00078593          	addi	x11,x15,0
 33c:	00300793          	addi	x15,x0,3
 340:	01e79793          	slli	x15,x15,0x1e
 344:	00178513          	addi	x10,x15,1
 348:	00000097          	auipc	x1,0x0
 34c:	e38080e7          	jalr	x1,-456(x1) # 180 <StoreByte>
 350:	00000593          	addi	x11,x0,0
 354:	00500793          	addi	x15,x0,5
 358:	01d79513          	slli	x10,x15,0x1d
 35c:	00000097          	auipc	x1,0x0
 360:	ec0080e7          	jalr	x1,-320(x1) # 21c <StoreDouble>
 364:	00000013          	addi	x0,x0,0
 368:	01813083          	ld	x1,24(x2)
 36c:	01013403          	ld	x8,16(x2)
 370:	02010113          	addi	x2,x2,32
 374:	00008067          	jalr	x0,0(x1)

0000000000000378 <ExternalInterruptIsr>:
 378:	fe010113          	addi	x2,x2,-32
 37c:	00113c23          	sd	x1,24(x2)
 380:	00813823          	sd	x8,16(x2)
 384:	02010413          	addi	x8,x2,32
 388:	48100793          	addi	x15,x0,1153
 38c:	01579793          	slli	x15,x15,0x15
 390:	00478513          	addi	x10,x15,4
 394:	00000097          	auipc	x1,0x0
 398:	f08080e7          	jalr	x1,-248(x1) # 29c <LoadWord>
 39c:	00050793          	addi	x15,x10,0
 3a0:	fef42223          	sw	x15,-28(x8)
 3a4:	00500793          	addi	x15,x0,5
 3a8:	01d79793          	slli	x15,x15,0x1d
 3ac:	00878513          	addi	x10,x15,8
 3b0:	00000097          	auipc	x1,0x0
 3b4:	f1c080e7          	jalr	x1,-228(x1) # 2cc <LoadDouble>
 3b8:	fea43423          	sd	x10,-24(x8)
 3bc:	fe843703          	ld	x14,-24(x8)
 3c0:	02faf7b7          	lui	x15,0x2faf
 3c4:	08078793          	addi	x15,x15,128 # 2faf080 <__global_pointer$+0x2fad368>
 3c8:	00f71a63          	bne	x14,x15,3dc <ExternalInterruptIsr+0x64>
 3cc:	017d87b7          	lui	x15,0x17d8
 3d0:	84078793          	addi	x15,x15,-1984 # 17d7840 <__global_pointer$+0x17d5b28>
 3d4:	fef43423          	sd	x15,-24(x8)
 3d8:	0100006f          	jal	x0,3e8 <ExternalInterruptIsr+0x70>
 3dc:	02faf7b7          	lui	x15,0x2faf
 3e0:	08078793          	addi	x15,x15,128 # 2faf080 <__global_pointer$+0x2fad368>
 3e4:	fef43423          	sd	x15,-24(x8)
 3e8:	fe843583          	ld	x11,-24(x8)
 3ec:	00500793          	addi	x15,x0,5
 3f0:	01d79793          	slli	x15,x15,0x1d
 3f4:	00878513          	addi	x10,x15,8
 3f8:	00000097          	auipc	x1,0x0
 3fc:	e24080e7          	jalr	x1,-476(x1) # 21c <StoreDouble>
 400:	fe442783          	lw	x15,-28(x8)
 404:	00078593          	addi	x11,x15,0
 408:	48100793          	addi	x15,x0,1153
 40c:	01579793          	slli	x15,x15,0x15
 410:	00478513          	addi	x10,x15,4
 414:	00000097          	auipc	x1,0x0
 418:	da0080e7          	jalr	x1,-608(x1) # 1b4 <StoreWord>
 41c:	00000013          	addi	x0,x0,0
 420:	01813083          	ld	x1,24(x2)
 424:	01013403          	ld	x8,16(x2)
 428:	02010113          	addi	x2,x2,32
 42c:	00008067          	jalr	x0,0(x1)

0000000000000430 <main>:
 430:	ff010113          	addi	x2,x2,-16
 434:	00113423          	sd	x1,8(x2)
 438:	00813023          	sd	x8,0(x2)
 43c:	01010413          	addi	x8,x2,16
 440:	00000097          	auipc	x1,0x0
 444:	ce4080e7          	jalr	x1,-796(x1) # 124 <init>
 448:	000007b7          	lui	x15,0x0
 44c:	2f478613          	addi	x12,x15,756 # 2f4 <TimerInterruptIsr>
 450:	00100593          	addi	x11,x0,1
 454:	00700513          	addi	x10,x0,7
 458:	00000097          	auipc	x1,0x0
 45c:	ca0080e7          	jalr	x1,-864(x1) # f8 <bind_isr>
 460:	000007b7          	lui	x15,0x0
 464:	37878613          	addi	x12,x15,888 # 378 <ExternalInterruptIsr>
 468:	00100593          	addi	x11,x0,1
 46c:	00b00513          	addi	x10,x0,11
 470:	00000097          	auipc	x1,0x0
 474:	c88080e7          	jalr	x1,-888(x1) # f8 <bind_isr>
 478:	00000593          	addi	x11,x0,0
 47c:	00500793          	addi	x15,x0,5
 480:	01d79513          	slli	x10,x15,0x1d
 484:	00000097          	auipc	x1,0x0
 488:	d98080e7          	jalr	x1,-616(x1) # 21c <StoreDouble>
 48c:	02faf7b7          	lui	x15,0x2faf
 490:	08078593          	addi	x11,x15,128 # 2faf080 <__global_pointer$+0x2fad368>
 494:	00500793          	addi	x15,x0,5
 498:	01d79793          	slli	x15,x15,0x1d
 49c:	00878513          	addi	x10,x15,8
 4a0:	00000097          	auipc	x1,0x0
 4a4:	d7c080e7          	jalr	x1,-644(x1) # 21c <StoreDouble>
 4a8:	00100593          	addi	x11,x0,1
 4ac:	00300793          	addi	x15,x0,3
 4b0:	01e79793          	slli	x15,x15,0x1e
 4b4:	00178513          	addi	x10,x15,1
 4b8:	00000097          	auipc	x1,0x0
 4bc:	cc8080e7          	jalr	x1,-824(x1) # 180 <StoreByte>
 4c0:	00100593          	addi	x11,x0,1
 4c4:	00300793          	addi	x15,x0,3
 4c8:	01e79793          	slli	x15,x15,0x1e
 4cc:	00278513          	addi	x10,x15,2
 4d0:	00000097          	auipc	x1,0x0
 4d4:	cb0080e7          	jalr	x1,-848(x1) # 180 <StoreByte>
 4d8:	00000097          	auipc	x1,0x0
 4dc:	c5c080e7          	jalr	x1,-932(x1) # 134 <enable_timer_interrupt>
 4e0:	00000097          	auipc	x1,0x0
 4e4:	c60080e7          	jalr	x1,-928(x1) # 140 <enable_external_interrupt>
 4e8:	00200593          	addi	x11,x0,2
 4ec:	480017b7          	lui	x15,0x48001
 4f0:	00179513          	slli	x10,x15,0x1
 4f4:	00000097          	auipc	x1,0x0
 4f8:	cc0080e7          	jalr	x1,-832(x1) # 1b4 <StoreWord>
 4fc:	00000097          	auipc	x1,0x0
 500:	c54080e7          	jalr	x1,-940(x1) # 150 <enable_interrupts>
 504:	00000013          	addi	x0,x0,0
 508:	00813083          	ld	x1,8(x2)
 50c:	00013403          	ld	x8,0(x2)
 510:	01010113          	addi	x2,x2,16
 514:	00008067          	jalr	x0,0(x1)
