#-----------------------------------------------------------
# xsim v2019.2 (64-bit)
# SW Build 2708876 on Wed Nov  6 21:39:14 MST 2019
# IP Build 2700528 on Thu Nov  7 00:09:20 MST 2019
# Start of session at: Tue Aug  8 04:35:06 2023
# Process ID: 7637
# Current directory: /home/seankent/bluejay/ip/jay/sim/gen/sim__xyz
# Command line: xsim -mode tcl -source {xsim.dir/snapshot/xsim_script.tcl}
# Log file: /home/seankent/bluejay/ip/jay/sim/gen/sim__xyz/xsim.log
# Journal file: /home/seankent/bluejay/ip/jay/sim/gen/sim__xyz/xsim.jou
#-----------------------------------------------------------
source xsim.dir/snapshot/xsim_script.tcl
# xsim {snapshot} -wdb {snapshot.wdb} -autoloadwcfg -tclbatch {/home/seankent/bluejay/tcl/xsim_cfg.tcl}
Vivado Simulator 2019.2
Time resolution is 1 ps
source /home/seankent/bluejay/tcl/xsim_cfg.tcl
## log_wave -recursive *
WARNING: [Simtcl 6-197] One or more HDL objects could not be logged because of object type or size limitations.  To see details please rerun the command with -verbose (-v).
## run all
tohost = xxxxxxxxxxxxxxxx
filename__sig = 
FATAL_ERROR: Vivado Simulator kernel has discovered an exceptional condition from which it cannot recover. Process will terminate. For technical support on this issue, please open a WebCase with this project attached at http://www.xilinx.com/support.
Time: 2 ms  Iteration: 0  Process: /tb/Initial153_71
  File: /home/seankent/bluejay/ip/central_processing_unit/tb/gen/tb.sv

HDL Line: /home/seankent/bluejay/ip/central_processing_unit/tb/gen/tb.sv:157
## exit
INFO: [Common 17-206] Exiting xsim at Tue Aug  8 04:35:16 2023...
