Info Session started: Tue Mar  7 00:13:43 2023

Info PROGRAM /home/seankent/bluejay/imperas/imperas-riscv-tests/riscv-ovpsim-plus/bin/Linux64/riscvOVPsimPlus.exe
Info ------------- ENVIRONMENT -------------
Info --------------------------------------
Info -------- FLAGS (from command line)
Info --variant  RV64I
Info --override  riscvOVPsim/cpu/tval_ii_code=F
Info --program  /home/seankent/bluejay/ip/central_processing_unit/sim/gen/sim__xyz/XOR-01/XOR-01.elf
Info --signaturedump
Info --customcontrol
Info --override  riscvOVPsim/cpu/sigdump/SignatureFile=/home/seankent/bluejay/ip/central_processing_unit/sim/gen/sim__xyz/XOR-01/XOR-01.signature.output
Info --override  riscvOVPsim/cpu/sigdump/SignatureGranularity=4
Info --override  riscvOVPsim/cpu/simulateexceptions=T
Info --override  riscvOVPsim/cpu/defaultsemihost=F
Info --logfile  /home/seankent/bluejay/ip/central_processing_unit/sim/gen/sim__xyz/XOR-01/XOR-01.log
Info --override  riscvOVPsim/cpu/user_version=2.3
Info --------------------------------------
Imperas riscvOVPsimPlus


riscvOVPsimPlus (64-Bit) v20230201.0 Open Virtual Platform simulator from www.IMPERAS.com.
Copyright (c) 2005-2023 Imperas Software Ltd.  Contains Imperas Proprietary Information.
Licensed Software, All Rights Reserved.
Visit www.IMPERAS.com for multicore debug, verification and analysis solutions.

riscvOVPsimPlus started: Tue Mar  7 00:13:43 2023


Info (OR_OF) Target 'riscvOVPsim/cpu' has object file read from '/home/seankent/bluejay/ip/central_processing_unit/sim/gen/sim__xyz/XOR-01/XOR-01.elf'
Info (OR_PH) Program Headers:
Info (OR_PH) Type           Offset             VirtAddr           PhysAddr
Info (OR_PH)                FileSiz            MemSiz             Flags  Align
Info (OR_PD) PROC           0x0000000000005b08 0x0000000000000000 0x0000000000000000
Info (OR_PD)                0x000000000000001e 0x0000000000000000 R--    1
Info (OR_PD) LOAD           0x0000000000001000 0x0000000080000000 0x0000000080000000
Info (OR_PD)                0x000000000000272c 0x000000000000272c R-E    1000
Info (OR_PD) LOAD           0x0000000000004000 0x0000000080003000 0x0000000080003000
Info (OR_PD)                0x0000000000001b08 0x0000000000001b08 RW-    1000
Info (SIGNATURE_DUMP_FSB) Found Symbol 'begin_signature' in application at 0x80004010
Info (SIGNATURE_DUMP_FSE) Found Symbol 'end_signature' in application at 0x80004970
Info (SIGNATURE_DUMP_EN) Signature File enabled, file '/home/seankent/bluejay/ip/central_processing_unit/sim/gen/sim__xyz/XOR-01/XOR-01.signature.output'.
Info (SIGNATURE_DUMP_ES) Extracting signature from 0x80004010 size 2400 bytes
Info (SIGNATURE_DUMP_SB) Symbol 'begin_signature' at 0x80004010
Info (SIGNATURE_DUMP_SE) Symbol 'end_signature' at 0x80004970
Info (SIGNATURE_DUMP_SFW) Signature Write 1 0x80004010 bytes 8 0x0
Info (SIGNATURE_DUMP_WTH) Intercept 'write_tohost'. Generate Signature file
934c9cc8
a0485a4c
429ede3d
e1b1199b
2c27b998
32d8595e
e31ffa64
c3e260bd
227b2124
23ffa614
7a34ba04
1887fcb3
d7d9b2a0
7d047ffb
ef5bc16e
abb65afb
00000000
00000000
5c322e19
5c22186f
d7f052ac
0203172b
309ec86b
575c5b38
86ab928d
1a6efae4
2f43c8a4
cc972a61
198741e8
84c1a4b7
cb9e6212
bc10071b
637c9f22
3714e7fd
f56b4783
ea355941
d4c2e8d0
a571333f
b0ff4449
92edc05b
1cf41696
1ed71b57
484605f6
74674399
00000000
00000000
415616c4
fa352210
a28284d7
8f38dfa0
8581dc04
3ae94832
cd4b81e9
3592cd52
619b02fc
b8b95b19
3752eb14
50e28adf
00000000
00000000
ffffffff
ffffffff
ffffffff
7fffffff
00000000
00000000
00000000
00000000
00000000
00000000
00000000
00000000
00000000
00000000
fffffffe
7fffffff
ffffffff
ffffffff
ffffffff
7fffffff
ffffffff
ffffffff
fffffffd
7fffffff
fffffffb
bfffffff
fffffff7
dfffffff
ffffffef
efffffff
ffffffdf
f7ffffff
ffffffbf
fbffffff
ffffff7f
fdffffff
fffffeff
feffffff
fffffdff
ff7fffff
fffffbff
ffbfffff
fffff7ff
ffdfffff
ffffefff
ffefffff
ffffdfff
fff7ffff
ffffbfff
fffbffff
ffff7fff
fffdffff
fffeffff
fffeffff
fffdffff
ffff7fff
fffbffff
ffffbfff
fff7ffff
ffffdfff
ffefffff
ffffefff
ffdfffff
fffff7ff
ffbfffff
fffffbff
ff7fffff
fffffdff
feffffff
fffffeff
fdffffff
ffffff7f
fbffffff
ffffffbf
f7ffffff
ffffffdf
efffffff
ffffffef
dfffffff
fffffff7
bfffffff
fffffffb
7fffffff
fffffffd
ffffffff
ffffffff
7fffffff
fffffffd
bfffffff
fffffffb
dfffffff
fffffff7
efffffff
ffffffef
f7ffffff
ffffffdf
fbffffff
ffffffbf
fdffffff
ffffff7f
feffffff
fffffeff
ff7fffff
fffffdff
ffbfffff
fffffbff
ffdfffff
fffff7ff
ffefffff
ffffefff
fff7ffff
ffffdfff
fffbffff
ffffbfff
fffdffff
ffff7fff
fffeffff
fffeffff
ffff7fff
fffdffff
ffffbfff
fffbffff
ffffdfff
fff7ffff
ffffefff
ffefffff
fffff7ff
ffdfffff
fffffbff
ffbfffff
fffffdff
ff7fffff
fffffeff
feffffff
ffffff7f
fdffffff
ffffffbf
fbffffff
ffffffdf
f7ffffff
ffffffef
efffffff
fffffff7
dfffffff
fffffffb
bfffffff
fffffffd
7fffffff
00000000
00000000
fffffffd
7fffffff
fffffffb
bfffffff
fffffff7
dfffffff
ffffffef
efffffff
ffffffdf
f7ffffff
ffffffbf
fbffffff
ffffff7f
fdffffff
fffffeff
feffffff
fffffdff
ff7fffff
fffffbff
ffbfffff
fffff7ff
ffdfffff
ffffefff
ffefffff
ffffdfff
fff7ffff
ffffbfff
fffbffff
ffff7fff
fffdffff
fffeffff
fffeffff
fffdffff
ffff7fff
fffbffff
ffffbfff
fff7ffff
ffffdfff
ffefffff
ffffefff
ffdfffff
fffff7ff
ffbfffff
fffffbff
ff7fffff
fffffdff
feffffff
fffffeff
fdffffff
ffffff7f
fbffffff
ffffffbf
f7ffffff
ffffffdf
efffffff
ffffffef
dfffffff
fffffff7
bfffffff
fffffffb
7fffffff
fffffffd
ffffffff
ffffffff
7fffffff
fffffffd
bfffffff
fffffffb
dfffffff
fffffff7
efffffff
ffffffef
f7ffffff
ffffffdf
fbffffff
ffffffbf
fdffffff
ffffff7f
feffffff
fffffeff
ff7fffff
fffffdff
ffbfffff
fffffbff
ffdfffff
fffff7ff
ffefffff
ffffefff
fff7ffff
ffffdfff
fffbffff
ffffbfff
fffdffff
ffff7fff
fffeffff
fffeffff
ffff7fff
fffdffff
ffffbfff
fffbffff
ffffdfff
fff7ffff
ffffefff
ffefffff
fffff7ff
ffdfffff
fffffbff
ffbfffff
fffffdff
ff7fffff
fffffeff
feffffff
ffffff7f
fdffffff
ffffffbf
fbffffff
ffffffdf
f7ffffff
ffffffef
efffffff
fffffff7
dfffffff
fffffffb
bfffffff
fffffffd
7fffffff
00000001
00000000
00000002
00000000
00000004
00000000
00000008
00000000
00000010
00000000
00000020
00000000
00000040
00000000
00000080
00000000
00000100
00000000
00000200
00000000
00000400
00000000
00000800
00000000
00001000
00000000
00002000
00000000
00004000
00000000
00008000
00000000
00010000
00000000
00020000
00000000
00040000
00000000
00080000
00000000
00100000
00000000
00200000
00000000
00400000
00000000
00800000
00000000
01000000
00000000
02000000
00000000
04000000
00000000
08000000
00000000
10000000
00000000
20000000
00000000
40000000
00000000
80000000
00000000
00000000
00000001
00000000
00000002
00000000
00000004
00000000
00000008
00000000
00000010
00000000
00000020
00000000
00000040
00000000
00000080
00000000
00000100
00000000
00000200
00000000
00000400
00000000
00000800
00000000
00001000
00000000
00002000
00000000
00004000
00000000
00008000
00000000
00010000
00000000
00020000
00000000
00040000
00000000
00080000
00000000
00100000
00000000
00200000
00000000
00400000
00000000
00800000
00000000
01000000
00000000
02000000
00000000
04000000
00000000
08000000
00000000
10000000
00000000
20000000
00000000
40000000
00000000
80000000
fffffffe
ffffffff
fffffffd
ffffffff
fffffffb
ffffffff
fffffff7
ffffffff
ffffffef
ffffffff
ffffffdf
ffffffff
ffffffbf
ffffffff
ffffff7f
ffffffff
fffffeff
ffffffff
fffffdff
ffffffff
fffffbff
ffffffff
fffff7ff
ffffffff
ffffefff
ffffffff
ffffdfff
ffffffff
ffffbfff
ffffffff
ffff7fff
ffffffff
fffeffff
ffffffff
fffdffff
ffffffff
fffbffff
ffffffff
fff7ffff
ffffffff
ffefffff
ffffffff
ffdfffff
ffffffff
ffbfffff
ffffffff
ff7fffff
ffffffff
feffffff
ffffffff
fdffffff
ffffffff
fbffffff
ffffffff
f7ffffff
ffffffff
efffffff
ffffffff
dfffffff
ffffffff
bfffffff
ffffffff
7fffffff
ffffffff
ffffffff
fffffffe
ffffffff
fffffffd
ffffffff
fffffffb
ffffffff
fffffff7
ffffffff
ffffffef
ffffffff
ffffffdf
ffffffff
ffffffbf
ffffffff
ffffff7f
ffffffff
fffffeff
ffffffff
fffffdff
ffffffff
fffffbff
ffffffff
fffff7ff
ffffffff
ffffefff
ffffffff
ffffdfff
ffffffff
ffffbfff
ffffffff
ffff7fff
ffffffff
fffeffff
ffffffff
fffdffff
ffffffff
fffbffff
ffffffff
fff7ffff
ffffffff
ffefffff
ffffffff
ffdfffff
ffffffff
ffbfffff
ffffffff
ff7fffff
ffffffff
feffffff
ffffffff
fdffffff
ffffffff
fbffffff
ffffffff
f7ffffff
ffffffff
efffffff
ffffffff
dfffffff
ffffffff
bfffffff
ffffffff
7fffffff
00000000
00000000
00000000
00000000
dce388e8
793d8d85
27eb62aa
c931d579
Info 
Info ---------------------------------------------------
Info CPU 'riscvOVPsim/cpu' STATISTICS
Info   Type                  : riscv (RV64I)
Info   Nominal MIPS          : 100
Info   Final program counter : 0x8000003c
Info   Simulated instructions: 2,486
Info   Simulated MIPS        : run too short for meaningful result
Info ---------------------------------------------------
Info 
Info ---------------------------------------------------
Info SIMULATION TIME STATISTICS
Info   Simulated time        : 0.00 seconds
Info   User time             : 0.00 seconds
Info   System time           : 0.00 seconds
Info   Elapsed time          : 0.00 seconds
Info ---------------------------------------------------

riscvOVPsimPlus finished: Tue Mar  7 00:13:43 2023


riscvOVPsimPlus (64-Bit) v20230201.0 Open Virtual Platform simulator from www.IMPERAS.com.
Visit www.IMPERAS.com for multicore debug, verification and analysis solutions.

Info Session ended: Tue Mar  7 00:13:43 2023

