#-----------------------------------------------------------
# xsim v2022.1 (64-bit)
# SW Build 3526262 on Mon Apr 18 15:47:01 MDT 2022
# IP Build 3524634 on Mon Apr 18 20:55:01 MDT 2022
# Start of session at: Sat Aug 20 16:34:56 2022
# Process ID: 76938
# Current directory: /home/seankent/bluejay/sim
# Command line: xsim -mode tcl -source {xsim.dir/jay__tb__snapshot/xsim_script.tcl}
# Log file: /home/seankent/bluejay/sim/xsim.log
# Journal file: /home/seankent/bluejay/sim/xsim.jou
# Running On: seankent, OS: Linux, CPU Frequency: 3600.000 MHz, CPU Physical cores: 10, Host memory: 33525 MB
#-----------------------------------------------------------
source xsim.dir/jay__tb__snapshot/xsim_script.tcl
# xsim {jay__tb__snapshot} -autoloadwcfg -tclbatch {xsim_cfg.tcl}
Time resolution is 1 ps
open_wave_config /home/seankent/bluejay/sim/jay__tb__snapshot.wcfg
source xsim_cfg.tcl
## log_wave -recursive *
## run all
$finish called at time : 580 ns : File "/home/seankent/bluejay/build/jay__tb.sv" Line 79
## exit
INFO: [Common 17-206] Exiting xsim at Sat Aug 20 16:34:59 2022...
