Info Session started: Fri Mar  3 00:27:54 2023

Info PROGRAM /home/seankent/bluejay/imperas/imperas-riscv-tests/riscv-ovpsim-plus/bin/Linux64/riscvOVPsimPlus.exe
Info ------------- ENVIRONMENT -------------
Info --------------------------------------
Info -------- FLAGS (from command line)
Info --variant  RV64I
Info --override  riscvOVPsim/cpu/tval_ii_code=F
Info --program  /home/seankent/bluejay/ip/central_processing_unit/sim/gen/sim__xyz/SW-01/SW-01.elf
Info --signaturedump
Info --customcontrol
Info --override  riscvOVPsim/cpu/sigdump/SignatureFile=/home/seankent/bluejay/ip/central_processing_unit/sim/gen/sim__xyz/SW-01/SW-01.signature.output
Info --override  riscvOVPsim/cpu/sigdump/SignatureGranularity=4
Info --override  riscvOVPsim/cpu/simulateexceptions=T
Info --override  riscvOVPsim/cpu/defaultsemihost=F
Info --logfile  /home/seankent/bluejay/ip/central_processing_unit/sim/gen/sim__xyz/SW-01/SW-01.log
Info --override  riscvOVPsim/cpu/user_version=2.3
Info --------------------------------------
Imperas riscvOVPsimPlus


riscvOVPsimPlus (64-Bit) v20230201.0 Open Virtual Platform simulator from www.IMPERAS.com.
Copyright (c) 2005-2023 Imperas Software Ltd.  Contains Imperas Proprietary Information.
Licensed Software, All Rights Reserved.
Visit www.IMPERAS.com for multicore debug, verification and analysis solutions.

riscvOVPsimPlus started: Fri Mar  3 00:27:54 2023


Info (OR_OF) Target 'riscvOVPsim/cpu' has object file read from '/home/seankent/bluejay/ip/central_processing_unit/sim/gen/sim__xyz/SW-01/SW-01.elf'
Info (OR_PH) Program Headers:
Info (OR_PH) Type           Offset             VirtAddr           PhysAddr
Info (OR_PH)                FileSiz            MemSiz             Flags  Align
Info (OR_PD) PROC           0x0000000000005b08 0x0000000000000000 0x0000000000000000
Info (OR_PD)                0x000000000000001e 0x0000000000000000 R--    1
Info (OR_PD) LOAD           0x0000000000001000 0x0000000080000000 0x0000000080000000
Info (OR_PD)                0x0000000000002d28 0x0000000000002d28 R-E    1000
Info (OR_PD) LOAD           0x0000000000004000 0x0000000080003000 0x0000000080003000
Info (OR_PD)                0x0000000000001b08 0x0000000000001b08 RW-    1000
Info (SIGNATURE_DUMP_FSB) Found Symbol 'begin_signature' in application at 0x80004010
Info (SIGNATURE_DUMP_FSE) Found Symbol 'end_signature' in application at 0x80004960
Info (SIGNATURE_DUMP_EN) Signature File enabled, file '/home/seankent/bluejay/ip/central_processing_unit/sim/gen/sim__xyz/SW-01/SW-01.signature.output'.
Info (SIGNATURE_DUMP_ES) Extracting signature from 0x80004010 size 2384 bytes
Info (SIGNATURE_DUMP_SB) Symbol 'begin_signature' at 0x80004010
Info (SIGNATURE_DUMP_SE) Symbol 'end_signature' at 0x80004960
Info (SIGNATURE_DUMP_SFW) Signature Write 1 0x80004010 bytes 8 0x0
Info (SIGNATURE_DUMP_WTH) Intercept 'write_tohost'. Generate Signature file
86569d27
00000000
91a8d5fd
00000000
00000000
00000000
7ca660db
00000000
fbba7ae7
00000000
34b80fd4
00000000
681454c0
00000000
b2d3f1c5
00000000
d4983650
00000000
c83b3c30
00000000
62f6cb6d
00000000
6075c1a2
00000000
00000000
00000000
00000000
00000000
b5aeeeb5
00000000
9b1a8042
00000000
e0e9092c
00000000
4bfb003d
00000000
93b06678
00000000
169dbce8
00000000
9fcbe57f
00000000
8bfcad15
00000000
ea35fe19
00000000
0be793b3
00000000
47c6f638
00000000
e6b6a11c
00000000
66652ebf
00000000
69150191
00000000
353308fb
00000000
dbee5e94
00000000
ffffffff
00000000
00000000
00000000
ffffffff
00000000
ffffffff
00000000
00000000
00000000
00000001
00000000
00000000
00000000
ffffffff
00000000
ffffffff
00000000
00000000
00000000
fffffffe
00000000
ffffffff
00000000
ffffffff
00000000
ffffffff
00000000
ffffffff
00000000
ffffffff
00000000
ffffffff
00000000
ffffffff
00000000
ffffffff
00000000
ffffffff
00000000
ffffffff
00000000
ffffffff
00000000
ffffffff
00000000
ffffffff
00000000
ffffffff
00000000
ffffffff
00000000
ffffffff
00000000
ffffffff
00000000
ffffffff
00000000
ffffffff
00000000
ffffffff
00000000
ffffffff
00000000
ffffffff
00000000
ffffffff
00000000
ffffffff
00000000
ffffffff
00000000
ffffffff
00000000
ffffffff
00000000
ffffffff
00000000
ffffffff
00000000
ffffffff
00000000
ffffffff
00000000
ffffffff
00000000
7fffffff
00000000
bfffffff
00000000
dfffffff
00000000
efffffff
00000000
f7ffffff
00000000
fbffffff
00000000
fdffffff
00000000
feffffff
00000000
ff7fffff
00000000
ffbfffff
00000000
ffdfffff
00000000
ffefffff
00000000
fff7ffff
00000000
fffbffff
00000000
fffdffff
00000000
fffeffff
00000000
ffff7fff
00000000
ffffbfff
00000000
ffffdfff
00000000
ffffefff
00000000
fffff7ff
00000000
fffffbff
00000000
fffffdff
00000000
fffffeff
00000000
ffffff7f
00000000
ffffffbf
00000000
ffffffdf
00000000
ffffffef
00000000
fffffff7
00000000
fffffffb
00000000
fffffffd
00000000
fffffffe
00000000
00000000
00000000
00000000
00000000
00000000
00000000
00000000
00000000
00000000
00000000
00000000
00000000
00000000
00000000
00000000
00000000
00000000
00000000
00000000
00000000
00000000
00000000
00000000
00000000
00000000
00000000
00000000
00000000
00000000
00000000
00000000
00000000
00000000
00000000
00000000
00000000
00000000
00000000
00000000
00000000
00000000
00000000
00000000
00000000
00000000
00000000
00000000
00000000
00000000
00000000
00000000
00000000
00000000
00000000
00000000
00000000
00000000
00000000
00000000
00000000
00000000
00000000
00000000
00000000
80000000
00000000
40000000
00000000
20000000
00000000
10000000
00000000
08000000
00000000
04000000
00000000
02000000
00000000
01000000
00000000
00800000
00000000
00400000
00000000
00200000
00000000
00100000
00000000
00080000
00000000
00040000
00000000
00020000
00000000
00010000
00000000
00008000
00000000
00004000
00000000
00002000
00000000
00001000
00000000
00000800
00000000
00000400
00000000
00000200
00000000
00000100
00000000
00000080
00000000
00000040
00000000
00000020
00000000
00000010
00000000
00000008
00000000
00000004
00000000
00000002
00000000
00000000
00000000
00000000
00000000
00000000
00000000
00000000
00000000
00000000
00000000
00000000
00000000
00000000
00000000
00000000
00000000
00000000
00000000
00000000
00000000
00000000
00000000
00000000
00000000
00000000
00000000
00000000
00000000
00000000
00000000
00000000
00000000
00000000
00000000
00000000
00000000
00000000
00000000
00000000
00000000
00000000
00000000
00000000
00000000
00000000
00000000
00000000
00000000
00000000
00000000
00000000
00000000
00000000
00000000
00000000
00000000
00000000
00000000
00000000
00000000
00000000
00000000
00000000
00000000
00000000
00000000
00000000
00000000
00000000
00000000
00000000
00000000
00000000
00000000
00000000
00000000
00000000
00000000
00000000
00000000
00000000
00000000
00000000
00000000
00000000
00000000
00000000
00000000
00000000
00000000
00000000
00000000
00000000
00000000
00000000
00000000
00000000
00000000
00000000
00000000
00000000
00000000
00000000
00000000
00000000
00000000
00000000
00000000
00000000
00000000
00000000
00000000
00000000
00000000
00000000
00000000
00000000
00000000
00000000
00000000
00000000
00000000
00000000
00000000
00000000
00000000
00000000
00000000
00000000
00000000
00000000
00000000
00000000
00000000
00000000
00000000
00000000
00000000
00000000
00000000
00000000
00000000
00000000
00000000
00000000
00000000
00000000
00000000
00000000
00000000
00000000
00000000
00000000
00000000
00000000
00000000
00000000
00000000
00000000
00000000
00000000
00000000
00000000
00000000
00000000
00000000
00000000
00000000
00000000
00000000
00000000
00000000
00000000
00000000
00000000
00000000
00000000
00000000
00000000
00000000
00000000
00000000
00000000
00000000
00000000
00000000
00000000
00000000
00000000
00000000
00000000
00000000
00000000
00000000
00000000
00000000
00000000
00000000
00000000
00000000
00000000
00000000
00000000
00000000
00000000
00000000
00000000
00000000
00000000
00000000
00000000
00000000
00000000
00000000
00000000
00000000
00000000
00000000
00000000
00000000
00000000
00000000
00000000
00000000
00000000
00000000
00000000
00000000
00000000
00000000
00000000
00000000
00000000
00000000
00000000
00000000
00000000
00000000
00000000
00000000
00000000
00000000
00000000
00000000
00000000
00000000
00000000
00000000
00000000
00000000
00000000
00000000
00000000
00000000
00000000
00000000
00000000
00000000
00000000
00000000
Info 
Info ---------------------------------------------------
Info CPU 'riscvOVPsim/cpu' STATISTICS
Info   Type                  : riscv (RV64I)
Info   Nominal MIPS          : 100
Info   Final program counter : 0x8000003c
Info   Simulated instructions: 2,866
Info   Simulated MIPS        : run too short for meaningful result
Info ---------------------------------------------------
Info 
Info ---------------------------------------------------
Info SIMULATION TIME STATISTICS
Info   Simulated time        : 0.00 seconds
Info   User time             : 0.02 seconds
Info   System time           : 0.00 seconds
Info   Elapsed time          : 0.02 seconds
Info ---------------------------------------------------

riscvOVPsimPlus finished: Fri Mar  3 00:27:54 2023


riscvOVPsimPlus (64-Bit) v20230201.0 Open Virtual Platform simulator from www.IMPERAS.com.
Visit www.IMPERAS.com for multicore debug, verification and analysis solutions.

Info Session ended: Fri Mar  3 00:27:54 2023

