#
# A fatal error has been detected by the Java Runtime Environment:
#
#  EXCEPTION_ACCESS_VIOLATION (0xc0000005) at pc=0x00007ff8c568db50, pid=4072, tid=12080
#
# JRE version: Java(TM) SE Runtime Environment (9.0+11) (build 9.0.4+11)
# Java VM: Java HotSpot(TM) 64-Bit Server VM (9.0.4+11, mixed mode, tiered, compressed oops, g1 gc, windows-amd64)
# Problematic frame:
# C  0x00007ff8c568db50
#
# No core dump will be written. Minidumps are not enabled by default on client versions of Windows
#
# If you would like to submit a bug report, please visit:
#   http://bugreport.java.com/bugreport/crash.jsp
# The crash happened outside the Java Virtual Machine in native code.
# See problematic frame for where to report the bug.
#

---------------  S U M M A R Y ------------

Command Line: -Dsun.java2d.pmoffscreen=false -Dsun.java2d.xrender=false -Dsun.java2d.d3d=false -Dsun.awt.nopixfmt=true -Dsun.java2d.dpiaware=true -Dsun.java2d.uiScale.enabled=false -Xverify:none -Dswing.aatext=true -XX:-UsePerfData -Djdk.map.althashing.threshold=512 -XX:StringTableSize=4072 --add-opens=java.base/java.nio=ALL-UNNAMED --add-opens=java.desktop/sun.swing=ALL-UNNAMED --add-opens=java.desktop/javax.swing=ALL-UNNAMED --add-opens=java.desktop/javax.swing.tree=ALL-UNNAMED --add-opens=java.desktop/javax.swing.plaf.basic=ALL-UNNAMED --add-opens=java.desktop/javax.swing.plaf.synth=ALL-UNNAMED --add-opens=java.desktop/com.sun.awt=ALL-UNNAMED -XX:NewSize=60m -XX:MaxNewSize=60m -Xms128m -Xmx3072m -Xss5m 

Host: Intel(R) Core(TM) i9-10850K CPU @ 3.60GHz, 20 cores, 31G,  Windows 10 , 64 bit Build 19041 (10.0.19041.1645)
Time: Sat May 07 20:16:33 2022 Eastern Daylight Time elapsed time: 4016 seconds (0d 1h 6m 56s)

---------------  T H R E A D  ---------------

Current thread (0x000001e46f97d800):  JavaThread "AWT-EventQueue-1" [_thread_in_native, id=12080, stack(0x0000008763c00000,0x0000008764100000)]

Stack: [0x0000008763c00000,0x0000008764100000],  sp=0x00000087640f41e8,  free space=5072k
Native frames: (J=compiled Java code, j=interpreted, Vv=VM code, C=native code)
C  0x00007ff8c568db50

Java frames: (J=compiled Java code, j=interpreted, Vv=VM code)
J 22395  ui.views.waveform.waveformi.WVExecutive_getGraphicsDataSize(J)J (0 bytes) @ 0x000001e45e5ba4a1 [0x000001e45e5ba460+0x0000000000000041]
J 22394 c1 ui.views.waveform.executive.a.gZe()Ljava/io/ByteArrayInputStream; (93 bytes) @ 0x000001e4575d0fac [0x000001e4575d0ec0+0x00000000000000ec]
J 22393 c1 ui.views.waveform.b.a.gYQ()V (142 bytes) @ 0x000001e457dea9b4 [0x000001e457dea8a0+0x0000000000000114]
J 22424 c1 ui.views.waveform.w.cZO()V (38 bytes) @ 0x000001e45788856c [0x000001e457887e00+0x000000000000076c]
J 22069 c1 ui.views.waveform.c.b.j(Lui/frmwork/b/i;)V (603 bytes) @ 0x000001e459c3224c [0x000001e459c28ba0+0x00000000000096ac]
J 22068 c1 ui.views.waveform.w.a(Lui/frmwork/b/i;)V (17 bytes) @ 0x000001e459c27714 [0x000001e459c27640+0x00000000000000d4]
J 25697 c1 ui.frmwork.b.l.d(Lui/frmwork/b/i;)V (61 bytes) @ 0x000001e45a02cb9c [0x000001e45a02c340+0x000000000000085c]
J 27015 c2 ui.frmwork.G.i(JZ)V (471 bytes) @ 0x000001e45fcc668c [0x000001e45fcc4e80+0x000000000000180c]
J 25496 c2 ui.frmwork.G.fireTclEvent(J)I (113 bytes) @ 0x000001e45f9a591c [0x000001e45f9a4940+0x0000000000000fdc]
v  ~StubRoutines::call_stub
j  ui.views.waveform.waveformi.WVExecutive_processModelEvent(JJ)V+0
J 27128 c1 ui.views.waveform.c.b.eQ(J)V (109 bytes) @ 0x000001e45a35e7e4 [0x000001e45a35e6a0+0x0000000000000144]
J 22069 c1 ui.views.waveform.c.b.j(Lui/frmwork/b/i;)V (603 bytes) @ 0x000001e459c32f84 [0x000001e459c28ba0+0x000000000000a3e4]
J 22068 c1 ui.views.waveform.w.a(Lui/frmwork/b/i;)V (17 bytes) @ 0x000001e459c27714 [0x000001e459c27640+0x00000000000000d4]
J 25697 c1 ui.frmwork.b.l.d(Lui/frmwork/b/i;)V (61 bytes) @ 0x000001e45a02cb9c [0x000001e45a02c340+0x000000000000085c]
J 27015 c2 ui.frmwork.G.i(JZ)V (471 bytes) @ 0x000001e45fcc668c [0x000001e45fcc4e80+0x000000000000180c]
J 25496 c2 ui.frmwork.G.fireTclEvent(J)I (113 bytes) @ 0x000001e45f9a591c [0x000001e45f9a4940+0x0000000000000fdc]
v  ~StubRoutines::call_stub
j  ui.views.waveform.waveformi.WVExecutive_processModelEvent(JJ)V+0
J 27128 c1 ui.views.waveform.c.b.eQ(J)V (109 bytes) @ 0x000001e45a35e7e4 [0x000001e45a35e6a0+0x0000000000000144]
j  ui.views.waveform.c.e.actionPerformed(Ljava/awt/event/ActionEvent;)V+8
J 16887 c2 javax.swing.Timer.fireActionPerformed(Ljava/awt/event/ActionEvent;)V java.desktop@9.0.4 (46 bytes) @ 0x000001e45e6b87d8 [0x000001e45e6b86c0+0x0000000000000118]
J 22147 c2 javax.swing.Timer$DoPostEvent.run()V java.desktop@9.0.4 (82 bytes) @ 0x000001e45f90d3ec [0x000001e45f90d0e0+0x000000000000030c]
J 20314 c2 java.awt.EventQueue$3.run()Ljava/lang/Object; java.desktop@9.0.4 (5 bytes) @ 0x000001e45f792348 [0x000001e45f791e00+0x0000000000000548]
v  ~StubRoutines::call_stub
J 4760  java.security.AccessController.doPrivileged(Ljava/security/PrivilegedAction;Ljava/security/AccessControlContext;)Ljava/lang/Object; java.base@9.0.4 (0 bytes) @ 0x000001e45e5f7446 [0x000001e45e5f73e0+0x0000000000000066]
J 21253 c2 java.awt.EventQueue.dispatchEvent(Ljava/awt/AWTEvent;)V java.desktop@9.0.4 (80 bytes) @ 0x000001e45e7b0d98 [0x000001e45e7b0840+0x0000000000000558]
J 21269 c2 ui.frmwork.b.d.dispatchEvent(Ljava/awt/AWTEvent;)V (34 bytes) @ 0x000001e45e8581d8 [0x000001e45e858100+0x00000000000000d8]
J 25237 c2 java.awt.EventDispatchThread.pumpOneEventForFilters(I)V java.desktop@9.0.4 (218 bytes) @ 0x000001e45f65ec64 [0x000001e45f65e700+0x0000000000000564]
J 21591 c2 java.awt.EventDispatchThread.pumpEventsForFilter(ILjava/awt/Conditional;Ljava/awt/EventFilter;)V java.desktop@9.0.4 (47 bytes) @ 0x000001e45efae88c [0x000001e45efae6e0+0x00000000000001ac]
j  java.awt.EventDispatchThread.pumpEventsForFilter(Ljava/awt/Conditional;Ljava/awt/EventFilter;)V+4 java.desktop@9.0.4
j  java.awt.WaitDispatchSupport$2.run()V+59 java.desktop@9.0.4
j  java.awt.WaitDispatchSupport$4.run()Ljava/lang/Void;+4 java.desktop@9.0.4
j  java.awt.WaitDispatchSupport$4.run()Ljava/lang/Object;+1 java.desktop@9.0.4
v  ~StubRoutines::call_stub
J 1171  java.security.AccessController.doPrivileged(Ljava/security/PrivilegedAction;)Ljava/lang/Object; java.base@9.0.4 (0 bytes) @ 0x000001e45e37b4b2 [0x000001e45e37b460+0x0000000000000052]
j  java.awt.WaitDispatchSupport.enter()Z+260 java.desktop@9.0.4
j  java.awt.Dialog.show()V+225 java.desktop@9.0.4
J 7560 c1 java.awt.Component.setVisible(Z)V java.desktop@9.0.4 (6 bytes) @ 0x000001e45823ddcc [0x000001e45823dbe0+0x00000000000001ec]
j  java.awt.Window.setVisible(Z)V+2 java.desktop@9.0.4
j  java.awt.Dialog.setVisible(Z)V+2 java.desktop@9.0.4
j  ui.b.c.g.setVisible(Z)V+2
j  ui.b.c.bB.showDialog()V+64
j  ui.b.c.bI.actionPerformed(Ljava/awt/event/ActionEvent;)V+8
j  ui.b.c.bB.cSz()V+396
j  ui.views.c.t.b.a.run()V+60
j  ui.frmwork.a.epE()Z+66
j  ui.frmwork.Y.erq()V+42
j  ui.bm.actionPerformed(Ljava/awt/event/ActionEvent;)V+25
j  javax.swing.AbstractButton.fireActionPerformed(Ljava/awt/event/ActionEvent;)V+84 java.desktop@9.0.4
j  ui.utils.p.b.E.fireActionPerformed(Ljava/awt/event/ActionEvent;)V+7
j  javax.swing.AbstractButton$Handler.actionPerformed(Ljava/awt/event/ActionEvent;)V+5 java.desktop@9.0.4
j  javax.swing.DefaultButtonModel.fireActionPerformed(Ljava/awt/event/ActionEvent;)V+34 java.desktop@9.0.4
j  javax.swing.DefaultButtonModel.setPressed(Z)V+117 java.desktop@9.0.4
j  javax.swing.plaf.basic.BasicButtonListener.mouseReleased(Ljava/awt/event/MouseEvent;)V+35 java.desktop@9.0.4
j  com.jidesoft.plaf.basic.BasicJideButtonListener.mouseReleased(Ljava/awt/event/MouseEvent;)V+61
J 22078 c1 java.awt.AWTEventMulticaster.mouseReleased(Ljava/awt/event/MouseEvent;)V java.desktop@9.0.4 (27 bytes) @ 0x000001e459c3de8c [0x000001e459c3dc80+0x000000000000020c]
J 22078 c1 java.awt.AWTEventMulticaster.mouseReleased(Ljava/awt/event/MouseEvent;)V java.desktop@9.0.4 (27 bytes) @ 0x000001e459c3de8c [0x000001e459c3dc80+0x000000000000020c]
J 22078 c1 java.awt.AWTEventMulticaster.mouseReleased(Ljava/awt/event/MouseEvent;)V java.desktop@9.0.4 (27 bytes) @ 0x000001e459c3de8c [0x000001e459c3dc80+0x000000000000020c]
J 26979 c2 javax.swing.JComponent.processMouseEvent(Ljava/awt/event/MouseEvent;)V java.desktop@9.0.4 (27 bytes) @ 0x000001e45fca175c [0x000001e45fca1620+0x000000000000013c]
J 24547 c2 java.awt.Container.processEvent(Ljava/awt/AWTEvent;)V java.desktop@9.0.4 (22 bytes) @ 0x000001e45f10e600 [0x000001e45f10e4a0+0x0000000000000160]
J 26720 c2 java.awt.Component.dispatchEventImpl(Ljava/awt/AWTEvent;)V java.desktop@9.0.4 (739 bytes) @ 0x000001e45fc43990 [0x000001e45fc43000+0x0000000000000990]
J 25387 c2 java.awt.Container.dispatchEventImpl(Ljava/awt/AWTEvent;)V java.desktop@9.0.4 (129 bytes) @ 0x000001e45f72a0a8 [0x000001e45f729f00+0x00000000000001a8]
J 22856 c2 java.awt.LightweightDispatcher.retargetMouseEvent(Ljava/awt/Component;ILjava/awt/event/MouseEvent;)V java.desktop@9.0.4 (350 bytes) @ 0x000001e45ee5cb88 [0x000001e45ee5c340+0x0000000000000848]
J 25166 c2 java.awt.LightweightDispatcher.processMouseEvent(Ljava/awt/event/MouseEvent;)Z java.desktop@9.0.4 (265 bytes) @ 0x000001e45f6507d0 [0x000001e45f6501a0+0x0000000000000630]
J 25387 c2 java.awt.Container.dispatchEventImpl(Ljava/awt/AWTEvent;)V java.desktop@9.0.4 (129 bytes) @ 0x000001e45f72a368 [0x000001e45f729f00+0x0000000000000468]
J 16267 c2 java.awt.Window.dispatchEventImpl(Ljava/awt/AWTEvent;)V java.desktop@9.0.4 (23 bytes) @ 0x000001e45f1dfc8c [0x000001e45f1dfc40+0x000000000000004c]
J 20314 c2 java.awt.EventQueue$3.run()Ljava/lang/Object; java.desktop@9.0.4 (5 bytes) @ 0x000001e45f7923f0 [0x000001e45f791e00+0x00000000000005f0]
v  ~StubRoutines::call_stub
J 4760  java.security.AccessController.doPrivileged(Ljava/security/PrivilegedAction;Ljava/security/AccessControlContext;)Ljava/lang/Object; java.base@9.0.4 (0 bytes) @ 0x000001e45e5f7446 [0x000001e45e5f73e0+0x0000000000000066]
J 15960 c2 java.awt.EventQueue$4.run()Ljava/lang/Object; java.desktop@9.0.4 (5 bytes) @ 0x000001e45ea57dc0 [0x000001e45ea57b60+0x0000000000000260]
v  ~StubRoutines::call_stub
J 4760  java.security.AccessController.doPrivileged(Ljava/security/PrivilegedAction;Ljava/security/AccessControlContext;)Ljava/lang/Object; java.base@9.0.4 (0 bytes) @ 0x000001e45e5f7446 [0x000001e45e5f73e0+0x0000000000000066]
J 21253 c2 java.awt.EventQueue.dispatchEvent(Ljava/awt/AWTEvent;)V java.desktop@9.0.4 (80 bytes) @ 0x000001e45e7b0bc0 [0x000001e45e7b0840+0x0000000000000380]
J 21269 c2 ui.frmwork.b.d.dispatchEvent(Ljava/awt/AWTEvent;)V (34 bytes) @ 0x000001e45e8581d8 [0x000001e45e858100+0x00000000000000d8]
J 25237 c2 java.awt.EventDispatchThread.pumpOneEventForFilters(I)V java.desktop@9.0.4 (218 bytes) @ 0x000001e45f65ec64 [0x000001e45f65e700+0x0000000000000564]
J 21423% c2 java.awt.EventDispatchThread.pumpEventsForFilter(ILjava/awt/Conditional;Ljava/awt/EventFilter;)V java.desktop@9.0.4 (47 bytes) @ 0x000001e45ee686d8 [0x000001e45ee685c0+0x0000000000000118]
j  java.awt.EventDispatchThread.pumpEventsForHierarchy(ILjava/awt/Conditional;Ljava/awt/Component;)V+11 java.desktop@9.0.4
j  java.awt.EventDispatchThread.pumpEvents(ILjava/awt/Conditional;)V+4 java.desktop@9.0.4
j  java.awt.EventDispatchThread.pumpEvents(Ljava/awt/Conditional;)V+3 java.desktop@9.0.4
j  java.awt.EventDispatchThread.run()V+9 java.desktop@9.0.4
v  ~StubRoutines::call_stub

siginfo: EXCEPTION_ACCESS_VIOLATION (0xc0000005), data execution prevention violation at address 0x00007ff8c568db50


Register to memory mapping:

RIP=0x00007ff8c568db50 is an unknown value
RAX=0x00007ff8c5631610 is an unknown value
RBX=0x00000087640f4350 is pointing into the stack for thread: 0x000001e46f97d800
RCX=0x000001e476b4dcb0 is an unknown value
RDX=0x000001e46f322d40 is an unknown value
RSP=0x00000087640f41e8 is pointing into the stack for thread: 0x000001e46f97d800
RBP=0x00000087640f4310 is pointing into the stack for thread: 0x000001e46f97d800
RSI=0x000001e46f322d40 is an unknown value
RDI=0x000001e476b4dcb0 is an unknown value
R8 =0x00000087640f4310 is pointing into the stack for thread: 0x000001e46f97d800
R9 =0x00000087640f4350 is pointing into the stack for thread: 0x000001e46f97d800
R10=0x000001e46f322d50 is an unknown value
R11=0xa3c8b2bf001adb4f is an unknown value
R12=0x0000000000000000 is an unknown value
R13=0x0000000000000000 is an unknown value
R14=0x000001e46f322d40 is an unknown value
R15=0x0000000000000001 is an unknown value


Registers:
RAX=0x00007ff8c5631610, RBX=0x00000087640f4350, RCX=0x000001e476b4dcb0, RDX=0x000001e46f322d40
RSP=0x00000087640f41e8, RBP=0x00000087640f4310, RSI=0x000001e46f322d40, RDI=0x000001e476b4dcb0
R8 =0x00000087640f4310, R9 =0x00000087640f4350, R10=0x000001e46f322d50, R11=0xa3c8b2bf001adb4f
R12=0x0000000000000000, R13=0x0000000000000000, R14=0x000001e46f322d40, R15=0x0000000000000001
RIP=0x00007ff8c568db50, EFLAGS=0x0000000000010202

Top of Stack: (sp=0x00000087640f41e8)
0x00000087640f41e8:   00007ff8c534efbc 0000000000000000
0x00000087640f41f8:   000001e442017e80 000001e4071249a0
0x00000087640f4208:   000001e442000000 000001e4420002a4
0x00000087640f4218:   00000087640f4350 00000087640f4310
0x00000087640f4228:   000001e46f322d40 fffffffffffffffe
0x00000087640f4238:   0000000000000000 0000000000000000
0x00000087640f4248:   0000000000000010 0000000000000008
0x00000087640f4258:   0000000000000002 000001e441f00000
0x00000087640f4268:   00000087640f4329 0000000000000001
0x00000087640f4278:   00007ff948c7b3c7 000001e442000000
0x00000087640f4288:   0000011e0000000d 0000000000000008
0x00000087640f4298:   0000000000000000 0000f0f3a848503b
0x00000087640f42a8:   00007ff948c7b86b 00000002c57e0d48
0x00000087640f42b8:   00000087640f4428 000001e471cf23d0
0x00000087640f42c8:   00000087640f4359 00000087640f4410
0x00000087640f42d8:   00007ff8c53460a7 000000c600000000 

Instructions: (pc=0x00007ff8c568db50)
0x00007ff8c568db30:   00 00 00 00 ff ff ff ff 00 00 00 00 40 00 00 00
0x00007ff8c568db40:   00 db 46 00 00 00 00 00 00 00 00 00 00 00 00 00
0x00007ff8c568db50:   01 00 00 00 00 00 00 00 00 00 00 00 40 6d 5a 00
0x00007ff8c568db60:   78 db 46 00 50 db 46 00 00 00 00 00 00 00 00 00 



---------------  P R O C E S S  ---------------

Java Threads: ( => current thread )
  0x000001e472301000 JavaThread "Relaunch Simulation Thread" [_thread_blocked, id=13012, stack(0x000000876a900000,0x000000876ae00000)]
  0x000001e4722fa800 JavaThread "Monitor File Timestamp Swing Worker Thread" [_thread_blocked, id=13640, stack(0x000000876a400000,0x000000876a900000)]
  0x000001e4722fb800 JavaThread "Timer-3" [_thread_blocked, id=8652, stack(0x0000008768600000,0x0000008768b00000)]
  0x000001e4769fa800 JavaThread "Swing-Shell" daemon [_thread_blocked, id=13760, stack(0x0000008768000000,0x0000008768500000)]
  0x000001e476a06000 JavaThread "Monitor File Timestamp Swing Worker Thread" [_thread_blocked, id=12068, stack(0x0000008769f00000,0x000000876a400000)]
  0x000001e476a04800 JavaThread "Timer-2" [_thread_blocked, id=13700, stack(0x0000008769a00000,0x0000008769f00000)]
  0x000001e4769fc000 JavaThread "Monitor File Timestamp Swing Worker Thread" [_thread_blocked, id=13096, stack(0x0000008769500000,0x0000008769a00000)]
  0x000001e476a03000 JavaThread "Timer-1" [_thread_blocked, id=7808, stack(0x0000008769000000,0x0000008769500000)]
  0x000001e476a05000 JavaThread "SyntheticaAnimation 50" daemon [_thread_blocked, id=7180, stack(0x0000008768b00000,0x0000008769000000)]
  0x000001e4769f9000 JavaThread "Thread-538" [_thread_in_native, id=12960, stack(0x0000008768000000,0x0000008768100000)]
  0x000001e476a00000 JavaThread "Thread-444" [_thread_in_native, id=3400, stack(0x000000875ab00000,0x000000875ac00000)]
  0x000001e4769f8800 JavaThread "Thread-443" [_thread_in_native, id=7416, stack(0x0000008764b00000,0x0000008764c00000)]
  0x000001e4769fd800 JavaThread "Monitor File Timestamp Swing Worker Thread" [_thread_blocked, id=10016, stack(0x0000008767600000,0x0000008767b00000)]
  0x000001e4769fd000 JavaThread "Timer-0" [_thread_blocked, id=5852, stack(0x0000008767100000,0x0000008767600000)]
  0x000001e4769fa000 JavaThread "Image Animator 2" daemon [_thread_blocked, id=10672, stack(0x0000008765d00000,0x0000008766200000)]
  0x000001e4769fe800 JavaThread "Thread-196" [_thread_in_native, id=7600, stack(0x000000875aa00000,0x000000875ab00000)]
  0x000001e4769fb800 JavaThread "Thread-195" [_thread_in_native, id=12160, stack(0x000000875a900000,0x000000875aa00000)]
  0x000001e4775cd000 JavaThread "SyntheticaAnimation 50" daemon [_thread_blocked, id=7264, stack(0x0000008762d00000,0x0000008763200000)]
  0x000001e4775cf800 JavaThread "Update Runs Swing Worker Thread" [_thread_blocked, id=3972, stack(0x0000008767b00000,0x0000008768000000)]
  0x000001e4775ce800 JavaThread "hw_ila_monitor" [_thread_blocked, id=3540, stack(0x0000008766c00000,0x0000008767100000)]
  0x000001e4775ce000 JavaThread "Refresh Filesets Swing Worker Thread" [_thread_blocked, id=6172, stack(0x0000008766700000,0x0000008766c00000)]
  0x000001e4775d3800 JavaThread "SyntheticaAnimation 70" daemon [_thread_blocked, id=2960, stack(0x0000008766200000,0x0000008766700000)]
  0x000001e448730800 JavaThread "SyntheticaAnimation 25" daemon [_thread_blocked, id=9548, stack(0x0000008765800000,0x0000008765d00000)]
  0x000001e448732000 JavaThread "SyntheticaAnimation 50" daemon [_thread_blocked, id=10472, stack(0x0000008765300000,0x0000008765800000)]
  0x000001e448731000 JavaThread "Monitor HEventQueue Thread" [_thread_blocked, id=12520, stack(0x0000008764e00000,0x0000008765300000)]
  0x000001e448733800 JavaThread "SyntheticaCleanerThread" daemon [_thread_blocked, id=4192, stack(0x0000008764600000,0x0000008764b00000)]
  0x000001e448736800 JavaThread "Batik CleanerThread" daemon [_thread_blocked, id=7032, stack(0x0000008763200000,0x0000008763700000)]
=>0x000001e46f97d800 JavaThread "AWT-EventQueue-1" [_thread_in_native, id=12080, stack(0x0000008763c00000,0x0000008764100000)]
  0x000001e46f4dc800 JavaThread "Process Messages Thread" [_thread_blocked, id=12884, stack(0x0000008763700000,0x0000008763c00000)]
  0x000001e4721ee800 JavaThread "Thread-1" [_thread_in_native, id=4744, stack(0x000000875ad00000,0x000000875c100000)]
  0x000001e46fb27800 JavaThread "TimerQueue" daemon [_thread_blocked, id=12112, stack(0x0000008762800000,0x0000008762d00000)]
  0x000001e46f474800 JavaThread "AWT-Windows" daemon [_thread_in_native, id=4024, stack(0x0000008762300000,0x0000008762800000)]
  0x000001e46f501800 JavaThread "AWT-Shutdown" [_thread_blocked, id=912, stack(0x0000008761e00000,0x0000008762300000)]
  0x000001e46f500000 JavaThread "Java2D Disposer" daemon [_thread_blocked, id=12928, stack(0x0000008761900000,0x0000008761e00000)]
  0x000001e449f86000 JavaThread "Service Thread" daemon [_thread_blocked, id=11564, stack(0x0000008761300000,0x0000008761800000)]
  0x000001e44d433000 JavaThread "Common-Cleaner" daemon [_thread_blocked, id=7608, stack(0x0000008760e00000,0x0000008761300000)]
  0x000001e448735800 JavaThread "Sweeper thread" daemon [_thread_blocked, id=11856, stack(0x0000008760900000,0x0000008760e00000)]
  0x000001e44d41a000 JavaThread "C1 CompilerThread11" daemon [_thread_blocked, id=11588, stack(0x0000008760800000,0x0000008760900000)]
  0x000001e44d419000 JavaThread "C1 CompilerThread10" daemon [_thread_blocked, id=8480, stack(0x0000008760700000,0x0000008760800000)]
  0x000001e44d418000 JavaThread "C1 CompilerThread9" daemon [_thread_blocked, id=12980, stack(0x0000008760600000,0x0000008760700000)]
  0x000001e44d417000 JavaThread "C1 CompilerThread8" daemon [_thread_blocked, id=11572, stack(0x0000008760500000,0x0000008760600000)]
  0x000001e449979800 JavaThread "C2 CompilerThread7" daemon [_thread_blocked, id=3416, stack(0x0000008760400000,0x0000008760500000)]
  0x000001e44d416000 JavaThread "C2 CompilerThread6" daemon [_thread_blocked, id=3528, stack(0x0000008760300000,0x0000008760400000)]
  0x000001e44d411800 JavaThread "C2 CompilerThread5" daemon [_thread_blocked, id=3656, stack(0x0000008760200000,0x0000008760300000)]
  0x000001e44d410000 JavaThread "C2 CompilerThread4" daemon [_thread_blocked, id=12432, stack(0x0000008760100000,0x0000008760200000)]
  0x000001e44d40e800 JavaThread "C2 CompilerThread3" daemon [_thread_blocked, id=6324, stack(0x0000008760000000,0x0000008760100000)]
  0x000001e44d40e000 JavaThread "C2 CompilerThread2" daemon [_thread_blocked, id=12404, stack(0x000000875ff00000,0x0000008760000000)]
  0x000001e44d40c800 JavaThread "C2 CompilerThread1" daemon [_thread_blocked, id=5176, stack(0x000000875fe00000,0x000000875ff00000)]
  0x000001e44d40c000 JavaThread "C2 CompilerThread0" daemon [_thread_blocked, id=2416, stack(0x000000875fd00000,0x000000875fe00000)]
  0x000001e44d40a800 JavaThread "Attach Listener" daemon [_thread_blocked, id=10576, stack(0x000000875f800000,0x000000875fd00000)]
  0x000001e44d406000 JavaThread "Signal Dispatcher" daemon [_thread_blocked, id=5420, stack(0x000000875f300000,0x000000875f800000)]
  0x000001e44ed11000 JavaThread "Finalizer" daemon [_thread_blocked, id=5064, stack(0x000000875ee00000,0x000000875f300000)]
  0x000001e44ed10000 JavaThread "Reference Handler" daemon [_thread_blocked, id=8580, stack(0x000000875e900000,0x000000875ee00000)]
  0x000001e44ee2a000 JavaThread "main" [_thread_blocked, id=7380, stack(0x000000875c300000,0x000000875c400000)]

Other Threads:
  0x000001e44ecfb000 VMThread "VM Thread" [stack: 0x000000875e800000,0x000000875e900000] [id=11492]
  0x000001e449d32000 WatcherThread [stack: 0x0000008761800000,0x0000008761900000] [id=8368]
  0x000001e44bad3800 GCTaskThread "GC Thread#0" [stack: 0x000000875c400000,0x000000875c500000] [id=10736]
  0x000001e44bccf000 GCTaskThread "GC Thread#1" [stack: 0x000000875c500000,0x000000875c600000] [id=8108]
  0x000001e44bccd000 GCTaskThread "GC Thread#2" [stack: 0x000000875c600000,0x000000875c700000] [id=10060]
  0x000001e44bccd800 GCTaskThread "GC Thread#3" [stack: 0x000000875c700000,0x000000875c800000] [id=11236]
  0x000001e44bcce000 GCTaskThread "GC Thread#4" [stack: 0x000000875c800000,0x000000875c900000] [id=2392]
  0x000001e44bccf800 GCTaskThread "GC Thread#5" [stack: 0x000000875c900000,0x000000875ca00000] [id=9764]
  0x000001e44bccc800 GCTaskThread "GC Thread#6" [stack: 0x000000875ca00000,0x000000875cb00000] [id=5000]
  0x000001e44bcaf000 GCTaskThread "GC Thread#7" [stack: 0x000000875cb00000,0x000000875cc00000] [id=8764]
  0x000001e44bcb0000 GCTaskThread "GC Thread#8" [stack: 0x000000875cc00000,0x000000875cd00000] [id=4808]
  0x000001e44bcb2000 GCTaskThread "GC Thread#9" [stack: 0x000000875cd00000,0x000000875ce00000] [id=5924]
  0x000001e44bcb1800 GCTaskThread "GC Thread#10" [stack: 0x000000875ce00000,0x000000875cf00000] [id=1936]
  0x000001e44bcb0800 GCTaskThread "GC Thread#11" [stack: 0x000000875cf00000,0x000000875d000000] [id=2044]
  0x000001e44bcb2800 GCTaskThread "GC Thread#12" [stack: 0x000000875d000000,0x000000875d100000] [id=12324]
  0x000001e44bcb3000 GCTaskThread "GC Thread#13" [stack: 0x000000875d100000,0x000000875d200000] [id=8756]
  0x000001e44bcac800 GCTaskThread "GC Thread#14" [stack: 0x000000875d200000,0x000000875d300000] [id=3248]
  0x000001e445d32800 ConcurrentGCThread "G1 Main Marker" [stack: 0x000000875e300000,0x000000875e400000] [id=848]
  0x000001e44bcad000 ConcurrentGCThread "G1 Marker#0" [stack: 0x000000875e400000,0x000000875e500000] [id=11648]
  0x000001e44bcae000 ConcurrentGCThread "G1 Marker#1" [stack: 0x000000875e500000,0x000000875e600000] [id=11380]
  0x000001e44bcad800 ConcurrentGCThread "G1 Marker#2" [stack: 0x000000875e600000,0x000000875e700000] [id=11036]
  0x000001e44bcb4000 ConcurrentGCThread "G1 Marker#3" [stack: 0x000000875e700000,0x000000875e800000] [id=1920]
  0x000001e44f380000 ConcurrentGCThread "G1 Refine#0" [stack: 0x000000875e100000,0x000000875e200000] [id=1088]
  0x000001e44f126800 ConcurrentGCThread "G1 Refine#1" [stack: 0x000000875e000000,0x000000875e100000] [id=7744]
  0x000001e44f125800 ConcurrentGCThread "G1 Refine#2" [stack: 0x000000875df00000,0x000000875e000000] [id=2000]
  0x000001e44c0d9000 ConcurrentGCThread "G1 Refine#3" [stack: 0x000000875de00000,0x000000875df00000] [id=8248]
  0x000001e44cd9e000 ConcurrentGCThread "G1 Refine#4" [stack: 0x000000875dd00000,0x000000875de00000] [id=5180]
  0x000001e44cd9d800 ConcurrentGCThread "G1 Refine#5" [stack: 0x000000875dc00000,0x000000875dd00000] [id=7280]
  0x000001e44d4f1800 ConcurrentGCThread "G1 Refine#6" [stack: 0x000000875db00000,0x000000875dc00000] [id=12836]
  0x000001e44d4f1000 ConcurrentGCThread "G1 Refine#7" [stack: 0x000000875da00000,0x000000875db00000] [id=9164]
  0x000001e44ce9c800 ConcurrentGCThread "G1 Refine#8" [stack: 0x000000875d900000,0x000000875da00000] [id=11232]
  0x000001e44ce9b800 ConcurrentGCThread "G1 Refine#9" [stack: 0x000000875d800000,0x000000875d900000] [id=9628]
  0x000001e44ee46000 ConcurrentGCThread "G1 Refine#10" [stack: 0x000000875d700000,0x000000875d800000] [id=11664]
  0x000001e44ee45800 ConcurrentGCThread "G1 Refine#11" [stack: 0x000000875d600000,0x000000875d700000] [id=3440]
  0x000001e44c9c9000 ConcurrentGCThread "G1 Refine#12" [stack: 0x000000875d500000,0x000000875d600000] [id=12832]
  0x000001e44f09e800 ConcurrentGCThread "G1 Refine#13" [stack: 0x000000875d400000,0x000000875d500000] [id=11400]
  0x000001e44c9c8800 ConcurrentGCThread "G1 Refine#14" [stack: 0x000000875d300000,0x000000875d400000] [id=11848]
  0x000001e44f381000 ConcurrentGCThread "G1 Young RemSet Sampling" [stack: 0x000000875e200000,0x000000875e300000] [id=6548]

Threads with active compile tasks:

VM state:not at safepoint (normal execution)

VM Mutex/Monitor currently owned by a thread: None

Heap address: 0x0000000700000000, size: 3072 MB, Compressed Oops mode: Zero based, Oop shift amount: 3
Narrow klass base: 0x0000000000000000, Narrow klass shift: 3
Compressed class space size: 1073741824 Address: 0x00000007c0000000

Heap:
 garbage-first heap   total 308224K, used 162135K [0x0000000700000000, 0x0000000700100968, 0x00000007c0000000)
  region size 1024K, 56 young (57344K), 1 survivors (1024K)
 Metaspace       used 91943K, capacity 95487K, committed 100608K, reserved 1136640K
  class space    used 12125K, capacity 12792K, committed 13824K, reserved 1048576K
Heap Regions: E=young(eden), S=young(survivor), O=old, HS=humongous(starts), HC=humongous(continues), CS=collection set, F=free, A=archive, TS=gc time stamp, AC=allocation context, TAMS=top-at-mark-start (previous, next)
|   0|0x0000000700000000, 0x00000007000e8ec8, 0x0000000700100000| 90%| O|  |TS  0|AC  0|TAMS 0x0000000700000000, 0x0000000700000000|
|   1|0x0000000700100000, 0x00000007001d85f8, 0x0000000700200000| 84%| O|  |TS  0|AC  0|TAMS 0x0000000700100000, 0x0000000700100000|
|   2|0x0000000700200000, 0x00000007002ff320, 0x0000000700300000| 99%| O|  |TS  0|AC  0|TAMS 0x0000000700200000, 0x0000000700200000|
|   3|0x0000000700300000, 0x00000007003f9a30, 0x0000000700400000| 97%| O|  |TS  0|AC  0|TAMS 0x0000000700300000, 0x0000000700300000|
|   4|0x0000000700400000, 0x0000000700500000, 0x0000000700500000|100%|HS|  |TS  0|AC  0|TAMS 0x0000000700400000, 0x0000000700400000|
|   5|0x0000000700500000, 0x0000000700600000, 0x0000000700600000|100%|HC|  |TS  0|AC  0|TAMS 0x0000000700500000, 0x0000000700500000|
|   6|0x0000000700600000, 0x0000000700700000, 0x0000000700700000|100%|HS|  |TS  0|AC  0|TAMS 0x0000000700600000, 0x0000000700600000|
|   7|0x0000000700700000, 0x00000007007eba28, 0x0000000700800000| 92%| O|  |TS  0|AC  0|TAMS 0x0000000700700000, 0x0000000700700000|
|   8|0x0000000700800000, 0x00000007008cd1f0, 0x0000000700900000| 80%| O|  |TS  0|AC  0|TAMS 0x0000000700800000, 0x0000000700800000|
|   9|0x0000000700900000, 0x00000007009fa150, 0x0000000700a00000| 97%| O|  |TS  0|AC  0|TAMS 0x0000000700900000, 0x0000000700900000|
|  10|0x0000000700a00000, 0x0000000700b00000, 0x0000000700b00000|100%| O|  |TS  0|AC  0|TAMS 0x0000000700a00000, 0x0000000700a00000|
|  11|0x0000000700b00000, 0x0000000700bffff8, 0x0000000700c00000| 99%| O|  |TS  0|AC  0|TAMS 0x0000000700b00000, 0x0000000700b00000|
|  12|0x0000000700c00000, 0x0000000700cffff8, 0x0000000700d00000| 99%| O|  |TS  0|AC  0|TAMS 0x0000000700c00000, 0x0000000700c00000|
|  13|0x0000000700d00000, 0x0000000700dd4250, 0x0000000700e00000| 82%| O|  |TS  0|AC  0|TAMS 0x0000000700d00000, 0x0000000700d00000|
|  14|0x0000000700e00000, 0x0000000700efffd8, 0x0000000700f00000| 99%| O|  |TS  0|AC  0|TAMS 0x0000000700e00000, 0x0000000700e00000|
|  15|0x0000000700f00000, 0x0000000700ff7210, 0x0000000701000000| 96%| O|  |TS  0|AC  0|TAMS 0x0000000700f00000, 0x0000000700f00000|
|  16|0x0000000701000000, 0x00000007010fffe8, 0x0000000701100000| 99%| O|  |TS  0|AC  0|TAMS 0x0000000701000000, 0x0000000701000000|
|  17|0x0000000701100000, 0x00000007011f4358, 0x0000000701200000| 95%| O|  |TS  0|AC  0|TAMS 0x0000000701100000, 0x0000000701100000|
|  18|0x0000000701200000, 0x00000007012fffe8, 0x0000000701300000| 99%| O|  |TS  0|AC  0|TAMS 0x0000000701200000, 0x0000000701200000|
|  19|0x0000000701300000, 0x00000007013ffff0, 0x0000000701400000| 99%| O|  |TS  0|AC  0|TAMS 0x0000000701300000, 0x0000000701300000|
|  20|0x0000000701400000, 0x00000007014fdbb8, 0x0000000701500000| 99%| O|  |TS  0|AC  0|TAMS 0x0000000701400000, 0x0000000701400000|
|  21|0x0000000701500000, 0x00000007015fffb8, 0x0000000701600000| 99%| O|  |TS  0|AC  0|TAMS 0x0000000701500000, 0x0000000701500000|
|  22|0x0000000701600000, 0x00000007016ffec8, 0x0000000701700000| 99%| O|  |TS  0|AC  0|TAMS 0x0000000701600000, 0x0000000701600000|
|  23|0x0000000701700000, 0x00000007017ffeb0, 0x0000000701800000| 99%| O|  |TS  0|AC  0|TAMS 0x0000000701700000, 0x0000000701700000|
|  24|0x0000000701800000, 0x00000007018fffe8, 0x0000000701900000| 99%| O|  |TS  0|AC  0|TAMS 0x0000000701800000, 0x0000000701800000|
|  25|0x0000000701900000, 0x00000007019ffff8, 0x0000000701a00000| 99%| O|  |TS  0|AC  0|TAMS 0x0000000701900000, 0x0000000701900000|
|  26|0x0000000701a00000, 0x0000000701afffe8, 0x0000000701b00000| 99%| O|  |TS  0|AC  0|TAMS 0x0000000701a00000, 0x0000000701a00000|
|  27|0x0000000701b00000, 0x0000000701bffe90, 0x0000000701c00000| 99%| O|  |TS  0|AC  0|TAMS 0x0000000701b00000, 0x0000000701b00000|
|  28|0x0000000701c00000, 0x0000000701cfffe8, 0x0000000701d00000| 99%| O|  |TS  0|AC  0|TAMS 0x0000000701c00000, 0x0000000701c00000|
|  29|0x0000000701d00000, 0x0000000701dffe50, 0x0000000701e00000| 99%| O|  |TS  0|AC  0|TAMS 0x0000000701d00000, 0x0000000701d00000|
|  30|0x0000000701e00000, 0x0000000701efffe8, 0x0000000701f00000| 99%| O|  |TS  0|AC  0|TAMS 0x0000000701e00000, 0x0000000701e00000|
|  31|0x0000000701f00000, 0x0000000701ffffe8, 0x0000000702000000| 99%| O|  |TS  0|AC  0|TAMS 0x0000000701f00000, 0x0000000701f00000|
|  32|0x0000000702000000, 0x00000007020fffa0, 0x0000000702100000| 99%| O|  |TS  0|AC  0|TAMS 0x0000000702000000, 0x0000000702000000|
|  33|0x0000000702100000, 0x0000000702200000, 0x0000000702200000|100%| O|  |TS  0|AC  0|TAMS 0x0000000702100000, 0x0000000702100000|
|  34|0x0000000702200000, 0x00000007022fea08, 0x0000000702300000| 99%| O|  |TS  0|AC  0|TAMS 0x0000000702200000, 0x0000000702200000|
|  35|0x0000000702300000, 0x00000007023fffe0, 0x0000000702400000| 99%| O|  |TS  0|AC  0|TAMS 0x0000000702300000, 0x0000000702300000|
|  36|0x0000000702400000, 0x00000007024fffe8, 0x0000000702500000| 99%| O|  |TS  0|AC  0|TAMS 0x0000000702400000, 0x0000000702400000|
|  37|0x0000000702500000, 0x00000007025fff08, 0x0000000702600000| 99%| O|  |TS  0|AC  0|TAMS 0x0000000702500000, 0x0000000702500000|
|  38|0x0000000702600000, 0x00000007026ffff8, 0x0000000702700000| 99%| O|  |TS  0|AC  0|TAMS 0x0000000702600000, 0x0000000702600000|
|  39|0x0000000702700000, 0x00000007027d70c0, 0x0000000702800000| 84%| O|  |TS  0|AC  0|TAMS 0x0000000702700000, 0x0000000702700000|
|  40|0x0000000702800000, 0x00000007028ffff8, 0x0000000702900000| 99%| O|  |TS  0|AC  0|TAMS 0x0000000702800000, 0x0000000702800000|
|  41|0x0000000702900000, 0x00000007029fe2c8, 0x0000000702a00000| 99%| O|  |TS  0|AC  0|TAMS 0x0000000702900000, 0x0000000702900000|
|  42|0x0000000702a00000, 0x0000000702b00000, 0x0000000702b00000|100%| O|  |TS  0|AC  0|TAMS 0x0000000702a00000, 0x0000000702a00000|
|  43|0x0000000702b00000, 0x0000000702bffff0, 0x0000000702c00000| 99%| O|  |TS  0|AC  0|TAMS 0x0000000702b00000, 0x0000000702b00000|
|  44|0x0000000702c00000, 0x0000000702d00000, 0x0000000702d00000|100%| O|  |TS  0|AC  0|TAMS 0x0000000702c00000, 0x0000000702c00000|
|  45|0x0000000702d00000, 0x0000000702dfffb8, 0x0000000702e00000| 99%| O|  |TS  0|AC  0|TAMS 0x0000000702d00000, 0x0000000702d00000|
|  46|0x0000000702e00000, 0x0000000702efffd0, 0x0000000702f00000| 99%| O|  |TS  0|AC  0|TAMS 0x0000000702e00000, 0x0000000702e00000|
|  47|0x0000000702f00000, 0x0000000702ffffc0, 0x0000000703000000| 99%| O|  |TS  0|AC  0|TAMS 0x0000000702f00000, 0x0000000702f00000|
|  48|0x0000000703000000, 0x00000007030ffff8, 0x0000000703100000| 99%| O|  |TS  0|AC  0|TAMS 0x0000000703000000, 0x0000000703000000|
|  49|0x0000000703100000, 0x00000007031fff78, 0x0000000703200000| 99%| O|  |TS  0|AC  0|TAMS 0x0000000703100000, 0x0000000703100000|
|  50|0x0000000703200000, 0x00000007032ffed0, 0x0000000703300000| 99%| O|  |TS  0|AC  0|TAMS 0x0000000703200000, 0x0000000703200000|
|  51|0x0000000703300000, 0x00000007033ffff8, 0x0000000703400000| 99%| O|  |TS  0|AC  0|TAMS 0x0000000703300000, 0x0000000703300000|
|  52|0x0000000703400000, 0x00000007034ffff0, 0x0000000703500000| 99%| O|  |TS  0|AC  0|TAMS 0x0000000703400000, 0x0000000703400000|
|  53|0x0000000703500000, 0x00000007035fff18, 0x0000000703600000| 99%| O|  |TS  0|AC  0|TAMS 0x0000000703500000, 0x0000000703500000|
|  54|0x0000000703600000, 0x00000007036ffff8, 0x0000000703700000| 99%| O|  |TS  0|AC  0|TAMS 0x0000000703600000, 0x0000000703600000|
|  55|0x0000000703700000, 0x00000007037ffff8, 0x0000000703800000| 99%| O|  |TS  0|AC  0|TAMS 0x0000000703700000, 0x0000000703700000|
|  56|0x0000000703800000, 0x0000000703900000, 0x0000000703900000|100%| O|  |TS  0|AC  0|TAMS 0x0000000703800000, 0x0000000703800000|
|  57|0x0000000703900000, 0x00000007039cc1a0, 0x0000000703a00000| 79%| O|  |TS  0|AC  0|TAMS 0x0000000703900000, 0x0000000703900000|
|  58|0x0000000703a00000, 0x0000000703affff0, 0x0000000703b00000| 99%| O|  |TS  0|AC  0|TAMS 0x0000000703a00000, 0x0000000703a00000|
|  59|0x0000000703b00000, 0x0000000703bffec0, 0x0000000703c00000| 99%| O|  |TS  0|AC  0|TAMS 0x0000000703b00000, 0x0000000703b00000|
|  60|0x0000000703c00000, 0x0000000703d00000, 0x0000000703d00000|100%|HS|  |TS  0|AC  0|TAMS 0x0000000703c00000, 0x0000000703c00000|
|  61|0x0000000703d00000, 0x0000000703e00000, 0x0000000703e00000|100%| O|  |TS  0|AC  0|TAMS 0x0000000703d00000, 0x0000000703d00000|
|  62|0x0000000703e00000, 0x0000000703effe30, 0x0000000703f00000| 99%| O|  |TS  0|AC  0|TAMS 0x0000000703e00000, 0x0000000703e00000|
|  63|0x0000000703f00000, 0x0000000703fffff8, 0x0000000704000000| 99%| O|  |TS  0|AC  0|TAMS 0x0000000703f00000, 0x0000000703f00000|
|  64|0x0000000704000000, 0x0000000704100000, 0x0000000704100000|100%|HS|  |TS  0|AC  0|TAMS 0x0000000704000000, 0x0000000704000000|
|  65|0x0000000704100000, 0x0000000704200000, 0x0000000704200000|100%|HC|  |TS  0|AC  0|TAMS 0x0000000704100000, 0x0000000704100000|
|  66|0x0000000704200000, 0x0000000704300000, 0x0000000704300000|100%|HC|  |TS  0|AC  0|TAMS 0x0000000704200000, 0x0000000704200000|
|  67|0x0000000704300000, 0x0000000704400000, 0x0000000704400000|100%|HC|  |TS  0|AC  0|TAMS 0x0000000704300000, 0x0000000704300000|
|  68|0x0000000704400000, 0x0000000704500000, 0x0000000704500000|100%|HC|  |TS  0|AC  0|TAMS 0x0000000704400000, 0x0000000704400000|
|  69|0x0000000704500000, 0x0000000704600000, 0x0000000704600000|100%|HC|  |TS  0|AC  0|TAMS 0x0000000704500000, 0x0000000704500000|
|  70|0x0000000704600000, 0x0000000704700000, 0x0000000704700000|100%|HC|  |TS  0|AC  0|TAMS 0x0000000704600000, 0x0000000704600000|
|  71|0x0000000704700000, 0x0000000704800000, 0x0000000704800000|100%|HC|  |TS  0|AC  0|TAMS 0x0000000704700000, 0x0000000704700000|
|  72|0x0000000704800000, 0x00000007048fff48, 0x0000000704900000| 99%| O|  |TS  0|AC  0|TAMS 0x0000000704800000, 0x0000000704800000|
|  73|0x0000000704900000, 0x00000007049ffed8, 0x0000000704a00000| 99%| O|  |TS  0|AC  0|TAMS 0x0000000704900000, 0x0000000704900000|
|  74|0x0000000704a00000, 0x0000000704afffd8, 0x0000000704b00000| 99%| O|  |TS  0|AC  0|TAMS 0x0000000704a00000, 0x0000000704a00000|
|  75|0x0000000704b00000, 0x0000000704bfffe8, 0x0000000704c00000| 99%| O|  |TS  0|AC  0|TAMS 0x0000000704b00000, 0x0000000704b00000|
|  76|0x0000000704c00000, 0x0000000704d00000, 0x0000000704d00000|100%|HS|  |TS  0|AC  0|TAMS 0x0000000704c00000, 0x0000000704c00000|
|  77|0x0000000704d00000, 0x0000000704e00000, 0x0000000704e00000|100%|HC|  |TS  0|AC  0|TAMS 0x0000000704d00000, 0x0000000704d00000|
|  78|0x0000000704e00000, 0x0000000704f00000, 0x0000000704f00000|100%|HC|  |TS  0|AC  0|TAMS 0x0000000704e00000, 0x0000000704e00000|
|  79|0x0000000704f00000, 0x0000000705000000, 0x0000000705000000|100%|HC|  |TS  0|AC  0|TAMS 0x0000000704f00000, 0x0000000704f00000|
|  80|0x0000000705000000, 0x0000000705100000, 0x0000000705100000|100%|HC|  |TS  0|AC  0|TAMS 0x0000000705000000, 0x0000000705000000|
|  81|0x0000000705100000, 0x0000000705200000, 0x0000000705200000|100%|HC|  |TS  0|AC  0|TAMS 0x0000000705100000, 0x0000000705100000|
|  82|0x0000000705200000, 0x0000000705300000, 0x0000000705300000|100%|HC|  |TS  0|AC  0|TAMS 0x0000000705200000, 0x0000000705200000|
|  83|0x0000000705300000, 0x0000000705400000, 0x0000000705400000|100%|HC|  |TS  0|AC  0|TAMS 0x0000000705300000, 0x0000000705300000|
|  84|0x0000000705400000, 0x0000000705500000, 0x0000000705500000|100%|HC|  |TS  0|AC  0|TAMS 0x0000000705400000, 0x0000000705400000|
|  85|0x0000000705500000, 0x0000000705600000, 0x0000000705600000|100%|HC|  |TS  0|AC  0|TAMS 0x0000000705500000, 0x0000000705500000|
|  86|0x0000000705600000, 0x0000000705700000, 0x0000000705700000|100%|HC|  |TS  0|AC  0|TAMS 0x0000000705600000, 0x0000000705600000|
|  87|0x0000000705700000, 0x0000000705800000, 0x0000000705800000|100%|HC|  |TS  0|AC  0|TAMS 0x0000000705700000, 0x0000000705700000|
|  88|0x0000000705800000, 0x0000000705900000, 0x0000000705900000|100%|HC|  |TS  0|AC  0|TAMS 0x0000000705800000, 0x0000000705800000|
|  89|0x0000000705900000, 0x0000000705a00000, 0x0000000705a00000|100%|HC|  |TS  0|AC  0|TAMS 0x0000000705900000, 0x0000000705900000|
|  90|0x0000000705a00000, 0x0000000705b00000, 0x0000000705b00000|100%| O|  |TS  0|AC  0|TAMS 0x0000000705a00000, 0x0000000705a00000|
|  91|0x0000000705b00000, 0x0000000705bd3860, 0x0000000705c00000| 82%| O|  |TS  0|AC  0|TAMS 0x0000000705b00000, 0x0000000705b00000|
|  92|0x0000000705c00000, 0x0000000705d00000, 0x0000000705d00000|100%|HS|  |TS  0|AC  0|TAMS 0x0000000705c00000, 0x0000000705c00000|
|  93|0x0000000705d00000, 0x0000000705e00000, 0x0000000705e00000|100%|HC|  |TS  0|AC  0|TAMS 0x0000000705d00000, 0x0000000705d00000|
|  94|0x0000000705e00000, 0x0000000705f00000, 0x0000000705f00000|100%|HC|  |TS  0|AC  0|TAMS 0x0000000705e00000, 0x0000000705e00000|
|  95|0x0000000705f00000, 0x0000000706000000, 0x0000000706000000|100%|HC|  |TS  0|AC  0|TAMS 0x0000000705f00000, 0x0000000705f00000|
|  96|0x0000000706000000, 0x0000000706100000, 0x0000000706100000|100%|HC|  |TS  0|AC  0|TAMS 0x0000000706000000, 0x0000000706000000|
|  97|0x0000000706100000, 0x0000000706200000, 0x0000000706200000|100%|HC|  |TS  0|AC  0|TAMS 0x0000000706100000, 0x0000000706100000|
|  98|0x0000000706200000, 0x0000000706300000, 0x0000000706300000|100%|HC|  |TS  0|AC  0|TAMS 0x0000000706200000, 0x0000000706200000|
|  99|0x0000000706300000, 0x0000000706400000, 0x0000000706400000|100%|HC|  |TS  0|AC  0|TAMS 0x0000000706300000, 0x0000000706300000|
| 100|0x0000000706400000, 0x0000000706430a00, 0x0000000706500000| 18%| O|  |TS 39|AC  0|TAMS 0x0000000706400000, 0x0000000706400000|
| 101|0x0000000706500000, 0x0000000706500000, 0x0000000706600000|  0%| F|  |TS  0|AC  0|TAMS 0x0000000706500000, 0x0000000706500000|
| 102|0x0000000706600000, 0x0000000706600000, 0x0000000706700000|  0%| F|  |TS  0|AC  0|TAMS 0x0000000706600000, 0x0000000706600000|
| 103|0x0000000706700000, 0x0000000706700000, 0x0000000706800000|  0%| F|  |TS  0|AC  0|TAMS 0x0000000706700000, 0x0000000706700000|
| 104|0x0000000706800000, 0x0000000706800000, 0x0000000706900000|  0%| F|  |TS  0|AC  0|TAMS 0x0000000706800000, 0x0000000706800000|
| 105|0x0000000706900000, 0x0000000706900000, 0x0000000706a00000|  0%| F|  |TS  0|AC  0|TAMS 0x0000000706900000, 0x0000000706900000|
| 106|0x0000000706a00000, 0x0000000706a00000, 0x0000000706b00000|  0%| F|  |TS  0|AC  0|TAMS 0x0000000706a00000, 0x0000000706a00000|
| 107|0x0000000706b00000, 0x0000000706b00000, 0x0000000706c00000|  0%| F|  |TS  0|AC  0|TAMS 0x0000000706b00000, 0x0000000706b00000|
| 108|0x0000000706c00000, 0x0000000706c00000, 0x0000000706d00000|  0%| F|  |TS  0|AC  0|TAMS 0x0000000706c00000, 0x0000000706c00000|
| 109|0x0000000706d00000, 0x0000000706d00000, 0x0000000706e00000|  0%| F|  |TS  0|AC  0|TAMS 0x0000000706d00000, 0x0000000706d00000|
| 110|0x0000000706e00000, 0x0000000706e00000, 0x0000000706f00000|  0%| F|  |TS  0|AC  0|TAMS 0x0000000706e00000, 0x0000000706e00000|
| 111|0x0000000706f00000, 0x0000000706f00000, 0x0000000707000000|  0%| F|  |TS  0|AC  0|TAMS 0x0000000706f00000, 0x0000000706f00000|
| 112|0x0000000707000000, 0x0000000707000000, 0x0000000707100000|  0%| F|  |TS  0|AC  0|TAMS 0x0000000707000000, 0x0000000707000000|
| 113|0x0000000707100000, 0x0000000707100000, 0x0000000707200000|  0%| F|  |TS  0|AC  0|TAMS 0x0000000707100000, 0x0000000707100000|
| 114|0x0000000707200000, 0x0000000707200000, 0x0000000707300000|  0%| F|  |TS  0|AC  0|TAMS 0x0000000707200000, 0x0000000707200000|
| 115|0x0000000707300000, 0x0000000707400000, 0x0000000707400000|100%|HS|  |TS  0|AC  0|TAMS 0x0000000707300000, 0x0000000707300000|
| 116|0x0000000707400000, 0x0000000707500000, 0x0000000707500000|100%|HC|  |TS  0|AC  0|TAMS 0x0000000707400000, 0x0000000707400000|
| 117|0x0000000707500000, 0x0000000707600000, 0x0000000707600000|100%|HC|  |TS  0|AC  0|TAMS 0x0000000707500000, 0x0000000707500000|
| 118|0x0000000707600000, 0x0000000707700000, 0x0000000707700000|100%|HC|  |TS  0|AC  0|TAMS 0x0000000707600000, 0x0000000707600000|
| 119|0x0000000707700000, 0x0000000707800000, 0x0000000707800000|100%|HC|  |TS  0|AC  0|TAMS 0x0000000707700000, 0x0000000707700000|
| 120|0x0000000707800000, 0x0000000707800000, 0x0000000707900000|  0%| F|  |TS  0|AC  0|TAMS 0x0000000707800000, 0x0000000707800000|
| 121|0x0000000707900000, 0x0000000707900000, 0x0000000707a00000|  0%| F|  |TS  0|AC  0|TAMS 0x0000000707900000, 0x0000000707900000|
| 122|0x0000000707a00000, 0x0000000707a00000, 0x0000000707b00000|  0%| F|  |TS  0|AC  0|TAMS 0x0000000707a00000, 0x0000000707a00000|
| 123|0x0000000707b00000, 0x0000000707b00000, 0x0000000707c00000|  0%| F|  |TS  0|AC  0|TAMS 0x0000000707b00000, 0x0000000707b00000|
| 124|0x0000000707c00000, 0x0000000707c00000, 0x0000000707d00000|  0%| F|  |TS  0|AC  0|TAMS 0x0000000707c00000, 0x0000000707c00000|
| 125|0x0000000707d00000, 0x0000000707d00000, 0x0000000707e00000|  0%| F|  |TS  0|AC  0|TAMS 0x0000000707d00000, 0x0000000707d00000|
| 126|0x0000000707e00000, 0x0000000707e00000, 0x0000000707f00000|  0%| F|  |TS  0|AC  0|TAMS 0x0000000707e00000, 0x0000000707e00000|
| 127|0x0000000707f00000, 0x0000000707f00000, 0x0000000708000000|  0%| F|  |TS  0|AC  0|TAMS 0x0000000707f00000, 0x0000000707f00000|
| 128|0x0000000708000000, 0x0000000708000000, 0x0000000708100000|  0%| F|  |TS  0|AC  0|TAMS 0x0000000708000000, 0x0000000708000000|
| 129|0x0000000708100000, 0x0000000708100000, 0x0000000708200000|  0%| F|  |TS  0|AC  0|TAMS 0x0000000708100000, 0x0000000708100000|
| 130|0x0000000708200000, 0x0000000708200000, 0x0000000708300000|  0%| F|  |TS  0|AC  0|TAMS 0x0000000708200000, 0x0000000708200000|
| 131|0x0000000708300000, 0x0000000708300000, 0x0000000708400000|  0%| F|  |TS  0|AC  0|TAMS 0x0000000708300000, 0x0000000708300000|
| 132|0x0000000708400000, 0x0000000708400000, 0x0000000708500000|  0%| F|  |TS  0|AC  0|TAMS 0x0000000708400000, 0x0000000708400000|
| 133|0x0000000708500000, 0x0000000708500000, 0x0000000708600000|  0%| F|  |TS  0|AC  0|TAMS 0x0000000708500000, 0x0000000708500000|
| 134|0x0000000708600000, 0x0000000708600000, 0x0000000708700000|  0%| F|  |TS  0|AC  0|TAMS 0x0000000708600000, 0x0000000708600000|
| 135|0x0000000708700000, 0x0000000708700000, 0x0000000708800000|  0%| F|  |TS  0|AC  0|TAMS 0x0000000708700000, 0x0000000708700000|
| 136|0x0000000708800000, 0x0000000708800000, 0x0000000708900000|  0%| F|  |TS  0|AC  0|TAMS 0x0000000708800000, 0x0000000708800000|
| 137|0x0000000708900000, 0x0000000708900000, 0x0000000708a00000|  0%| F|  |TS  0|AC  0|TAMS 0x0000000708900000, 0x0000000708900000|
| 138|0x0000000708a00000, 0x0000000708a00000, 0x0000000708b00000|  0%| F|  |TS  0|AC  0|TAMS 0x0000000708a00000, 0x0000000708a00000|
| 139|0x0000000708b00000, 0x0000000708b00000, 0x0000000708c00000|  0%| F|  |TS  0|AC  0|TAMS 0x0000000708b00000, 0x0000000708b00000|
| 140|0x0000000708c00000, 0x0000000708c00000, 0x0000000708d00000|  0%| F|  |TS  0|AC  0|TAMS 0x0000000708c00000, 0x0000000708c00000|
| 141|0x0000000708d00000, 0x0000000708d00000, 0x0000000708e00000|  0%| F|  |TS  0|AC  0|TAMS 0x0000000708d00000, 0x0000000708d00000|
| 142|0x0000000708e00000, 0x0000000708e00000, 0x0000000708f00000|  0%| F|  |TS  0|AC  0|TAMS 0x0000000708e00000, 0x0000000708e00000|
| 143|0x0000000708f00000, 0x0000000708f00000, 0x0000000709000000|  0%| F|  |TS  0|AC  0|TAMS 0x0000000708f00000, 0x0000000708f00000|
| 144|0x0000000709000000, 0x0000000709000000, 0x0000000709100000|  0%| F|  |TS  0|AC  0|TAMS 0x0000000709000000, 0x0000000709000000|
| 145|0x0000000709100000, 0x0000000709100000, 0x0000000709200000|  0%| F|  |TS  0|AC  0|TAMS 0x0000000709100000, 0x0000000709100000|
| 146|0x0000000709200000, 0x0000000709200000, 0x0000000709300000|  0%| F|  |TS  0|AC  0|TAMS 0x0000000709200000, 0x0000000709200000|
| 147|0x0000000709300000, 0x0000000709300000, 0x0000000709400000|  0%| F|  |TS  0|AC  0|TAMS 0x0000000709300000, 0x0000000709300000|
| 148|0x0000000709400000, 0x0000000709400000, 0x0000000709500000|  0%| F|  |TS  0|AC  0|TAMS 0x0000000709400000, 0x0000000709400000|
| 149|0x0000000709500000, 0x0000000709500000, 0x0000000709600000|  0%| F|  |TS  0|AC  0|TAMS 0x0000000709500000, 0x0000000709500000|
| 150|0x0000000709600000, 0x0000000709600000, 0x0000000709700000|  0%| F|  |TS  0|AC  0|TAMS 0x0000000709600000, 0x0000000709600000|
| 151|0x0000000709700000, 0x0000000709700000, 0x0000000709800000|  0%| F|  |TS  0|AC  0|TAMS 0x0000000709700000, 0x0000000709700000|
| 152|0x0000000709800000, 0x0000000709800000, 0x0000000709900000|  0%| F|  |TS  0|AC  0|TAMS 0x0000000709800000, 0x0000000709800000|
| 153|0x0000000709900000, 0x0000000709900000, 0x0000000709a00000|  0%| F|  |TS  0|AC  0|TAMS 0x0000000709900000, 0x0000000709900000|
| 154|0x0000000709a00000, 0x0000000709a00000, 0x0000000709b00000|  0%| F|  |TS  0|AC  0|TAMS 0x0000000709a00000, 0x0000000709a00000|
| 155|0x0000000709b00000, 0x0000000709b00000, 0x0000000709c00000|  0%| F|  |TS  0|AC  0|TAMS 0x0000000709b00000, 0x0000000709b00000|
| 156|0x0000000709c00000, 0x0000000709c00000, 0x0000000709d00000|  0%| F|  |TS  0|AC  0|TAMS 0x0000000709c00000, 0x0000000709c00000|
| 157|0x0000000709d00000, 0x0000000709d00000, 0x0000000709e00000|  0%| F|  |TS  0|AC  0|TAMS 0x0000000709d00000, 0x0000000709d00000|
| 158|0x0000000709e00000, 0x0000000709e00000, 0x0000000709f00000|  0%| F|  |TS  0|AC  0|TAMS 0x0000000709e00000, 0x0000000709e00000|
| 159|0x0000000709f00000, 0x0000000709f00000, 0x000000070a000000|  0%| F|  |TS  0|AC  0|TAMS 0x0000000709f00000, 0x0000000709f00000|
| 160|0x000000070a000000, 0x000000070a000000, 0x000000070a100000|  0%| F|  |TS  0|AC  0|TAMS 0x000000070a000000, 0x000000070a000000|
| 161|0x000000070a100000, 0x000000070a100000, 0x000000070a200000|  0%| F|  |TS  0|AC  0|TAMS 0x000000070a100000, 0x000000070a100000|
| 162|0x000000070a200000, 0x000000070a200000, 0x000000070a300000|  0%| F|  |TS  0|AC  0|TAMS 0x000000070a200000, 0x000000070a200000|
| 163|0x000000070a300000, 0x000000070a300000, 0x000000070a400000|  0%| F|  |TS  0|AC  0|TAMS 0x000000070a300000, 0x000000070a300000|
| 164|0x000000070a400000, 0x000000070a400000, 0x000000070a500000|  0%| F|  |TS  0|AC  0|TAMS 0x000000070a400000, 0x000000070a400000|
| 165|0x000000070a500000, 0x000000070a500000, 0x000000070a600000|  0%| F|  |TS  0|AC  0|TAMS 0x000000070a500000, 0x000000070a500000|
| 166|0x000000070a600000, 0x000000070a600000, 0x000000070a700000|  0%| F|  |TS  0|AC  0|TAMS 0x000000070a600000, 0x000000070a600000|
| 167|0x000000070a700000, 0x000000070a700000, 0x000000070a800000|  0%| F|  |TS  0|AC  0|TAMS 0x000000070a700000, 0x000000070a700000|
| 168|0x000000070a800000, 0x000000070a800000, 0x000000070a900000|  0%| F|  |TS  0|AC  0|TAMS 0x000000070a800000, 0x000000070a800000|
| 169|0x000000070a900000, 0x000000070a900000, 0x000000070aa00000|  0%| F|  |TS  0|AC  0|TAMS 0x000000070a900000, 0x000000070a900000|
| 170|0x000000070aa00000, 0x000000070aa00000, 0x000000070ab00000|  0%| F|  |TS  0|AC  0|TAMS 0x000000070aa00000, 0x000000070aa00000|
| 171|0x000000070ab00000, 0x000000070ab00000, 0x000000070ac00000|  0%| F|  |TS  0|AC  0|TAMS 0x000000070ab00000, 0x000000070ab00000|
| 172|0x000000070ac00000, 0x000000070ac00000, 0x000000070ad00000|  0%| F|  |TS  0|AC  0|TAMS 0x000000070ac00000, 0x000000070ac00000|
| 173|0x000000070ad00000, 0x000000070ad00000, 0x000000070ae00000|  0%| F|  |TS  0|AC  0|TAMS 0x000000070ad00000, 0x000000070ad00000|
| 174|0x000000070ae00000, 0x000000070ae00000, 0x000000070af00000|  0%| F|  |TS  0|AC  0|TAMS 0x000000070ae00000, 0x000000070ae00000|
| 175|0x000000070af00000, 0x000000070af00000, 0x000000070b000000|  0%| F|  |TS  0|AC  0|TAMS 0x000000070af00000, 0x000000070af00000|
| 176|0x000000070b000000, 0x000000070b000000, 0x000000070b100000|  0%| F|  |TS  0|AC  0|TAMS 0x000000070b000000, 0x000000070b000000|
| 177|0x000000070b100000, 0x000000070b100000, 0x000000070b200000|  0%| F|  |TS  0|AC  0|TAMS 0x000000070b100000, 0x000000070b100000|
| 178|0x000000070b200000, 0x000000070b200000, 0x000000070b300000|  0%| F|  |TS  0|AC  0|TAMS 0x000000070b200000, 0x000000070b200000|
| 179|0x000000070b300000, 0x000000070b300000, 0x000000070b400000|  0%| F|  |TS  0|AC  0|TAMS 0x000000070b300000, 0x000000070b300000|
| 180|0x000000070b400000, 0x000000070b400000, 0x000000070b500000|  0%| F|  |TS  0|AC  0|TAMS 0x000000070b400000, 0x000000070b400000|
| 181|0x000000070b500000, 0x000000070b500000, 0x000000070b600000|  0%| F|  |TS  0|AC  0|TAMS 0x000000070b500000, 0x000000070b500000|
| 182|0x000000070b600000, 0x000000070b600000, 0x000000070b700000|  0%| F|  |TS  0|AC  0|TAMS 0x000000070b600000, 0x000000070b600000|
| 183|0x000000070b700000, 0x000000070b700000, 0x000000070b800000|  0%| F|  |TS  0|AC  0|TAMS 0x000000070b700000, 0x000000070b700000|
| 184|0x000000070b800000, 0x000000070b800000, 0x000000070b900000|  0%| F|  |TS  0|AC  0|TAMS 0x000000070b800000, 0x000000070b800000|
| 185|0x000000070b900000, 0x000000070b900000, 0x000000070ba00000|  0%| F|  |TS  0|AC  0|TAMS 0x000000070b900000, 0x000000070b900000|
| 186|0x000000070ba00000, 0x000000070ba00000, 0x000000070bb00000|  0%| F|  |TS  0|AC  0|TAMS 0x000000070ba00000, 0x000000070ba00000|
| 187|0x000000070bb00000, 0x000000070bb00000, 0x000000070bc00000|  0%| F|  |TS  0|AC  0|TAMS 0x000000070bb00000, 0x000000070bb00000|
| 188|0x000000070bc00000, 0x000000070bc00000, 0x000000070bd00000|  0%| F|  |TS  0|AC  0|TAMS 0x000000070bc00000, 0x000000070bc00000|
| 189|0x000000070bd00000, 0x000000070bd00000, 0x000000070be00000|  0%| F|  |TS  0|AC  0|TAMS 0x000000070bd00000, 0x000000070bd00000|
| 190|0x000000070be00000, 0x000000070be00000, 0x000000070bf00000|  0%| F|  |TS  0|AC  0|TAMS 0x000000070be00000, 0x000000070be00000|
| 191|0x000000070bf00000, 0x000000070bf00000, 0x000000070c000000|  0%| F|  |TS  0|AC  0|TAMS 0x000000070bf00000, 0x000000070bf00000|
| 192|0x000000070c000000, 0x000000070c000000, 0x000000070c100000|  0%| F|  |TS  0|AC  0|TAMS 0x000000070c000000, 0x000000070c000000|
| 193|0x000000070c100000, 0x000000070c100000, 0x000000070c200000|  0%| F|  |TS  0|AC  0|TAMS 0x000000070c100000, 0x000000070c100000|
| 194|0x000000070c200000, 0x000000070c200000, 0x000000070c300000|  0%| F|  |TS  0|AC  0|TAMS 0x000000070c200000, 0x000000070c200000|
| 195|0x000000070c300000, 0x000000070c300000, 0x000000070c400000|  0%| F|  |TS  0|AC  0|TAMS 0x000000070c300000, 0x000000070c300000|
| 196|0x000000070c400000, 0x000000070c400000, 0x000000070c500000|  0%| F|  |TS  0|AC  0|TAMS 0x000000070c400000, 0x000000070c400000|
| 197|0x000000070c500000, 0x000000070c500000, 0x000000070c600000|  0%| F|  |TS  0|AC  0|TAMS 0x000000070c500000, 0x000000070c500000|
| 198|0x000000070c600000, 0x000000070c600000, 0x000000070c700000|  0%| F|  |TS  0|AC  0|TAMS 0x000000070c600000, 0x000000070c600000|
| 199|0x000000070c700000, 0x000000070c700000, 0x000000070c800000|  0%| F|  |TS  0|AC  0|TAMS 0x000000070c700000, 0x000000070c700000|
| 200|0x000000070c800000, 0x000000070c800000, 0x000000070c900000|  0%| F|  |TS  0|AC  0|TAMS 0x000000070c800000, 0x000000070c800000|
| 201|0x000000070c900000, 0x000000070c900000, 0x000000070ca00000|  0%| F|  |TS  0|AC  0|TAMS 0x000000070c900000, 0x000000070c900000|
| 202|0x000000070ca00000, 0x000000070ca00000, 0x000000070cb00000|  0%| F|  |TS  0|AC  0|TAMS 0x000000070ca00000, 0x000000070ca00000|
| 203|0x000000070cb00000, 0x000000070cb00000, 0x000000070cc00000|  0%| F|  |TS  0|AC  0|TAMS 0x000000070cb00000, 0x000000070cb00000|
| 204|0x000000070cc00000, 0x000000070cc00000, 0x000000070cd00000|  0%| F|  |TS  0|AC  0|TAMS 0x000000070cc00000, 0x000000070cc00000|
| 205|0x000000070cd00000, 0x000000070cd00000, 0x000000070ce00000|  0%| F|  |TS  0|AC  0|TAMS 0x000000070cd00000, 0x000000070cd00000|
| 206|0x000000070ce00000, 0x000000070ce00000, 0x000000070cf00000|  0%| F|  |TS  0|AC  0|TAMS 0x000000070ce00000, 0x000000070ce00000|
| 207|0x000000070cf00000, 0x000000070cf00000, 0x000000070d000000|  0%| F|  |TS  0|AC  0|TAMS 0x000000070cf00000, 0x000000070cf00000|
| 208|0x000000070d000000, 0x000000070d000000, 0x000000070d100000|  0%| F|  |TS  0|AC  0|TAMS 0x000000070d000000, 0x000000070d000000|
| 209|0x000000070d100000, 0x000000070d100000, 0x000000070d200000|  0%| F|  |TS  0|AC  0|TAMS 0x000000070d100000, 0x000000070d100000|
| 210|0x000000070d200000, 0x000000070d200000, 0x000000070d300000|  0%| F|  |TS  0|AC  0|TAMS 0x000000070d200000, 0x000000070d200000|
| 211|0x000000070d300000, 0x000000070d300000, 0x000000070d400000|  0%| F|  |TS  0|AC  0|TAMS 0x000000070d300000, 0x000000070d300000|
| 212|0x000000070d400000, 0x000000070d400000, 0x000000070d500000|  0%| F|  |TS  0|AC  0|TAMS 0x000000070d400000, 0x000000070d400000|
| 213|0x000000070d500000, 0x000000070d500000, 0x000000070d600000|  0%| F|  |TS  0|AC  0|TAMS 0x000000070d500000, 0x000000070d500000|
| 214|0x000000070d600000, 0x000000070d600000, 0x000000070d700000|  0%| F|  |TS  0|AC  0|TAMS 0x000000070d600000, 0x000000070d600000|
| 215|0x000000070d700000, 0x000000070d700000, 0x000000070d800000|  0%| F|  |TS  0|AC  0|TAMS 0x000000070d700000, 0x000000070d700000|
| 216|0x000000070d800000, 0x000000070d800000, 0x000000070d900000|  0%| F|  |TS  0|AC  0|TAMS 0x000000070d800000, 0x000000070d800000|
| 217|0x000000070d900000, 0x000000070d900000, 0x000000070da00000|  0%| F|  |TS  0|AC  0|TAMS 0x000000070d900000, 0x000000070d900000|
| 218|0x000000070da00000, 0x000000070da00000, 0x000000070db00000|  0%| F|  |TS  0|AC  0|TAMS 0x000000070da00000, 0x000000070da00000|
| 219|0x000000070db00000, 0x000000070db00000, 0x000000070dc00000|  0%| F|  |TS  0|AC  0|TAMS 0x000000070db00000, 0x000000070db00000|
| 220|0x000000070dc00000, 0x000000070dc00000, 0x000000070dd00000|  0%| F|  |TS  0|AC  0|TAMS 0x000000070dc00000, 0x000000070dc00000|
| 221|0x000000070dd00000, 0x000000070dd00000, 0x000000070de00000|  0%| F|  |TS  0|AC  0|TAMS 0x000000070dd00000, 0x000000070dd00000|
| 222|0x000000070de00000, 0x000000070de00000, 0x000000070df00000|  0%| F|  |TS  0|AC  0|TAMS 0x000000070de00000, 0x000000070de00000|
| 223|0x000000070df00000, 0x000000070df00000, 0x000000070e000000|  0%| F|  |TS  0|AC  0|TAMS 0x000000070df00000, 0x000000070df00000|
| 224|0x000000070e000000, 0x000000070e000000, 0x000000070e100000|  0%| F|  |TS  0|AC  0|TAMS 0x000000070e000000, 0x000000070e000000|
| 225|0x000000070e100000, 0x000000070e100000, 0x000000070e200000|  0%| F|  |TS  0|AC  0|TAMS 0x000000070e100000, 0x000000070e100000|
| 226|0x000000070e200000, 0x000000070e200000, 0x000000070e300000|  0%| F|  |TS  0|AC  0|TAMS 0x000000070e200000, 0x000000070e200000|
| 227|0x000000070e300000, 0x000000070e300000, 0x000000070e400000|  0%| F|  |TS  0|AC  0|TAMS 0x000000070e300000, 0x000000070e300000|
| 228|0x000000070e400000, 0x000000070e400000, 0x000000070e500000|  0%| F|  |TS  0|AC  0|TAMS 0x000000070e400000, 0x000000070e400000|
| 229|0x000000070e500000, 0x000000070e500000, 0x000000070e600000|  0%| F|  |TS  0|AC  0|TAMS 0x000000070e500000, 0x000000070e500000|
| 230|0x000000070e600000, 0x000000070e600000, 0x000000070e700000|  0%| F|  |TS  0|AC  0|TAMS 0x000000070e600000, 0x000000070e600000|
| 231|0x000000070e700000, 0x000000070e700000, 0x000000070e800000|  0%| F|  |TS  0|AC  0|TAMS 0x000000070e700000, 0x000000070e700000|
| 232|0x000000070e800000, 0x000000070e800000, 0x000000070e900000|  0%| F|  |TS  0|AC  0|TAMS 0x000000070e800000, 0x000000070e800000|
| 233|0x000000070e900000, 0x000000070e900000, 0x000000070ea00000|  0%| F|  |TS  0|AC  0|TAMS 0x000000070e900000, 0x000000070e900000|
| 234|0x000000070ea00000, 0x000000070ea00000, 0x000000070eb00000|  0%| F|  |TS  0|AC  0|TAMS 0x000000070ea00000, 0x000000070ea00000|
| 235|0x000000070eb00000, 0x000000070eb00000, 0x000000070ec00000|  0%| F|  |TS  0|AC  0|TAMS 0x000000070eb00000, 0x000000070eb00000|
| 236|0x000000070ec00000, 0x000000070ec00000, 0x000000070ed00000|  0%| F|  |TS  0|AC  0|TAMS 0x000000070ec00000, 0x000000070ec00000|
| 237|0x000000070ed00000, 0x000000070ed00000, 0x000000070ee00000|  0%| F|  |TS  0|AC  0|TAMS 0x000000070ed00000, 0x000000070ed00000|
| 238|0x000000070ee00000, 0x000000070ee00000, 0x000000070ef00000|  0%| F|  |TS  0|AC  0|TAMS 0x000000070ee00000, 0x000000070ee00000|
| 239|0x000000070ef00000, 0x000000070ef00000, 0x000000070f000000|  0%| F|  |TS 29|AC  0|TAMS 0x000000070ef00000, 0x000000070ef00000|
| 240|0x000000070f000000, 0x000000070f088b38, 0x000000070f100000| 53%| S|CS|TS 39|AC  0|TAMS 0x000000070f000000, 0x000000070f000000|
| 241|0x000000070f100000, 0x000000070f100000, 0x000000070f200000|  0%| F|  |TS 39|AC  0|TAMS 0x000000070f100000, 0x000000070f100000|
| 242|0x000000070f200000, 0x000000070f200000, 0x000000070f300000|  0%| F|  |TS 39|AC  0|TAMS 0x000000070f200000, 0x000000070f200000|
| 243|0x000000070f300000, 0x000000070f300000, 0x000000070f400000|  0%| F|  |TS 39|AC  0|TAMS 0x000000070f300000, 0x000000070f300000|
| 244|0x000000070f400000, 0x000000070f400000, 0x000000070f500000|  0%| F|  |TS 39|AC  0|TAMS 0x000000070f400000, 0x000000070f400000|
| 245|0x000000070f500000, 0x000000070f500000, 0x000000070f600000|  0%| F|  |TS 39|AC  0|TAMS 0x000000070f500000, 0x000000070f500000|
| 246|0x000000070f600000, 0x000000070f6bb060, 0x000000070f700000| 73%| E|  |TS 39|AC  0|TAMS 0x000000070f600000, 0x000000070f600000|
| 247|0x000000070f700000, 0x000000070f800000, 0x000000070f800000|100%| E|CS|TS 39|AC  0|TAMS 0x000000070f700000, 0x000000070f700000|
| 248|0x000000070f800000, 0x000000070f900000, 0x000000070f900000|100%| E|CS|TS 39|AC  0|TAMS 0x000000070f800000, 0x000000070f800000|
| 249|0x000000070f900000, 0x000000070fa00000, 0x000000070fa00000|100%| E|CS|TS 39|AC  0|TAMS 0x000000070f900000, 0x000000070f900000|
| 250|0x000000070fa00000, 0x000000070fb00000, 0x000000070fb00000|100%| E|CS|TS 39|AC  0|TAMS 0x000000070fa00000, 0x000000070fa00000|
| 251|0x000000070fb00000, 0x000000070fc00000, 0x000000070fc00000|100%| E|CS|TS 39|AC  0|TAMS 0x000000070fb00000, 0x000000070fb00000|
| 252|0x000000070fc00000, 0x000000070fd00000, 0x000000070fd00000|100%| E|CS|TS 39|AC  0|TAMS 0x000000070fc00000, 0x000000070fc00000|
| 253|0x000000070fd00000, 0x000000070fe00000, 0x000000070fe00000|100%| E|CS|TS 39|AC  0|TAMS 0x000000070fd00000, 0x000000070fd00000|
| 254|0x000000070fe00000, 0x000000070ff00000, 0x000000070ff00000|100%| E|CS|TS 39|AC  0|TAMS 0x000000070fe00000, 0x000000070fe00000|
| 255|0x000000070ff00000, 0x0000000710000000, 0x0000000710000000|100%| E|CS|TS 39|AC  0|TAMS 0x000000070ff00000, 0x000000070ff00000|
| 256|0x0000000710000000, 0x0000000710100000, 0x0000000710100000|100%| E|CS|TS 39|AC  0|TAMS 0x0000000710000000, 0x0000000710000000|
| 257|0x0000000710100000, 0x0000000710200000, 0x0000000710200000|100%| E|CS|TS 39|AC  0|TAMS 0x0000000710100000, 0x0000000710100000|
| 258|0x0000000710200000, 0x0000000710300000, 0x0000000710300000|100%| E|CS|TS 39|AC  0|TAMS 0x0000000710200000, 0x0000000710200000|
| 259|0x0000000710300000, 0x0000000710400000, 0x0000000710400000|100%| E|CS|TS 39|AC  0|TAMS 0x0000000710300000, 0x0000000710300000|
| 260|0x0000000710400000, 0x0000000710500000, 0x0000000710500000|100%| E|CS|TS 39|AC  0|TAMS 0x0000000710400000, 0x0000000710400000|
| 261|0x0000000710500000, 0x0000000710600000, 0x0000000710600000|100%| E|CS|TS 39|AC  0|TAMS 0x0000000710500000, 0x0000000710500000|
| 262|0x0000000710600000, 0x0000000710700000, 0x0000000710700000|100%| E|CS|TS 39|AC  0|TAMS 0x0000000710600000, 0x0000000710600000|
| 263|0x0000000710700000, 0x0000000710800000, 0x0000000710800000|100%| E|CS|TS 39|AC  0|TAMS 0x0000000710700000, 0x0000000710700000|
| 264|0x0000000710800000, 0x0000000710900000, 0x0000000710900000|100%| E|CS|TS 39|AC  0|TAMS 0x0000000710800000, 0x0000000710800000|
| 265|0x0000000710900000, 0x0000000710a00000, 0x0000000710a00000|100%| E|CS|TS 39|AC  0|TAMS 0x0000000710900000, 0x0000000710900000|
| 266|0x0000000710a00000, 0x0000000710b00000, 0x0000000710b00000|100%| E|CS|TS 39|AC  0|TAMS 0x0000000710a00000, 0x0000000710a00000|
| 267|0x0000000710b00000, 0x0000000710c00000, 0x0000000710c00000|100%| E|CS|TS 39|AC  0|TAMS 0x0000000710b00000, 0x0000000710b00000|
| 268|0x0000000710c00000, 0x0000000710d00000, 0x0000000710d00000|100%| E|CS|TS 39|AC  0|TAMS 0x0000000710c00000, 0x0000000710c00000|
| 269|0x0000000710d00000, 0x0000000710e00000, 0x0000000710e00000|100%| E|CS|TS 39|AC  0|TAMS 0x0000000710d00000, 0x0000000710d00000|
| 270|0x0000000710e00000, 0x0000000710f00000, 0x0000000710f00000|100%| E|CS|TS 39|AC  0|TAMS 0x0000000710e00000, 0x0000000710e00000|
| 271|0x0000000710f00000, 0x0000000711000000, 0x0000000711000000|100%| E|CS|TS 39|AC  0|TAMS 0x0000000710f00000, 0x0000000710f00000|
| 272|0x0000000711000000, 0x0000000711100000, 0x0000000711100000|100%| E|CS|TS 39|AC  0|TAMS 0x0000000711000000, 0x0000000711000000|
| 273|0x0000000711100000, 0x0000000711200000, 0x0000000711200000|100%| E|CS|TS 39|AC  0|TAMS 0x0000000711100000, 0x0000000711100000|
| 274|0x0000000711200000, 0x0000000711300000, 0x0000000711300000|100%| E|CS|TS 39|AC  0|TAMS 0x0000000711200000, 0x0000000711200000|
| 275|0x0000000711300000, 0x0000000711400000, 0x0000000711400000|100%| E|CS|TS 39|AC  0|TAMS 0x0000000711300000, 0x0000000711300000|
| 276|0x0000000711400000, 0x0000000711500000, 0x0000000711500000|100%| E|CS|TS 39|AC  0|TAMS 0x0000000711400000, 0x0000000711400000|
| 277|0x0000000711500000, 0x0000000711600000, 0x0000000711600000|100%| E|CS|TS 39|AC  0|TAMS 0x0000000711500000, 0x0000000711500000|
| 278|0x0000000711600000, 0x0000000711700000, 0x0000000711700000|100%| E|CS|TS 39|AC  0|TAMS 0x0000000711600000, 0x0000000711600000|
| 279|0x0000000711700000, 0x0000000711800000, 0x0000000711800000|100%| E|CS|TS 39|AC  0|TAMS 0x0000000711700000, 0x0000000711700000|
| 280|0x0000000711800000, 0x0000000711900000, 0x0000000711900000|100%| E|CS|TS 39|AC  0|TAMS 0x0000000711800000, 0x0000000711800000|
| 281|0x0000000711900000, 0x0000000711a00000, 0x0000000711a00000|100%| E|CS|TS 39|AC  0|TAMS 0x0000000711900000, 0x0000000711900000|
| 282|0x0000000711a00000, 0x0000000711b00000, 0x0000000711b00000|100%| E|CS|TS 39|AC  0|TAMS 0x0000000711a00000, 0x0000000711a00000|
| 283|0x0000000711b00000, 0x0000000711c00000, 0x0000000711c00000|100%| E|CS|TS 39|AC  0|TAMS 0x0000000711b00000, 0x0000000711b00000|
| 284|0x0000000711c00000, 0x0000000711d00000, 0x0000000711d00000|100%| E|CS|TS 39|AC  0|TAMS 0x0000000711c00000, 0x0000000711c00000|
| 285|0x0000000711d00000, 0x0000000711e00000, 0x0000000711e00000|100%| E|CS|TS 39|AC  0|TAMS 0x0000000711d00000, 0x0000000711d00000|
| 286|0x0000000711e00000, 0x0000000711f00000, 0x0000000711f00000|100%| E|CS|TS 39|AC  0|TAMS 0x0000000711e00000, 0x0000000711e00000|
| 287|0x0000000711f00000, 0x0000000712000000, 0x0000000712000000|100%| E|CS|TS 39|AC  0|TAMS 0x0000000711f00000, 0x0000000711f00000|
| 288|0x0000000712000000, 0x0000000712100000, 0x0000000712100000|100%| E|CS|TS 39|AC  0|TAMS 0x0000000712000000, 0x0000000712000000|
| 289|0x0000000712100000, 0x0000000712200000, 0x0000000712200000|100%| E|CS|TS 39|AC  0|TAMS 0x0000000712100000, 0x0000000712100000|
| 290|0x0000000712200000, 0x0000000712300000, 0x0000000712300000|100%| E|CS|TS 39|AC  0|TAMS 0x0000000712200000, 0x0000000712200000|
| 291|0x0000000712300000, 0x0000000712400000, 0x0000000712400000|100%| E|CS|TS 39|AC  0|TAMS 0x0000000712300000, 0x0000000712300000|
| 292|0x0000000712400000, 0x0000000712500000, 0x0000000712500000|100%| E|CS|TS 39|AC  0|TAMS 0x0000000712400000, 0x0000000712400000|
| 293|0x0000000712500000, 0x0000000712600000, 0x0000000712600000|100%| E|CS|TS 39|AC  0|TAMS 0x0000000712500000, 0x0000000712500000|
| 294|0x0000000712600000, 0x0000000712700000, 0x0000000712700000|100%| E|CS|TS 39|AC  0|TAMS 0x0000000712600000, 0x0000000712600000|
| 295|0x0000000712700000, 0x0000000712800000, 0x0000000712800000|100%| E|CS|TS 39|AC  0|TAMS 0x0000000712700000, 0x0000000712700000|
| 296|0x0000000712800000, 0x0000000712900000, 0x0000000712900000|100%| E|CS|TS 39|AC  0|TAMS 0x0000000712800000, 0x0000000712800000|
| 297|0x0000000712900000, 0x0000000712a00000, 0x0000000712a00000|100%| E|CS|TS 39|AC  0|TAMS 0x0000000712900000, 0x0000000712900000|
| 298|0x0000000712a00000, 0x0000000712b00000, 0x0000000712b00000|100%| E|CS|TS 39|AC  0|TAMS 0x0000000712a00000, 0x0000000712a00000|
| 299|0x0000000712b00000, 0x0000000712c00000, 0x0000000712c00000|100%| E|CS|TS 39|AC  0|TAMS 0x0000000712b00000, 0x0000000712b00000|
| 300|0x0000000712c00000, 0x0000000712d00000, 0x0000000712d00000|100%| E|CS|TS 39|AC  0|TAMS 0x0000000712c00000, 0x0000000712c00000|

Card table byte_map: [0x000001e44dc80000,0x000001e44e280000] byte_map_base: 0x000001e44a480000

Marking Bits (Prev, Next): (CMBitMap*) 0x000001e44bad3ee0, (CMBitMap*) 0x000001e44bad3f18
 Prev Bits: [0x000001e465770000, 0x000001e468770000)
 Next Bits: [0x000001e468770000, 0x000001e46b770000)

Polling page: 0x000001e441ec0000

CodeHeap 'non-profiled nmethods': size=119168Kb used=27033Kb max_used=27033Kb free=92134Kb
 bounds [0x000001e45e310000, 0x000001e45fd80000, 0x000001e465770000]
CodeHeap 'profiled nmethods': size=119168Kb used=53905Kb max_used=53905Kb free=65262Kb
 bounds [0x000001e456eb0000, 0x000001e45a3b0000, 0x000001e45e310000]
CodeHeap 'non-nmethods': size=7424Kb used=3571Kb max_used=3628Kb free=3852Kb
 bounds [0x000001e456770000, 0x000001e456b20000, 0x000001e456eb0000]
 total_blobs=40077 nmethods=21273 adapters=1262
 compilation: enabled

Compilation events (10 events):
Event: 4015.920 Thread 0x000001e44d419000 nmethod 27259 0x000001e45a3a1190 code [0x000001e45a3a1340, 0x000001e45a3a1498]
Event: 4015.920 Thread 0x000001e44d419000 27260       3       java.awt.DefaultKeyboardFocusManager::access$110 (12 bytes)
Event: 4015.920 Thread 0x000001e44d419000 nmethod 27260 0x000001e45a3a1590 code [0x000001e45a3a1740, 0x000001e45a3a1898]
Event: 4015.921 Thread 0x000001e44d417000 nmethod 27258 0x000001e45a3a1990 code [0x000001e45a3a1ba0, 0x000001e45a3a24b0]
Event: 4015.921 Thread 0x000001e44d41a000 nmethod 27257 0x000001e45a3a2710 code [0x000001e45a3a2960, 0x000001e45a3a34e0]
Event: 4015.921 Thread 0x000001e44d418000 nmethod 27256 0x000001e45a3a3890 code [0x000001e45a3a3b60, 0x000001e45a3a4be0]
Event: 4015.921 Thread 0x000001e44d40c000 27261       4       ui.b.c.b.p::handleEvent (277 bytes)
Event: 4015.929 Thread 0x000001e44d416000 27262       4       ui.views.O.i.f::cTe (80 bytes)
Event: 4015.934 Thread 0x000001e44d416000 nmethod 27262 0x000001e45fd78c10 code [0x000001e45fd78e00, 0x000001e45fd792f8]
Event: 4015.940 Thread 0x000001e44d40c000 nmethod 27261 0x000001e45fd79910 code [0x000001e45fd79b60, 0x000001e45fd7b068]

GC Heap History (10 events):
Event: 4009.687 GC heap before
{Heap before GC invocations=763 (full 226):
 garbage-first heap   total 308224K, used 166916K [0x0000000700000000, 0x0000000700100968, 0x00000007c0000000)
  region size 1024K, 60 young (61440K), 1 survivors (1024K)
 Metaspace       used 91938K, capacity 95487K, committed 100608K, reserved 1136640K
  class space    used 12125K, capacity 12792K, committed 13824K, reserved 1048576K
}
Event: 4009.688 GC heap after
{Heap after GC invocations=764 (full 226):
 garbage-first heap   total 308224K, used 106477K [0x0000000700000000, 0x0000000700100968, 0x00000007c0000000)
  region size 1024K, 1 young (1024K), 1 survivors (1024K)
 Metaspace       used 91938K, capacity 95487K, committed 100608K, reserved 1136640K
  class space    used 12125K, capacity 12792K, committed 13824K, reserved 1048576K
}
Event: 4011.015 GC heap before
{Heap before GC invocations=764 (full 226):
 garbage-first heap   total 308224K, used 166893K [0x0000000700000000, 0x0000000700100968, 0x00000007c0000000)
  region size 1024K, 60 young (61440K), 1 survivors (1024K)
 Metaspace       used 91938K, capacity 95487K, committed 100608K, reserved 1136640K
  class space    used 12125K, capacity 12792K, committed 13824K, reserved 1048576K
}
Event: 4011.017 GC heap after
{Heap after GC invocations=765 (full 226):
 garbage-first heap   total 308224K, used 106488K [0x0000000700000000, 0x0000000700100968, 0x00000007c0000000)
  region size 1024K, 1 young (1024K), 1 survivors (1024K)
 Metaspace       used 91938K, capacity 95487K, committed 100608K, reserved 1136640K
  class space    used 12125K, capacity 12792K, committed 13824K, reserved 1048576K
}
Event: 4012.173 GC heap before
{Heap before GC invocations=765 (full 226):
 garbage-first heap   total 308224K, used 166904K [0x0000000700000000, 0x0000000700100968, 0x00000007c0000000)
  region size 1024K, 60 young (61440K), 1 survivors (1024K)
 Metaspace       used 91939K, capacity 95487K, committed 100608K, reserved 1136640K
  class space    used 12125K, capacity 12792K, committed 13824K, reserved 1048576K
}
Event: 4012.175 GC heap after
{Heap after GC invocations=766 (full 226):
 garbage-first heap   total 308224K, used 106700K [0x0000000700000000, 0x0000000700100968, 0x00000007c0000000)
  region size 1024K, 1 young (1024K), 1 survivors (1024K)
 Metaspace       used 91939K, capacity 95487K, committed 100608K, reserved 1136640K
  class space    used 12125K, capacity 12792K, committed 13824K, reserved 1048576K
}
Event: 4012.578 GC heap before
{Heap before GC invocations=766 (full 226):
 garbage-first heap   total 308224K, used 167116K [0x0000000700000000, 0x0000000700100968, 0x00000007c0000000)
  region size 1024K, 60 young (61440K), 1 survivors (1024K)
 Metaspace       used 91939K, capacity 95487K, committed 100608K, reserved 1136640K
  class space    used 12125K, capacity 12792K, committed 13824K, reserved 1048576K
}
Event: 4012.580 GC heap after
{Heap after GC invocations=767 (full 226):
 garbage-first heap   total 308224K, used 106790K [0x0000000700000000, 0x0000000700100968, 0x00000007c0000000)
  region size 1024K, 1 young (1024K), 1 survivors (1024K)
 Metaspace       used 91939K, capacity 95487K, committed 100608K, reserved 1136640K
  class space    used 12125K, capacity 12792K, committed 13824K, reserved 1048576K
}
Event: 4014.743 GC heap before
{Heap before GC invocations=767 (full 226):
 garbage-first heap   total 308224K, used 167206K [0x0000000700000000, 0x0000000700100968, 0x00000007c0000000)
  region size 1024K, 60 young (61440K), 1 survivors (1024K)
 Metaspace       used 91940K, capacity 95487K, committed 100608K, reserved 1136640K
  class space    used 12125K, capacity 12792K, committed 13824K, reserved 1048576K
}
Event: 4014.745 GC heap after
{Heap after GC invocations=768 (full 226):
 garbage-first heap   total 308224K, used 106839K [0x0000000700000000, 0x0000000700100968, 0x00000007c0000000)
  region size 1024K, 1 young (1024K), 1 survivors (1024K)
 Metaspace       used 91940K, capacity 95487K, committed 100608K, reserved 1136640K
  class space    used 12125K, capacity 12792K, committed 13824K, reserved 1048576K
}

Deoptimization events (10 events):
Event: 3544.836 Thread 0x000001e46f97d800 Uncommon trap: reason=class_check action=maybe_recompile pc=0x000001e45f6daee0 method=ui.views.waveform.executive.protobuf.WVTree$WVTreeNode.getColumnValuesCount()I @ 4 c2
Event: 3565.198 Thread 0x000001e46f97d800 Uncommon trap: reason=unstable_if action=reinterpret pc=0x000001e45e874c4c method=ui.data.p.b.c.a.d.a(Lui/data/p/a;Ljava/awt/Rectangle;Z)Z @ 58 c2
Event: 3767.682 Thread 0x000001e46f97d800 Uncommon trap: reason=unstable_if action=reinterpret pc=0x000001e45f82fd4c method=javax.swing.table.JTableHeader.getHeaderRect(I)Ljava/awt/Rectangle; @ 22 c2
Event: 3767.682 Thread 0x000001e46f97d800 Uncommon trap: reason=unstable_if action=reinterpret pc=0x000001e45eead0e0 method=java.awt.Rectangle.grow(II)V @ 70 c2
Event: 3801.011 Thread 0x000001e46f97d800 Uncommon trap: reason=unstable_if action=reinterpret pc=0x000001e45e590404 method=sun.java2d.pipe.Region.clipBoxToBounds([I)V @ 41 c2
Event: 3801.011 Thread 0x000001e46f97d800 Uncommon trap: reason=unstable_if action=reinterpret pc=0x000001e45e58b750 method=sun.java2d.pipe.Region.clipBoxToBounds([I)V @ 41 c2
Event: 4005.707 Thread 0x000001e46f97d800 Uncommon trap: reason=class_check action=maybe_recompile pc=0x000001e45ee482c8 method=com.jidesoft.grid.TableModelWrapperUtils.getActualColumnAt(Ljavax/swing/table/TableModel;ILjavax/swing/table/TableModel;)I @ 55 c2
Event: 4005.712 Thread 0x000001e46f97d800 Uncommon trap: reason=class_check action=maybe_recompile pc=0x000001e45ee482c8 method=com.jidesoft.grid.TableModelWrapperUtils.getActualColumnAt(Ljavax/swing/table/TableModel;ILjavax/swing/table/TableModel;)I @ 55 c2
Event: 4005.713 Thread 0x000001e46f97d800 Uncommon trap: reason=class_check action=maybe_recompile pc=0x000001e45ee482c8 method=com.jidesoft.grid.TableModelWrapperUtils.getActualColumnAt(Ljavax/swing/table/TableModel;ILjavax/swing/table/TableModel;)I @ 55 c2
Event: 4005.714 Thread 0x000001e46f97d800 Uncommon trap: reason=class_check action=maybe_recompile pc=0x000001e45ee482c8 method=com.jidesoft.grid.TableModelWrapperUtils.getActualColumnAt(Ljavax/swing/table/TableModel;ILjavax/swing/table/TableModel;)I @ 55 c2

Classes redefined (0 events):
No events

Internal exceptions (10 events):
Event: 3051.753 Thread 0x000001e46f97d800 Exception <a 'java/lang/ClassNotFoundException'{0x000000071215a5d0}: ui/utils/k/g/nCustomizer> (0x000000071215a5d0) thrown at [t:/workspace/hotspot/src/share/vm/classfile/systemDictionary.cpp, line 218]
Event: 3053.326 Thread 0x000001e46f97d800 Implicit null exception at 0x000001e45e5b854c to 0x000001e45e5b8e65
Event: 3054.212 Thread 0x000001e401990000 Exception <a 'java/lang/InterruptedException'{0x000000070f3899e0}: sleep interrupted> (0x000000070f3899e0) thrown at [t:/workspace/hotspot/src/share/vm/prims/jvm.cpp, line 2984]
Event: 3288.565 Thread 0x000001e46f97d800 Exception <a 'java/lang/NoSuchMethodError'{0x00000007106cc2c0}: method resolution failed> (0x00000007106cc2c0) thrown at [t:/workspace/hotspot/src/share/vm/prims/methodHandles.cpp, line 1256]
Event: 3307.988 Thread 0x000001e46f97d800 Exception <a 'java/lang/NoSuchMethodError'{0x0000000711d39668}: java.lang.invoke.DirectMethodHandle$Holder.invokeSpecial(Ljava/lang/Object;Ljava/lang/Object;IILjava/lang/Object;ILjava/lang/Object;Ljava/lang/Object;Ljava/lang/Object;)Ljava/lang/Object;> (0
Event: 3307.989 Thread 0x000001e46f97d800 Exception <a 'java/lang/NoSuchMethodError'{0x0000000711d3d0d8}: java.lang.invoke.DelegatingMethodHandle$Holder.reinvoke_L(Ljava/lang/Object;IILjava/lang/Object;ILjava/lang/Object;Ljava/lang/Object;Ljava/lang/Object;)Ljava/lang/Object;> (0x0000000711d3d0d8
Event: 3307.989 Thread 0x000001e46f97d800 Exception <a 'java/lang/NoSuchMethodError'{0x0000000711d95438}: method resolution failed> (0x0000000711d95438) thrown at [t:/workspace/hotspot/src/share/vm/prims/methodHandles.cpp, line 1256]
Event: 3307.989 Thread 0x000001e46f97d800 Exception <a 'java/lang/NoSuchMethodError'{0x0000000711d99118}: java.lang.invoke.DelegatingMethodHandle$Holder.reinvoke_L(Ljava/lang/Object;Ljava/lang/Object;ILjava/lang/Object;Ljava/lang/Object;Ljava/lang/Object;)Ljava/lang/Object;> (0x0000000711d99118) 
Event: 3308.007 Thread 0x000001e46f97d800 Implicit null exception at 0x000001e45f1129e9 to 0x000001e45f113da1
Event: 3308.008 Thread 0x000001e46f97d800 Exception <a 'java/lang/NoSuchMethodError'{0x0000000710f99030}: java.lang.invoke.DelegatingMethodHandle$Holder.reinvoke_L(Ljava/lang/Object;IIILjava/lang/Object;Ljava/lang/Object;I)Ljava/lang/Object;> (0x0000000710f99030) thrown at [t:/workspace/hotspot/s

Events (10 events):
Event: 4014.872 Executing VM operation: RevokeBias done
Event: 4014.971 Thread 0x000001e472301000 Thread added: 0x000001e472301000
Event: 4014.973 Thread 0x000001e472301000 Thread exited: 0x000001e472301000
Event: 4015.910 Thread 0x000001e472301000 Thread added: 0x000001e472301000
Event: 4015.912 Executing VM operation: RevokeBias
Event: 4015.912 Executing VM operation: RevokeBias done
Event: 4015.913 Executing VM operation: RevokeBias
Event: 4015.913 Executing VM operation: RevokeBias done
Event: 4015.972 Thread 0x000001e4722fc000 Thread added: 0x000001e4722fc000
Event: 4015.974 Thread 0x000001e4722fc000 Thread exited: 0x000001e4722fc000


Dynamic libraries:
0x00007ff6bd880000 - 0x00007ff6bd8b0000 	C:\Xilinx\Vivado\2019.2\bin\unwrapped\win64.o\vivado.exe
0x00007ff948c50000 - 0x00007ff948e45000 	C:\Windows\SYSTEM32\ntdll.dll
0x00007ff948b50000 - 0x00007ff948c0e000 	C:\Windows\System32\KERNEL32.DLL
0x00007ff9469e0000 - 0x00007ff946ca8000 	C:\Windows\System32\KERNELBASE.dll
0x00007ff943bf0000 - 0x00007ff943c80000 	C:\Windows\SYSTEM32\apphelp.dll
0x00007ff9468e0000 - 0x00007ff9469e0000 	C:\Windows\System32\ucrtbase.dll
0x00007ff92e6d0000 - 0x00007ff92e75e000 	C:\Windows\SYSTEM32\MSVCP140.dll
0x00007ff92f920000 - 0x00007ff92f93b000 	C:\Windows\SYSTEM32\VCRUNTIME140.dll
0x00007ff92e6c0000 - 0x00007ff92e6cc000 	C:\Windows\SYSTEM32\VCRUNTIME140_1.dll
0x00007ff93c210000 - 0x00007ff93c226000 	C:\Xilinx\Vivado\2019.2\lib\win64.o\librdi_commonmain.dll
0x00007ff927100000 - 0x00007ff927114000 	C:\Xilinx\Vivado\2019.2\lib\win64.o\libboost_signals.dll
0x00007ff93c200000 - 0x00007ff93c20a000 	C:\Xilinx\Vivado\2019.2\lib\win64.o\librdi_commonversion.dll
0x00007ff921600000 - 0x00007ff921626000 	C:\Xilinx\Vivado\2019.2\lib\win64.o\libboost_filesystem.dll
0x00007ff9482b0000 - 0x00007ff94835e000 	C:\Windows\System32\ADVAPI32.dll
0x00007ff946fb0000 - 0x00007ff94704e000 	C:\Windows\System32\msvcrt.dll
0x00007ff947a30000 - 0x00007ff947acc000 	C:\Windows\System32\sechost.dll
0x00007ff948360000 - 0x00007ff948485000 	C:\Windows\System32\RPCRT4.dll
0x00007ff8f9f30000 - 0x00007ff8fa0d1000 	C:\Xilinx\Vivado\2019.2\lib\win64.o\librdi_commonxillic.dll
0x00007ff946e10000 - 0x00007ff946fb0000 	C:\Windows\System32\USER32.dll
0x00007ff9468b0000 - 0x00007ff9468d2000 	C:\Windows\System32\win32u.dll
0x00007ff9479e0000 - 0x00007ff947a0a000 	C:\Windows\System32\GDI32.dll
0x00007ff9467a0000 - 0x00007ff9468ab000 	C:\Windows\System32\gdi32full.dll
0x00007ff9463a0000 - 0x00007ff94643d000 	C:\Windows\System32\msvcp_win.dll
0x00007ff948560000 - 0x00007ff9485cb000 	C:\Windows\System32\WS2_32.dll
0x00007ff946370000 - 0x00007ff946397000 	C:\Windows\System32\bcrypt.dll
0x00000000585f0000 - 0x000000005871b000 	C:\Xilinx\Vivado\2019.2\lib\win64.o\tcl85t.dll
0x00007ff92f320000 - 0x00007ff92f32b000 	C:\Xilinx\Vivado\2019.2\lib\win64.o\libboost_system.dll
0x00007ff8f8830000 - 0x00007ff8f8b0b000 	C:\Xilinx\Vivado\2019.2\lib\win64.o\libXil_lmgr11.dll
0x00007ff9478a0000 - 0x00007ff94797b000 	C:\Windows\System32\COMDLG32.dll
0x00007ff948790000 - 0x00007ff948ae4000 	C:\Windows\System32\combase.dll
0x00007ff9486e0000 - 0x00007ff94878d000 	C:\Windows\System32\shcore.dll
0x00007ff948af0000 - 0x00007ff948b45000 	C:\Windows\System32\SHLWAPI.dll
0x00007ff9470d0000 - 0x00007ff947814000 	C:\Windows\System32\SHELL32.dll
0x00007ff948490000 - 0x00007ff94855d000 	C:\Windows\System32\OLEAUT32.dll
0x00007ff946cb0000 - 0x00007ff946dda000 	C:\Windows\System32\ole32.dll
0x00007ff946440000 - 0x00007ff9464a8000 	C:\Windows\System32\WINTRUST.dll
0x00007ff946500000 - 0x00007ff946656000 	C:\Windows\System32\CRYPT32.dll
0x00007ff8fa170000 - 0x00007ff8fa284000 	C:\Xilinx\Vivado\2019.2\lib\win64.o\libboost_regex.dll
0x00007ff8f5150000 - 0x00007ff8f5d4c200 	C:\Xilinx\Vivado\2019.2\lib\win64.o\libisl_iostreams.dll
0x00007ff92e2c0000 - 0x00007ff92e2da000 	C:\Windows\SYSTEM32\NETAPI32.dll
0x00007ff939540000 - 0x00007ff9395f0000 	C:\Windows\WinSxS\amd64_microsoft.windows.common-controls_6595b64144ccf1df_5.82.19041.1110_none_792d1c772443f647\COMCTL32.dll
0x00007ff90c8f0000 - 0x00007ff90c8f9000 	C:\Windows\SYSTEM32\WSOCK32.dll
0x00007ff93f960000 - 0x00007ff93f97d000 	C:\Windows\SYSTEM32\dhcpcsvc.DLL
0x00007ff920a00000 - 0x00007ff920a14000 	C:\Xilinx\Vivado\2019.2\lib\win64.o\libboost_date_time.dll
0x00007ff8f4200000 - 0x00007ff8f5143000 	C:\Xilinx\Vivado\2019.2\lib\win64.o\librdi_common.dll
0x00007ff920200000 - 0x00007ff92021b000 	C:\Xilinx\Vivado\2019.2\lib\win64.o\libboost_iostreams.dll
0x00007ff91da80000 - 0x00007ff91da9a000 	C:\Xilinx\Vivado\2019.2\lib\win64.o\pthreadVC2.dll
0x00007ff8fea80000 - 0x00007ff8feaa5000 	C:\Xilinx\Vivado\2019.2\lib\win64.o\libisl_iosutils.dll
0x00007ff8feab0000 - 0x00007ff8fead1000 	C:\Xilinx\Vivado\2019.2\lib\win64.o\libboost_thread.dll
0x00007ff8f72d0000 - 0x00007ff8f763e000 	C:\Xilinx\Vivado\2019.2\lib\win64.o\libCOIN-all.dll
0x00007ff92be30000 - 0x00007ff92be3f000 	C:\Xilinx\Vivado\2019.2\lib\win64.o\libboost_xilinx.dll
0x00007ff8fbe80000 - 0x00007ff8fbf02000 	C:\Xilinx\Vivado\2019.2\lib\win64.o\libhdlpsolve.dll
0x00007ff8fbd20000 - 0x00007ff8fbd9f000 	C:\Xilinx\Vivado\2019.2\lib\win64.o\libboost_program_options.dll
0x00007ff8fe990000 - 0x00007ff8fe9be000 	C:\Xilinx\Vivado\2019.2\lib\win64.o\libisl_sysinfo.dll
0x00007ff90c130000 - 0x00007ff90c14c000 	C:\Xilinx\Vivado\2019.2\lib\win64.o\librdiconfig.dll
0x00007ff8f8780000 - 0x00007ff8f8825000 	C:\Xilinx\Vivado\2019.2\lib\win64.o\libhdxml.dll
0x00007ff932280000 - 0x00007ff932756000 	C:\Windows\SYSTEM32\WININET.dll
0x00007ff93cc60000 - 0x00007ff93cd6a000 	C:\Windows\SYSTEM32\WINHTTP.dll
0x00007ff932080000 - 0x00007ff93226c000 	C:\Windows\SYSTEM32\urlmon.dll
0x00007ff8fbcb0000 - 0x00007ff8fbd15000 	C:\Xilinx\Vivado\2019.2\lib\win64.o\liblmx6.0.dll
0x00007ff8fc100000 - 0x00007ff8fc131000 	C:\Windows\SYSTEM32\VCOMP140.DLL
0x00007ff8fbe50000 - 0x00007ff8fbe71000 	C:\Xilinx\Vivado\2019.2\lib\win64.o\librdizlib.dll
0x00007ff931be0000 - 0x00007ff931e91000 	C:\Windows\SYSTEM32\iertutil.dll
0x00007ff931ea0000 - 0x00007ff931ec8000 	C:\Windows\SYSTEM32\srvcli.dll
0x00007ff9458f0000 - 0x00007ff9458fc000 	C:\Windows\SYSTEM32\netutils.dll
0x00007ff92bdc0000 - 0x00007ff92bdcd000 	C:\Xilinx\Vivado\2019.2\lib\win64.o\libboost_chrono.dll
0x00007ff8f3360000 - 0x00007ff8f41f1000 	C:\Xilinx\Vivado\2019.2\lib\win64.o\gurobi65.dll
0x0000000012000000 - 0x0000000012270000 	C:\Xilinx\Vivado\2019.2\lib\win64.o\xerces-c_3_1.dll
0x00007ff946de0000 - 0x00007ff946e10000 	C:\Windows\System32\IMM32.DLL
0x00007ff945f60000 - 0x00007ff945f72000 	C:\Windows\SYSTEM32\MSASN1.dll
0x00007ff9442b0000 - 0x00007ff9442c2000 	C:\Windows\SYSTEM32\kernel.appcore.dll
0x00007ff8f2e40000 - 0x00007ff8f3357000 	C:\Xilinx\Vivado\2019.2\lib\win64.o\librdi_commontasks.dll
0x00007ff93f510000 - 0x00007ff93f51a000 	C:\Windows\SYSTEM32\VERSION.dll
0x00007ff8f2b50000 - 0x00007ff8f2e33000 	C:\Xilinx\Vivado\2019.2\lib\win64.o\librdi_sio.dll
0x00007ff9457e0000 - 0x00007ff94581b000 	C:\Windows\SYSTEM32\IPHLPAPI.DLL
0x0000000057bc0000 - 0x00000000585e5000 	C:\Xilinx\Vivado\2019.2\tps\win64\jre9.0.4\bin\server\jvm.dll
0x00007ff9470c0000 - 0x00007ff9470c8000 	C:\Windows\System32\PSAPI.DLL
0x00007ff93da50000 - 0x00007ff93da77000 	C:\Windows\SYSTEM32\WINMM.dll
0x00007ff945b40000 - 0x00007ff945baa000 	C:\Windows\SYSTEM32\MSWSOCK.DLL
0x00007ff8f8690000 - 0x00007ff8f877f000 	C:\Windows\SYSTEM32\MSVCR120.dll
0x00007ff9444b0000 - 0x00007ff944c44000 	C:\Windows\SYSTEM32\windows.storage.dll
0x00007ff945de0000 - 0x00007ff945e0c000 	C:\Windows\SYSTEM32\Wldp.dll
0x00007ff8f0400000 - 0x00007ff8f2b45000 	C:\Xilinx\Vivado\2019.2\lib\win64.o\librdi_tcltasks.dll
0x00007ff8f94b0000 - 0x00007ff8f952b000 	C:\Xilinx\Vivado\2019.2\lib\win64.o\librdi_boarddep.dll
0x00007ff8f8530000 - 0x00007ff8f8682000 	C:\Xilinx\Vivado\2019.2\lib\win64.o\librdi_cd_client.dll
0x00007ff8eff40000 - 0x00007ff8f03f4000 	C:\Xilinx\Vivado\2019.2\lib\win64.o\librdi_bitstream.dll
0x00007ff8f77d0000 - 0x00007ff8f796d000 	C:\Xilinx\Vivado\2019.2\lib\win64.o\librdi_board.dll
0x00007ff8f71e0000 - 0x00007ff8f72cf000 	C:\Xilinx\Vivado\2019.2\lib\win64.o\librdi_chipscope.dll
0x00007ff8f7020000 - 0x00007ff8f71e0000 	C:\Xilinx\Vivado\2019.2\lib\win64.o\librdi_chipscopeimpl.dll
0x00007ff8efc10000 - 0x00007ff8eff34000 	C:\Xilinx\Vivado\2019.2\lib\win64.o\librdi_containers.dll
0x00007ff8eb940000 - 0x00007ff8efc0b000 	C:\Xilinx\Vivado\2019.2\lib\win64.o\librdi_designutils.dll
0x00007ff8e9e60000 - 0x00007ff8eb93a000 	C:\Xilinx\Vivado\2019.2\lib\win64.o\librdi_constraints.dll
0x00007ff8e9b10000 - 0x00007ff8e9e5a000 	C:\Xilinx\Vivado\2019.2\lib\win64.o\librdi_dlyest.dll
0x00007ff8e9540000 - 0x00007ff8e9b0d000 	C:\Xilinx\Vivado\2019.2\lib\win64.o\librdi_drc.dll
0x00007ff8f7d90000 - 0x00007ff8f7e54000 	C:\Xilinx\Vivado\2019.2\lib\win64.o\librdi_dsp.dll
0x00007ff8e7550000 - 0x00007ff8e9540000 	C:\Xilinx\Vivado\2019.2\lib\win64.o\librdi_coregen.dll
0x00007ff8e6ee0000 - 0x00007ff8e754b000 	C:\Xilinx\Vivado\2019.2\lib\win64.o\librdi_filemgmt.dll
0x00007ff8e6bd0000 - 0x00007ff8e6ee0000 	C:\Xilinx\Vivado\2019.2\lib\win64.o\librdi_guitools.dll
0x00007ff8f7f30000 - 0x00007ff8f7f9a000 	C:\Xilinx\Vivado\2019.2\lib\win64.o\librdi_hdf.dll
0x00007ff8e64f0000 - 0x00007ff8e6bc9000 	C:\Xilinx\Vivado\2019.2\lib\win64.o\librdi_coregenipxact.dll
0x00007ff8e62d0000 - 0x00007ff8e64f0000 	C:\Xilinx\Vivado\2019.2\lib\win64.o\librdi_hip_devdesign.dll
0x00007ff8e6180000 - 0x00007ff8e62c8000 	C:\Xilinx\Vivado\2019.2\lib\win64.o\librdi_hip_perf_analysis.dll
0x00007ff8d15d0000 - 0x00007ff8e617b000 	C:\Xilinx\Vivado\2019.2\lib\win64.o\librdi_device.dll
0x00007ff8f7750000 - 0x00007ff8f77c4000 	C:\Xilinx\Vivado\2019.2\lib\win64.o\librdi_memoryarray.dll
0x00007ff8cfe60000 - 0x00007ff8d15cd000 	C:\Xilinx\Vivado\2019.2\lib\win64.o\librdi_implflow.dll
0x00007ff8cf820000 - 0x00007ff8cfe51000 	C:\Xilinx\Vivado\2019.2\lib\win64.o\librdi_memdata.dll
0x00007ff8f69f0000 - 0x00007ff8f6a3c000 	C:\Xilinx\Vivado\2019.2\lib\win64.o\librdi_pfi.dll
0x00007ff8cc360000 - 0x00007ff8cca43000 	C:\Xilinx\Vivado\2019.2\lib\win64.o\librdi_netlist.dll
0x00007ff8cca50000 - 0x00007ff8cf81b000 	C:\Xilinx\Vivado\2019.2\lib\win64.o\librdi_mig.dll
0x00007ff8cc040000 - 0x00007ff8cc35b000 	C:\Xilinx\Vivado\2019.2\lib\win64.o\librdi_platform.dll
0x00007ff8cb830000 - 0x00007ff8cc03b000 	C:\Xilinx\Vivado\2019.2\lib\win64.o\librdi_power.dll
0x00007ff8cb270000 - 0x00007ff8cb82a000 	C:\Xilinx\Vivado\2019.2\lib\win64.o\librdi_project.dll
0x00007ff8caba0000 - 0x00007ff8cb261000 	C:\Xilinx\Vivado\2019.2\lib\win64.o\librdi_rsb.dll
0x00007ff8c82d0000 - 0x00007ff8cab97000 	C:\Xilinx\Vivado\2019.2\lib\win64.o\librdi_place.dll
0x00007ff8c7b90000 - 0x00007ff8c82c3000 	C:\Xilinx\Vivado\2019.2\lib\win64.o\librdi_psta.dll
0x00007ff8c73d0000 - 0x00007ff8c74d8000 	C:\Xilinx\Vivado\2019.2\lib\win64.o\librdi_runsbase.dll
0x00007ff8c7910000 - 0x00007ff8c7b85000 	C:\Xilinx\Vivado\2019.2\lib\win64.o\librdi_simdata.dll
0x00007ff8c74e0000 - 0x00007ff8c7903000 	C:\Xilinx\Vivado\2019.2\lib\win64.o\librdi_runs.dll
0x00007ff8c7230000 - 0x00007ff8c73d0000 	C:\Xilinx\Vivado\2019.2\lib\win64.o\librdi_cd_protocol.dll
0x00007ff8c7080000 - 0x00007ff8c7221000 	C:\Xilinx\Vivado\2019.2\lib\win64.o\librdi_advchipscopeimpl.dll
0x00007ff8c61f0000 - 0x00007ff8c707d000 	C:\Xilinx\Vivado\2019.2\lib\win64.o\librdi_timing.dll
0x00007ff8c61a0000 - 0x00007ff8c61ec000 	C:\Xilinx\Vivado\2019.2\lib\win64.o\libboost_serialization.dll
0x00007ff8c6150000 - 0x00007ff8c619a000 	C:\Xilinx\Vivado\2019.2\lib\win64.o\librdi_noc_frameworks.dll
0x00007ff8c5f60000 - 0x00007ff8c6144000 	C:\Xilinx\Vivado\2019.2\lib\win64.o\librdi_hip_config.dll
0x00007ff8c5a10000 - 0x00007ff8c5f5e000 	C:\Xilinx\Vivado\2019.2\lib\win64.o\librdi_xdm.dll
0x00007ff8c5930000 - 0x00007ff8c5a07000 	C:\Xilinx\Vivado\2019.2\lib\win64.o\librdi_ipconfig_readwrite.dll
0x00007ff8c5890000 - 0x00007ff8c592e000 	C:\Xilinx\Vivado\2019.2\lib\win64.o\libise.dll
0x00007ff8c5840000 - 0x00007ff8c588a000 	C:\Xilinx\Vivado\2019.2\lib\win64.o\librdi_wavedata_SimpleApi.dll

VM Arguments:
jvm_args: -Dsun.java2d.pmoffscreen=false -Dsun.java2d.xrender=false -Dsun.java2d.d3d=false -Dsun.awt.nopixfmt=true -Dsun.java2d.dpiaware=true -Dsun.java2d.uiScale.enabled=false -Xverify:none -Dswing.aatext=true -XX:-UsePerfData -Djdk.map.althashing.threshold=512 -XX:StringTableSize=4072 --add-opens=java.base/java.nio=ALL-UNNAMED --add-opens=java.desktop/sun.swing=ALL-UNNAMED --add-opens=java.desktop/javax.swing=ALL-UNNAMED --add-opens=java.desktop/javax.swing.tree=ALL-UNNAMED --add-opens=java.desktop/javax.swing.plaf.basic=ALL-UNNAMED --add-opens=java.desktop/javax.swing.plaf.synth=ALL-UNNAMED --add-opens=java.desktop/com.sun.awt=ALL-UNNAMED -XX:NewSize=60m -XX:MaxNewSize=60m -Xms128m -Xmx3072m -Xss5m 
java_command: <unknown>
java_class_path (initial): C:/Xilinx/Vivado/2019.2\lib\classes\alloy.jar;C:/Xilinx/Vivado/2019.2\lib\classes\autoesl-common.jar;C:/Xilinx/Vivado/2019.2\lib\classes\autoesl-models.jar;C:/Xilinx/Vivado/2019.2\lib\classes\autoesl-report.jar;C:/Xilinx/Vivado/2019.2\lib\classes\autopilot.scelaborator.jar;C:/Xilinx/Vivado/2019.2\lib\classes\autopilot.sourceprocessor.jar;C:/Xilinx/Vivado/2019.2\lib\classes\autopilot.tbprocessor.jar;C:/Xilinx/Vivado/2019.2\lib\classes\batik-anim.jar;C:/Xilinx/Vivado/2019.2\lib\classes\batik-awt-util.jar;C:/Xilinx/Vivado/2019.2\lib\classes\batik-bridge.jar;C:/Xilinx/Vivado/2019.2\lib\classes\batik-codec.jar;C:/Xilinx/Vivado/2019.2\lib\classes\batik-css.jar;C:/Xilinx/Vivado/2019.2\lib\classes\batik-dom.jar;C:/Xilinx/Vivado/2019.2\lib\classes\batik-ext.jar;C:/Xilinx/Vivado/2019.2\lib\classes\batik-gui-util.jar;C:/Xilinx/Vivado/2019.2\lib\classes\batik-gvt.jar;C:/Xilinx/Vivado/2019.2\lib\classes\batik-parser.jar;C:/Xilinx/Vivado/2019.2\lib\classes\batik-script.jar;C:/Xilinx/Vivado/2019.2\lib\classes\batik-svg-dom.jar;C:/Xilinx/Vivado/2019.2\lib\classes\batik-swing.jar;C:/Xilinx/Vivado/2019.2\lib\classes\batik-transcoder.jar;C:/Xilinx/Vivado/2019.2\lib\classes\batik-util.jar;C:/Xilinx/Vivado/2019.2\lib\classes\batik-xml.jar;C:/Xilinx/Vivado/2019.2\lib\classes\com.google.gson_2.7.0.v20170129-0911.jar;C:/Xilinx/Vivado/2019.2\lib\classes\com.google.guava_21.0.0.v20170206-1425.jar;C:/Xilinx/Vivado/2019.2\lib\classes\com.ibm.icu_4.4.2.v20110208.jar;C:/Xilinx/Vivado/2019.2\lib\classes\com.sigasi.hdt.connection_4.5.0.201909241521.jar;C:/Xilinx/Vivado/2019.2\lib\classes\com.sigasi.hdt.epl_4.5.0.201909241521.jar;C:/Xilinx/Vivado/2019.2\lib\classes\com.sigasi.hdt.project_4.5.0.201909241521.jar;C:/Xilinx/Vivado/2019.2\lib\classes\com.sigasi.hdt.readonlyfilesystem_4.5.0.201909241521.jar;C:/Xilinx/Vivado/2019.2\lib\classes\com.sigasi.lcm_4.5.0.201909241521.jar;C:/Xilinx/Vivado/2019.2\lib\classes\com.sigasi.sdk.client_4.5.0.201909241521.jar;C:/Xilinx/Vivado
Launcher Type: generic

Logging:
Log output configuration:
#0: stdout all=warning uptime,level,tags
#1: stderr all=off uptime,level,tags

Environment Variables:
PATH=C:/Xilinx/Vivado/2019.2/bin;C:/Xilinx/Vivado/2019.2/lib/win64.o;C:/Xilinx/Vivado/2019.2/tps/win64/jre9.0.4/bin/server;C:/Xilinx/Vivado/2019.2/tps/win64/jre9.0.4/bin;C:/Xilinx/Vivado/2019.2/ids_lite/ISE/bin/nt64;C:/Xilinx/Vivado/2019.2/ids_lite/ISE/lib/nt64;C:\Program Files (x86)\Razer Chroma SDK\bin;C:\Program Files\Razer Chroma SDK\bin;C:\Program Files (x86)\Razer\ChromaBroadcast\bin;C:\Program Files\Razer\ChromaBroadcast\bin;C:\Program Files\Common Files\Oracle\Java\javapath;C:\Program Files\NVIDIA GPU Computing Toolkit\CUDA\v11.4\bin;C:\Program Files\NVIDIA GPU Computing Toolkit\CUDA\v11.4\libnvvp;C:\Windows\system32;C:\Windows;C:\Windows\System32\Wbem;C:\Windows\System32\WindowsPowerShell\v1.0\;C:\Windows\System32\OpenSSH\;C:\Program Files (x86)\NVIDIA Corporation\PhysX\Common;C:\Program Files\NVIDIA Corporation\Nsight Compute 2021.2.0\;C:\Program Files\NVIDIA Corporation\NVIDIA NvDLISR;C:\Program Files (x86)\Vim\vim82;C:\Program Files\Git\cmd;C:\Users\seanj\AppData\Local\Programs\Python\Python39;C:\Users\seanj\AppData\Local\Programs\Python\Python39\Scripts;C:\Windows\system32\config\systemprofile\AppData\Local\Microsoft\WindowsApps;;C:/Xilinx/Vivado/2019.2\tps\mingw\6.2.0\win64.o\nt\bin;C:/Xilinx/Vivado/2019.2\tps\mingw\6.2.0\win64.o\nt\libexec\gcc\x86_64-w64-mingw32\6.2.0;C:/Xilinx/Vivado/2019.2\tps\win64\python-2.7.5;C:/Xilinx/Vivado/2019.2\tps\win64\python-2.7.5\bin;C:/Xilinx/Vivado/2019.2\tps\win64\python-2.7.5\lib;C:/Xilinx/Vivado/2019.2\tps\win64\python-2.7.5\Lib\lib-tk;C:/Xilinx/Vivado/2019.2\tps\win64\python-2.7.5\lib\site-packages
USERNAME=seanj
OS=Windows_NT
PROCESSOR_IDENTIFIER=Intel64 Family 6 Model 165 Stepping 5, GenuineIntel



---------------  S Y S T E M  ---------------

OS: Windows 10 , 64 bit Build 19041 (10.0.19041.1645)

CPU:total 20 (initial active 20) (10 cores per cpu, 2 threads per core) family 6 model 165 stepping 5, cmov, cx8, fxsr, mmx, sse, sse2, sse3, ssse3, sse4.1, sse4.2, popcnt, avx, avx2, aes, clmul, erms, 3dnowpref, lzcnt, ht, tsc, tscinvbit, bmi1, bmi2, adx, fma

Memory: 4k page, physical 33420596k(27703176k free), swap 38401332k(30070876k free)

vm_info: Java HotSpot(TM) 64-Bit Server VM (9.0.4+11) for windows-amd64 JRE (9.0.4+11), built on Dec 20 2017 02:18:54 by "mach5one" with MS VC++ 12.0 (VS2013)

END.
