#
# A fatal error has been detected by the Java Runtime Environment:
#
#  EXCEPTION_ACCESS_VIOLATION (0xc0000005) at pc=0x00007fffdfc4db50, pid=18796, tid=17580
#
# JRE version: Java(TM) SE Runtime Environment (9.0+11) (build 9.0.4+11)
# Java VM: Java HotSpot(TM) 64-Bit Server VM (9.0.4+11, mixed mode, tiered, compressed oops, g1 gc, windows-amd64)
# Problematic frame:
# C  [librdi_wavedata.dll+0x46db50]
#
# No core dump will be written. Minidumps are not enabled by default on client versions of Windows
#
# If you would like to submit a bug report, please visit:
#   http://bugreport.java.com/bugreport/crash.jsp
# The crash happened outside the Java Virtual Machine in native code.
# See problematic frame for where to report the bug.
#

---------------  S U M M A R Y ------------

Command Line: -Dsun.java2d.pmoffscreen=false -Dsun.java2d.xrender=false -Dsun.java2d.d3d=false -Dsun.awt.nopixfmt=true -Dsun.java2d.dpiaware=true -Dsun.java2d.uiScale.enabled=false -Xverify:none -Dswing.aatext=true -XX:-UsePerfData -Djdk.map.althashing.threshold=512 -XX:StringTableSize=4072 --add-opens=java.base/java.nio=ALL-UNNAMED --add-opens=java.desktop/sun.swing=ALL-UNNAMED --add-opens=java.desktop/javax.swing=ALL-UNNAMED --add-opens=java.desktop/javax.swing.tree=ALL-UNNAMED --add-opens=java.desktop/javax.swing.plaf.basic=ALL-UNNAMED --add-opens=java.desktop/javax.swing.plaf.synth=ALL-UNNAMED --add-opens=java.desktop/com.sun.awt=ALL-UNNAMED -XX:NewSize=60m -XX:MaxNewSize=60m -Xms128m -Xmx3072m -Xss5m 

Host: Intel(R) Core(TM) i9-10850K CPU @ 3.60GHz, 20 cores, 31G,  Windows 10 , 64 bit Build 19041 (10.0.19041.1645)
Time: Sun May 01 19:46:39 2022 Eastern Daylight Time elapsed time: 1776 seconds (0d 0h 29m 36s)

---------------  T H R E A D  ---------------

Current thread (0x000001fb5e547800):  JavaThread "AWT-EventQueue-1" [_thread_in_native, id=17580, stack(0x00000026e4f00000,0x00000026e5400000)]

Stack: [0x00000026e4f00000,0x00000026e5400000],  sp=0x00000026e53f3788,  free space=5069k
Native frames: (J=compiled Java code, j=interpreted, Vv=VM code, C=native code)
C  [librdi_wavedata.dll+0x46db50]

Java frames: (J=compiled Java code, j=interpreted, Vv=VM code)
J 21036  ui.views.waveform.waveformi.WVExecutive_getGraphicsDataSize(J)J (0 bytes) @ 0x000001fb4c57ffa1 [0x000001fb4c57ff60+0x0000000000000041]
J 21035 c1 ui.views.waveform.executive.a.gZe()Ljava/io/ByteArrayInputStream; (93 bytes) @ 0x000001fb45ee14ac [0x000001fb45ee13c0+0x00000000000000ec]
J 21034 c1 ui.views.waveform.b.a.gYQ()V (142 bytes) @ 0x000001fb45ee58b4 [0x000001fb45ee57a0+0x0000000000000114]
J 21260 c1 ui.views.waveform.w.cZO()V (38 bytes) @ 0x000001fb46362eec [0x000001fb46362780+0x000000000000076c]
J 20211 c1 ui.views.waveform.c.b.j(Lui/frmwork/b/i;)V (603 bytes) @ 0x000001fb45c849cc [0x000001fb45c7b320+0x00000000000096ac]
J 20210 c1 ui.views.waveform.w.a(Lui/frmwork/b/i;)V (17 bytes) @ 0x000001fb44854a94 [0x000001fb448549c0+0x00000000000000d4]
J 13661 c1 ui.frmwork.b.l.d(Lui/frmwork/b/i;)V (61 bytes) @ 0x000001fb4603079c [0x000001fb4602ff40+0x000000000000085c]
J 23121 c2 ui.frmwork.G.i(JZ)V (471 bytes) @ 0x000001fb4ca5d624 [0x000001fb4ca5bea0+0x0000000000001784]
J 13642 c1 ui.frmwork.G.fireTclEvent(J)I (113 bytes) @ 0x000001fb460033cc [0x000001fb46002bc0+0x000000000000080c]
v  ~StubRoutines::call_stub
J 23268  ui.views.waveform.waveformi.WVExecutive_processModelEvent(JJ)V (0 bytes) @ 0x000001fb4c5668a4 [0x000001fb4c566860+0x0000000000000044]
J 23267 c1 ui.views.waveform.executive.a.eR(J)V (9 bytes) @ 0x000001fb44bcc134 [0x000001fb44bcc0c0+0x0000000000000074]
j  ui.views.waveform.c.b.eQ(J)V+8
J 20211 c1 ui.views.waveform.c.b.j(Lui/frmwork/b/i;)V (603 bytes) @ 0x000001fb45c85704 [0x000001fb45c7b320+0x000000000000a3e4]
J 20210 c1 ui.views.waveform.w.a(Lui/frmwork/b/i;)V (17 bytes) @ 0x000001fb44854a94 [0x000001fb448549c0+0x00000000000000d4]
J 13661 c1 ui.frmwork.b.l.d(Lui/frmwork/b/i;)V (61 bytes) @ 0x000001fb4603079c [0x000001fb4602ff40+0x000000000000085c]
J 23121 c2 ui.frmwork.G.i(JZ)V (471 bytes) @ 0x000001fb4ca5d624 [0x000001fb4ca5bea0+0x0000000000001784]
J 13642 c1 ui.frmwork.G.fireTclEvent(J)I (113 bytes) @ 0x000001fb460033cc [0x000001fb46002bc0+0x000000000000080c]
v  ~StubRoutines::call_stub
J 23268  ui.views.waveform.waveformi.WVExecutive_processModelEvent(JJ)V (0 bytes) @ 0x000001fb4c5668a4 [0x000001fb4c566860+0x0000000000000044]
J 23267 c1 ui.views.waveform.executive.a.eR(J)V (9 bytes) @ 0x000001fb44bcc134 [0x000001fb44bcc0c0+0x0000000000000074]
j  ui.views.waveform.c.b.eQ(J)V+8
j  ui.views.waveform.c.e.actionPerformed(Ljava/awt/event/ActionEvent;)V+8
J 18752 c2 javax.swing.Timer.fireActionPerformed(Ljava/awt/event/ActionEvent;)V java.desktop@9.0.4 (46 bytes) @ 0x000001fb4c9518d8 [0x000001fb4c9517c0+0x0000000000000118]
J 18750 c2 javax.swing.Timer$DoPostEvent.run()V java.desktop@9.0.4 (82 bytes) @ 0x000001fb4c94fc6c [0x000001fb4c94f960+0x000000000000030c]
J 15597 c2 java.awt.EventQueue$3.run()Ljava/lang/Object; java.desktop@9.0.4 (5 bytes) @ 0x000001fb4c4da14c [0x000001fb4c4d9c00+0x000000000000054c]
v  ~StubRoutines::call_stub
J 4772  java.security.AccessController.doPrivileged(Ljava/security/PrivilegedAction;Ljava/security/AccessControlContext;)Ljava/lang/Object; java.base@9.0.4 (0 bytes) @ 0x000001fb4bab89c6 [0x000001fb4bab8960+0x0000000000000066]
J 23110 c2 java.awt.EventQueue.dispatchEvent(Ljava/awt/AWTEvent;)V java.desktop@9.0.4 (80 bytes) @ 0x000001fb4c09e518 [0x000001fb4c09dfc0+0x0000000000000558]
J 23130 c2 ui.frmwork.b.d.dispatchEvent(Ljava/awt/AWTEvent;)V (34 bytes) @ 0x000001fb4ccaf028 [0x000001fb4ccaef40+0x00000000000000e8]
J 20898 c2 java.awt.EventDispatchThread.pumpOneEventForFilters(I)V java.desktop@9.0.4 (218 bytes) @ 0x000001fb4c5440d8 [0x000001fb4c543e00+0x00000000000002d8]
J 21252 c2 java.awt.EventDispatchThread.pumpEventsForFilter(ILjava/awt/Conditional;Ljava/awt/EventFilter;)V java.desktop@9.0.4 (47 bytes) @ 0x000001fb4c9ebe70 [0x000001fb4c9ebcc0+0x00000000000001b0]
j  java.awt.EventDispatchThread.pumpEventsForFilter(Ljava/awt/Conditional;Ljava/awt/EventFilter;)V+4 java.desktop@9.0.4
j  java.awt.WaitDispatchSupport$2.run()V+59 java.desktop@9.0.4
j  java.awt.WaitDispatchSupport$4.run()Ljava/lang/Void;+4 java.desktop@9.0.4
j  java.awt.WaitDispatchSupport$4.run()Ljava/lang/Object;+1 java.desktop@9.0.4
v  ~StubRoutines::call_stub
J 1171  java.security.AccessController.doPrivileged(Ljava/security/PrivilegedAction;)Ljava/lang/Object; java.base@9.0.4 (0 bytes) @ 0x000001fb4b82a732 [0x000001fb4b82a6e0+0x0000000000000052]
j  java.awt.WaitDispatchSupport.enter()Z+260 java.desktop@9.0.4
j  java.awt.Dialog.show()V+225 java.desktop@9.0.4
J 7566 c1 java.awt.Component.setVisible(Z)V java.desktop@9.0.4 (6 bytes) @ 0x000001fb456eaacc [0x000001fb456ea8e0+0x00000000000001ec]
j  java.awt.Window.setVisible(Z)V+2 java.desktop@9.0.4
j  java.awt.Dialog.setVisible(Z)V+2 java.desktop@9.0.4
j  ui.b.c.g.setVisible(Z)V+2
j  ui.b.c.bB.showDialog()V+64
j  ui.b.c.bI.actionPerformed(Ljava/awt/event/ActionEvent;)V+8
j  ui.b.c.bB.cSz()V+396
j  ui.views.c.t.b.a.run()V+60
j  ui.frmwork.a.epE()Z+66
j  ui.frmwork.Y.erq()V+42
j  ui.bm.actionPerformed(Ljava/awt/event/ActionEvent;)V+25
j  javax.swing.AbstractButton.fireActionPerformed(Ljava/awt/event/ActionEvent;)V+84 java.desktop@9.0.4
j  ui.utils.p.b.E.fireActionPerformed(Ljava/awt/event/ActionEvent;)V+7
j  javax.swing.AbstractButton$Handler.actionPerformed(Ljava/awt/event/ActionEvent;)V+5 java.desktop@9.0.4
j  javax.swing.DefaultButtonModel.fireActionPerformed(Ljava/awt/event/ActionEvent;)V+34 java.desktop@9.0.4
j  javax.swing.DefaultButtonModel.setPressed(Z)V+117 java.desktop@9.0.4
j  javax.swing.plaf.basic.BasicButtonListener.mouseReleased(Ljava/awt/event/MouseEvent;)V+35 java.desktop@9.0.4
j  com.jidesoft.plaf.basic.BasicJideButtonListener.mouseReleased(Ljava/awt/event/MouseEvent;)V+61
J 19985 c1 java.awt.AWTEventMulticaster.mouseReleased(Ljava/awt/event/MouseEvent;)V java.desktop@9.0.4 (27 bytes) @ 0x000001fb44a1e10c [0x000001fb44a1df00+0x000000000000020c]
J 19985 c1 java.awt.AWTEventMulticaster.mouseReleased(Ljava/awt/event/MouseEvent;)V java.desktop@9.0.4 (27 bytes) @ 0x000001fb44a1e10c [0x000001fb44a1df00+0x000000000000020c]
J 19985 c1 java.awt.AWTEventMulticaster.mouseReleased(Ljava/awt/event/MouseEvent;)V java.desktop@9.0.4 (27 bytes) @ 0x000001fb44a1e10c [0x000001fb44a1df00+0x000000000000020c]
J 19985 c1 java.awt.AWTEventMulticaster.mouseReleased(Ljava/awt/event/MouseEvent;)V java.desktop@9.0.4 (27 bytes) @ 0x000001fb44a1e10c [0x000001fb44a1df00+0x000000000000020c]
J 18051 c1 java.awt.Component.processMouseEvent(Ljava/awt/event/MouseEvent;)V java.desktop@9.0.4 (100 bytes) @ 0x000001fb46c1e734 [0x000001fb46c1e3a0+0x0000000000000394]
J 18063 c1 javax.swing.JComponent.processMouseEvent(Ljava/awt/event/MouseEvent;)V java.desktop@9.0.4 (27 bytes) @ 0x000001fb4437186c [0x000001fb44371660+0x000000000000020c]
J 13825 c2 java.awt.Container.processEvent(Ljava/awt/AWTEvent;)V java.desktop@9.0.4 (22 bytes) @ 0x000001fb4c2e5740 [0x000001fb4c2e5620+0x0000000000000120]
J 21113 c2 java.awt.Component.dispatchEventImpl(Ljava/awt/AWTEvent;)V java.desktop@9.0.4 (739 bytes) @ 0x000001fb4c76f7b4 [0x000001fb4c76ef00+0x00000000000008b4]
J 21434 c2 java.awt.Container.dispatchEventImpl(Ljava/awt/AWTEvent;)V java.desktop@9.0.4 (129 bytes) @ 0x000001fb4cacc2e0 [0x000001fb4cacc020+0x00000000000002c0]
J 16083 c2 java.awt.LightweightDispatcher.retargetMouseEvent(Ljava/awt/Component;ILjava/awt/event/MouseEvent;)V java.desktop@9.0.4 (350 bytes) @ 0x000001fb4c569d70 [0x000001fb4c5697a0+0x00000000000005d0]
J 17814 c2 java.awt.LightweightDispatcher.processMouseEvent(Ljava/awt/event/MouseEvent;)Z java.desktop@9.0.4 (265 bytes) @ 0x000001fb4c7a3954 [0x000001fb4c7a34e0+0x0000000000000474]
J 21434 c2 java.awt.Container.dispatchEventImpl(Ljava/awt/AWTEvent;)V java.desktop@9.0.4 (129 bytes) @ 0x000001fb4cacc498 [0x000001fb4cacc020+0x0000000000000478]
J 17110 c2 java.awt.Window.dispatchEventImpl(Ljava/awt/AWTEvent;)V java.desktop@9.0.4 (23 bytes) @ 0x000001fb4c6a6a8c [0x000001fb4c6a6a40+0x000000000000004c]
J 15597 c2 java.awt.EventQueue$3.run()Ljava/lang/Object; java.desktop@9.0.4 (5 bytes) @ 0x000001fb4c4da1f4 [0x000001fb4c4d9c00+0x00000000000005f4]
v  ~StubRoutines::call_stub
J 4772  java.security.AccessController.doPrivileged(Ljava/security/PrivilegedAction;Ljava/security/AccessControlContext;)Ljava/lang/Object; java.base@9.0.4 (0 bytes) @ 0x000001fb4bab89c6 [0x000001fb4bab8960+0x0000000000000066]
J 16295 c2 java.awt.EventQueue$4.run()Ljava/lang/Object; java.desktop@9.0.4 (5 bytes) @ 0x000001fb4b81ebc0 [0x000001fb4b81e960+0x0000000000000260]
v  ~StubRoutines::call_stub
J 4772  java.security.AccessController.doPrivileged(Ljava/security/PrivilegedAction;Ljava/security/AccessControlContext;)Ljava/lang/Object; java.base@9.0.4 (0 bytes) @ 0x000001fb4bab89c6 [0x000001fb4bab8960+0x0000000000000066]
J 23110 c2 java.awt.EventQueue.dispatchEvent(Ljava/awt/AWTEvent;)V java.desktop@9.0.4 (80 bytes) @ 0x000001fb4c09e340 [0x000001fb4c09dfc0+0x0000000000000380]
J 23130 c2 ui.frmwork.b.d.dispatchEvent(Ljava/awt/AWTEvent;)V (34 bytes) @ 0x000001fb4ccaf028 [0x000001fb4ccaef40+0x00000000000000e8]
J 20898 c2 java.awt.EventDispatchThread.pumpOneEventForFilters(I)V java.desktop@9.0.4 (218 bytes) @ 0x000001fb4c5440d8 [0x000001fb4c543e00+0x00000000000002d8]
J 21132% c2 java.awt.EventDispatchThread.pumpEventsForFilter(ILjava/awt/Conditional;Ljava/awt/EventFilter;)V java.desktop@9.0.4 (47 bytes) @ 0x000001fb4c6e2e58 [0x000001fb4c6e2d40+0x0000000000000118]
j  java.awt.EventDispatchThread.pumpEventsForHierarchy(ILjava/awt/Conditional;Ljava/awt/Component;)V+11 java.desktop@9.0.4
j  java.awt.EventDispatchThread.pumpEvents(ILjava/awt/Conditional;)V+4 java.desktop@9.0.4
j  java.awt.EventDispatchThread.pumpEvents(Ljava/awt/Conditional;)V+3 java.desktop@9.0.4
j  java.awt.EventDispatchThread.run()V+9 java.desktop@9.0.4
v  ~StubRoutines::call_stub

siginfo: EXCEPTION_ACCESS_VIOLATION (0xc0000005), data execution prevention violation at address 0x00007fffdfc4db50


Register to memory mapping:

RIP=0x00007fffdfc4db50 librdi_wavedata.dll
RAX=0x00007fffdfbf1610 librdi_wavedata.dll
RBX=0x00000026e53f38f0 is pointing into the stack for thread: 0x000001fb5e547800
RCX=0x000001fb5e3b7ff0 is an unknown value
RDX=0x000001fb5e772500 is an unknown value
RSP=0x00000026e53f3788 is pointing into the stack for thread: 0x000001fb5e547800
RBP=0x00000026e53f38b0 is pointing into the stack for thread: 0x000001fb5e547800
RSI=0x000001fb5e772500 is an unknown value
RDI=0x000001fb5e3b7ff0 is an unknown value
R8 =0x00000026e53f38b0 is pointing into the stack for thread: 0x000001fb5e547800
R9 =0x00000026e53f38f0 is pointing into the stack for thread: 0x000001fb5e547800
R10=0x000001fb5e772510 is an unknown value
R11=0xfc01ffffffffffff is an unknown value
R12=0x0000000000000000 is an unknown value
R13=0x0000000000000000 is an unknown value
R14=0x000001fb5e772500 is an unknown value
R15=0x0000000000000001 is an unknown value


Registers:
RAX=0x00007fffdfbf1610, RBX=0x00000026e53f38f0, RCX=0x000001fb5e3b7ff0, RDX=0x000001fb5e772500
RSP=0x00000026e53f3788, RBP=0x00000026e53f38b0, RSI=0x000001fb5e772500, RDI=0x000001fb5e3b7ff0
R8 =0x00000026e53f38b0, R9 =0x00000026e53f38f0, R10=0x000001fb5e772510, R11=0xfc01ffffffffffff
R12=0x0000000000000000, R13=0x0000000000000000, R14=0x000001fb5e772500, R15=0x0000000000000001
RIP=0x00007fffdfc4db50, EFLAGS=0x0000000000010206

Top of Stack: (sp=0x00000026e53f3788)
0x00000026e53f3788:   00007fffdf90efbc 0000011e00000000
0x00000026e53f3798:   000001fb309da140 0000011e0000011c
0x00000026e53f37a8:   000001fb309d0000 000001fb309d02a4
0x00000026e53f37b8:   00000026e53f38f0 00000026e53f38b0
0x00000026e53f37c8:   000001fb5e772500 fffffffffffffffe
0x00000026e53f37d8:   0000000000000000 0000000000000000
0x00000026e53f37e8:   0000000000000010 0000000000000008
0x00000026e53f37f8:   0000000000000002 000001fb308d0000
0x00000026e53f3808:   00000026e53f38c9 0000000000000001
0x00000026e53f3818:   00007ff876c9b3c7 000001fb309d0000
0x00000026e53f3828:   0000011e0000000d 0000000000000008
0x00000026e53f3838:   0000011e00000000 0000f4b9693d5359
0x00000026e53f3848:   00007ff876c9b86b 00000002dfda0d48
0x00000026e53f3858:   00000026e53f39c8 000001fb680c96f0
0x00000026e53f3868:   00000026e53f38f9 00000026e53f39b0
0x00000026e53f3878:   00007fffdf9060a7 0000011e00000000 

Instructions: (pc=0x00007fffdfc4db50)
0x00007fffdfc4db30:   00 00 00 00 ff ff ff ff 00 00 00 00 40 00 00 00
0x00007fffdfc4db40:   00 db 46 00 00 00 00 00 00 00 00 00 00 00 00 00
0x00007fffdfc4db50:   01 00 00 00 00 00 00 00 00 00 00 00 40 6d 5a 00
0x00007fffdfc4db60:   78 db 46 00 50 db 46 00 00 00 00 00 00 00 00 00 



---------------  P R O C E S S  ---------------

Java Threads: ( => current thread )
  0x000001fb62870800 JavaThread "Relaunch Simulation Thread" [_thread_blocked, id=7440, stack(0x00000026e7000000,0x00000026e7500000)]
  0x000001fb62875000 JavaThread "Monitor File Timestamp Swing Worker Thread" [_thread_blocked, id=6584, stack(0x00000026e9300000,0x00000026e9800000)]
  0x000001fb62876800 JavaThread "Timer-0" [_thread_blocked, id=13432, stack(0x00000026e8900000,0x00000026e8e00000)]
  0x000001fb6286f000 JavaThread "SyntheticaAnimation 50" daemon [_thread_blocked, id=5240, stack(0x00000026e8400000,0x00000026e8900000)]
  0x000001fb6286d000 JavaThread "SyntheticaAnimation 50" daemon [_thread_blocked, id=20040, stack(0x00000026e4000000,0x00000026e4500000)]
  0x000001fb6286e800 JavaThread "Update Runs Swing Worker Thread" [_thread_blocked, id=7632, stack(0x00000026e8e00000,0x00000026e9300000)]
  0x000001fb6286c000 JavaThread "hw_ila_monitor" [_thread_blocked, id=14420, stack(0x00000026e7f00000,0x00000026e8400000)]
  0x000001fb62870000 JavaThread "Refresh Filesets Swing Worker Thread" [_thread_blocked, id=15216, stack(0x00000026e7a00000,0x00000026e7f00000)]
  0x000001fb62872000 JavaThread "SyntheticaAnimation 70" daemon [_thread_blocked, id=7820, stack(0x00000026e7500000,0x00000026e7a00000)]
  0x000001fb36eb7000 JavaThread "SyntheticaAnimation 25" daemon [_thread_blocked, id=11092, stack(0x00000026e6b00000,0x00000026e7000000)]
  0x000001fb36eb6800 JavaThread "SyntheticaAnimation 50" daemon [_thread_blocked, id=18420, stack(0x00000026e6600000,0x00000026e6b00000)]
  0x000001fb36eb4000 JavaThread "Monitor HEventQueue Thread" [_thread_blocked, id=14952, stack(0x00000026e6100000,0x00000026e6600000)]
  0x000001fb36eb5000 JavaThread "SyntheticaCleanerThread" daemon [_thread_blocked, id=12832, stack(0x00000026e5900000,0x00000026e5e00000)]
  0x000001fb36eb3800 JavaThread "Batik CleanerThread" daemon [_thread_blocked, id=3076, stack(0x00000026e4500000,0x00000026e4a00000)]
=>0x000001fb5e547800 JavaThread "AWT-EventQueue-1" [_thread_in_native, id=17580, stack(0x00000026e4f00000,0x00000026e5400000)]
  0x000001fb60d30800 JavaThread "Process Messages Thread" [_thread_blocked, id=12476, stack(0x00000026e4a00000,0x00000026e4f00000)]
  0x000001fb5e5ed000 JavaThread "Thread-1" [_thread_in_native, id=10904, stack(0x00000026dc000000,0x00000026dd400000)]
  0x000001fb5df30000 JavaThread "TimerQueue" daemon [_thread_blocked, id=11100, stack(0x00000026e3b00000,0x00000026e4000000)]
  0x000001fb5de18000 JavaThread "AWT-Windows" daemon [_thread_in_native, id=10116, stack(0x00000026e3600000,0x00000026e3b00000)]
  0x000001fb5de17000 JavaThread "AWT-Shutdown" [_thread_blocked, id=16876, stack(0x00000026e3100000,0x00000026e3600000)]
  0x000001fb5de16800 JavaThread "Java2D Disposer" daemon [_thread_blocked, id=19328, stack(0x00000026e2c00000,0x00000026e3100000)]
  0x000001fb3814b800 JavaThread "Service Thread" daemon [_thread_blocked, id=16796, stack(0x00000026e2600000,0x00000026e2b00000)]
  0x000001fb3a790000 JavaThread "Common-Cleaner" daemon [_thread_blocked, id=8224, stack(0x00000026e2100000,0x00000026e2600000)]
  0x000001fb36eb5800 JavaThread "Sweeper thread" daemon [_thread_blocked, id=12676, stack(0x00000026e1c00000,0x00000026e2100000)]
  0x000001fb3a783000 JavaThread "C1 CompilerThread11" daemon [_thread_blocked, id=4664, stack(0x00000026e1b00000,0x00000026e1c00000)]
  0x000001fb3a782000 JavaThread "C1 CompilerThread10" daemon [_thread_blocked, id=16472, stack(0x00000026e1a00000,0x00000026e1b00000)]
  0x000001fb3a781000 JavaThread "C1 CompilerThread9" daemon [_thread_blocked, id=13552, stack(0x00000026e1900000,0x00000026e1a00000)]
  0x000001fb3a780800 JavaThread "C1 CompilerThread8" daemon [_thread_blocked, id=2160, stack(0x00000026e1800000,0x00000026e1900000)]
  0x000001fb3a77e800 JavaThread "C2 CompilerThread7" daemon [_thread_blocked, id=1648, stack(0x00000026e1700000,0x00000026e1800000)]
  0x000001fb3a77a000 JavaThread "C2 CompilerThread6" daemon [_thread_blocked, id=7176, stack(0x00000026e1600000,0x00000026e1700000)]
  0x000001fb3a779000 JavaThread "C2 CompilerThread5" daemon [_thread_blocked, id=7640, stack(0x00000026e1500000,0x00000026e1600000)]
  0x000001fb37fe6800 JavaThread "C2 CompilerThread4" daemon [_thread_blocked, id=1052, stack(0x00000026e1400000,0x00000026e1500000)]
  0x000001fb3a774800 JavaThread "C2 CompilerThread3" daemon [_thread_blocked, id=1360, stack(0x00000026e1300000,0x00000026e1400000)]
  0x000001fb3c64c800 JavaThread "C2 CompilerThread2" daemon [_thread_blocked, id=9936, stack(0x00000026e1200000,0x00000026e1300000)]
  0x000001fb3ccff800 JavaThread "C2 CompilerThread1" daemon [_thread_blocked, id=18308, stack(0x00000026e1100000,0x00000026e1200000)]
  0x000001fb3ccfe800 JavaThread "C2 CompilerThread0" daemon [_thread_blocked, id=6228, stack(0x00000026e1000000,0x00000026e1100000)]
  0x000001fb3ccfd800 JavaThread "Attach Listener" daemon [_thread_blocked, id=6896, stack(0x00000026e0b00000,0x00000026e1000000)]
  0x000001fb33ee0800 JavaThread "Signal Dispatcher" daemon [_thread_blocked, id=12788, stack(0x00000026e0600000,0x00000026e0b00000)]
  0x000001fb37fa3800 JavaThread "Finalizer" daemon [_thread_blocked, id=10376, stack(0x00000026e0100000,0x00000026e0600000)]
  0x000001fb37fa2800 JavaThread "Reference Handler" daemon [_thread_blocked, id=3152, stack(0x00000026dfc00000,0x00000026e0100000)]
  0x000001fb32a6a800 JavaThread "main" [_thread_blocked, id=13056, stack(0x00000026dd600000,0x00000026dd700000)]

Other Threads:
  0x000001fb39c5e800 VMThread "VM Thread" [stack: 0x00000026dfb00000,0x00000026dfc00000] [id=15908]
  0x000001fb39705000 WatcherThread [stack: 0x00000026e2b00000,0x00000026e2c00000] [id=13748]
  0x000001fb329e0800 GCTaskThread "GC Thread#0" [stack: 0x00000026dd700000,0x00000026dd800000] [id=16352]
  0x000001fb3d003000 GCTaskThread "GC Thread#1" [stack: 0x00000026dd800000,0x00000026dd900000] [id=10488]
  0x000001fb3c6f0800 GCTaskThread "GC Thread#2" [stack: 0x00000026dd900000,0x00000026dda00000] [id=17976]
  0x000001fb39ecc000 GCTaskThread "GC Thread#3" [stack: 0x00000026dda00000,0x00000026ddb00000] [id=8200]
  0x000001fb342ac000 GCTaskThread "GC Thread#4" [stack: 0x00000026ddb00000,0x00000026ddc00000] [id=12108]
  0x000001fb3c7fc800 GCTaskThread "GC Thread#5" [stack: 0x00000026ddc00000,0x00000026ddd00000] [id=12840]
  0x000001fb3c7fd000 GCTaskThread "GC Thread#6" [stack: 0x00000026ddd00000,0x00000026dde00000] [id=14204]
  0x000001fb39b71000 GCTaskThread "GC Thread#7" [stack: 0x00000026dde00000,0x00000026ddf00000] [id=9772]
  0x000001fb3a679000 GCTaskThread "GC Thread#8" [stack: 0x00000026ddf00000,0x00000026de000000] [id=12816]
  0x000001fb3c4fc000 GCTaskThread "GC Thread#9" [stack: 0x00000026de000000,0x00000026de100000] [id=3800]
  0x000001fb3c4fc800 GCTaskThread "GC Thread#10" [stack: 0x00000026de100000,0x00000026de200000] [id=10988]
  0x000001fb3a959800 GCTaskThread "GC Thread#11" [stack: 0x00000026de200000,0x00000026de300000] [id=2408]
  0x000001fb39ab3800 GCTaskThread "GC Thread#12" [stack: 0x00000026de300000,0x00000026de400000] [id=12256]
  0x000001fb371aa000 GCTaskThread "GC Thread#13" [stack: 0x00000026de400000,0x00000026de500000] [id=10200]
  0x000001fb371aa800 GCTaskThread "GC Thread#14" [stack: 0x00000026de500000,0x00000026de600000] [id=20008]
  0x000001fb3a73e000 ConcurrentGCThread "G1 Main Marker" [stack: 0x00000026df600000,0x00000026df700000] [id=10624]
  0x000001fb37dfb000 ConcurrentGCThread "G1 Marker#0" [stack: 0x00000026df700000,0x00000026df800000] [id=16772]
  0x000001fb37dfb800 ConcurrentGCThread "G1 Marker#1" [stack: 0x00000026df800000,0x00000026df900000] [id=1884]
  0x000001fb37dfc000 ConcurrentGCThread "G1 Marker#2" [stack: 0x00000026df900000,0x00000026dfa00000] [id=6276]
  0x000001fb36ebf800 ConcurrentGCThread "G1 Marker#3" [stack: 0x00000026dfa00000,0x00000026dfb00000] [id=16448]
  0x000001fb3c7a5800 ConcurrentGCThread "G1 Refine#0" [stack: 0x00000026df400000,0x00000026df500000] [id=6048]
  0x000001fb3c7a4800 ConcurrentGCThread "G1 Refine#1" [stack: 0x00000026df300000,0x00000026df400000] [id=15532]
  0x000001fb39b3b000 ConcurrentGCThread "G1 Refine#2" [stack: 0x00000026df200000,0x00000026df300000] [id=1480]
  0x000001fb39b3a800 ConcurrentGCThread "G1 Refine#3" [stack: 0x00000026df100000,0x00000026df200000] [id=7804]
  0x000001fb3cd09800 ConcurrentGCThread "G1 Refine#4" [stack: 0x00000026df000000,0x00000026df100000] [id=17808]
  0x000001fb3a874000 ConcurrentGCThread "G1 Refine#5" [stack: 0x00000026def00000,0x00000026df000000] [id=17488]
  0x000001fb39ad5800 ConcurrentGCThread "G1 Refine#6" [stack: 0x00000026dee00000,0x00000026def00000] [id=15916]
  0x000001fb39ad5000 ConcurrentGCThread "G1 Refine#7" [stack: 0x00000026ded00000,0x00000026dee00000] [id=13780]
  0x000001fb375d9800 ConcurrentGCThread "G1 Refine#8" [stack: 0x00000026dec00000,0x00000026ded00000] [id=18264]
  0x000001fb375d8800 ConcurrentGCThread "G1 Refine#9" [stack: 0x00000026deb00000,0x00000026dec00000] [id=8964]
  0x000001fb3d0de000 ConcurrentGCThread "G1 Refine#10" [stack: 0x00000026dea00000,0x00000026deb00000] [id=9376]
  0x000001fb37e3f800 ConcurrentGCThread "G1 Refine#11" [stack: 0x00000026de900000,0x00000026dea00000] [id=14884]
  0x000001fb37e3f000 ConcurrentGCThread "G1 Refine#12" [stack: 0x00000026de800000,0x00000026de900000] [id=14184]
  0x000001fb37e3e800 ConcurrentGCThread "G1 Refine#13" [stack: 0x00000026de700000,0x00000026de800000] [id=14084]
  0x000001fb3759e800 ConcurrentGCThread "G1 Refine#14" [stack: 0x00000026de600000,0x00000026de700000] [id=16276]
  0x000001fb37dfa000 ConcurrentGCThread "G1 Young RemSet Sampling" [stack: 0x00000026df500000,0x00000026df600000] [id=11516]

Threads with active compile tasks:

VM state:not at safepoint (normal execution)

VM Mutex/Monitor currently owned by a thread: None

Heap address: 0x0000000700000000, size: 3072 MB, Compressed Oops mode: Zero based, Oop shift amount: 3
Narrow klass base: 0x0000000000000000, Narrow klass shift: 3
Compressed class space size: 1073741824 Address: 0x00000007c0000000

Heap:
 garbage-first heap   total 251904K, used 99010K [0x0000000700000000, 0x00000007001007b0, 0x00000007c0000000)
  region size 1024K, 24 young (24576K), 1 survivors (1024K)
 Metaspace       used 84550K, capacity 90749K, committed 90880K, reserved 1128448K
  class space    used 11325K, capacity 12437K, committed 12544K, reserved 1048576K
Heap Regions: E=young(eden), S=young(survivor), O=old, HS=humongous(starts), HC=humongous(continues), CS=collection set, F=free, A=archive, TS=gc time stamp, AC=allocation context, TAMS=top-at-mark-start (previous, next)
|   0|0x0000000700000000, 0x00000007000f5aa8, 0x0000000700100000| 95%| O|  |TS  0|AC  0|TAMS 0x0000000700000000, 0x0000000700000000|
|   1|0x0000000700100000, 0x00000007001ff678, 0x0000000700200000| 99%| O|  |TS  0|AC  0|TAMS 0x0000000700100000, 0x0000000700100000|
|   2|0x0000000700200000, 0x00000007002c6878, 0x0000000700300000| 77%| O|  |TS  0|AC  0|TAMS 0x0000000700200000, 0x0000000700200000|
|   3|0x0000000700300000, 0x00000007003fffe8, 0x0000000700400000| 99%| O|  |TS  0|AC  0|TAMS 0x0000000700300000, 0x0000000700300000|
|   4|0x0000000700400000, 0x0000000700500000, 0x0000000700500000|100%|HS|  |TS  0|AC  0|TAMS 0x0000000700400000, 0x0000000700400000|
|   5|0x0000000700500000, 0x0000000700600000, 0x0000000700600000|100%|HC|  |TS  0|AC  0|TAMS 0x0000000700500000, 0x0000000700500000|
|   6|0x0000000700600000, 0x0000000700700000, 0x0000000700700000|100%|HS|  |TS  0|AC  0|TAMS 0x0000000700600000, 0x0000000700600000|
|   7|0x0000000700700000, 0x00000007007fb238, 0x0000000700800000| 98%| O|  |TS  0|AC  0|TAMS 0x0000000700700000, 0x0000000700700000|
|   8|0x0000000700800000, 0x00000007008fda48, 0x0000000700900000| 99%| O|  |TS  0|AC  0|TAMS 0x0000000700800000, 0x0000000700800000|
|   9|0x0000000700900000, 0x00000007009ffff8, 0x0000000700a00000| 99%| O|  |TS  0|AC  0|TAMS 0x0000000700900000, 0x0000000700900000|
|  10|0x0000000700a00000, 0x0000000700affff0, 0x0000000700b00000| 99%| O|  |TS  0|AC  0|TAMS 0x0000000700a00000, 0x0000000700a00000|
|  11|0x0000000700b00000, 0x0000000700bfffd0, 0x0000000700c00000| 99%| O|  |TS  0|AC  0|TAMS 0x0000000700b00000, 0x0000000700b00000|
|  12|0x0000000700c00000, 0x0000000700cfffe8, 0x0000000700d00000| 99%| O|  |TS  0|AC  0|TAMS 0x0000000700c00000, 0x0000000700c00000|
|  13|0x0000000700d00000, 0x0000000700de7630, 0x0000000700e00000| 90%| O|  |TS  0|AC  0|TAMS 0x0000000700d00000, 0x0000000700d00000|
|  14|0x0000000700e00000, 0x0000000700f00000, 0x0000000700f00000|100%| O|  |TS  0|AC  0|TAMS 0x0000000700e00000, 0x0000000700e00000|
|  15|0x0000000700f00000, 0x0000000700fffe68, 0x0000000701000000| 99%| O|  |TS  0|AC  0|TAMS 0x0000000700f00000, 0x0000000700f00000|
|  16|0x0000000701000000, 0x00000007010f50c0, 0x0000000701100000| 95%| O|  |TS  0|AC  0|TAMS 0x0000000701000000, 0x0000000701000000|
|  17|0x0000000701100000, 0x00000007011fffc8, 0x0000000701200000| 99%| O|  |TS  0|AC  0|TAMS 0x0000000701100000, 0x0000000701100000|
|  18|0x0000000701200000, 0x00000007012fa3b8, 0x0000000701300000| 97%| O|  |TS  0|AC  0|TAMS 0x0000000701200000, 0x0000000701200000|
|  19|0x0000000701300000, 0x00000007013ffec8, 0x0000000701400000| 99%| O|  |TS  0|AC  0|TAMS 0x0000000701300000, 0x0000000701300000|
|  20|0x0000000701400000, 0x00000007014ffff8, 0x0000000701500000| 99%| O|  |TS  0|AC  0|TAMS 0x0000000701400000, 0x0000000701400000|
|  21|0x0000000701500000, 0x00000007015ffff8, 0x0000000701600000| 99%| O|  |TS  0|AC  0|TAMS 0x0000000701500000, 0x0000000701500000|
|  22|0x0000000701600000, 0x00000007016b4948, 0x0000000701700000| 70%| O|  |TS  0|AC  0|TAMS 0x0000000701600000, 0x0000000701600000|
|  23|0x0000000701700000, 0x00000007017f9080, 0x0000000701800000| 97%| O|  |TS  0|AC  0|TAMS 0x0000000701700000, 0x0000000701700000|
|  24|0x0000000701800000, 0x00000007018ffff8, 0x0000000701900000| 99%| O|  |TS  0|AC  0|TAMS 0x0000000701800000, 0x0000000701800000|
|  25|0x0000000701900000, 0x0000000701a00000, 0x0000000701a00000|100%| O|  |TS  0|AC  0|TAMS 0x0000000701900000, 0x0000000701900000|
|  26|0x0000000701a00000, 0x0000000701afffc8, 0x0000000701b00000| 99%| O|  |TS  0|AC  0|TAMS 0x0000000701a00000, 0x0000000701a00000|
|  27|0x0000000701b00000, 0x0000000701c00000, 0x0000000701c00000|100%| O|  |TS  0|AC  0|TAMS 0x0000000701b00000, 0x0000000701b00000|
|  28|0x0000000701c00000, 0x0000000701cffff0, 0x0000000701d00000| 99%| O|  |TS  0|AC  0|TAMS 0x0000000701c00000, 0x0000000701c00000|
|  29|0x0000000701d00000, 0x0000000701e00000, 0x0000000701e00000|100%| O|  |TS  0|AC  0|TAMS 0x0000000701d00000, 0x0000000701d00000|
|  30|0x0000000701e00000, 0x0000000701effd40, 0x0000000701f00000| 99%| O|  |TS  0|AC  0|TAMS 0x0000000701e00000, 0x0000000701e00000|
|  31|0x0000000701f00000, 0x0000000701fffff8, 0x0000000702000000| 99%| O|  |TS  0|AC  0|TAMS 0x0000000701f00000, 0x0000000701f00000|
|  32|0x0000000702000000, 0x00000007020ffff8, 0x0000000702100000| 99%| O|  |TS  0|AC  0|TAMS 0x0000000702000000, 0x0000000702000000|
|  33|0x0000000702100000, 0x00000007021ffff0, 0x0000000702200000| 99%| O|  |TS  0|AC  0|TAMS 0x0000000702100000, 0x0000000702100000|
|  34|0x0000000702200000, 0x00000007022ffe70, 0x0000000702300000| 99%| O|  |TS  0|AC  0|TAMS 0x0000000702200000, 0x0000000702200000|
|  35|0x0000000702300000, 0x00000007023fff88, 0x0000000702400000| 99%| O|  |TS  0|AC  0|TAMS 0x0000000702300000, 0x0000000702300000|
|  36|0x0000000702400000, 0x00000007024ffff0, 0x0000000702500000| 99%| O|  |TS  0|AC  0|TAMS 0x0000000702400000, 0x0000000702400000|
|  37|0x0000000702500000, 0x0000000702600000, 0x0000000702600000|100%| O|  |TS  0|AC  0|TAMS 0x0000000702500000, 0x0000000702500000|
|  38|0x0000000702600000, 0x00000007026fffe0, 0x0000000702700000| 99%| O|  |TS  0|AC  0|TAMS 0x0000000702600000, 0x0000000702600000|
|  39|0x0000000702700000, 0x0000000702800000, 0x0000000702800000|100%| O|  |TS  0|AC  0|TAMS 0x0000000702700000, 0x0000000702700000|
|  40|0x0000000702800000, 0x0000000702900000, 0x0000000702900000|100%|HS|  |TS  0|AC  0|TAMS 0x0000000702800000, 0x0000000702800000|
|  41|0x0000000702900000, 0x0000000702a00000, 0x0000000702a00000|100%|HC|  |TS  0|AC  0|TAMS 0x0000000702900000, 0x0000000702900000|
|  42|0x0000000702a00000, 0x0000000702b00000, 0x0000000702b00000|100%|HC|  |TS  0|AC  0|TAMS 0x0000000702a00000, 0x0000000702a00000|
|  43|0x0000000702b00000, 0x0000000702c00000, 0x0000000702c00000|100%|HC|  |TS  0|AC  0|TAMS 0x0000000702b00000, 0x0000000702b00000|
|  44|0x0000000702c00000, 0x0000000702d00000, 0x0000000702d00000|100%|HC|  |TS  0|AC  0|TAMS 0x0000000702c00000, 0x0000000702c00000|
|  45|0x0000000702d00000, 0x0000000702e00000, 0x0000000702e00000|100%|HC|  |TS  0|AC  0|TAMS 0x0000000702d00000, 0x0000000702d00000|
|  46|0x0000000702e00000, 0x0000000702f00000, 0x0000000702f00000|100%|HC|  |TS  0|AC  0|TAMS 0x0000000702e00000, 0x0000000702e00000|
|  47|0x0000000702f00000, 0x0000000703000000, 0x0000000703000000|100%|HC|  |TS  0|AC  0|TAMS 0x0000000702f00000, 0x0000000702f00000|
|  48|0x0000000703000000, 0x0000000703100000, 0x0000000703100000|100%|HC|  |TS  0|AC  0|TAMS 0x0000000703000000, 0x0000000703000000|
|  49|0x0000000703100000, 0x0000000703200000, 0x0000000703200000|100%|HC|  |TS  0|AC  0|TAMS 0x0000000703100000, 0x0000000703100000|
|  50|0x0000000703200000, 0x0000000703300000, 0x0000000703300000|100%|HC|  |TS  0|AC  0|TAMS 0x0000000703200000, 0x0000000703200000|
|  51|0x0000000703300000, 0x0000000703400000, 0x0000000703400000|100%|HC|  |TS  0|AC  0|TAMS 0x0000000703300000, 0x0000000703300000|
|  52|0x0000000703400000, 0x0000000703500000, 0x0000000703500000|100%|HC|  |TS  0|AC  0|TAMS 0x0000000703400000, 0x0000000703400000|
|  53|0x0000000703500000, 0x0000000703600000, 0x0000000703600000|100%|HC|  |TS  0|AC  0|TAMS 0x0000000703500000, 0x0000000703500000|
|  54|0x0000000703600000, 0x00000007036ffff8, 0x0000000703700000| 99%| O|  |TS  0|AC  0|TAMS 0x0000000703600000, 0x0000000703600000|
|  55|0x0000000703700000, 0x0000000703800000, 0x0000000703800000|100%| O|  |TS  0|AC  0|TAMS 0x0000000703700000, 0x0000000703700000|
|  56|0x0000000703800000, 0x00000007038fffc8, 0x0000000703900000| 99%| O|  |TS  0|AC  0|TAMS 0x0000000703800000, 0x0000000703800000|
|  57|0x0000000703900000, 0x00000007039fff38, 0x0000000703a00000| 99%| O|  |TS  0|AC  0|TAMS 0x0000000703900000, 0x0000000703900000|
|  58|0x0000000703a00000, 0x0000000703afffd8, 0x0000000703b00000| 99%| O|  |TS  0|AC  0|TAMS 0x0000000703a00000, 0x0000000703a00000|
|  59|0x0000000703b00000, 0x0000000703bfffe8, 0x0000000703c00000| 99%| O|  |TS  0|AC  0|TAMS 0x0000000703b00000, 0x0000000703b00000|
|  60|0x0000000703c00000, 0x0000000703cfffe8, 0x0000000703d00000| 99%| O|  |TS  0|AC  0|TAMS 0x0000000703c00000, 0x0000000703c00000|
|  61|0x0000000703d00000, 0x0000000703dfff80, 0x0000000703e00000| 99%| O|  |TS  0|AC  0|TAMS 0x0000000703d00000, 0x0000000703d00000|
|  62|0x0000000703e00000, 0x0000000703effff0, 0x0000000703f00000| 99%| O|  |TS  0|AC  0|TAMS 0x0000000703e00000, 0x0000000703e00000|
|  63|0x0000000703f00000, 0x0000000703fffff0, 0x0000000704000000| 99%| O|  |TS  0|AC  0|TAMS 0x0000000703f00000, 0x0000000703f00000|
|  64|0x0000000704000000, 0x00000007040fffc8, 0x0000000704100000| 99%| O|  |TS  0|AC  0|TAMS 0x0000000704000000, 0x0000000704000000|
|  65|0x0000000704100000, 0x00000007041fff38, 0x0000000704200000| 99%| O|  |TS  0|AC  0|TAMS 0x0000000704100000, 0x0000000704100000|
|  66|0x0000000704200000, 0x00000007042ffff0, 0x0000000704300000| 99%| O|  |TS  0|AC  0|TAMS 0x0000000704200000, 0x0000000704200000|
|  67|0x0000000704300000, 0x0000000704400000, 0x0000000704400000|100%| O|  |TS  0|AC  0|TAMS 0x0000000704300000, 0x0000000704300000|
|  68|0x0000000704400000, 0x00000007044bc588, 0x0000000704500000| 73%| O|  |TS  0|AC  0|TAMS 0x0000000704400000, 0x0000000704400000|
|  69|0x0000000704500000, 0x0000000704600000, 0x0000000704600000|100%|HS|  |TS  0|AC  0|TAMS 0x0000000704500000, 0x0000000704500000|
|  70|0x0000000704600000, 0x0000000704633600, 0x0000000704700000| 20%| O|  |TS 51|AC  0|TAMS 0x0000000704600000, 0x0000000704600000|
|  71|0x0000000704700000, 0x0000000704700000, 0x0000000704800000|  0%| F|  |TS  0|AC  0|TAMS 0x0000000704700000, 0x0000000704700000|
|  72|0x0000000704800000, 0x0000000704800000, 0x0000000704900000|  0%| F|  |TS  0|AC  0|TAMS 0x0000000704800000, 0x0000000704800000|
|  73|0x0000000704900000, 0x0000000704900000, 0x0000000704a00000|  0%| F|  |TS  0|AC  0|TAMS 0x0000000704900000, 0x0000000704900000|
|  74|0x0000000704a00000, 0x0000000704a00000, 0x0000000704b00000|  0%| F|  |TS  0|AC  0|TAMS 0x0000000704a00000, 0x0000000704a00000|
|  75|0x0000000704b00000, 0x0000000704c00000, 0x0000000704c00000|100%|HS|  |TS  0|AC  0|TAMS 0x0000000704b00000, 0x0000000704b00000|
|  76|0x0000000704c00000, 0x0000000704d00000, 0x0000000704d00000|100%|HC|  |TS  0|AC  0|TAMS 0x0000000704c00000, 0x0000000704c00000|
|  77|0x0000000704d00000, 0x0000000704e00000, 0x0000000704e00000|100%|HC|  |TS  0|AC  0|TAMS 0x0000000704d00000, 0x0000000704d00000|
|  78|0x0000000704e00000, 0x0000000704f00000, 0x0000000704f00000|100%|HC|  |TS  0|AC  0|TAMS 0x0000000704e00000, 0x0000000704e00000|
|  79|0x0000000704f00000, 0x0000000705000000, 0x0000000705000000|100%|HC|  |TS  0|AC  0|TAMS 0x0000000704f00000, 0x0000000704f00000|
|  80|0x0000000705000000, 0x0000000705000000, 0x0000000705100000|  0%| F|  |TS  0|AC  0|TAMS 0x0000000705000000, 0x0000000705000000|
|  81|0x0000000705100000, 0x0000000705100000, 0x0000000705200000|  0%| F|  |TS  0|AC  0|TAMS 0x0000000705100000, 0x0000000705100000|
|  82|0x0000000705200000, 0x0000000705200000, 0x0000000705300000|  0%| F|  |TS  0|AC  0|TAMS 0x0000000705200000, 0x0000000705200000|
|  83|0x0000000705300000, 0x0000000705300000, 0x0000000705400000|  0%| F|  |TS  0|AC  0|TAMS 0x0000000705300000, 0x0000000705300000|
|  84|0x0000000705400000, 0x0000000705400000, 0x0000000705500000|  0%| F|  |TS  0|AC  0|TAMS 0x0000000705400000, 0x0000000705400000|
|  85|0x0000000705500000, 0x0000000705500000, 0x0000000705600000|  0%| F|  |TS  0|AC  0|TAMS 0x0000000705500000, 0x0000000705500000|
|  86|0x0000000705600000, 0x0000000705600000, 0x0000000705700000|  0%| F|  |TS  0|AC  0|TAMS 0x0000000705600000, 0x0000000705600000|
|  87|0x0000000705700000, 0x0000000705700000, 0x0000000705800000|  0%| F|  |TS  0|AC  0|TAMS 0x0000000705700000, 0x0000000705700000|
|  88|0x0000000705800000, 0x0000000705800000, 0x0000000705900000|  0%| F|  |TS  0|AC  0|TAMS 0x0000000705800000, 0x0000000705800000|
|  89|0x0000000705900000, 0x0000000705900000, 0x0000000705a00000|  0%| F|  |TS  0|AC  0|TAMS 0x0000000705900000, 0x0000000705900000|
|  90|0x0000000705a00000, 0x0000000705a00000, 0x0000000705b00000|  0%| F|  |TS  0|AC  0|TAMS 0x0000000705a00000, 0x0000000705a00000|
|  91|0x0000000705b00000, 0x0000000705b00000, 0x0000000705c00000|  0%| F|  |TS  0|AC  0|TAMS 0x0000000705b00000, 0x0000000705b00000|
|  92|0x0000000705c00000, 0x0000000705c00000, 0x0000000705d00000|  0%| F|  |TS  0|AC  0|TAMS 0x0000000705c00000, 0x0000000705c00000|
|  93|0x0000000705d00000, 0x0000000705d00000, 0x0000000705e00000|  0%| F|  |TS  0|AC  0|TAMS 0x0000000705d00000, 0x0000000705d00000|
|  94|0x0000000705e00000, 0x0000000705e00000, 0x0000000705f00000|  0%| F|  |TS  0|AC  0|TAMS 0x0000000705e00000, 0x0000000705e00000|
|  95|0x0000000705f00000, 0x0000000705f00000, 0x0000000706000000|  0%| F|  |TS  0|AC  0|TAMS 0x0000000705f00000, 0x0000000705f00000|
|  96|0x0000000706000000, 0x0000000706000000, 0x0000000706100000|  0%| F|  |TS  0|AC  0|TAMS 0x0000000706000000, 0x0000000706000000|
|  97|0x0000000706100000, 0x0000000706100000, 0x0000000706200000|  0%| F|  |TS  0|AC  0|TAMS 0x0000000706100000, 0x0000000706100000|
|  98|0x0000000706200000, 0x0000000706200000, 0x0000000706300000|  0%| F|  |TS  0|AC  0|TAMS 0x0000000706200000, 0x0000000706200000|
|  99|0x0000000706300000, 0x0000000706300000, 0x0000000706400000|  0%| F|  |TS  0|AC  0|TAMS 0x0000000706300000, 0x0000000706300000|
| 100|0x0000000706400000, 0x0000000706400000, 0x0000000706500000|  0%| F|  |TS  0|AC  0|TAMS 0x0000000706400000, 0x0000000706400000|
| 101|0x0000000706500000, 0x0000000706500000, 0x0000000706600000|  0%| F|  |TS  0|AC  0|TAMS 0x0000000706500000, 0x0000000706500000|
| 102|0x0000000706600000, 0x0000000706600000, 0x0000000706700000|  0%| F|  |TS  0|AC  0|TAMS 0x0000000706600000, 0x0000000706600000|
| 103|0x0000000706700000, 0x0000000706700000, 0x0000000706800000|  0%| F|  |TS  0|AC  0|TAMS 0x0000000706700000, 0x0000000706700000|
| 104|0x0000000706800000, 0x0000000706800000, 0x0000000706900000|  0%| F|  |TS  0|AC  0|TAMS 0x0000000706800000, 0x0000000706800000|
| 105|0x0000000706900000, 0x0000000706900000, 0x0000000706a00000|  0%| F|  |TS  0|AC  0|TAMS 0x0000000706900000, 0x0000000706900000|
| 106|0x0000000706a00000, 0x0000000706a00000, 0x0000000706b00000|  0%| F|  |TS  0|AC  0|TAMS 0x0000000706a00000, 0x0000000706a00000|
| 107|0x0000000706b00000, 0x0000000706b00000, 0x0000000706c00000|  0%| F|  |TS  0|AC  0|TAMS 0x0000000706b00000, 0x0000000706b00000|
| 108|0x0000000706c00000, 0x0000000706c00000, 0x0000000706d00000|  0%| F|  |TS  0|AC  0|TAMS 0x0000000706c00000, 0x0000000706c00000|
| 109|0x0000000706d00000, 0x0000000706d00000, 0x0000000706e00000|  0%| F|  |TS  0|AC  0|TAMS 0x0000000706d00000, 0x0000000706d00000|
| 110|0x0000000706e00000, 0x0000000706e00000, 0x0000000706f00000|  0%| F|  |TS  0|AC  0|TAMS 0x0000000706e00000, 0x0000000706e00000|
| 111|0x0000000706f00000, 0x0000000706f00000, 0x0000000707000000|  0%| F|  |TS  0|AC  0|TAMS 0x0000000706f00000, 0x0000000706f00000|
| 112|0x0000000707000000, 0x0000000707000000, 0x0000000707100000|  0%| F|  |TS  0|AC  0|TAMS 0x0000000707000000, 0x0000000707000000|
| 113|0x0000000707100000, 0x0000000707100000, 0x0000000707200000|  0%| F|  |TS  0|AC  0|TAMS 0x0000000707100000, 0x0000000707100000|
| 114|0x0000000707200000, 0x0000000707200000, 0x0000000707300000|  0%| F|  |TS  0|AC  0|TAMS 0x0000000707200000, 0x0000000707200000|
| 115|0x0000000707300000, 0x0000000707300000, 0x0000000707400000|  0%| F|  |TS  0|AC  0|TAMS 0x0000000707300000, 0x0000000707300000|
| 116|0x0000000707400000, 0x0000000707400000, 0x0000000707500000|  0%| F|  |TS  0|AC  0|TAMS 0x0000000707400000, 0x0000000707400000|
| 117|0x0000000707500000, 0x0000000707500000, 0x0000000707600000|  0%| F|  |TS  0|AC  0|TAMS 0x0000000707500000, 0x0000000707500000|
| 118|0x0000000707600000, 0x0000000707600000, 0x0000000707700000|  0%| F|  |TS  0|AC  0|TAMS 0x0000000707600000, 0x0000000707600000|
| 119|0x0000000707700000, 0x0000000707700000, 0x0000000707800000|  0%| F|  |TS  0|AC  0|TAMS 0x0000000707700000, 0x0000000707700000|
| 120|0x0000000707800000, 0x0000000707800000, 0x0000000707900000|  0%| F|  |TS  0|AC  0|TAMS 0x0000000707800000, 0x0000000707800000|
| 121|0x0000000707900000, 0x0000000707900000, 0x0000000707a00000|  0%| F|  |TS  0|AC  0|TAMS 0x0000000707900000, 0x0000000707900000|
| 122|0x0000000707a00000, 0x0000000707a00000, 0x0000000707b00000|  0%| F|  |TS  0|AC  0|TAMS 0x0000000707a00000, 0x0000000707a00000|
| 123|0x0000000707b00000, 0x0000000707b00000, 0x0000000707c00000|  0%| F|  |TS  0|AC  0|TAMS 0x0000000707b00000, 0x0000000707b00000|
| 124|0x0000000707c00000, 0x0000000707c00000, 0x0000000707d00000|  0%| F|  |TS  0|AC  0|TAMS 0x0000000707c00000, 0x0000000707c00000|
| 125|0x0000000707d00000, 0x0000000707d00000, 0x0000000707e00000|  0%| F|  |TS  0|AC  0|TAMS 0x0000000707d00000, 0x0000000707d00000|
| 126|0x0000000707e00000, 0x0000000707e00000, 0x0000000707f00000|  0%| F|  |TS  0|AC  0|TAMS 0x0000000707e00000, 0x0000000707e00000|
| 127|0x0000000707f00000, 0x0000000707f00000, 0x0000000708000000|  0%| F|  |TS  0|AC  0|TAMS 0x0000000707f00000, 0x0000000707f00000|
| 128|0x0000000708000000, 0x0000000708000000, 0x0000000708100000|  0%| F|  |TS  0|AC  0|TAMS 0x0000000708000000, 0x0000000708000000|
| 129|0x0000000708100000, 0x0000000708100000, 0x0000000708200000|  0%| F|  |TS  0|AC  0|TAMS 0x0000000708100000, 0x0000000708100000|
| 130|0x0000000708200000, 0x0000000708200000, 0x0000000708300000|  0%| F|  |TS  0|AC  0|TAMS 0x0000000708200000, 0x0000000708200000|
| 131|0x0000000708300000, 0x0000000708300000, 0x0000000708400000|  0%| F|  |TS  0|AC  0|TAMS 0x0000000708300000, 0x0000000708300000|
| 132|0x0000000708400000, 0x0000000708400000, 0x0000000708500000|  0%| F|  |TS  0|AC  0|TAMS 0x0000000708400000, 0x0000000708400000|
| 133|0x0000000708500000, 0x0000000708500000, 0x0000000708600000|  0%| F|  |TS  0|AC  0|TAMS 0x0000000708500000, 0x0000000708500000|
| 134|0x0000000708600000, 0x0000000708600000, 0x0000000708700000|  0%| F|  |TS  0|AC  0|TAMS 0x0000000708600000, 0x0000000708600000|
| 135|0x0000000708700000, 0x0000000708700000, 0x0000000708800000|  0%| F|  |TS  0|AC  0|TAMS 0x0000000708700000, 0x0000000708700000|
| 136|0x0000000708800000, 0x0000000708800000, 0x0000000708900000|  0%| F|  |TS  0|AC  0|TAMS 0x0000000708800000, 0x0000000708800000|
| 137|0x0000000708900000, 0x0000000708900000, 0x0000000708a00000|  0%| F|  |TS  0|AC  0|TAMS 0x0000000708900000, 0x0000000708900000|
| 138|0x0000000708a00000, 0x0000000708a00000, 0x0000000708b00000|  0%| F|  |TS  0|AC  0|TAMS 0x0000000708a00000, 0x0000000708a00000|
| 139|0x0000000708b00000, 0x0000000708b00000, 0x0000000708c00000|  0%| F|  |TS  0|AC  0|TAMS 0x0000000708b00000, 0x0000000708b00000|
| 140|0x0000000708c00000, 0x0000000708c00000, 0x0000000708d00000|  0%| F|  |TS  0|AC  0|TAMS 0x0000000708c00000, 0x0000000708c00000|
| 141|0x0000000708d00000, 0x0000000708d00000, 0x0000000708e00000|  0%| F|  |TS  0|AC  0|TAMS 0x0000000708d00000, 0x0000000708d00000|
| 142|0x0000000708e00000, 0x0000000708e00000, 0x0000000708f00000|  0%| F|  |TS  0|AC  0|TAMS 0x0000000708e00000, 0x0000000708e00000|
| 143|0x0000000708f00000, 0x0000000708f00000, 0x0000000709000000|  0%| F|  |TS  0|AC  0|TAMS 0x0000000708f00000, 0x0000000708f00000|
| 144|0x0000000709000000, 0x0000000709000000, 0x0000000709100000|  0%| F|  |TS  0|AC  0|TAMS 0x0000000709000000, 0x0000000709000000|
| 145|0x0000000709100000, 0x0000000709100000, 0x0000000709200000|  0%| F|  |TS  0|AC  0|TAMS 0x0000000709100000, 0x0000000709100000|
| 146|0x0000000709200000, 0x0000000709200000, 0x0000000709300000|  0%| F|  |TS  0|AC  0|TAMS 0x0000000709200000, 0x0000000709200000|
| 147|0x0000000709300000, 0x0000000709300000, 0x0000000709400000|  0%| F|  |TS  0|AC  0|TAMS 0x0000000709300000, 0x0000000709300000|
| 148|0x0000000709400000, 0x0000000709400000, 0x0000000709500000|  0%| F|  |TS  0|AC  0|TAMS 0x0000000709400000, 0x0000000709400000|
| 149|0x0000000709500000, 0x0000000709500000, 0x0000000709600000|  0%| F|  |TS  0|AC  0|TAMS 0x0000000709500000, 0x0000000709500000|
| 150|0x0000000709600000, 0x0000000709600000, 0x0000000709700000|  0%| F|  |TS  0|AC  0|TAMS 0x0000000709600000, 0x0000000709600000|
| 151|0x0000000709700000, 0x0000000709700000, 0x0000000709800000|  0%| F|  |TS  0|AC  0|TAMS 0x0000000709700000, 0x0000000709700000|
| 152|0x0000000709800000, 0x0000000709800000, 0x0000000709900000|  0%| F|  |TS  0|AC  0|TAMS 0x0000000709800000, 0x0000000709800000|
| 153|0x0000000709900000, 0x0000000709900000, 0x0000000709a00000|  0%| F|  |TS  0|AC  0|TAMS 0x0000000709900000, 0x0000000709900000|
| 154|0x0000000709a00000, 0x0000000709a00000, 0x0000000709b00000|  0%| F|  |TS  0|AC  0|TAMS 0x0000000709a00000, 0x0000000709a00000|
| 155|0x0000000709b00000, 0x0000000709b00000, 0x0000000709c00000|  0%| F|  |TS  0|AC  0|TAMS 0x0000000709b00000, 0x0000000709b00000|
| 156|0x0000000709c00000, 0x0000000709c00000, 0x0000000709d00000|  0%| F|  |TS  0|AC  0|TAMS 0x0000000709c00000, 0x0000000709c00000|
| 157|0x0000000709d00000, 0x0000000709d00000, 0x0000000709e00000|  0%| F|  |TS  0|AC  0|TAMS 0x0000000709d00000, 0x0000000709d00000|
| 158|0x0000000709e00000, 0x0000000709e00000, 0x0000000709f00000|  0%| F|  |TS  0|AC  0|TAMS 0x0000000709e00000, 0x0000000709e00000|
| 159|0x0000000709f00000, 0x0000000709f00000, 0x000000070a000000|  0%| F|  |TS  0|AC  0|TAMS 0x0000000709f00000, 0x0000000709f00000|
| 160|0x000000070a000000, 0x000000070a000000, 0x000000070a100000|  0%| F|  |TS  0|AC  0|TAMS 0x000000070a000000, 0x000000070a000000|
| 161|0x000000070a100000, 0x000000070a100000, 0x000000070a200000|  0%| F|  |TS  0|AC  0|TAMS 0x000000070a100000, 0x000000070a100000|
| 162|0x000000070a200000, 0x000000070a200000, 0x000000070a300000|  0%| F|  |TS  0|AC  0|TAMS 0x000000070a200000, 0x000000070a200000|
| 163|0x000000070a300000, 0x000000070a300000, 0x000000070a400000|  0%| F|  |TS  0|AC  0|TAMS 0x000000070a300000, 0x000000070a300000|
| 164|0x000000070a400000, 0x000000070a400000, 0x000000070a500000|  0%| F|  |TS  0|AC  0|TAMS 0x000000070a400000, 0x000000070a400000|
| 165|0x000000070a500000, 0x000000070a500000, 0x000000070a600000|  0%| F|  |TS  0|AC  0|TAMS 0x000000070a500000, 0x000000070a500000|
| 166|0x000000070a600000, 0x000000070a600000, 0x000000070a700000|  0%| F|  |TS  0|AC  0|TAMS 0x000000070a600000, 0x000000070a600000|
| 167|0x000000070a700000, 0x000000070a700000, 0x000000070a800000|  0%| F|  |TS  0|AC  0|TAMS 0x000000070a700000, 0x000000070a700000|
| 168|0x000000070a800000, 0x000000070a800000, 0x000000070a900000|  0%| F|  |TS  0|AC  0|TAMS 0x000000070a800000, 0x000000070a800000|
| 169|0x000000070a900000, 0x000000070a900000, 0x000000070aa00000|  0%| F|  |TS  0|AC  0|TAMS 0x000000070a900000, 0x000000070a900000|
| 170|0x000000070aa00000, 0x000000070aa00000, 0x000000070ab00000|  0%| F|  |TS  0|AC  0|TAMS 0x000000070aa00000, 0x000000070aa00000|
| 171|0x000000070ab00000, 0x000000070ab00000, 0x000000070ac00000|  0%| F|  |TS  0|AC  0|TAMS 0x000000070ab00000, 0x000000070ab00000|
| 172|0x000000070ac00000, 0x000000070ac00000, 0x000000070ad00000|  0%| F|  |TS  0|AC  0|TAMS 0x000000070ac00000, 0x000000070ac00000|
| 173|0x000000070ad00000, 0x000000070ad00000, 0x000000070ae00000|  0%| F|  |TS  0|AC  0|TAMS 0x000000070ad00000, 0x000000070ad00000|
| 174|0x000000070ae00000, 0x000000070ae00000, 0x000000070af00000|  0%| F|  |TS  0|AC  0|TAMS 0x000000070ae00000, 0x000000070ae00000|
| 175|0x000000070af00000, 0x000000070af00000, 0x000000070b000000|  0%| F|  |TS  0|AC  0|TAMS 0x000000070af00000, 0x000000070af00000|
| 176|0x000000070b000000, 0x000000070b000000, 0x000000070b100000|  0%| F|  |TS  0|AC  0|TAMS 0x000000070b000000, 0x000000070b000000|
| 177|0x000000070b100000, 0x000000070b100000, 0x000000070b200000|  0%| F|  |TS  0|AC  0|TAMS 0x000000070b100000, 0x000000070b100000|
| 178|0x000000070b200000, 0x000000070b200000, 0x000000070b300000|  0%| F|  |TS  0|AC  0|TAMS 0x000000070b200000, 0x000000070b200000|
| 179|0x000000070b300000, 0x000000070b300000, 0x000000070b400000|  0%| F|  |TS  0|AC  0|TAMS 0x000000070b300000, 0x000000070b300000|
| 180|0x000000070b400000, 0x000000070b400000, 0x000000070b500000|  0%| F|  |TS  0|AC  0|TAMS 0x000000070b400000, 0x000000070b400000|
| 181|0x000000070b500000, 0x000000070b500000, 0x000000070b600000|  0%| F|  |TS  0|AC  0|TAMS 0x000000070b500000, 0x000000070b500000|
| 182|0x000000070b600000, 0x000000070b600000, 0x000000070b700000|  0%| F|  |TS  0|AC  0|TAMS 0x000000070b600000, 0x000000070b600000|
| 183|0x000000070b700000, 0x000000070b700000, 0x000000070b800000|  0%| F|  |TS  0|AC  0|TAMS 0x000000070b700000, 0x000000070b700000|
| 184|0x000000070b800000, 0x000000070b889160, 0x000000070b900000| 53%| S|CS|TS 51|AC  0|TAMS 0x000000070b800000, 0x000000070b800000|
| 185|0x000000070b900000, 0x000000070b900000, 0x000000070ba00000|  0%| F|  |TS 51|AC  0|TAMS 0x000000070b900000, 0x000000070b900000|
| 186|0x000000070ba00000, 0x000000070ba00000, 0x000000070bb00000|  0%| F|  |TS 51|AC  0|TAMS 0x000000070ba00000, 0x000000070ba00000|
| 187|0x000000070bb00000, 0x000000070bb00000, 0x000000070bc00000|  0%| F|  |TS 51|AC  0|TAMS 0x000000070bb00000, 0x000000070bb00000|
| 188|0x000000070bc00000, 0x000000070bc00000, 0x000000070bd00000|  0%| F|  |TS 51|AC  0|TAMS 0x000000070bc00000, 0x000000070bc00000|
| 189|0x000000070bd00000, 0x000000070bd00000, 0x000000070be00000|  0%| F|  |TS 51|AC  0|TAMS 0x000000070bd00000, 0x000000070bd00000|
| 190|0x000000070be00000, 0x000000070be00000, 0x000000070bf00000|  0%| F|  |TS 51|AC  0|TAMS 0x000000070be00000, 0x000000070be00000|
| 191|0x000000070bf00000, 0x000000070bf00000, 0x000000070c000000|  0%| F|  |TS 51|AC  0|TAMS 0x000000070bf00000, 0x000000070bf00000|
| 192|0x000000070c000000, 0x000000070c000000, 0x000000070c100000|  0%| F|  |TS 51|AC  0|TAMS 0x000000070c000000, 0x000000070c000000|
| 193|0x000000070c100000, 0x000000070c100000, 0x000000070c200000|  0%| F|  |TS 51|AC  0|TAMS 0x000000070c100000, 0x000000070c100000|
| 194|0x000000070c200000, 0x000000070c200000, 0x000000070c300000|  0%| F|  |TS 51|AC  0|TAMS 0x000000070c200000, 0x000000070c200000|
| 195|0x000000070c300000, 0x000000070c300000, 0x000000070c400000|  0%| F|  |TS 51|AC  0|TAMS 0x000000070c300000, 0x000000070c300000|
| 196|0x000000070c400000, 0x000000070c400000, 0x000000070c500000|  0%| F|  |TS 51|AC  0|TAMS 0x000000070c400000, 0x000000070c400000|
| 197|0x000000070c500000, 0x000000070c500000, 0x000000070c600000|  0%| F|  |TS 51|AC  0|TAMS 0x000000070c500000, 0x000000070c500000|
| 198|0x000000070c600000, 0x000000070c600000, 0x000000070c700000|  0%| F|  |TS 51|AC  0|TAMS 0x000000070c600000, 0x000000070c600000|
| 199|0x000000070c700000, 0x000000070c700000, 0x000000070c800000|  0%| F|  |TS 51|AC  0|TAMS 0x000000070c700000, 0x000000070c700000|
| 200|0x000000070c800000, 0x000000070c800000, 0x000000070c900000|  0%| F|  |TS 51|AC  0|TAMS 0x000000070c800000, 0x000000070c800000|
| 201|0x000000070c900000, 0x000000070c900000, 0x000000070ca00000|  0%| F|  |TS 51|AC  0|TAMS 0x000000070c900000, 0x000000070c900000|
| 202|0x000000070ca00000, 0x000000070ca00000, 0x000000070cb00000|  0%| F|  |TS 51|AC  0|TAMS 0x000000070ca00000, 0x000000070ca00000|
| 203|0x000000070cb00000, 0x000000070cb00000, 0x000000070cc00000|  0%| F|  |TS 51|AC  0|TAMS 0x000000070cb00000, 0x000000070cb00000|
| 204|0x000000070cc00000, 0x000000070cc00000, 0x000000070cd00000|  0%| F|  |TS 51|AC  0|TAMS 0x000000070cc00000, 0x000000070cc00000|
| 205|0x000000070cd00000, 0x000000070cd00000, 0x000000070ce00000|  0%| F|  |TS 51|AC  0|TAMS 0x000000070cd00000, 0x000000070cd00000|
| 206|0x000000070ce00000, 0x000000070ce00000, 0x000000070cf00000|  0%| F|  |TS 51|AC  0|TAMS 0x000000070ce00000, 0x000000070ce00000|
| 207|0x000000070cf00000, 0x000000070cf00000, 0x000000070d000000|  0%| F|  |TS 51|AC  0|TAMS 0x000000070cf00000, 0x000000070cf00000|
| 208|0x000000070d000000, 0x000000070d000000, 0x000000070d100000|  0%| F|  |TS 51|AC  0|TAMS 0x000000070d000000, 0x000000070d000000|
| 209|0x000000070d100000, 0x000000070d100000, 0x000000070d200000|  0%| F|  |TS 51|AC  0|TAMS 0x000000070d100000, 0x000000070d100000|
| 210|0x000000070d200000, 0x000000070d200000, 0x000000070d300000|  0%| F|  |TS 51|AC  0|TAMS 0x000000070d200000, 0x000000070d200000|
| 211|0x000000070d300000, 0x000000070d300000, 0x000000070d400000|  0%| F|  |TS 51|AC  0|TAMS 0x000000070d300000, 0x000000070d300000|
| 212|0x000000070d400000, 0x000000070d400000, 0x000000070d500000|  0%| F|  |TS 51|AC  0|TAMS 0x000000070d400000, 0x000000070d400000|
| 213|0x000000070d500000, 0x000000070d500000, 0x000000070d600000|  0%| F|  |TS 51|AC  0|TAMS 0x000000070d500000, 0x000000070d500000|
| 214|0x000000070d600000, 0x000000070d600000, 0x000000070d700000|  0%| F|  |TS 51|AC  0|TAMS 0x000000070d600000, 0x000000070d600000|
| 215|0x000000070d700000, 0x000000070d700000, 0x000000070d800000|  0%| F|  |TS 51|AC  0|TAMS 0x000000070d700000, 0x000000070d700000|
| 216|0x000000070d800000, 0x000000070d800000, 0x000000070d900000|  0%| F|  |TS 51|AC  0|TAMS 0x000000070d800000, 0x000000070d800000|
| 217|0x000000070d900000, 0x000000070d900000, 0x000000070da00000|  0%| F|  |TS 51|AC  0|TAMS 0x000000070d900000, 0x000000070d900000|
| 218|0x000000070da00000, 0x000000070da00000, 0x000000070db00000|  0%| F|  |TS 51|AC  0|TAMS 0x000000070da00000, 0x000000070da00000|
| 219|0x000000070db00000, 0x000000070db00000, 0x000000070dc00000|  0%| F|  |TS 51|AC  0|TAMS 0x000000070db00000, 0x000000070db00000|
| 220|0x000000070dc00000, 0x000000070dc00000, 0x000000070dd00000|  0%| F|  |TS 51|AC  0|TAMS 0x000000070dc00000, 0x000000070dc00000|
| 221|0x000000070dd00000, 0x000000070dd00000, 0x000000070de00000|  0%| F|  |TS 51|AC  0|TAMS 0x000000070dd00000, 0x000000070dd00000|
| 222|0x000000070de00000, 0x000000070de00000, 0x000000070df00000|  0%| F|  |TS 51|AC  0|TAMS 0x000000070de00000, 0x000000070de00000|
| 223|0x000000070df00000, 0x000000070df02830, 0x000000070e000000|  0%| E|  |TS 51|AC  0|TAMS 0x000000070df00000, 0x000000070df00000|
| 224|0x000000070e000000, 0x000000070e100000, 0x000000070e100000|100%| E|CS|TS 51|AC  0|TAMS 0x000000070e000000, 0x000000070e000000|
| 225|0x000000070e100000, 0x000000070e200000, 0x000000070e200000|100%| E|CS|TS 51|AC  0|TAMS 0x000000070e100000, 0x000000070e100000|
| 226|0x000000070e200000, 0x000000070e300000, 0x000000070e300000|100%| E|CS|TS 51|AC  0|TAMS 0x000000070e200000, 0x000000070e200000|
| 227|0x000000070e300000, 0x000000070e400000, 0x000000070e400000|100%| E|CS|TS 51|AC  0|TAMS 0x000000070e300000, 0x000000070e300000|
| 228|0x000000070e400000, 0x000000070e500000, 0x000000070e500000|100%| E|CS|TS 51|AC  0|TAMS 0x000000070e400000, 0x000000070e400000|
| 229|0x000000070e500000, 0x000000070e600000, 0x000000070e600000|100%| E|CS|TS 51|AC  0|TAMS 0x000000070e500000, 0x000000070e500000|
| 230|0x000000070e600000, 0x000000070e700000, 0x000000070e700000|100%| E|CS|TS 51|AC  0|TAMS 0x000000070e600000, 0x000000070e600000|
| 231|0x000000070e700000, 0x000000070e800000, 0x000000070e800000|100%| E|CS|TS 51|AC  0|TAMS 0x000000070e700000, 0x000000070e700000|
| 232|0x000000070e800000, 0x000000070e900000, 0x000000070e900000|100%| E|CS|TS 51|AC  0|TAMS 0x000000070e800000, 0x000000070e800000|
| 233|0x000000070e900000, 0x000000070ea00000, 0x000000070ea00000|100%| E|CS|TS 51|AC  0|TAMS 0x000000070e900000, 0x000000070e900000|
| 234|0x000000070ea00000, 0x000000070eb00000, 0x000000070eb00000|100%| E|CS|TS 51|AC  0|TAMS 0x000000070ea00000, 0x000000070ea00000|
| 235|0x000000070eb00000, 0x000000070ec00000, 0x000000070ec00000|100%| E|CS|TS 51|AC  0|TAMS 0x000000070eb00000, 0x000000070eb00000|
| 236|0x000000070ec00000, 0x000000070ed00000, 0x000000070ed00000|100%| E|CS|TS 51|AC  0|TAMS 0x000000070ec00000, 0x000000070ec00000|
| 237|0x000000070ed00000, 0x000000070ee00000, 0x000000070ee00000|100%| E|CS|TS 51|AC  0|TAMS 0x000000070ed00000, 0x000000070ed00000|
| 238|0x000000070ee00000, 0x000000070ef00000, 0x000000070ef00000|100%| E|CS|TS 51|AC  0|TAMS 0x000000070ee00000, 0x000000070ee00000|
| 239|0x000000070ef00000, 0x000000070f000000, 0x000000070f000000|100%| E|CS|TS 51|AC  0|TAMS 0x000000070ef00000, 0x000000070ef00000|
| 240|0x000000070f000000, 0x000000070f100000, 0x000000070f100000|100%| E|CS|TS 51|AC  0|TAMS 0x000000070f000000, 0x000000070f000000|
| 241|0x000000070f100000, 0x000000070f200000, 0x000000070f200000|100%| E|CS|TS 51|AC  0|TAMS 0x000000070f100000, 0x000000070f100000|
| 242|0x000000070f200000, 0x000000070f300000, 0x000000070f300000|100%| E|CS|TS 51|AC  0|TAMS 0x000000070f200000, 0x000000070f200000|
| 243|0x000000070f300000, 0x000000070f400000, 0x000000070f400000|100%| E|CS|TS 51|AC  0|TAMS 0x000000070f300000, 0x000000070f300000|
| 244|0x000000070f400000, 0x000000070f500000, 0x000000070f500000|100%| E|CS|TS 51|AC  0|TAMS 0x000000070f400000, 0x000000070f400000|
| 245|0x000000070f500000, 0x000000070f600000, 0x000000070f600000|100%| E|CS|TS 51|AC  0|TAMS 0x000000070f500000, 0x000000070f500000|

Card table byte_map: [0x000001fb53220000,0x000001fb53820000] byte_map_base: 0x000001fb4fa20000

Marking Bits (Prev, Next): (CMBitMap*) 0x000001fb37f06030, (CMBitMap*) 0x000001fb37f06068
 Prev Bits: [0x000001fb53e20000, 0x000001fb56e20000)
 Next Bits: [0x000001fb56e20000, 0x000001fb59e20000)

Polling page: 0x000001fb30b90000

CodeHeap 'non-profiled nmethods': size=119168Kb used=21505Kb max_used=21505Kb free=97662Kb
 bounds [0x000001fb4b7c0000, 0x000001fb4cce0000, 0x000001fb52c20000]
CodeHeap 'profiled nmethods': size=119168Kb used=42115Kb max_used=44800Kb free=77053Kb
 bounds [0x000001fb44360000, 0x000001fb46f70000, 0x000001fb4b7c0000]
CodeHeap 'non-nmethods': size=7424Kb used=3467Kb max_used=3525Kb free=3956Kb
 bounds [0x000001fb43c20000, 0x000001fb43fa0000, 0x000001fb44360000]
 total_blobs=34330 nmethods=18047 adapters=1101
 compilation: enabled

Compilation events (10 events):
Event: 1774.636 Thread 0x000001fb3a782000 23551       1       ui.views.waveform.f.a::getRowHeight (2 bytes)
Event: 1774.636 Thread 0x000001fb3a782000 nmethod 23551 0x000001fb4c880a90 code [0x000001fb4c880c40, 0x000001fb4c880d58]
Event: 1774.764 Thread 0x000001fb3a774800 23552       4       javax.swing.plaf.synth.SynthInternalFrameTitlePane::updateMenuIcon (118 bytes)
Event: 1774.771 Thread 0x000001fb3a774800 nmethod 23552 0x000001fb4cb06210 code [0x000001fb4cb064c0, 0x000001fb4cb07248]
Event: 1775.692 Thread 0x000001fb3ccff800 23553       4       ui.data.simulation.c::lG (5 bytes)
Event: 1775.692 Thread 0x000001fb3ccff800 nmethod 23553 0x000001fb4c2d2290 code [0x000001fb4c2d2420, 0x000001fb4c2d2498]
Event: 1775.702 Thread 0x000001fb3a782000 23554       3       java.awt.Container::isFocusCycleRoot (20 bytes)
Event: 1775.702 Thread 0x000001fb3a782000 nmethod 23554 0x000001fb44e35390 code [0x000001fb44e35560, 0x000001fb44e359a0]
Event: 1776.334 Thread 0x000001fb3a780800 23555       3       ui.views.dT::fCR (13 bytes)
Event: 1776.335 Thread 0x000001fb3a780800 nmethod 23555 0x000001fb45164790 code [0x000001fb451649a0, 0x000001fb45165150]

GC Heap History (10 events):
Event: 1769.880 GC heap before
{Heap before GC invocations=555 (full 148):
 garbage-first heap   total 251904K, used 136657K [0x0000000700000000, 0x00000007001007b0, 0x00000007c0000000)
  region size 1024K, 60 young (61440K), 1 survivors (1024K)
 Metaspace       used 84548K, capacity 90749K, committed 90880K, reserved 1128448K
  class space    used 11325K, capacity 12437K, committed 12544K, reserved 1048576K
}
Event: 1769.882 GC heap after
{Heap after GC invocations=556 (full 148):
 garbage-first heap   total 251904K, used 76473K [0x0000000700000000, 0x00000007001007b0, 0x00000007c0000000)
  region size 1024K, 1 young (1024K), 1 survivors (1024K)
 Metaspace       used 84548K, capacity 90749K, committed 90880K, reserved 1128448K
  class space    used 11325K, capacity 12437K, committed 12544K, reserved 1048576K
}
Event: 1771.795 GC heap before
{Heap before GC invocations=556 (full 148):
 garbage-first heap   total 251904K, used 136889K [0x0000000700000000, 0x00000007001007b0, 0x00000007c0000000)
  region size 1024K, 60 young (61440K), 1 survivors (1024K)
 Metaspace       used 84548K, capacity 90749K, committed 90880K, reserved 1128448K
  class space    used 11325K, capacity 12437K, committed 12544K, reserved 1048576K
}
Event: 1771.796 GC heap after
{Heap after GC invocations=557 (full 148):
 garbage-first heap   total 251904K, used 76698K [0x0000000700000000, 0x00000007001007b0, 0x00000007c0000000)
  region size 1024K, 1 young (1024K), 1 survivors (1024K)
 Metaspace       used 84548K, capacity 90749K, committed 90880K, reserved 1128448K
  class space    used 11325K, capacity 12437K, committed 12544K, reserved 1048576K
}
Event: 1772.679 GC heap before
{Heap before GC invocations=557 (full 148):
 garbage-first heap   total 251904K, used 137114K [0x0000000700000000, 0x00000007001007b0, 0x00000007c0000000)
  region size 1024K, 60 young (61440K), 1 survivors (1024K)
 Metaspace       used 84548K, capacity 90749K, committed 90880K, reserved 1128448K
  class space    used 11325K, capacity 12437K, committed 12544K, reserved 1048576K
}
Event: 1772.681 GC heap after
{Heap after GC invocations=558 (full 148):
 garbage-first heap   total 251904K, used 76456K [0x0000000700000000, 0x00000007001007b0, 0x00000007c0000000)
  region size 1024K, 1 young (1024K), 1 survivors (1024K)
 Metaspace       used 84548K, capacity 90749K, committed 90880K, reserved 1128448K
  class space    used 11325K, capacity 12437K, committed 12544K, reserved 1048576K
}
Event: 1773.738 GC heap before
{Heap before GC invocations=558 (full 148):
 garbage-first heap   total 251904K, used 136872K [0x0000000700000000, 0x00000007001007b0, 0x00000007c0000000)
  region size 1024K, 60 young (61440K), 1 survivors (1024K)
 Metaspace       used 84548K, capacity 90749K, committed 90880K, reserved 1128448K
  class space    used 11325K, capacity 12437K, committed 12544K, reserved 1048576K
}
Event: 1773.739 GC heap after
{Heap after GC invocations=559 (full 148):
 garbage-first heap   total 251904K, used 76388K [0x0000000700000000, 0x00000007001007b0, 0x00000007c0000000)
  region size 1024K, 1 young (1024K), 1 survivors (1024K)
 Metaspace       used 84548K, capacity 90749K, committed 90880K, reserved 1128448K
  class space    used 11325K, capacity 12437K, committed 12544K, reserved 1048576K
}
Event: 1774.824 GC heap before
{Heap before GC invocations=559 (full 148):
 garbage-first heap   total 251904K, used 136804K [0x0000000700000000, 0x00000007001007b0, 0x00000007c0000000)
  region size 1024K, 61 young (62464K), 1 survivors (1024K)
 Metaspace       used 84548K, capacity 90749K, committed 90880K, reserved 1128448K
  class space    used 11325K, capacity 12437K, committed 12544K, reserved 1048576K
}
Event: 1774.826 GC heap after
{Heap after GC invocations=560 (full 148):
 garbage-first heap   total 251904K, used 76482K [0x0000000700000000, 0x00000007001007b0, 0x00000007c0000000)
  region size 1024K, 1 young (1024K), 1 survivors (1024K)
 Metaspace       used 84548K, capacity 90749K, committed 90880K, reserved 1128448K
  class space    used 11325K, capacity 12437K, committed 12544K, reserved 1048576K
}

Deoptimization events (10 events):
Event: 1438.338 Thread 0x000001fb5e547800 Uncommon trap: reason=class_check action=maybe_recompile pc=0x000001fb4c2a9538 method=com.jidesoft.grid.RootExpandableRow.notifyChildInserted(Ljava/lang/Object;I)V @ 126 c2
Event: 1519.393 Thread 0x000001fb5e547800 Uncommon trap: reason=unstable_if action=reinterpret pc=0x000001fb4c7dc4a8 method=sun.java2d.SunGraphics2D.setColor(Ljava/awt/Color;)V @ 74 c2
Event: 1555.596 Thread 0x000001fb5e547800 Uncommon trap: reason=unstable_if action=reinterpret pc=0x000001fb4cba5190 method=java.awt.datatransfer.DataFlavor.equals(Ljava/awt/datatransfer/DataFlavor;)Z @ 71 c2
Event: 1556.819 Thread 0x000001fb62872000 Uncommon trap: reason=unloaded action=reinterpret pc=0x000001fb4c27d1f4 method=de.javasoft.plaf.synthetica.painter.AnimationThreadFactory$AnimationThread.run()V @ 412 c2
Event: 1566.686 Thread 0x000001fb5e547800 Uncommon trap: reason=unstable_if action=reinterpret pc=0x000001fb4c48e90c method=ui.frmwork.b.d.a(Ljava/awt/AWTEvent;)V @ 77 c2
Event: 1635.494 Thread 0x000001fb5e547800 Uncommon trap: reason=unstable_if action=reinterpret pc=0x000001fb4bd4c540 method=sun.java2d.pipe.PixelToParallelogramConverter.fill(Lsun/java2d/SunGraphics2D;Ljava/awt/Shape;)V @ 28 c2
Event: 1688.399 Thread 0x000001fb5e547800 Uncommon trap: reason=class_check action=maybe_recompile pc=0x000001fb4c993ec8 method=com.jidesoft.grid.TableModelWrapperUtils.getActualColumnAt(Ljavax/swing/table/TableModel;ILjavax/swing/table/TableModel;)I @ 55 c2
Event: 1688.400 Thread 0x000001fb5e547800 Uncommon trap: reason=class_check action=maybe_recompile pc=0x000001fb4c993ec8 method=com.jidesoft.grid.TableModelWrapperUtils.getActualColumnAt(Ljavax/swing/table/TableModel;ILjavax/swing/table/TableModel;)I @ 55 c2
Event: 1688.401 Thread 0x000001fb5e547800 Uncommon trap: reason=class_check action=maybe_recompile pc=0x000001fb4c993ec8 method=com.jidesoft.grid.TableModelWrapperUtils.getActualColumnAt(Ljavax/swing/table/TableModel;ILjavax/swing/table/TableModel;)I @ 55 c2
Event: 1688.402 Thread 0x000001fb5e547800 Uncommon trap: reason=class_check action=maybe_recompile pc=0x000001fb4c993ec8 method=com.jidesoft.grid.TableModelWrapperUtils.getActualColumnAt(Ljavax/swing/table/TableModel;ILjavax/swing/table/TableModel;)I @ 55 c2

Classes redefined (0 events):
No events

Internal exceptions (10 events):
Event: 1395.426 Thread 0x000001fb5e547800 Exception <a 'java/lang/NoSuchMethodError'{0x000000070de06b98}: method resolution failed> (0x000000070de06b98) thrown at [t:/workspace/hotspot/src/share/vm/prims/methodHandles.cpp, line 1256]
Event: 1395.426 Thread 0x000001fb5e547800 Exception <a 'java/lang/NoSuchMethodError'{0x000000070de0a878}: java.lang.invoke.DelegatingMethodHandle$Holder.reinvoke_L(Ljava/lang/Object;Ljava/lang/Object;Ljava/lang/Object;Ljava/lang/Object;ILjava/lang/Object;)Ljava/lang/Object;> (0x000000070de0a878) 
Event: 1431.839 Thread 0x000001fb5e547800 Exception <a 'java/lang/NoSuchMethodError'{0x000000070ede28b0}: java.lang.invoke.DirectMethodHandle$Holder.invokeSpecial(Ljava/lang/Object;Ljava/lang/Object;Ljava/lang/Object;IILjava/lang/Object;Ljava/lang/Object;Ljava/lang/Object;Ljava/lang/Object;Ljava/
Event: 1431.839 Thread 0x000001fb5e547800 Exception <a 'java/lang/NoSuchMethodError'{0x000000070ede7348}: java.lang.invoke.DelegatingMethodHandle$Holder.reinvoke_L(Ljava/lang/Object;Ljava/lang/Object;IILjava/lang/Object;Ljava/lang/Object;Ljava/lang/Object;Ljava/lang/Object;Ljava/lang/Object;Ljava
Event: 1431.840 Thread 0x000001fb5e547800 Exception <a 'java/lang/NoSuchMethodError'{0x000000070ec5ab10}: java.lang.invoke.DirectMethodHandle$Holder.invokeSpecial(Ljava/lang/Object;Ljava/lang/Object;IILjava/lang/Object;Ljava/lang/Object;Ljava/lang/Object;Ljava/lang/Object;Ljava/lang/Object;Ljava/
Event: 1431.841 Thread 0x000001fb5e547800 Exception <a 'java/lang/NoSuchMethodError'{0x000000070ec5ed38}: java.lang.invoke.DelegatingMethodHandle$Holder.reinvoke_L(Ljava/lang/Object;IILjava/lang/Object;Ljava/lang/Object;Ljava/lang/Object;Ljava/lang/Object;Ljava/lang/Object;Ljava/lang/Object;Ljava
Event: 1431.841 Thread 0x000001fb5e547800 Exception <a 'java/lang/NoSuchMethodError'{0x000000070ecb06b0}: java.lang.invoke.DirectMethodHandle$Holder.invokeSpecial(Ljava/lang/Object;Ljava/lang/Object;Ljava/lang/Object;Ljava/lang/Object;Ljava/lang/Object;Ljava/lang/Object;Ljava/lang/Object;Ljava/la
Event: 1431.843 Thread 0x000001fb5e547800 Exception <a 'java/lang/NoSuchMethodError'{0x000000070eb37d80}: java.lang.invoke.DirectMethodHandle$Holder.invokeSpecial(Ljava/lang/Object;Ljava/lang/Object;IILjava/lang/Object;IILjava/lang/Object;Ljava/lang/Object;)Ljava/lang/Object;> (0x000000070eb37d80
Event: 1431.843 Thread 0x000001fb5e547800 Exception <a 'java/lang/NoSuchMethodError'{0x000000070eb3b6b8}: java.lang.invoke.DelegatingMethodHandle$Holder.reinvoke_L(Ljava/lang/Object;IILjava/lang/Object;IILjava/lang/Object;Ljava/lang/Object;)Ljava/lang/Object;> (0x000000070eb3b6b8) thrown at [t:/w
Event: 1431.844 Thread 0x000001fb5e547800 Exception <a 'java/lang/NoSuchMethodError'{0x000000070eb92680}: java.lang.invoke.DirectMethodHandle$Holder.invokeSpecial(Ljava/lang/Object;Ljava/lang/Object;Ljava/lang/Object;IILjava/lang/Object;Ljava/lang/Object;)Ljava/lang/Object;> (0x000000070eb92680) 

Events (10 events):
Event: 1774.826 Executing VM operation: G1IncCollectionPause done
Event: 1774.892 Thread 0x000001fb62877800 Thread added: 0x000001fb62877800
Event: 1774.894 Thread 0x000001fb62877800 Thread exited: 0x000001fb62877800
Event: 1775.681 Thread 0x000001fb62870800 Thread added: 0x000001fb62870800
Event: 1775.683 Executing VM operation: RevokeBias
Event: 1775.684 Executing VM operation: RevokeBias done
Event: 1775.684 Executing VM operation: RevokeBias
Event: 1775.684 Executing VM operation: RevokeBias done
Event: 1775.892 Thread 0x000001fb62877800 Thread added: 0x000001fb62877800
Event: 1775.894 Thread 0x000001fb62877800 Thread exited: 0x000001fb62877800


Dynamic libraries:
0x00007ff7f7bb0000 - 0x00007ff7f7be0000 	C:\Xilinx\Vivado\2019.2\bin\unwrapped\win64.o\vivado.exe
0x00007ff876c70000 - 0x00007ff876e65000 	C:\Windows\SYSTEM32\ntdll.dll
0x00007ff874e60000 - 0x00007ff874f1e000 	C:\Windows\System32\KERNEL32.DLL
0x00007ff874720000 - 0x00007ff8749e8000 	C:\Windows\System32\KERNELBASE.dll
0x00007ff874510000 - 0x00007ff874610000 	C:\Windows\System32\ucrtbase.dll
0x00007ff85bd40000 - 0x00007ff85bdce000 	C:\Windows\SYSTEM32\MSVCP140.dll
0x00007ff85c8e0000 - 0x00007ff85c8fb000 	C:\Windows\SYSTEM32\VCRUNTIME140.dll
0x00007ff85c8d0000 - 0x00007ff85c8dc000 	C:\Windows\SYSTEM32\VCRUNTIME140_1.dll
0x00007ff86a2f0000 - 0x00007ff86a304000 	C:\Xilinx\Vivado\2019.2\lib\win64.o\libboost_signals.dll
0x00007ff8664c0000 - 0x00007ff8664d6000 	C:\Xilinx\Vivado\2019.2\lib\win64.o\librdi_commonmain.dll
0x00007ff820b90000 - 0x00007ff821ad3000 	C:\Xilinx\Vivado\2019.2\lib\win64.o\librdi_common.dll
0x00007ff859ad0000 - 0x00007ff859af6000 	C:\Xilinx\Vivado\2019.2\lib\win64.o\libboost_filesystem.dll
0x00007ff86edb0000 - 0x00007ff86edba000 	C:\Xilinx\Vivado\2019.2\lib\win64.o\librdi_commonversion.dll
0x00007ff875180000 - 0x00007ff87522e000 	C:\Windows\System32\ADVAPI32.dll
0x00007ff8761a0000 - 0x00007ff87623e000 	C:\Windows\System32\msvcrt.dll
0x00007ff876a60000 - 0x00007ff876afc000 	C:\Windows\System32\sechost.dll
0x00007ff876860000 - 0x00007ff876985000 	C:\Windows\System32\RPCRT4.dll
0x00007ff826810000 - 0x00007ff8269b1000 	C:\Xilinx\Vivado\2019.2\lib\win64.o\librdi_commonxillic.dll
0x00007ff8765a0000 - 0x00007ff876740000 	C:\Windows\System32\USER32.dll
0x00007ff874610000 - 0x00007ff874632000 	C:\Windows\System32\win32u.dll
0x00007ff875150000 - 0x00007ff87517a000 	C:\Windows\System32\GDI32.dll
0x0000000077970000 - 0x0000000077a9b000 	C:\Xilinx\Vivado\2019.2\lib\win64.o\tcl85t.dll
0x00007ff874390000 - 0x00007ff87449b000 	C:\Windows\System32\gdi32full.dll
0x00007ff8749f0000 - 0x00007ff874a8d000 	C:\Windows\System32\msvcp_win.dll
0x00007ff875010000 - 0x00007ff87507b000 	C:\Windows\System32\WS2_32.dll
0x00007ff875970000 - 0x00007ff8760b4000 	C:\Windows\System32\SHELL32.dll
0x00007ff874bf0000 - 0x00007ff874c17000 	C:\Windows\System32\bcrypt.dll
0x00007ff86ac40000 - 0x00007ff86ac4b000 	C:\Xilinx\Vivado\2019.2\lib\win64.o\libboost_system.dll
0x00007ff8251e0000 - 0x00007ff82554e000 	C:\Xilinx\Vivado\2019.2\lib\win64.o\libCOIN-all.dll
0x00007ff85e340000 - 0x00007ff85e354000 	C:\Xilinx\Vivado\2019.2\lib\win64.o\libboost_date_time.dll
0x00007ff852580000 - 0x00007ff8525ff000 	C:\Xilinx\Vivado\2019.2\lib\win64.o\libboost_program_options.dll
0x00007ff8474a0000 - 0x00007ff8475b4000 	C:\Xilinx\Vivado\2019.2\lib\win64.o\libboost_regex.dll
0x00007ff858290000 - 0x00007ff8582b1000 	C:\Xilinx\Vivado\2019.2\lib\win64.o\libboost_thread.dll
0x00007ff86a650000 - 0x00007ff86a65f000 	C:\Xilinx\Vivado\2019.2\lib\win64.o\libboost_xilinx.dll
0x00007ff84e720000 - 0x00007ff84e7a2000 	C:\Xilinx\Vivado\2019.2\lib\win64.o\libhdlpsolve.dll
0x00007ff82e300000 - 0x00007ff82e3a5000 	C:\Xilinx\Vivado\2019.2\lib\win64.o\libhdxml.dll
0x00007ff856a80000 - 0x00007ff856aae000 	C:\Xilinx\Vivado\2019.2\lib\win64.o\libisl_sysinfo.dll
0x00007ff81ff90000 - 0x00007ff820b8c200 	C:\Xilinx\Vivado\2019.2\lib\win64.o\libisl_iostreams.dll
0x00007ff85cfe0000 - 0x00007ff85cffa000 	C:\Xilinx\Vivado\2019.2\lib\win64.o\pthreadVC2.dll
0x00007ff850af0000 - 0x00007ff850b55000 	C:\Xilinx\Vivado\2019.2\lib\win64.o\liblmx6.0.dll
0x00007ff85cde0000 - 0x00007ff85cdfc000 	C:\Xilinx\Vivado\2019.2\lib\win64.o\librdiconfig.dll
0x00007ff855a10000 - 0x00007ff855a31000 	C:\Xilinx\Vivado\2019.2\lib\win64.o\librdizlib.dll
0x0000000012000000 - 0x0000000012270000 	C:\Xilinx\Vivado\2019.2\lib\win64.o\xerces-c_3_1.dll
0x00007ff85af90000 - 0x00007ff85afaa000 	C:\Windows\SYSTEM32\NETAPI32.dll
0x00007ff860890000 - 0x00007ff860d66000 	C:\Windows\SYSTEM32\WININET.dll
0x00007ff86adc0000 - 0x00007ff86aeca000 	C:\Windows\SYSTEM32\WINHTTP.dll
0x00007ff8605c0000 - 0x00007ff8607ac000 	C:\Windows\SYSTEM32\urlmon.dll
0x00007ff824c80000 - 0x00007ff824f5b000 	C:\Xilinx\Vivado\2019.2\lib\win64.o\libXil_lmgr11.dll
0x00007ff8663f0000 - 0x00007ff8663f9000 	C:\Windows\SYSTEM32\WSOCK32.dll
0x00007ff8753f0000 - 0x00007ff8754cb000 	C:\Windows\System32\COMDLG32.dll
0x00007ff876240000 - 0x00007ff876594000 	C:\Windows\System32\combase.dll
0x00007ff876b80000 - 0x00007ff876c2d000 	C:\Windows\System32\shcore.dll
0x00007ff874e00000 - 0x00007ff874e55000 	C:\Windows\System32\SHLWAPI.dll
0x00007ff876990000 - 0x00007ff876a5d000 	C:\Windows\System32\OLEAUT32.dll
0x00007ff851540000 - 0x00007ff851571000 	C:\Windows\SYSTEM32\VCOMP140.DLL
0x00007ff874cd0000 - 0x00007ff874dfa000 	C:\Windows\System32\ole32.dll
0x00007ff8744a0000 - 0x00007ff874508000 	C:\Windows\System32\WINTRUST.dll
0x00007ff874a90000 - 0x00007ff874be6000 	C:\Windows\System32\CRYPT32.dll
0x00007ff86a480000 - 0x00007ff86a48d000 	C:\Xilinx\Vivado\2019.2\lib\win64.o\libboost_chrono.dll
0x00007ff858bf0000 - 0x00007ff858c0b000 	C:\Xilinx\Vivado\2019.2\lib\win64.o\libboost_iostreams.dll
0x00007ff860120000 - 0x00007ff8603d1000 	C:\Windows\SYSTEM32\iertutil.dll
0x00007ff866b20000 - 0x00007ff866b48000 	C:\Windows\SYSTEM32\srvcli.dll
0x00007ff873910000 - 0x00007ff87391c000 	C:\Windows\SYSTEM32\netutils.dll
0x00007ff850600000 - 0x00007ff850625000 	C:\Xilinx\Vivado\2019.2\lib\win64.o\libisl_iosutils.dll
0x00007ff86a730000 - 0x00007ff86a7e0000 	C:\Windows\WinSxS\amd64_microsoft.windows.common-controls_6595b64144ccf1df_5.82.19041.1110_none_792d1c772443f647\COMCTL32.dll
0x00007ff86d5c0000 - 0x00007ff86d5dd000 	C:\Windows\SYSTEM32\dhcpcsvc.DLL
0x00007ff81f0f0000 - 0x00007ff81ff81000 	C:\Xilinx\Vivado\2019.2\lib\win64.o\gurobi65.dll
0x00007ff875940000 - 0x00007ff875970000 	C:\Windows\System32\IMM32.DLL
0x00007ff873f80000 - 0x00007ff873f92000 	C:\Windows\SYSTEM32\MSASN1.dll
0x00007ff8722d0000 - 0x00007ff8722e2000 	C:\Windows\SYSTEM32\kernel.appcore.dll
0x00007ff823bd0000 - 0x00007ff8240e7000 	C:\Xilinx\Vivado\2019.2\lib\win64.o\librdi_commontasks.dll
0x00007ff86d560000 - 0x00007ff86d56a000 	C:\Windows\SYSTEM32\VERSION.dll
0x00007ff8245a0000 - 0x00007ff824883000 	C:\Xilinx\Vivado\2019.2\lib\win64.o\librdi_sio.dll
0x00007ff873800000 - 0x00007ff87383b000 	C:\Windows\SYSTEM32\IPHLPAPI.DLL
0x0000000075c20000 - 0x0000000076645000 	C:\Xilinx\Vivado\2019.2\tps\win64\jre9.0.4\bin\server\jvm.dll
0x00007ff876190000 - 0x00007ff876198000 	C:\Windows\System32\PSAPI.DLL
0x00007ff86aba0000 - 0x00007ff86abc7000 	C:\Windows\SYSTEM32\WINMM.dll
0x00007ff82deb0000 - 0x00007ff82df9f000 	C:\Windows\SYSTEM32\MSVCR120.dll
0x00007ff873b60000 - 0x00007ff873bca000 	C:\Windows\SYSTEM32\MSWSOCK.DLL
0x00007ff8724d0000 - 0x00007ff872c64000 	C:\Windows\SYSTEM32\windows.storage.dll
0x00007ff873e00000 - 0x00007ff873e2c000 	C:\Windows\SYSTEM32\Wldp.dll
0x00007ff808a20000 - 0x00007ff80b165000 	C:\Xilinx\Vivado\2019.2\lib\win64.o\librdi_tcltasks.dll
0x00007ff826670000 - 0x00007ff82680d000 	C:\Xilinx\Vivado\2019.2\lib\win64.o\librdi_board.dll
0x00007ff846eb0000 - 0x00007ff846f2b000 	C:\Xilinx\Vivado\2019.2\lib\win64.o\librdi_boarddep.dll
0x00007ff821b30000 - 0x00007ff821fe4000 	C:\Xilinx\Vivado\2019.2\lib\win64.o\librdi_bitstream.dll
0x00007ff824ac0000 - 0x00007ff824c80000 	C:\Xilinx\Vivado\2019.2\lib\win64.o\librdi_chipscopeimpl.dll
0x00007ff81d610000 - 0x00007ff81f0ea000 	C:\Xilinx\Vivado\2019.2\lib\win64.o\librdi_constraints.dll
0x00007ff81d2e0000 - 0x00007ff81d604000 	C:\Xilinx\Vivado\2019.2\lib\win64.o\librdi_containers.dll
0x00007ff806350000 - 0x00007ff806a29000 	C:\Xilinx\Vivado\2019.2\lib\win64.o\librdi_coregenipxact.dll
0x00007ff806a30000 - 0x00007ff808a20000 	C:\Xilinx\Vivado\2019.2\lib\win64.o\librdi_coregen.dll
0x00007ff802080000 - 0x00007ff80634b000 	C:\Xilinx\Vivado\2019.2\lib\win64.o\librdi_designutils.dll
0x00007ff823a70000 - 0x00007ff823bc2000 	C:\Xilinx\Vivado\2019.2\lib\win64.o\librdi_cd_client.dll
0x00007ff8280c0000 - 0x00007ff8281af000 	C:\Xilinx\Vivado\2019.2\lib\win64.o\librdi_chipscope.dll
0x00007ff801ab0000 - 0x00007ff80207d000 	C:\Xilinx\Vivado\2019.2\lib\win64.o\librdi_drc.dll
0x00007ff801440000 - 0x00007ff801aab000 	C:\Xilinx\Vivado\2019.2\lib\win64.o\librdi_filemgmt.dll
0x00007fffeb440000 - 0x00007ffffffeb000 	C:\Xilinx\Vivado\2019.2\lib\win64.o\librdi_device.dll
0x00007ff8239a0000 - 0x00007ff823a64000 	C:\Xilinx\Vivado\2019.2\lib\win64.o\librdi_dsp.dll
0x00007ff81cf90000 - 0x00007ff81d2da000 	C:\Xilinx\Vivado\2019.2\lib\win64.o\librdi_dlyest.dll
0x00007ff8236f0000 - 0x00007ff823838000 	C:\Xilinx\Vivado\2019.2\lib\win64.o\librdi_hip_perf_analysis.dll
0x00007ff8421b0000 - 0x00007ff84221a000 	C:\Xilinx\Vivado\2019.2\lib\win64.o\librdi_hdf.dll
0x00007ff800af0000 - 0x00007ff800e00000 	C:\Xilinx\Vivado\2019.2\lib\win64.o\librdi_guitools.dll
0x00007ff82e280000 - 0x00007ff82e2f4000 	C:\Xilinx\Vivado\2019.2\lib\win64.o\librdi_memoryarray.dll
0x00007ff800e00000 - 0x00007ff801431000 	C:\Xilinx\Vivado\2019.2\lib\win64.o\librdi_memdata.dll
0x00007ff8008d0000 - 0x00007ff800af0000 	C:\Xilinx\Vivado\2019.2\lib\win64.o\librdi_hip_devdesign.dll
0x00007ff8001e0000 - 0x00007ff8008c3000 	C:\Xilinx\Vivado\2019.2\lib\win64.o\librdi_netlist.dll
0x00007ff84ec40000 - 0x00007ff84ec8c000 	C:\Xilinx\Vivado\2019.2\lib\win64.o\librdi_pfi.dll
0x00007fffeb120000 - 0x00007fffeb43b000 	C:\Xilinx\Vivado\2019.2\lib\win64.o\librdi_platform.dll
0x00007fffe8850000 - 0x00007fffeb117000 	C:\Xilinx\Vivado\2019.2\lib\win64.o\librdi_place.dll
0x00007fffe8040000 - 0x00007fffe884b000 	C:\Xilinx\Vivado\2019.2\lib\win64.o\librdi_power.dll
0x00007fffe7340000 - 0x00007fffe78fa000 	C:\Xilinx\Vivado\2019.2\lib\win64.o\librdi_project.dll
0x00007fffe7900000 - 0x00007fffe8033000 	C:\Xilinx\Vivado\2019.2\lib\win64.o\librdi_psta.dll
0x00007fffe6c70000 - 0x00007fffe7331000 	C:\Xilinx\Vivado\2019.2\lib\win64.o\librdi_rsb.dll
0x00007fffe5500000 - 0x00007fffe6c6d000 	C:\Xilinx\Vivado\2019.2\lib\win64.o\librdi_implflow.dll
0x00007fffe2730000 - 0x00007fffe54fb000 	C:\Xilinx\Vivado\2019.2\lib\win64.o\librdi_mig.dll
0x00007fffe18a0000 - 0x00007fffe272d000 	C:\Xilinx\Vivado\2019.2\lib\win64.o\librdi_timing.dll
0x00007ff8466f0000 - 0x00007ff84673c000 	C:\Xilinx\Vivado\2019.2\lib\win64.o\libboost_serialization.dll
0x00007ff8000d0000 - 0x00007ff8001d8000 	C:\Xilinx\Vivado\2019.2\lib\win64.o\librdi_runsbase.dll
0x00007ff823880000 - 0x00007ff823957000 	C:\Xilinx\Vivado\2019.2\lib\win64.o\librdi_ipconfig_readwrite.dll
0x00007ff830180000 - 0x00007ff8301ca000 	C:\Xilinx\Vivado\2019.2\lib\win64.o\librdi_noc_frameworks.dll
0x00007fffe1470000 - 0x00007fffe1893000 	C:\Xilinx\Vivado\2019.2\lib\win64.o\librdi_runs.dll
0x00007fffe11f0000 - 0x00007fffe1465000 	C:\Xilinx\Vivado\2019.2\lib\win64.o\librdi_simdata.dll
0x00007fffe0150000 - 0x00007fffe069e000 	C:\Xilinx\Vivado\2019.2\lib\win64.o\librdi_xdm.dll
0x00007fffdffb0000 - 0x00007fffe0150000 	C:\Xilinx\Vivado\2019.2\lib\win64.o\librdi_cd_protocol.dll
0x00007fffe06a0000 - 0x00007fffe11e7000 	C:\Xilinx\Vivado\2019.2\lib\win64.o\libverific.dll
0x00007fffdfe00000 - 0x00007fffdffa1000 	C:\Xilinx\Vivado\2019.2\lib\win64.o\librdi_advchipscopeimpl.dll
0x00007fffdf7e0000 - 0x00007fffdfdfb000 	C:\Xilinx\Vivado\2019.2\lib\win64.o\librdi_wavedata.dll
0x00007ff81cec0000 - 0x00007ff81cf8c000 	C:\Xilinx\Vivado\2019.2\lib\win64.o\libsqlite3.28.0.dll
0x00007fffdf580000 - 0x00007fffdf7df000 	C:\Xilinx\Vivado\2019.2\lib\win64.o\librdi_hsm.dll

VM Arguments:
jvm_args: -Dsun.java2d.pmoffscreen=false -Dsun.java2d.xrender=false -Dsun.java2d.d3d=false -Dsun.awt.nopixfmt=true -Dsun.java2d.dpiaware=true -Dsun.java2d.uiScale.enabled=false -Xverify:none -Dswing.aatext=true -XX:-UsePerfData -Djdk.map.althashing.threshold=512 -XX:StringTableSize=4072 --add-opens=java.base/java.nio=ALL-UNNAMED --add-opens=java.desktop/sun.swing=ALL-UNNAMED --add-opens=java.desktop/javax.swing=ALL-UNNAMED --add-opens=java.desktop/javax.swing.tree=ALL-UNNAMED --add-opens=java.desktop/javax.swing.plaf.basic=ALL-UNNAMED --add-opens=java.desktop/javax.swing.plaf.synth=ALL-UNNAMED --add-opens=java.desktop/com.sun.awt=ALL-UNNAMED -XX:NewSize=60m -XX:MaxNewSize=60m -Xms128m -Xmx3072m -Xss5m 
java_command: <unknown>
java_class_path (initial): C:/Xilinx/Vivado/2019.2\lib\classes\alloy.jar;C:/Xilinx/Vivado/2019.2\lib\classes\autoesl-common.jar;C:/Xilinx/Vivado/2019.2\lib\classes\autoesl-models.jar;C:/Xilinx/Vivado/2019.2\lib\classes\autoesl-report.jar;C:/Xilinx/Vivado/2019.2\lib\classes\autopilot.scelaborator.jar;C:/Xilinx/Vivado/2019.2\lib\classes\autopilot.sourceprocessor.jar;C:/Xilinx/Vivado/2019.2\lib\classes\autopilot.tbprocessor.jar;C:/Xilinx/Vivado/2019.2\lib\classes\batik-anim.jar;C:/Xilinx/Vivado/2019.2\lib\classes\batik-awt-util.jar;C:/Xilinx/Vivado/2019.2\lib\classes\batik-bridge.jar;C:/Xilinx/Vivado/2019.2\lib\classes\batik-codec.jar;C:/Xilinx/Vivado/2019.2\lib\classes\batik-css.jar;C:/Xilinx/Vivado/2019.2\lib\classes\batik-dom.jar;C:/Xilinx/Vivado/2019.2\lib\classes\batik-ext.jar;C:/Xilinx/Vivado/2019.2\lib\classes\batik-gui-util.jar;C:/Xilinx/Vivado/2019.2\lib\classes\batik-gvt.jar;C:/Xilinx/Vivado/2019.2\lib\classes\batik-parser.jar;C:/Xilinx/Vivado/2019.2\lib\classes\batik-script.jar;C:/Xilinx/Vivado/2019.2\lib\classes\batik-svg-dom.jar;C:/Xilinx/Vivado/2019.2\lib\classes\batik-swing.jar;C:/Xilinx/Vivado/2019.2\lib\classes\batik-transcoder.jar;C:/Xilinx/Vivado/2019.2\lib\classes\batik-util.jar;C:/Xilinx/Vivado/2019.2\lib\classes\batik-xml.jar;C:/Xilinx/Vivado/2019.2\lib\classes\com.google.gson_2.7.0.v20170129-0911.jar;C:/Xilinx/Vivado/2019.2\lib\classes\com.google.guava_21.0.0.v20170206-1425.jar;C:/Xilinx/Vivado/2019.2\lib\classes\com.ibm.icu_4.4.2.v20110208.jar;C:/Xilinx/Vivado/2019.2\lib\classes\com.sigasi.hdt.connection_4.5.0.201909241521.jar;C:/Xilinx/Vivado/2019.2\lib\classes\com.sigasi.hdt.epl_4.5.0.201909241521.jar;C:/Xilinx/Vivado/2019.2\lib\classes\com.sigasi.hdt.project_4.5.0.201909241521.jar;C:/Xilinx/Vivado/2019.2\lib\classes\com.sigasi.hdt.readonlyfilesystem_4.5.0.201909241521.jar;C:/Xilinx/Vivado/2019.2\lib\classes\com.sigasi.lcm_4.5.0.201909241521.jar;C:/Xilinx/Vivado/2019.2\lib\classes\com.sigasi.sdk.client_4.5.0.201909241521.jar;C:/Xilinx/Vivado
Launcher Type: generic

Logging:
Log output configuration:
#0: stdout all=warning uptime,level,tags
#1: stderr all=off uptime,level,tags

Environment Variables:
PATH=C:/Xilinx/Vivado/2019.2/bin;C:/Xilinx/Vivado/2019.2/lib/win64.o;C:/Xilinx/Vivado/2019.2/tps/win64/jre9.0.4/bin/server;C:/Xilinx/Vivado/2019.2/tps/win64/jre9.0.4/bin;C:/Xilinx/Vivado/2019.2/ids_lite/ISE/bin/nt64;C:/Xilinx/Vivado/2019.2/ids_lite/ISE/lib/nt64;C:\Program Files (x86)\Razer Chroma SDK\bin;C:\Program Files\Razer Chroma SDK\bin;C:\Program Files (x86)\Razer\ChromaBroadcast\bin;C:\Program Files\Razer\ChromaBroadcast\bin;C:\Program Files\Common Files\Oracle\Java\javapath;C:\Program Files\NVIDIA GPU Computing Toolkit\CUDA\v11.4\bin;C:\Program Files\NVIDIA GPU Computing Toolkit\CUDA\v11.4\libnvvp;C:\Windows\system32;C:\Windows;C:\Windows\System32\Wbem;C:\Windows\System32\WindowsPowerShell\v1.0\;C:\Windows\System32\OpenSSH\;C:\Program Files (x86)\NVIDIA Corporation\PhysX\Common;C:\Program Files\NVIDIA Corporation\Nsight Compute 2021.2.0\;C:\Program Files\NVIDIA Corporation\NVIDIA NvDLISR;C:\Program Files (x86)\Vim\vim82;C:\Program Files\Git\cmd;C:\Users\seanj\AppData\Local\Programs\Python\Python39;C:\Users\seanj\AppData\Local\Programs\Python\Python39\Scripts;C:\Windows\system32\config\systemprofile\AppData\Local\Microsoft\WindowsApps;C:/Xilinx/Vivado/2019.2\tps\mingw\6.2.0\win64.o\nt\bin;C:/Xilinx/Vivado/2019.2\tps\mingw\6.2.0\win64.o\nt\libexec\gcc\x86_64-w64-mingw32\6.2.0;C:/Xilinx/Vivado/2019.2\tps\win64\python-2.7.5;C:/Xilinx/Vivado/2019.2\tps\win64\python-2.7.5\bin;C:/Xilinx/Vivado/2019.2\tps\win64\python-2.7.5\lib;C:/Xilinx/Vivado/2019.2\tps\win64\python-2.7.5\Lib\lib-tk;C:/Xilinx/Vivado/2019.2\tps\win64\python-2.7.5\lib\site-packages
USERNAME=seanj
OS=Windows_NT
PROCESSOR_IDENTIFIER=Intel64 Family 6 Model 165 Stepping 5, GenuineIntel



---------------  S Y S T E M  ---------------

OS: Windows 10 , 64 bit Build 19041 (10.0.19041.1645)

CPU:total 20 (initial active 20) (10 cores per cpu, 2 threads per core) family 6 model 165 stepping 5, cmov, cx8, fxsr, mmx, sse, sse2, sse3, ssse3, sse4.1, sse4.2, popcnt, avx, avx2, aes, clmul, erms, 3dnowpref, lzcnt, ht, tsc, tscinvbit, bmi1, bmi2, adx, fma

Memory: 4k page, physical 33420596k(25389480k free), swap 38401332k(27519172k free)

vm_info: Java HotSpot(TM) 64-Bit Server VM (9.0.4+11) for windows-amd64 JRE (9.0.4+11), built on Dec 20 2017 02:18:54 by "mach5one" with MS VC++ 12.0 (VS2013)

END.
