Vivado Simulator 2019.2
Time resolution is 1 ps
tohost = xxxxxxxxxxxxxxxx
Stopped at time : 30 ns : File "/home/seankent/bluejay/vivado/bluejay/bluejay.srcs/sources_1/new/top.sv" Line 5994
Stopped at time : 30 ns : File "/home/seankent/bluejay/vivado/bluejay/bluejay.srcs/sources_1/new/top.sv" Line 5995
Stopped at time : 30 ns : File "/home/seankent/bluejay/vivado/bluejay/bluejay.srcs/sources_1/new/top.sv" Line 5998
Stopped at time : 30 ns : File "/home/seankent/bluejay/vivado/bluejay/bluejay.srcs/sources_1/new/top.sv" Line 5965
Stopped at time : 30 ns : File "/home/seankent/bluejay/vivado/bluejay/bluejay.srcs/sources_1/new/top.sv" Line 446
Stopped at time : 0 fs : File "/home/seankent/bluejay/vivado/bluejay/bluejay.srcs/sources_1/new/top.sv" Line 445
Stopped at time : 0 fs : File "/home/seankent/bluejay/vivado/bluejay/bluejay.srcs/sources_1/new/top.sv" Line 4255
Stopped at time : 0 fs : File "/home/seankent/bluejay/vivado/bluejay/bluejay.srcs/sources_1/new/top.sv" Line 4267
Stopped at time : 0 fs : File "/home/seankent/bluejay/vivado/bluejay/bluejay.srcs/sources_1/new/top.sv" Line 4659
Stopped at time : 0 fs : File "/home/seankent/bluejay/vivado/bluejay/bluejay.srcs/sources_1/new/top.sv" Line 3556
Stopped at time : 0 fs : File "/home/seankent/bluejay/vivado/bluejay/bluejay.srcs/sources_1/new/top.sv" Line 14
Stopped at time : 0 fs : File "/home/seankent/bluejay/vivado/bluejay/bluejay.srcs/sources_1/new/top.sv" Line 14
Stopped at time : 0 fs : File "/home/seankent/bluejay/vivado/bluejay/bluejay.srcs/sources_1/new/top.sv" Line 14
Stopped at time : 0 fs : File "/home/seankent/bluejay/vivado/bluejay/bluejay.srcs/sources_1/new/top.sv" Line 14
Stopped at time : 0 fs : File "/home/seankent/bluejay/vivado/bluejay/bluejay.srcs/sources_1/new/top.sv" Line 14
Stopped at time : 0 fs : File "/home/seankent/bluejay/vivado/bluejay/bluejay.srcs/sources_1/new/top.sv" Line 14
Stopped at time : 0 fs : File "/home/seankent/bluejay/vivado/bluejay/bluejay.srcs/sources_1/new/top.sv" Line 14
Stopped at time : 0 fs : File "/home/seankent/bluejay/vivado/bluejay/bluejay.srcs/sources_1/new/top.sv" Line 14
Stopped at time : 0 fs : File "/home/seankent/bluejay/vivado/bluejay/bluejay.srcs/sources_1/new/top.sv" Line 14
Stopped at time : 0 fs : File "/home/seankent/bluejay/vivado/bluejay/bluejay.srcs/sources_1/new/top.sv" Line 14
Stopped at time : 0 fs : File "/home/seankent/bluejay/vivado/bluejay/bluejay.srcs/sources_1/new/top.sv" Line 14
Stopped at time : 0 fs : File "/home/seankent/bluejay/vivado/bluejay/bluejay.srcs/sources_1/new/top.sv" Line 14
Stopped at time : 0 fs : File "/home/seankent/bluejay/vivado/bluejay/bluejay.srcs/sources_1/new/top.sv" Line 14
Stopped at time : 0 fs : File "/home/seankent/bluejay/vivado/bluejay/bluejay.srcs/sources_1/new/top.sv" Line 14
Stopped at time : 0 fs : File "/home/seankent/bluejay/vivado/bluejay/bluejay.srcs/sources_1/new/top.sv" Line 14
Stopped at time : 0 fs : File "/home/seankent/bluejay/vivado/bluejay/bluejay.srcs/sources_1/new/top.sv" Line 14
Stopped at time : 0 fs : File "/home/seankent/bluejay/vivado/bluejay/bluejay.srcs/sources_1/new/top.sv" Line 14
Stopped at time : 0 fs : File "/home/seankent/bluejay/vivado/bluejay/bluejay.srcs/sources_1/new/top.sv" Line 14
Stopped at time : 0 fs : File "/home/seankent/bluejay/vivado/bluejay/bluejay.srcs/sources_1/new/top.sv" Line 14
Stopped at time : 0 fs : File "/home/seankent/bluejay/vivado/bluejay/bluejay.srcs/sources_1/new/top.sv" Line 14
Stopped at time : 0 fs : File "/home/seankent/bluejay/vivado/bluejay/bluejay.srcs/sources_1/new/top.sv" Line 14
Stopped at time : 0 fs : File "/home/seankent/bluejay/vivado/bluejay/bluejay.srcs/sources_1/new/top.sv" Line 14
Stopped at time : 0 fs : File "/home/seankent/bluejay/vivado/bluejay/bluejay.srcs/sources_1/new/top.sv" Line 14
Stopped at time : 0 fs : File "/home/seankent/bluejay/vivado/bluejay/bluejay.srcs/sources_1/new/top.sv" Line 14
Stopped at time : 0 fs : File "/home/seankent/bluejay/vivado/bluejay/bluejay.srcs/sources_1/new/top.sv" Line 14
Stopped at time : 0 fs : File "/home/seankent/bluejay/vivado/bluejay/bluejay.srcs/sources_1/new/top.sv" Line 14
Stopped at time : 0 fs : File "/home/seankent/bluejay/vivado/bluejay/bluejay.srcs/sources_1/new/top.sv" Line 14
Stopped at time : 0 fs : File "/home/seankent/bluejay/vivado/bluejay/bluejay.srcs/sources_1/new/top.sv" Line 14
Stopped at time : 0 fs : File "/home/seankent/bluejay/vivado/bluejay/bluejay.srcs/sources_1/new/top.sv" Line 14
Stopped at time : 0 fs : File "/home/seankent/bluejay/vivado/bluejay/bluejay.srcs/sources_1/new/top.sv" Line 14
Stopped at time : 0 fs : File "/home/seankent/bluejay/vivado/bluejay/bluejay.srcs/sources_1/new/top.sv" Line 14
Stopped at time : 0 fs : File "/home/seankent/bluejay/vivado/bluejay/bluejay.srcs/sources_1/new/top.sv" Line 3230
Stopped at time : 0 fs : File "/home/seankent/bluejay/vivado/bluejay/bluejay.srcs/sources_1/new/top.sv" Line 5123
Stopped at time : 0 fs : File "/home/seankent/bluejay/vivado/bluejay/bluejay.srcs/sources_1/new/top.sv" Line 5523
Stopped at time : 0 fs : File "/home/seankent/bluejay/vivado/bluejay/bluejay.srcs/sources_1/new/top.sv" Line 5557
Stopped at time : 0 fs : File "/home/seankent/bluejay/vivado/bluejay/bluejay.srcs/sources_1/new/top.sv" Line 5595
Stopped at time : 0 fs : File "/home/seankent/bluejay/vivado/bluejay/bluejay.srcs/sources_1/new/top.sv" Line 14
Stopped at time : 0 fs : File "/home/seankent/bluejay/vivado/bluejay/bluejay.srcs/sources_1/new/top.sv" Line 14
Stopped at time : 0 fs : File "/home/seankent/bluejay/vivado/bluejay/bluejay.srcs/sources_1/new/top.sv" Line 14
Stopped at time : 0 fs : File "/home/seankent/bluejay/vivado/bluejay/bluejay.srcs/sources_1/new/top.sv" Line 14
Stopped at time : 0 fs : File "/home/seankent/bluejay/vivado/bluejay/bluejay.srcs/sources_1/new/top.sv" Line 14
Stopped at time : 0 fs : File "/home/seankent/bluejay/vivado/bluejay/bluejay.srcs/sources_1/new/top.sv" Line 14
Stopped at time : 0 fs : File "/home/seankent/bluejay/vivado/bluejay/bluejay.srcs/sources_1/new/top.sv" Line 14
Stopped at time : 0 fs : File "/home/seankent/bluejay/vivado/bluejay/bluejay.srcs/sources_1/new/top.sv" Line 14
Stopped at time : 0 fs : File "/home/seankent/bluejay/vivado/bluejay/bluejay.srcs/sources_1/new/top.sv" Line 14
Stopped at time : 0 fs : File "/home/seankent/bluejay/vivado/bluejay/bluejay.srcs/sources_1/new/top.sv" Line 14
Stopped at time : 0 fs : File "/home/seankent/bluejay/vivado/bluejay/bluejay.srcs/sources_1/new/top.sv" Line 14
Stopped at time : 0 fs : File "/home/seankent/bluejay/vivado/bluejay/bluejay.srcs/sources_1/new/top.sv" Line 14
Stopped at time : 0 fs : File "/home/seankent/bluejay/vivado/bluejay/bluejay.srcs/sources_1/new/top.sv" Line 14
Stopped at time : 0 fs : File "/home/seankent/bluejay/vivado/bluejay/bluejay.srcs/sources_1/new/top.sv" Line 14
Stopped at time : 0 fs : File "/home/seankent/bluejay/vivado/bluejay/bluejay.srcs/sources_1/new/top.sv" Line 14
Stopped at time : 0 fs : File "/home/seankent/bluejay/vivado/bluejay/bluejay.srcs/sources_1/new/top.sv" Line 14
Stopped at time : 0 fs : File "/home/seankent/bluejay/vivado/bluejay/bluejay.srcs/sources_1/new/top.sv" Line 14
Stopped at time : 0 fs : File "/home/seankent/bluejay/vivado/bluejay/bluejay.srcs/sources_1/new/top.sv" Line 14
Stopped at time : 0 fs : File "/home/seankent/bluejay/vivado/bluejay/bluejay.srcs/sources_1/new/top.sv" Line 14
Stopped at time : 0 fs : File "/home/seankent/bluejay/vivado/bluejay/bluejay.srcs/sources_1/new/top.sv" Line 14
Stopped at time : 0 fs : File "/home/seankent/bluejay/vivado/bluejay/bluejay.srcs/sources_1/new/top.sv" Line 14
Stopped at time : 0 fs : File "/home/seankent/bluejay/vivado/bluejay/bluejay.srcs/sources_1/new/top.sv" Line 5965
Stopped at time : 0 fs : File "/home/seankent/bluejay/vivado/bluejay/bluejay.srcs/sources_1/new/top.sv" Line 6015
Stopped at time : 0 fs : File "/home/seankent/bluejay/vivado/bluejay/bluejay.srcs/sources_1/new/top.sv" Line 6036
Stopped at time : 0 fs : File "/home/seankent/bluejay/vivado/bluejay/bluejay.srcs/sources_1/new/top.sv" Line 6050
Stopped at time : 0 fs : File "/home/seankent/bluejay/vivado/bluejay/bluejay.srcs/sources_1/new/top.sv" Line 3158
Stopped at time : 0 fs : File "/home/seankent/bluejay/vivado/bluejay/bluejay.srcs/sources_1/new/top.sv" Line 3170
Stopped at time : 0 fs : File "/home/seankent/bluejay/vivado/bluejay/bluejay.srcs/sources_1/new/top.sv" Line 3181
Stopped at time : 0 fs : File "/home/seankent/bluejay/vivado/bluejay/bluejay.srcs/sources_1/new/top.sv" Line 3182
Stopped at time : 0 fs : File "/home/seankent/bluejay/vivado/bluejay/bluejay.srcs/sources_1/new/top.sv" Line 3193
Stopped at time : 0 fs : File "/home/seankent/bluejay/vivado/bluejay/bluejay.srcs/sources_1/new/top.sv" Line 3194
Stopped at time : 0 fs : File "/home/seankent/bluejay/vivado/bluejay/bluejay.srcs/sources_1/new/top.sv" Line 3205
tohost = xxxxxxxxxxxxxxxx
Stopped at time : 30 ns : File "/home/seankent/bluejay/vivado/bluejay/bluejay.srcs/sources_1/new/top.sv" Line 5993
Stopped at time : 30 ns : File "/home/seankent/bluejay/vivado/bluejay/bluejay.srcs/sources_1/new/top.sv" Line 5994
Stopped at time : 30 ns : File "/home/seankent/bluejay/vivado/bluejay/bluejay.srcs/sources_1/new/top.sv" Line 5995
Stopped at time : 30 ns : File "/home/seankent/bluejay/vivado/bluejay/bluejay.srcs/sources_1/new/top.sv" Line 5998
Stopped at time : 30 ns : File "/home/seankent/bluejay/vivado/bluejay/bluejay.srcs/sources_1/new/top.sv" Line 5965
Stopped at time : 30 ns : File "/home/seankent/bluejay/vivado/bluejay/bluejay.srcs/sources_1/new/top.sv" Line 446
Stopped at time : 30 ns : File "/home/seankent/bluejay/vivado/bluejay/bluejay.srcs/sources_1/new/top.sv" Line 447
Stopped at time : 30 ns : File "/home/seankent/bluejay/vivado/bluejay/bluejay.srcs/sources_1/new/top.sv" Line 448
Stopped at time : 30 ns : File "/home/seankent/bluejay/vivado/bluejay/bluejay.srcs/sources_1/new/top.sv" Line 449
Stopped at time : 30 ns : File "/home/seankent/bluejay/vivado/bluejay/bluejay.srcs/sources_1/new/top.sv" Line 450
Stopped at time : 30 ns : File "/home/seankent/bluejay/vivado/bluejay/bluejay.srcs/sources_1/new/top.sv" Line 451
Stopped at time : 30 ns : File "/home/seankent/bluejay/vivado/bluejay/bluejay.srcs/sources_1/new/top.sv" Line 452
Stopped at time : 30 ns : File "/home/seankent/bluejay/vivado/bluejay/bluejay.srcs/sources_1/new/top.sv" Line 453
Stopped at time : 30 ns : File "/home/seankent/bluejay/vivado/bluejay/bluejay.srcs/sources_1/new/top.sv" Line 454
Stopped at time : 30 ns : File "/home/seankent/bluejay/vivado/bluejay/bluejay.srcs/sources_1/new/top.sv" Line 455
Stopped at time : 30 ns : File "/home/seankent/bluejay/vivado/bluejay/bluejay.srcs/sources_1/new/top.sv" Line 456
Stopped at time : 30 ns : File "/home/seankent/bluejay/vivado/bluejay/bluejay.srcs/sources_1/new/top.sv" Line 457
Stopped at time : 30 ns : File "/home/seankent/bluejay/vivado/bluejay/bluejay.srcs/sources_1/new/top.sv" Line 458
Stopped at time : 30 ns : File "/home/seankent/bluejay/vivado/bluejay/bluejay.srcs/sources_1/new/top.sv" Line 459
Stopped at time : 30 ns : File "/home/seankent/bluejay/vivado/bluejay/bluejay.srcs/sources_1/new/top.sv" Line 460
Stopped at time : 30 ns : File "/home/seankent/bluejay/vivado/bluejay/bluejay.srcs/sources_1/new/top.sv" Line 461
Stopped at time : 30 ns : File "/home/seankent/bluejay/vivado/bluejay/bluejay.srcs/sources_1/new/top.sv" Line 462
Stopped at time : 30 ns : File "/home/seankent/bluejay/vivado/bluejay/bluejay.srcs/sources_1/new/top.sv" Line 463
Stopped at time : 30 ns : File "/home/seankent/bluejay/vivado/bluejay/bluejay.srcs/sources_1/new/top.sv" Line 464
Stopped at time : 30 ns : File "/home/seankent/bluejay/vivado/bluejay/bluejay.srcs/sources_1/new/top.sv" Line 466
Stopped at time : 30 ns : File "/home/seankent/bluejay/vivado/bluejay/bluejay.srcs/sources_1/new/top.sv" Line 489
Stopped at time : 30 ns : File "/home/seankent/bluejay/vivado/bluejay/bluejay.srcs/sources_1/new/top.sv" Line 490
Stopped at time : 30 ns : File "/home/seankent/bluejay/vivado/bluejay/bluejay.srcs/sources_1/new/top.sv" Line 491
Stopped at time : 30 ns : File "/home/seankent/bluejay/vivado/bluejay/bluejay.srcs/sources_1/new/top.sv" Line 492
Stopped at time : 30 ns : File "/home/seankent/bluejay/vivado/bluejay/bluejay.srcs/sources_1/new/top.sv" Line 493
Stopped at time : 30 ns : File "/home/seankent/bluejay/vivado/bluejay/bluejay.srcs/sources_1/new/top.sv" Line 445
Stopped at time : 30 ns : File "/home/seankent/bluejay/vivado/bluejay/bluejay.srcs/sources_1/new/top.sv" Line 5966
Stopped at time : 30 ns : File "/home/seankent/bluejay/vivado/bluejay/bluejay.srcs/sources_1/new/top.sv" Line 5968
Stopped at time : 30 ns : File "/home/seankent/bluejay/vivado/bluejay/bluejay.srcs/sources_1/new/top.sv" Line 5974
Stopped at time : 30 ns : File "/home/seankent/bluejay/vivado/bluejay/bluejay.srcs/sources_1/new/top.sv" Line 5976
Stopped at time : 30 ns : File "/home/seankent/bluejay/vivado/bluejay/bluejay.srcs/sources_1/new/top.sv" Line 5985
Stopped at time : 30 ns : File "/home/seankent/bluejay/vivado/bluejay/bluejay.srcs/sources_1/new/top.sv" Line 5986
Stopped at time : 30 ns : File "/home/seankent/bluejay/vivado/bluejay/bluejay.srcs/sources_1/new/top.sv" Line 5987
Stopped at time : 30 ns : File "/home/seankent/bluejay/vivado/bluejay/bluejay.srcs/sources_1/new/top.sv" Line 5988
Stopped at time : 30 ns : File "/home/seankent/bluejay/vivado/bluejay/bluejay.srcs/sources_1/new/top.sv" Line 5989
Stopped at time : 30 ns : File "/home/seankent/bluejay/vivado/bluejay/bluejay.srcs/sources_1/new/top.sv" Line 5990
Stopped at time : 30 ns : File "/home/seankent/bluejay/vivado/bluejay/bluejay.srcs/sources_1/new/top.sv" Line 5991
Stopped at time : 30 ns : File "/home/seankent/bluejay/vivado/bluejay/bluejay.srcs/sources_1/new/top.sv" Line 5992
Stopped at time : 30 ns : File "/home/seankent/bluejay/vivado/bluejay/bluejay.srcs/sources_1/new/top.sv" Line 5993
Stopped at time : 30 ns : File "/home/seankent/bluejay/vivado/bluejay/bluejay.srcs/sources_1/new/top.sv" Line 5994
Stopped at time : 30 ns : File "/home/seankent/bluejay/vivado/bluejay/bluejay.srcs/sources_1/new/top.sv" Line 5995
Stopped at time : 30 ns : File "/home/seankent/bluejay/vivado/bluejay/bluejay.srcs/sources_1/new/top.sv" Line 5998
Stopped at time : 30 ns : File "/home/seankent/bluejay/vivado/bluejay/bluejay.srcs/sources_1/new/top.sv" Line 5965
Stopped at time : 30 ns : File "/home/seankent/bluejay/vivado/bluejay/bluejay.srcs/sources_1/new/top.sv" Line 446
Stopped at time : 30 ns : File "/home/seankent/bluejay/vivado/bluejay/bluejay.srcs/sources_1/new/top.sv" Line 447
Stopped at time : 30 ns : File "/home/seankent/bluejay/vivado/bluejay/bluejay.srcs/sources_1/new/top.sv" Line 448
Stopped at time : 30 ns : File "/home/seankent/bluejay/vivado/bluejay/bluejay.srcs/sources_1/new/top.sv" Line 449
Stopped at time : 30 ns : File "/home/seankent/bluejay/vivado/bluejay/bluejay.srcs/sources_1/new/top.sv" Line 450
Stopped at time : 30 ns : File "/home/seankent/bluejay/vivado/bluejay/bluejay.srcs/sources_1/new/top.sv" Line 451
Stopped at time : 30 ns : File "/home/seankent/bluejay/vivado/bluejay/bluejay.srcs/sources_1/new/top.sv" Line 452
Stopped at time : 30 ns : File "/home/seankent/bluejay/vivado/bluejay/bluejay.srcs/sources_1/new/top.sv" Line 453
Stopped at time : 30 ns : File "/home/seankent/bluejay/vivado/bluejay/bluejay.srcs/sources_1/new/top.sv" Line 454
Stopped at time : 30 ns : File "/home/seankent/bluejay/vivado/bluejay/bluejay.srcs/sources_1/new/top.sv" Line 455
Stopped at time : 30 ns : File "/home/seankent/bluejay/vivado/bluejay/bluejay.srcs/sources_1/new/top.sv" Line 456
Stopped at time : 30 ns : File "/home/seankent/bluejay/vivado/bluejay/bluejay.srcs/sources_1/new/top.sv" Line 457
Stopped at time : 30 ns : File "/home/seankent/bluejay/vivado/bluejay/bluejay.srcs/sources_1/new/top.sv" Line 458
Stopped at time : 30 ns : File "/home/seankent/bluejay/vivado/bluejay/bluejay.srcs/sources_1/new/top.sv" Line 459
Stopped at time : 30 ns : File "/home/seankent/bluejay/vivado/bluejay/bluejay.srcs/sources_1/new/top.sv" Line 460
Stopped at time : 30 ns : File "/home/seankent/bluejay/vivado/bluejay/bluejay.srcs/sources_1/new/top.sv" Line 461
Stopped at time : 30 ns : File "/home/seankent/bluejay/vivado/bluejay/bluejay.srcs/sources_1/new/top.sv" Line 462
Stopped at time : 30 ns : File "/home/seankent/bluejay/vivado/bluejay/bluejay.srcs/sources_1/new/top.sv" Line 463
Stopped at time : 30 ns : File "/home/seankent/bluejay/vivado/bluejay/bluejay.srcs/sources_1/new/top.sv" Line 464
Stopped at time : 30 ns : File "/home/seankent/bluejay/vivado/bluejay/bluejay.srcs/sources_1/new/top.sv" Line 466
Stopped at time : 30 ns : File "/home/seankent/bluejay/vivado/bluejay/bluejay.srcs/sources_1/new/top.sv" Line 489
Stopped at time : 30 ns : File "/home/seankent/bluejay/vivado/bluejay/bluejay.srcs/sources_1/new/top.sv" Line 490
Stopped at time : 30 ns : File "/home/seankent/bluejay/vivado/bluejay/bluejay.srcs/sources_1/new/top.sv" Line 491
Stopped at time : 30 ns : File "/home/seankent/bluejay/vivado/bluejay/bluejay.srcs/sources_1/new/top.sv" Line 492
Stopped at time : 30 ns : File "/home/seankent/bluejay/vivado/bluejay/bluejay.srcs/sources_1/new/top.sv" Line 493
Stopped at time : 30 ns : File "/home/seankent/bluejay/vivado/bluejay/bluejay.srcs/sources_1/new/top.sv" Line 445
Stopped at time : 30 ns : File "/home/seankent/bluejay/vivado/bluejay/bluejay.srcs/sources_1/new/top.sv" Line 5966
Stopped at time : 30 ns : File "/home/seankent/bluejay/vivado/bluejay/bluejay.srcs/sources_1/new/top.sv" Line 5968
Stopped at time : 30 ns : File "/home/seankent/bluejay/vivado/bluejay/bluejay.srcs/sources_1/new/top.sv" Line 5974
Stopped at time : 30 ns : File "/home/seankent/bluejay/vivado/bluejay/bluejay.srcs/sources_1/new/top.sv" Line 5976
Stopped at time : 30 ns : File "/home/seankent/bluejay/vivado/bluejay/bluejay.srcs/sources_1/new/top.sv" Line 5985
Stopped at time : 30 ns : File "/home/seankent/bluejay/vivado/bluejay/bluejay.srcs/sources_1/new/top.sv" Line 5986
Stopped at time : 30 ns : File "/home/seankent/bluejay/vivado/bluejay/bluejay.srcs/sources_1/new/top.sv" Line 5987
Stopped at time : 30 ns : File "/home/seankent/bluejay/vivado/bluejay/bluejay.srcs/sources_1/new/top.sv" Line 5988
Stopped at time : 30 ns : File "/home/seankent/bluejay/vivado/bluejay/bluejay.srcs/sources_1/new/top.sv" Line 5989
Stopped at time : 30 ns : File "/home/seankent/bluejay/vivado/bluejay/bluejay.srcs/sources_1/new/top.sv" Line 5990
Stopped at time : 30 ns : File "/home/seankent/bluejay/vivado/bluejay/bluejay.srcs/sources_1/new/top.sv" Line 5991
Stopped at time : 30 ns : File "/home/seankent/bluejay/vivado/bluejay/bluejay.srcs/sources_1/new/top.sv" Line 5992
Stopped at time : 30 ns : File "/home/seankent/bluejay/vivado/bluejay/bluejay.srcs/sources_1/new/top.sv" Line 5993
Stopped at time : 30 ns : File "/home/seankent/bluejay/vivado/bluejay/bluejay.srcs/sources_1/new/top.sv" Line 5994
Stopped at time : 30 ns : File "/home/seankent/bluejay/vivado/bluejay/bluejay.srcs/sources_1/new/top.sv" Line 5995
Stopped at time : 30 ns : File "/home/seankent/bluejay/vivado/bluejay/bluejay.srcs/sources_1/new/top.sv" Line 5998
Stopped at time : 30 ns : File "/home/seankent/bluejay/vivado/bluejay/bluejay.srcs/sources_1/new/top.sv" Line 5965
Stopped at time : 30 ns : File "/home/seankent/bluejay/vivado/bluejay/bluejay.srcs/sources_1/new/top.sv" Line 446
Stopped at time : 30 ns : File "/home/seankent/bluejay/vivado/bluejay/bluejay.srcs/sources_1/new/top.sv" Line 447
Stopped at time : 30 ns : File "/home/seankent/bluejay/vivado/bluejay/bluejay.srcs/sources_1/new/top.sv" Line 448
