Building DAG of jobs...
Using shell: /usr/bin/bash
Provided cores: 1 (use --cores to define parallelism)
Rules claiming more threads will be scaled down.
Job stats:
job      count
-----  -------
xelab        1
xsim         1
xvlog        1
total        3

Select jobs to execute...

[Wed Aug  9 23:15:39 2023]
rule xvlog:
    input: /home/seankent/bluejay/sv
    output: /home/seankent/bluejay/ip/jay/sim/jay/gen/run__0123/xvlog.ts
    jobid: 2
    reason: Missing output files: /home/seankent/bluejay/ip/jay/sim/jay/gen/run__0123/xvlog.ts
    wildcards: top=/home/seankent/bluejay, ip=jay, dut=jay, run=run__0123
    resources: tmpdir=/tmp

RuleException in rule xvlog in file /home/seankent/bluejay/Snakefile, line 10:
NameError: The name 'ip' is unknown in this context. Did you mean 'wildcards.ip'?, when formatting the following:

        mkdir -p {top}/ip/{ip}/sim/{dut}/gen/{run}
        cp {input.sv} {output.xvlog_ts}
        
