Building DAG of jobs...
Using shell: /usr/bin/bash
Provided cores: 1 (use --cores to define parallelism)
Rules claiming more threads will be scaled down.
Job stats:
job       count
------  -------
diff          1
ref_ts        1
xelab         1
xsim          1
xvlog         1
total         5

Select jobs to execute...

[Wed Aug  9 18:02:42 2023]
rule xvlog:
    input: /home/seankent/bluejay/sv
    output: /home/seankent/bluejay/ip/jay/sim/gen/sim__a/xvlog.ts
    jobid: 4
    reason: Missing output files: /home/seankent/bluejay/ip/jay/sim/gen/sim__a/xvlog.ts
    wildcards: ip_name=jay, sim_name=sim__a
    resources: tmpdir=/tmp

[Wed Aug  9 18:02:42 2023]
Finished job 4.
1 of 5 steps (20%) done
Select jobs to execute...

[Wed Aug  9 18:02:42 2023]
rule xelab:
    input: /home/seankent/bluejay/ip/jay/sim/gen/sim__a/xvlog.ts
    output: /home/seankent/bluejay/ip/jay/sim/gen/sim__a/xelab.ts
    jobid: 3
    reason: Missing output files: /home/seankent/bluejay/ip/jay/sim/gen/sim__a/xelab.ts; Input files updated by another job: /home/seankent/bluejay/ip/jay/sim/gen/sim__a/xvlog.ts
    wildcards: ip_name=jay, sim_name=sim__a
    resources: tmpdir=/tmp

[Wed Aug  9 18:02:42 2023]
Error in rule xelab:
    jobid: 3
    input: /home/seankent/bluejay/ip/jay/sim/gen/sim__a/xvlog.ts
    output: /home/seankent/bluejay/ip/jay/sim/gen/sim__a/xelab.ts
    shell:
        cp /home/seankent/bluejay/ip/jay/sim/gen/sim__a/xvlog.ts > /home/seankent/bluejay/ip/jay/sim/gen/sim__a/xelab.ts
        (one of the commands exited with non-zero exit code; note that snakemake uses bash strict mode!)

Removing output files of failed job xelab since they might be corrupted:
/home/seankent/bluejay/ip/jay/sim/gen/sim__a/xelab.ts
Shutting down, this might take some time.
Exiting because a job execution failed. Look above for error message
Complete log: .snakemake/log/2023-08-09T180242.913014.snakemake.log
