Building DAG of jobs...
Using shell: /usr/bin/bash
Provided cores: 1 (use --cores to define parallelism)
Rules claiming more threads will be scaled down.
Job stats:
job      count
-----  -------
2           27
3            1
4            1
5            1
total       30

Select jobs to execute...

[Sat Aug 12 21:03:17 2023]
rule 3:
    input: defs/defs.py
    output: defs/gen/defs.py
    jobid: 3
    reason: Updated input files: defs/defs.py
    resources: tmpdir=/tmp

[Sat Aug 12 21:03:17 2023]
Finished job 3.
1 of 30 steps (3%) done
Select jobs to execute...

[Sat Aug 12 21:03:17 2023]
rule 2:
    input: /home/seankent/bluejay/ip/jay/src/jay.b, defs/gen/defs.py
    output: /home/seankent/bluejay/ip/jay/src/gen/jay.sv
    jobid: 14
    reason: Input files updated by another job: defs/gen/defs.py
    wildcards: dir=/home/seankent/bluejay/ip/jay/src, module=jay
    resources: tmpdir=/tmp

[Sat Aug 12 21:03:20 2023]
Finished job 14.
2 of 30 steps (7%) done
Select jobs to execute...

[Sat Aug 12 21:03:20 2023]
rule 2:
    input: /home/seankent/bluejay/ip/jay/src/jay__decoder.b, defs/gen/defs.py
    output: /home/seankent/bluejay/ip/jay/src/gen/jay__decoder.sv
    jobid: 21
    reason: Input files updated by another job: defs/gen/defs.py
    wildcards: dir=/home/seankent/bluejay/ip/jay/src, module=jay__decoder
    resources: tmpdir=/tmp

[Sat Aug 12 21:03:21 2023]
Finished job 21.
3 of 30 steps (10%) done
Select jobs to execute...

[Sat Aug 12 21:03:21 2023]
rule 2:
    input: /home/seankent/bluejay/ip/jay/src/jay__control_and_status_registers.b, defs/gen/defs.py
    output: /home/seankent/bluejay/ip/jay/src/gen/jay__control_and_status_registers.sv
    jobid: 16
    reason: Input files updated by another job: defs/gen/defs.py
    wildcards: dir=/home/seankent/bluejay/ip/jay/src, module=jay__control_and_status_registers
    resources: tmpdir=/tmp

[Sat Aug 12 21:03:21 2023]
Finished job 16.
4 of 30 steps (13%) done
Select jobs to execute...

[Sat Aug 12 21:03:21 2023]
rule 2:
    input: /home/seankent/bluejay/ip/jay/sim/jay/tb/memory.b, defs/gen/defs.py
    output: /home/seankent/bluejay/ip/jay/sim/jay/tb/gen/memory.sv
    jobid: 28
    reason: Input files updated by another job: defs/gen/defs.py
    wildcards: dir=/home/seankent/bluejay/ip/jay/sim/jay/tb, module=memory
    resources: tmpdir=/tmp

[Sat Aug 12 21:03:22 2023]
Finished job 28.
5 of 30 steps (17%) done
Select jobs to execute...

[Sat Aug 12 21:03:22 2023]
rule 2:
    input: /home/seankent/bluejay/ip/jay/sim/jay/tb/tb.b, defs/gen/defs.py
    output: /home/seankent/bluejay/ip/jay/sim/jay/tb/gen/tb.sv
    jobid: 29
    reason: Input files updated by another job: defs/gen/defs.py
    wildcards: dir=/home/seankent/bluejay/ip/jay/sim/jay/tb, module=tb
    resources: tmpdir=/tmp

[Sat Aug 12 21:03:22 2023]
Finished job 29.
6 of 30 steps (20%) done
Select jobs to execute...

[Sat Aug 12 21:03:22 2023]
rule 2:
    input: /home/seankent/bluejay/ip/jay/src/jay__mstatus.b, defs/gen/defs.py
    output: /home/seankent/bluejay/ip/jay/src/gen/jay__mstatus.sv
    jobid: 12
    reason: Input files updated by another job: defs/gen/defs.py
    wildcards: dir=/home/seankent/bluejay/ip/jay/src, module=jay__mstatus
    resources: tmpdir=/tmp

[Sat Aug 12 21:03:22 2023]
Finished job 12.
7 of 30 steps (23%) done
Select jobs to execute...

[Sat Aug 12 21:03:22 2023]
rule 2:
    input: /home/seankent/bluejay/ip/jay/src/jay__mip.b, defs/gen/defs.py
    output: /home/seankent/bluejay/ip/jay/src/gen/jay__mip.sv
    jobid: 6
    reason: Input files updated by another job: defs/gen/defs.py
    wildcards: dir=/home/seankent/bluejay/ip/jay/src, module=jay__mip
    resources: tmpdir=/tmp

[Sat Aug 12 21:03:22 2023]
Finished job 6.
8 of 30 steps (27%) done
Select jobs to execute...

[Sat Aug 12 21:03:22 2023]
rule 2:
    input: /home/seankent/bluejay/ip/jay/src/jay__mie.b, defs/gen/defs.py
    output: /home/seankent/bluejay/ip/jay/src/gen/jay__mie.sv
    jobid: 25
    reason: Input files updated by another job: defs/gen/defs.py
    wildcards: dir=/home/seankent/bluejay/ip/jay/src, module=jay__mie
    resources: tmpdir=/tmp

[Sat Aug 12 21:03:22 2023]
Finished job 25.
9 of 30 steps (30%) done
Select jobs to execute...

[Sat Aug 12 21:03:22 2023]
rule 2:
    input: /home/seankent/bluejay/ip/jay/src/jay__arithmetic_logic_unit.b, defs/gen/defs.py
    output: /home/seankent/bluejay/ip/jay/src/gen/jay__arithmetic_logic_unit.sv
    jobid: 2
    reason: Input files updated by another job: defs/gen/defs.py
    wildcards: dir=/home/seankent/bluejay/ip/jay/src, module=jay__arithmetic_logic_unit
    resources: tmpdir=/tmp

[Sat Aug 12 21:03:22 2023]
Finished job 2.
10 of 30 steps (33%) done
Select jobs to execute...

[Sat Aug 12 21:03:22 2023]
rule 2:
    input: /home/seankent/bluejay/ip/jay/src/jay__mcause.b, defs/gen/defs.py
    output: /home/seankent/bluejay/ip/jay/src/gen/jay__mcause.sv
    jobid: 19
    reason: Input files updated by another job: defs/gen/defs.py
    wildcards: dir=/home/seankent/bluejay/ip/jay/src, module=jay__mcause
    resources: tmpdir=/tmp

[Sat Aug 12 21:03:22 2023]
Finished job 19.
11 of 30 steps (37%) done
Select jobs to execute...

[Sat Aug 12 21:03:22 2023]
rule 2:
    input: /home/seankent/bluejay/ip/jay/src/jay__register_file.b, defs/gen/defs.py
    output: /home/seankent/bluejay/ip/jay/src/gen/jay__register_file.sv
    jobid: 23
    reason: Input files updated by another job: defs/gen/defs.py
    wildcards: dir=/home/seankent/bluejay/ip/jay/src, module=jay__register_file
    resources: tmpdir=/tmp

[Sat Aug 12 21:03:23 2023]
Finished job 23.
12 of 30 steps (40%) done
Select jobs to execute...

[Sat Aug 12 21:03:23 2023]
rule 2:
    input: /home/seankent/bluejay/ip/jay/src/jay__mtvec.b, defs/gen/defs.py
    output: /home/seankent/bluejay/ip/jay/src/gen/jay__mtvec.sv
    jobid: 26
    reason: Input files updated by another job: defs/gen/defs.py
    wildcards: dir=/home/seankent/bluejay/ip/jay/src, module=jay__mtvec
    resources: tmpdir=/tmp

[Sat Aug 12 21:03:23 2023]
Finished job 26.
13 of 30 steps (43%) done
Select jobs to execute...

[Sat Aug 12 21:03:23 2023]
rule 2:
    input: /home/seankent/bluejay/ip/jay/src/jay__mscratch.b, defs/gen/defs.py
    output: /home/seankent/bluejay/ip/jay/src/gen/jay__mscratch.sv
    jobid: 24
    reason: Input files updated by another job: defs/gen/defs.py
    wildcards: dir=/home/seankent/bluejay/ip/jay/src, module=jay__mscratch
    resources: tmpdir=/tmp

[Sat Aug 12 21:03:23 2023]
Finished job 24.
14 of 30 steps (47%) done
Select jobs to execute...

[Sat Aug 12 21:03:23 2023]
rule 2:
    input: /home/seankent/bluejay/ip/jay/src/jay__mcycle.b, defs/gen/defs.py
    output: /home/seankent/bluejay/ip/jay/src/gen/jay__mcycle.sv
    jobid: 18
    reason: Input files updated by another job: defs/gen/defs.py
    wildcards: dir=/home/seankent/bluejay/ip/jay/src, module=jay__mcycle
    resources: tmpdir=/tmp

[Sat Aug 12 21:03:23 2023]
Finished job 18.
15 of 30 steps (50%) done
Select jobs to execute...

[Sat Aug 12 21:03:23 2023]
rule 2:
    input: /home/seankent/bluejay/ip/jay/src/jay__mtval.b, defs/gen/defs.py
    output: /home/seankent/bluejay/ip/jay/src/gen/jay__mtval.sv
    jobid: 5
    reason: Input files updated by another job: defs/gen/defs.py
    wildcards: dir=/home/seankent/bluejay/ip/jay/src, module=jay__mtval
    resources: tmpdir=/tmp

[Sat Aug 12 21:03:23 2023]
Finished job 5.
16 of 30 steps (53%) done
Select jobs to execute...

[Sat Aug 12 21:03:23 2023]
rule 2:
    input: /home/seankent/bluejay/ip/jay/src/jay__mepc.b, defs/gen/defs.py
    output: /home/seankent/bluejay/ip/jay/src/gen/jay__mepc.sv
    jobid: 4
    reason: Input files updated by another job: defs/gen/defs.py
    wildcards: dir=/home/seankent/bluejay/ip/jay/src, module=jay__mepc
    resources: tmpdir=/tmp

[Sat Aug 12 21:03:23 2023]
Finished job 4.
17 of 30 steps (57%) done
Select jobs to execute...

[Sat Aug 12 21:03:23 2023]
rule 2:
    input: /home/seankent/bluejay/ip/jay/src/jay__misa.b, defs/gen/defs.py
    output: /home/seankent/bluejay/ip/jay/src/gen/jay__misa.sv
    jobid: 17
    reason: Input files updated by another job: defs/gen/defs.py
    wildcards: dir=/home/seankent/bluejay/ip/jay/src, module=jay__misa
    resources: tmpdir=/tmp

[Sat Aug 12 21:03:23 2023]
Finished job 17.
18 of 30 steps (60%) done
Select jobs to execute...

[Sat Aug 12 21:03:23 2023]
rule 2:
    input: /home/seankent/bluejay/ip/jay/src/jay__comparator.b, defs/gen/defs.py
    output: /home/seankent/bluejay/ip/jay/src/gen/jay__comparator.sv
    jobid: 9
    reason: Input files updated by another job: defs/gen/defs.py
    wildcards: dir=/home/seankent/bluejay/ip/jay/src, module=jay__comparator
    resources: tmpdir=/tmp

[Sat Aug 12 21:03:23 2023]
Finished job 9.
19 of 30 steps (63%) done
Select jobs to execute...

[Sat Aug 12 21:03:23 2023]
rule 2:
    input: /home/seankent/bluejay/ip/jay/src/jay__medeleg.b, defs/gen/defs.py
    output: /home/seankent/bluejay/ip/jay/src/gen/jay__medeleg.sv
    jobid: 13
    reason: Input files updated by another job: defs/gen/defs.py
    wildcards: dir=/home/seankent/bluejay/ip/jay/src, module=jay__medeleg
    resources: tmpdir=/tmp

[Sat Aug 12 21:03:23 2023]
Finished job 13.
20 of 30 steps (67%) done
Select jobs to execute...

[Sat Aug 12 21:03:23 2023]
rule 2:
    input: /home/seankent/bluejay/ip/jay/src/jay__mhpmcounter.b, defs/gen/defs.py
    output: /home/seankent/bluejay/ip/jay/src/gen/jay__mhpmcounter.sv
    jobid: 20
    reason: Input files updated by another job: defs/gen/defs.py
    wildcards: dir=/home/seankent/bluejay/ip/jay/src, module=jay__mhpmcounter
    resources: tmpdir=/tmp

[Sat Aug 12 21:03:23 2023]
Finished job 20.
21 of 30 steps (70%) done
Select jobs to execute...

[Sat Aug 12 21:03:23 2023]
rule 2:
    input: /home/seankent/bluejay/ip/jay/src/jay__mhpmevent.b, defs/gen/defs.py
    output: /home/seankent/bluejay/ip/jay/src/gen/jay__mhpmevent.sv
    jobid: 8
    reason: Input files updated by another job: defs/gen/defs.py
    wildcards: dir=/home/seankent/bluejay/ip/jay/src, module=jay__mhpmevent
    resources: tmpdir=/tmp

[Sat Aug 12 21:03:23 2023]
Finished job 8.
22 of 30 steps (73%) done
Select jobs to execute...

[Sat Aug 12 21:03:23 2023]
rule 2:
    input: /home/seankent/bluejay/ip/jay/src/jay__marchid.b, defs/gen/defs.py
    output: /home/seankent/bluejay/ip/jay/src/gen/jay__marchid.sv
    jobid: 15
    reason: Input files updated by another job: defs/gen/defs.py
    wildcards: dir=/home/seankent/bluejay/ip/jay/src, module=jay__marchid
    resources: tmpdir=/tmp

[Sat Aug 12 21:03:23 2023]
Finished job 15.
23 of 30 steps (77%) done
Select jobs to execute...

[Sat Aug 12 21:03:23 2023]
rule 2:
    input: /home/seankent/bluejay/ip/jay/src/jay__mimpid.b, defs/gen/defs.py
    output: /home/seankent/bluejay/ip/jay/src/gen/jay__mimpid.sv
    jobid: 10
    reason: Input files updated by another job: defs/gen/defs.py
    wildcards: dir=/home/seankent/bluejay/ip/jay/src, module=jay__mimpid
    resources: tmpdir=/tmp

[Sat Aug 12 21:03:23 2023]
Finished job 10.
24 of 30 steps (80%) done
Select jobs to execute...

[Sat Aug 12 21:03:23 2023]
rule 2:
    input: /home/seankent/bluejay/ip/jay/src/jay__mideleg.b, defs/gen/defs.py
    output: /home/seankent/bluejay/ip/jay/src/gen/jay__mideleg.sv
    jobid: 11
    reason: Input files updated by another job: defs/gen/defs.py
    wildcards: dir=/home/seankent/bluejay/ip/jay/src, module=jay__mideleg
    resources: tmpdir=/tmp

[Sat Aug 12 21:03:23 2023]
Finished job 11.
25 of 30 steps (83%) done
Select jobs to execute...

[Sat Aug 12 21:03:23 2023]
rule 2:
    input: /home/seankent/bluejay/ip/jay/src/jay__mvendorid.b, defs/gen/defs.py
    output: /home/seankent/bluejay/ip/jay/src/gen/jay__mvendorid.sv
    jobid: 22
    reason: Input files updated by another job: defs/gen/defs.py
    wildcards: dir=/home/seankent/bluejay/ip/jay/src, module=jay__mvendorid
    resources: tmpdir=/tmp

[Sat Aug 12 21:03:23 2023]
Finished job 22.
26 of 30 steps (87%) done
Select jobs to execute...

[Sat Aug 12 21:03:23 2023]
rule 2:
    input: /home/seankent/bluejay/ip/jay/src/jay__mhartid.b, defs/gen/defs.py
    output: /home/seankent/bluejay/ip/jay/src/gen/jay__mhartid.sv
    jobid: 27
    reason: Input files updated by another job: defs/gen/defs.py
    wildcards: dir=/home/seankent/bluejay/ip/jay/src, module=jay__mhartid
    resources: tmpdir=/tmp

[Sat Aug 12 21:03:23 2023]
Finished job 27.
27 of 30 steps (90%) done
Select jobs to execute...

[Sat Aug 12 21:03:23 2023]
rule 2:
    input: /home/seankent/bluejay/ip/lib/src/d_flip_flop.b, defs/gen/defs.py
    output: /home/seankent/bluejay/ip/lib/src/gen/d_flip_flop.sv
    jobid: 7
    reason: Input files updated by another job: defs/gen/defs.py
    wildcards: dir=/home/seankent/bluejay/ip/lib/src, module=d_flip_flop
    resources: tmpdir=/tmp

[Sat Aug 12 21:03:23 2023]
Finished job 7.
28 of 30 steps (93%) done
Select jobs to execute...

[Sat Aug 12 21:03:23 2023]
rule 4:
    input: /home/seankent/bluejay/ip/jay/src/gen/jay__arithmetic_logic_unit.sv, /home/seankent/bluejay/ip/jay/src/gen/jay__mepc.sv, /home/seankent/bluejay/ip/jay/src/gen/jay__mtval.sv, /home/seankent/bluejay/ip/jay/src/gen/jay__mip.sv, /home/seankent/bluejay/ip/lib/src/gen/d_flip_flop.sv, /home/seankent/bluejay/ip/jay/src/gen/jay__mhpmevent.sv, /home/seankent/bluejay/ip/jay/src/gen/jay__comparator.sv, /home/seankent/bluejay/ip/jay/src/gen/jay__mimpid.sv, /home/seankent/bluejay/ip/jay/src/gen/jay__mideleg.sv, /home/seankent/bluejay/ip/jay/src/gen/jay__mstatus.sv, /home/seankent/bluejay/ip/jay/src/gen/jay__medeleg.sv, /home/seankent/bluejay/ip/jay/src/gen/jay.sv, /home/seankent/bluejay/ip/jay/src/gen/jay__marchid.sv, /home/seankent/bluejay/ip/jay/src/gen/jay__control_and_status_registers.sv, /home/seankent/bluejay/ip/jay/src/gen/jay__misa.sv, /home/seankent/bluejay/ip/jay/src/gen/jay__mcycle.sv, /home/seankent/bluejay/ip/jay/src/gen/jay__mcause.sv, /home/seankent/bluejay/ip/jay/src/gen/jay__mhpmcounter.sv, /home/seankent/bluejay/ip/jay/src/gen/jay__decoder.sv, /home/seankent/bluejay/ip/jay/src/gen/jay__mvendorid.sv, /home/seankent/bluejay/ip/jay/src/gen/jay__register_file.sv, /home/seankent/bluejay/ip/jay/src/gen/jay__mscratch.sv, /home/seankent/bluejay/ip/jay/src/gen/jay__mie.sv, /home/seankent/bluejay/ip/jay/src/gen/jay__mtvec.sv, /home/seankent/bluejay/ip/jay/src/gen/jay__mhartid.sv, /home/seankent/bluejay/ip/jay/sim/jay/tb/gen/memory.sv, /home/seankent/bluejay/ip/jay/sim/jay/tb/gen/tb.sv
    output: ip/jay/sim/jay/gen/run__0/xvlog.done
    jobid: 1
    reason: Missing output files: ip/jay/sim/jay/gen/run__0/xvlog.done; Input files updated by another job: /home/seankent/bluejay/ip/jay/src/gen/jay__arithmetic_logic_unit.sv, /home/seankent/bluejay/ip/jay/src/gen/jay__mepc.sv, /home/seankent/bluejay/ip/jay/src/gen/jay__mip.sv, /home/seankent/bluejay/ip/jay/src/gen/jay__mtval.sv, /home/seankent/bluejay/ip/jay/src/gen/jay__mhartid.sv, /home/seankent/bluejay/ip/lib/src/gen/d_flip_flop.sv, /home/seankent/bluejay/ip/jay/src/gen/jay__mhpmevent.sv, /home/seankent/bluejay/ip/jay/src/gen/jay__comparator.sv, /home/seankent/bluejay/ip/jay/src/gen/jay__mimpid.sv, /home/seankent/bluejay/ip/jay/sim/jay/tb/gen/memory.sv, /home/seankent/bluejay/ip/jay/src/gen/jay__mideleg.sv, /home/seankent/bluejay/ip/jay/src/gen/jay__mstatus.sv, /home/seankent/bluejay/ip/jay/src/gen/jay__medeleg.sv, /home/seankent/bluejay/ip/jay/src/gen/jay.sv, /home/seankent/bluejay/ip/jay/sim/jay/tb/gen/tb.sv, /home/seankent/bluejay/ip/jay/src/gen/jay__mcause.sv, /home/seankent/bluejay/ip/jay/src/gen/jay__control_and_status_registers.sv, /home/seankent/bluejay/ip/jay/src/gen/jay__misa.sv, /home/seankent/bluejay/ip/jay/src/gen/jay__marchid.sv, /home/seankent/bluejay/ip/jay/src/gen/jay__mhpmcounter.sv, /home/seankent/bluejay/ip/jay/src/gen/jay__decoder.sv, /home/seankent/bluejay/ip/jay/src/gen/jay__mvendorid.sv, /home/seankent/bluejay/ip/jay/src/gen/jay__register_file.sv, /home/seankent/bluejay/ip/jay/src/gen/jay__mscratch.sv, /home/seankent/bluejay/ip/jay/src/gen/jay__mie.sv, /home/seankent/bluejay/ip/jay/src/gen/jay__mtvec.sv, /home/seankent/bluejay/ip/jay/src/gen/jay__mcycle.sv
    wildcards: ip=jay, dut=jay, run=run__0
    resources: tmpdir=/tmp

[Sat Aug 12 21:03:24 2023]
Error in rule 4:
    jobid: 1
    input: /home/seankent/bluejay/ip/jay/src/gen/jay__arithmetic_logic_unit.sv, /home/seankent/bluejay/ip/jay/src/gen/jay__mepc.sv, /home/seankent/bluejay/ip/jay/src/gen/jay__mtval.sv, /home/seankent/bluejay/ip/jay/src/gen/jay__mip.sv, /home/seankent/bluejay/ip/lib/src/gen/d_flip_flop.sv, /home/seankent/bluejay/ip/jay/src/gen/jay__mhpmevent.sv, /home/seankent/bluejay/ip/jay/src/gen/jay__comparator.sv, /home/seankent/bluejay/ip/jay/src/gen/jay__mimpid.sv, /home/seankent/bluejay/ip/jay/src/gen/jay__mideleg.sv, /home/seankent/bluejay/ip/jay/src/gen/jay__mstatus.sv, /home/seankent/bluejay/ip/jay/src/gen/jay__medeleg.sv, /home/seankent/bluejay/ip/jay/src/gen/jay.sv, /home/seankent/bluejay/ip/jay/src/gen/jay__marchid.sv, /home/seankent/bluejay/ip/jay/src/gen/jay__control_and_status_registers.sv, /home/seankent/bluejay/ip/jay/src/gen/jay__misa.sv, /home/seankent/bluejay/ip/jay/src/gen/jay__mcycle.sv, /home/seankent/bluejay/ip/jay/src/gen/jay__mcause.sv, /home/seankent/bluejay/ip/jay/src/gen/jay__mhpmcounter.sv, /home/seankent/bluejay/ip/jay/src/gen/jay__decoder.sv, /home/seankent/bluejay/ip/jay/src/gen/jay__mvendorid.sv, /home/seankent/bluejay/ip/jay/src/gen/jay__register_file.sv, /home/seankent/bluejay/ip/jay/src/gen/jay__mscratch.sv, /home/seankent/bluejay/ip/jay/src/gen/jay__mie.sv, /home/seankent/bluejay/ip/jay/src/gen/jay__mtvec.sv, /home/seankent/bluejay/ip/jay/src/gen/jay__mhartid.sv, /home/seankent/bluejay/ip/jay/sim/jay/tb/gen/memory.sv, /home/seankent/bluejay/ip/jay/sim/jay/tb/gen/tb.sv
    output: ip/jay/sim/jay/gen/run__0/xvlog.done
    shell:
        
        mkdir -p ip/jay/sim/jay/gen/run__0
        cd ip/jay/sim/jay/gen/run__0 ; xvlog --sv --incr /home/seankent/bluejay/ip/jay/src/gen/jay__arithmetic_logic_unit.sv /home/seankent/bluejay/ip/jay/src/gen/jay__mepc.sv /home/seankent/bluejay/ip/jay/src/gen/jay__mtval.sv /home/seankent/bluejay/ip/jay/src/gen/jay__mip.sv /home/seankent/bluejay/ip/lib/src/gen/d_flip_flop.sv /home/seankent/bluejay/ip/jay/src/gen/jay__mhpmevent.sv /home/seankent/bluejay/ip/jay/src/gen/jay__comparator.sv /home/seankent/bluejay/ip/jay/src/gen/jay__mimpid.sv /home/seankent/bluejay/ip/jay/src/gen/jay__mideleg.sv /home/seankent/bluejay/ip/jay/src/gen/jay__mstatus.sv /home/seankent/bluejay/ip/jay/src/gen/jay__medeleg.sv /home/seankent/bluejay/ip/jay/src/gen/jay.sv /home/seankent/bluejay/ip/jay/src/gen/jay__marchid.sv /home/seankent/bluejay/ip/jay/src/gen/jay__control_and_status_registers.sv /home/seankent/bluejay/ip/jay/src/gen/jay__misa.sv /home/seankent/bluejay/ip/jay/src/gen/jay__mcycle.sv /home/seankent/bluejay/ip/jay/src/gen/jay__mcause.sv /home/seankent/bluejay/ip/jay/src/gen/jay__mhpmcounter.sv /home/seankent/bluejay/ip/jay/src/gen/jay__decoder.sv /home/seankent/bluejay/ip/jay/src/gen/jay__mvendorid.sv /home/seankent/bluejay/ip/jay/src/gen/jay__register_file.sv /home/seankent/bluejay/ip/jay/src/gen/jay__mscratch.sv /home/seankent/bluejay/ip/jay/src/gen/jay__mie.sv /home/seankent/bluejay/ip/jay/src/gen/jay__mtvec.sv /home/seankent/bluejay/ip/jay/src/gen/jay__mhartid.sv /home/seankent/bluejay/ip/jay/sim/jay/tb/gen/memory.sv /home/seankent/bluejay/ip/jay/sim/jay/tb/gen/tb.sv
        
        (one of the commands exited with non-zero exit code; note that snakemake uses bash strict mode!)

Shutting down, this might take some time.
Exiting because a job execution failed. Look above for error message
Complete log: .snakemake/log/2023-08-12T210317.294020.snakemake.log
