Building DAG of jobs...
Using shell: /usr/bin/bash
Provided cores: 1 (use --cores to define parallelism)
Rules claiming more threads will be scaled down.
Job stats:
job             count
------------  -------
sim__diff           1
sim__rtl_sim        1
sim__wdb            1
total               3

Select jobs to execute...

[Tue Aug  8 04:37:15 2023]
rule sim__wdb:
    input: /home/seankent/bluejay/ip/jay/sim/gen/sim__xyz/ADD-01/snapshot
    output: /home/seankent/bluejay/ip/jay/sim/gen/sim__xyz/ADD-01/snapshot.wdb
    jobid: 2
    reason: Missing output files: /home/seankent/bluejay/ip/jay/sim/gen/sim__xyz/ADD-01/snapshot.wdb; Updated input files: /home/seankent/bluejay/ip/jay/sim/gen/sim__xyz/ADD-01/snapshot
    wildcards: ip=jay, gen=gen, sim=sim__xyz, test=ADD-01
    resources: tmpdir=/tmp

[Tue Aug  8 04:37:15 2023]
Finished job 2.
1 of 3 steps (33%) done
Select jobs to execute...

[Tue Aug  8 04:37:15 2023]
rule sim__rtl_sim:
    input: /home/seankent/bluejay/ip/jay/sim/gen/sim__xyz/ADD-01/snapshot.wdb
    output: /home/seankent/bluejay/ip/jay/sim/gen/sim__xyz/ADD-01/sim.timestamp
    jobid: 1
    reason: Missing output files: /home/seankent/bluejay/ip/jay/sim/gen/sim__xyz/ADD-01/sim.timestamp; Input files updated by another job: /home/seankent/bluejay/ip/jay/sim/gen/sim__xyz/ADD-01/snapshot.wdb
    wildcards: ip=jay, gen=gen, sim=sim__xyz, test=ADD-01
    resources: tmpdir=/tmp

[Tue Aug  8 04:37:15 2023]
Finished job 1.
2 of 3 steps (67%) done
Select jobs to execute...

[Tue Aug  8 04:37:15 2023]
rule sim__diff:
    input: /home/seankent/bluejay/ip/jay/sim/gen/sim__xyz/ADD-01/sim.timestamp, /home/seankent/bluejay/ip/jay/sim/gen/sim__xyz/ADD-01/ref.timestamp
    output: /home/seankent/bluejay/ip/jay/sim/gen/sim__xyz/ADD-01/diff.timestamp
    jobid: 0
    reason: Input files updated by another job: /home/seankent/bluejay/ip/jay/sim/gen/sim__xyz/ADD-01/sim.timestamp
    resources: tmpdir=/tmp

[Tue Aug  8 04:37:15 2023]
Finished job 0.
3 of 3 steps (100%) done
Complete log: .snakemake/log/2023-08-08T043715.729042.snakemake.log
