Building DAG of jobs...
Using shell: /usr/bin/bash
Provided cores: 1 (use --cores to define parallelism)
Rules claiming more threads will be scaled down.
Job stats:
job          count
---------  -------
sim__diff        1
total            1

Select jobs to execute...

[Tue Aug  8 04:24:10 2023]
rule sim__diff:
    input: /home/seankent/bluejay/ip/jay/sim/gen/sim__xyz/ADD-01/sim.timestamp, /home/seankent/bluejay/ip/jay/sim/gen/sim__xyz/ADD-01/ref.timestamp
    output: /home/seankent/bluejay/ip/jay/sim/gen/sim__xyz/ADD-01/diff.timestamp
    jobid: 0
    reason: Missing output files: /home/seankent/bluejay/ip/jay/sim/gen/sim__xyz/ADD-01/diff.timestamp
    resources: tmpdir=/tmp

[Tue Aug  8 04:24:10 2023]
Finished job 0.
1 of 1 steps (100%) done
Complete log: .snakemake/log/2023-08-08T042410.317670.snakemake.log
