Building DAG of jobs...
Using shell: /bin/bash
Provided cores: 1 (use --cores to define parallelism)
Rules claiming more threads will be scaled down.
Job stats:
job                          count
-------------------------  -------
bluejay_to_system_verilog        3
sim                              1
total                            4

Select jobs to execute...

[Sun Aug  6 17:16:51 2023]
rule bluejay_to_system_verilog:
    input: /Users/seankent/Documents/bluejay/ip/jay/src/jay__decoder.b, /Users/seankent/Documents/bluejay/defs/gen/defs.py
    output: /Users/seankent/Documents/bluejay/ip/jay/src/gen/jay__decoder.sv
    jobid: 1
    reason: Missing output files: /Users/seankent/Documents/bluejay/ip/jay/src/gen/jay__decoder.sv
    wildcards: dir=/Users/seankent/Documents/bluejay/ip/jay/src, gen=gen, module=jay__decoder
    resources: tmpdir=/var/folders/60/y598ns5n3cqfww8y3ty2f3kr0000gn/T

[Sun Aug  6 17:16:53 2023]
Finished job 1.
1 of 4 steps (25%) done
Select jobs to execute...

[Sun Aug  6 17:16:53 2023]
rule bluejay_to_system_verilog:
    input: /Users/seankent/Documents/bluejay/ip/jay/src/jay__register_file.b, /Users/seankent/Documents/bluejay/defs/gen/defs.py
    output: /Users/seankent/Documents/bluejay/ip/jay/src/gen/jay__register_file.sv
    jobid: 3
    reason: Missing output files: /Users/seankent/Documents/bluejay/ip/jay/src/gen/jay__register_file.sv
    wildcards: dir=/Users/seankent/Documents/bluejay/ip/jay/src, gen=gen, module=jay__register_file
    resources: tmpdir=/var/folders/60/y598ns5n3cqfww8y3ty2f3kr0000gn/T

[Sun Aug  6 17:16:54 2023]
Finished job 3.
2 of 4 steps (50%) done
Select jobs to execute...

[Sun Aug  6 17:16:54 2023]
rule bluejay_to_system_verilog:
    input: /Users/seankent/Documents/bluejay/ip/lib/src/d_flip_flop.b, /Users/seankent/Documents/bluejay/defs/gen/defs.py
    output: /Users/seankent/Documents/bluejay/ip/lib/src/gen/d_flip_flop.sv
    jobid: 2
    reason: Updated input files: /Users/seankent/Documents/bluejay/defs/gen/defs.py
    wildcards: dir=/Users/seankent/Documents/bluejay/ip/lib/src, gen=gen, module=d_flip_flop
    resources: tmpdir=/var/folders/60/y598ns5n3cqfww8y3ty2f3kr0000gn/T

[Sun Aug  6 17:16:54 2023]
Finished job 2.
3 of 4 steps (75%) done
Select jobs to execute...

[Sun Aug  6 17:16:54 2023]
rule sim:
    input: /Users/seankent/Documents/bluejay/ip/jay/src/gen/jay__decoder.sv, /Users/seankent/Documents/bluejay/ip/lib/src/gen/d_flip_flop.sv, /Users/seankent/Documents/bluejay/ip/jay/src/gen/jay__register_file.sv
    output: sim_jay_0.txt
    jobid: 0
    reason: Input files updated by another job: /Users/seankent/Documents/bluejay/ip/jay/src/gen/jay__register_file.sv, /Users/seankent/Documents/bluejay/ip/jay/src/gen/jay__decoder.sv, /Users/seankent/Documents/bluejay/ip/lib/src/gen/d_flip_flop.sv
    wildcards: mod=jay, suffix=0
    resources: tmpdir=/var/folders/60/y598ns5n3cqfww8y3ty2f3kr0000gn/T

[Sun Aug  6 17:16:54 2023]
Finished job 0.
4 of 4 steps (100%) done
Complete log: .snakemake/log/2023-08-06T171651.746663.snakemake.log
