Building DAG of jobs...
Using shell: /usr/bin/bash
Provided cores: 1 (use --cores to define parallelism)
Rules claiming more threads will be scaled down.
Job stats:
job       count
------  -------
diff          1
ref_ts        1
xelab         1
xsim          1
total         4

Select jobs to execute...

[Wed Aug  9 18:03:23 2023]
rule xelab:
    input: /home/seankent/bluejay/ip/jay/sim/gen/sim__a/xvlog.ts
    output: /home/seankent/bluejay/ip/jay/sim/gen/sim__a/xelab.ts
    jobid: 3
    reason: Missing output files: /home/seankent/bluejay/ip/jay/sim/gen/sim__a/xelab.ts
    wildcards: ip_name=jay, sim_name=sim__a
    resources: tmpdir=/tmp

[Wed Aug  9 18:03:23 2023]
Finished job 3.
1 of 4 steps (25%) done
Select jobs to execute...

[Wed Aug  9 18:03:23 2023]
rule xsim:
    input: /home/seankent/bluejay/ip/jay/sim/gen/sim__a/xelab.ts
    output: /home/seankent/bluejay/ip/jay/sim/gen/sim__a/test__0/sim.ts
    jobid: 2
    reason: Missing output files: /home/seankent/bluejay/ip/jay/sim/gen/sim__a/test__0/sim.ts; Input files updated by another job: /home/seankent/bluejay/ip/jay/sim/gen/sim__a/xelab.ts
    wildcards: ip_name=jay, sim_name=sim__a, test_name=test__0
    resources: tmpdir=/tmp

[Wed Aug  9 18:03:23 2023]
Finished job 2.
2 of 4 steps (50%) done
Select jobs to execute...

[Wed Aug  9 18:03:23 2023]
rule ref_ts:
    output: /home/seankent/bluejay/ip/jay/sim/gen/sim__a/test__0/ref.ts
    jobid: 1
    reason: Missing output files: /home/seankent/bluejay/ip/jay/sim/gen/sim__a/test__0/ref.ts
    wildcards: ip_name=jay, sim_name=sim__a, test_name=test__0
    resources: tmpdir=/tmp

[Wed Aug  9 18:03:23 2023]
Finished job 1.
3 of 4 steps (75%) done
Select jobs to execute...

[Wed Aug  9 18:03:23 2023]
rule diff:
    input: /home/seankent/bluejay/ip/jay/sim/gen/sim__a/test__0/ref.ts, /home/seankent/bluejay/ip/jay/sim/gen/sim__a/test__0/sim.ts
    output: /home/seankent/bluejay/ip/jay/sim/gen/sim__a/test__0/diff.ts
    jobid: 0
    reason: Missing output files: /home/seankent/bluejay/ip/jay/sim/gen/sim__a/test__0/diff.ts; Input files updated by another job: /home/seankent/bluejay/ip/jay/sim/gen/sim__a/test__0/ref.ts, /home/seankent/bluejay/ip/jay/sim/gen/sim__a/test__0/sim.ts
    wildcards: ip_name=jay, sim_name=sim__a, test_name=test__0
    resources: tmpdir=/tmp

[Wed Aug  9 18:03:23 2023]
Finished job 0.
4 of 4 steps (100%) done
Complete log: .snakemake/log/2023-08-09T180323.909549.snakemake.log
