Building DAG of jobs...
Using shell: /usr/bin/bash
Provided cores: 1 (use --cores to define parallelism)
Rules claiming more threads will be scaled down.
Job stats:
job      count
-----  -------
4            1
total        1

Select jobs to execute...

[Sat Aug 12 19:51:13 2023]
rule 4:
    input: ip/jay/src/gen/jay.sv
    output: ip/jay/sim/jay/gen/run__0/xvlog.done
    jobid: 0
    reason: Missing output files: ip/jay/sim/jay/gen/run__0/xvlog.done
    wildcards: ip=jay, dut=jay, run=run__0
    resources: tmpdir=/tmp

RuleException in rule 4 in file /home/seankent/bluejay/Snakefile, line 22:
NameError: The name 'ip' is unknown in this context. Did you mean 'wildcards.ip'?, when formatting the following:

        mkdir -p ip/{ip}/sim/{dut}/gen/{run}"
        cd ip/{wildcards.ip}/sim/{wildcards.dut}/gen/{wildcards.run} ; xvlog {params.xvlog_opts} {input.system_verilog_files}
        
