Building DAG of jobs...
Using shell: /bin/bash
Provided cores: 1 (use --cores to define parallelism)
Rules claiming more threads will be scaled down.
Job stats:
job                          count
-------------------------  -------
bluejay_to_system_verilog        1
jay_src                          1
total                            2

Select jobs to execute...

[Sun Aug  6 12:02:06 2023]
rule bluejay_to_system_verilog:
    input: ip/jay/src/jay__arithmetic_logic_unit.b, /Users/seankent/Documents/bluejay/defs/gen/defs.py
    output: ip/jay/src/gen/jay__arithmetic_logic_unit.sv
    jobid: 2
    reason: Missing output files: ip/jay/src/gen/jay__arithmetic_logic_unit.sv
    wildcards: path=ip/jay/src, gen=gen, filename=jay__arithmetic_logic_unit
    resources: tmpdir=/var/folders/60/y598ns5n3cqfww8y3ty2f3kr0000gn/T

[Sun Aug  6 12:02:07 2023]
Finished job 2.
1 of 2 steps (50%) done
Select jobs to execute...

[Sun Aug  6 12:02:07 2023]
localrule jay_src:
    input: ip/jay/src/gen/jay.sv, ip/jay/src/gen/jay__arithmetic_logic_unit.sv
    jobid: 0
    reason: Input files updated by another job: ip/jay/src/gen/jay__arithmetic_logic_unit.sv
    resources: tmpdir=/var/folders/60/y598ns5n3cqfww8y3ty2f3kr0000gn/T

[Sun Aug  6 12:02:07 2023]
Finished job 0.
2 of 2 steps (100%) done
Complete log: .snakemake/log/2023-08-06T120206.137777.snakemake.log
