Building DAG of jobs...
Using shell: /usr/bin/bash
Provided cores: 1 (use --cores to define parallelism)
Rules claiming more threads will be scaled down.
Job stats:
job      count
-----  -------
5            1
total        1

Select jobs to execute...

[Sat Aug 12 20:58:20 2023]
rule 5:
    input: ip/jay/sim/jay/gen/run__0/xvlog.done
    output: ip/jay/sim/jay/gen/run__0/snapshot
    jobid: 0
    reason: Forced execution
    wildcards: ip=jay, dut=jay, run=run__0
    resources: tmpdir=/tmp

[Sat Aug 12 20:58:21 2023]
Error in rule 5:
    jobid: 0
    input: ip/jay/sim/jay/gen/run__0/xvlog.done
    output: ip/jay/sim/jay/gen/run__0/snapshot
    shell:
        
        cd ip/jay/sim/jay/gen/run__0 ; xelab  -top tb -snapshot ip/jay/sim/jay/gen/run__0/snapshot
        
        (one of the commands exited with non-zero exit code; note that snakemake uses bash strict mode!)

Shutting down, this might take some time.
Exiting because a job execution failed. Look above for error message
Complete log: .snakemake/log/2023-08-12T205820.528614.snakemake.log
