Building DAG of jobs...
Using shell: /usr/bin/bash
Provided cores: 1 (use --cores to define parallelism)
Rules claiming more threads will be scaled down.
Job stats:
job      count
-----  -------
1            1
2            1
total        2

Select jobs to execute...

[Sat Aug 12 19:48:57 2023]
rule 2:
    input: ip/jay/src/jay.b, defs/gen/defs.py
    output: ip/jay/src/gen/jay.sv
    jobid: 1
    reason: Code has changed since last execution
    wildcards: dir=ip/jay/src, module=jay
    resources: tmpdir=/tmp

[Sat Aug 12 19:49:01 2023]
Finished job 1.
1 of 2 steps (50%) done
Select jobs to execute...

[Sat Aug 12 19:49:01 2023]
localrule 1:
    input: ip/jay/src/gen/jay.sv
    jobid: 0
    reason: Input files updated by another job: ip/jay/src/gen/jay.sv
    resources: tmpdir=/tmp

[Sat Aug 12 19:49:01 2023]
Finished job 0.
2 of 2 steps (100%) done
Complete log: .snakemake/log/2023-08-12T194857.910206.snakemake.log
