Building DAG of jobs...
Using shell: /usr/bin/bash
Provided cores: 1 (use --cores to define parallelism)
Rules claiming more threads will be scaled down.
Job stats:
job      count
-----  -------
diff         1
total        1

Select jobs to execute...

[Wed Aug  9 18:03:54 2023]
rule diff:
    input: /home/seankent/bluejay/ip/jay/sim/gen/sim__a/test__0/ref.ts, /home/seankent/bluejay/ip/jay/sim/gen/sim__a/test__0/sim.ts
    output: /home/seankent/bluejay/ip/jay/sim/gen/sim__a/test__0/diff.ts
    jobid: 0
    reason: Code has changed since last execution
    wildcards: ip_name=jay, sim_name=sim__a, test_name=test__0
    resources: tmpdir=/tmp

[Wed Aug  9 18:03:54 2023]
Finished job 0.
1 of 1 steps (100%) done
Complete log: .snakemake/log/2023-08-09T180354.063294.snakemake.log
