Building DAG of jobs...
Using shell: /usr/bin/bash
Provided cores: 1 (use --cores to define parallelism)
Rules claiming more threads will be scaled down.
Job stats:
job      count
-----  -------
10           1
total        1

Select jobs to execute...

[Sat Aug 12 22:01:47 2023]
rule 10:
    input: ip/jay/sim/jay/tests/ADD-01/gen/ADD-01.elf
    output: ip/jay/sim/jay/tests/ADD-01/gen/signature
    jobid: 0
    reason: Missing output files: ip/jay/sim/jay/tests/ADD-01/gen/signature
    wildcards: test=ADD-01
    resources: tmpdir=/tmp

[Sat Aug 12 22:01:47 2023]
Error in rule 10:
    jobid: 0
    input: ip/jay/sim/jay/tests/ADD-01/gen/ADD-01.elf
    output: ip/jay/sim/jay/tests/ADD-01/gen/signature
    shell:
        
        imperas/imperas-riscv-tests/riscv-ovpsim-plus/bin/Linux64/riscvOVPsimPlus.exe  --variant RV64I --override riscvOVPsim/cpu/tval_ii_code=F --program ip/jay/sim/jay/tests/ADD-01/gen/ADD-01.elf --signaturedump --customcontrol  --override riscvOVPsim/cpu/sigdump/SignatureFile=ip/jay/sim/jay/tests/ADD-01/gen/signature --override riscvOVPsim/cpu/sigdump/SignatureGranularity=4 --override riscvOVPsim/cpu/simulateexceptions=T --override riscvOVPsim/cpu/defaultsemihost=F --logfile ip/jay/sim/jay/tests/ADD-01/gen/ADD-01.log --override riscvOVPsim/cpu/user_version=2.3 >/dev/null
        
        (one of the commands exited with non-zero exit code; note that snakemake uses bash strict mode!)

Shutting down, this might take some time.
Exiting because a job execution failed. Look above for error message
Complete log: .snakemake/log/2023-08-12T220147.633166.snakemake.log
