Building DAG of jobs...
Using shell: /usr/bin/bash
Provided cores: 1 (use --cores to define parallelism)
Rules claiming more threads will be scaled down.
Job stats:
job      count
-----  -------
2            1
4            1
5            1
total        3

Select jobs to execute...

[Sat Aug 12 20:50:18 2023]
rule 2:
    input: /home/seankent/bluejay/ip/jay/sim/jay/tb/memory.b, defs/gen/defs.py
    output: /home/seankent/bluejay/ip/jay/sim/jay/tb/gen/memory.sv
    jobid: 7
    reason: Updated input files: /home/seankent/bluejay/ip/jay/sim/jay/tb/memory.b
    wildcards: dir=/home/seankent/bluejay/ip/jay/sim/jay/tb, module=memory
    resources: tmpdir=/tmp

[Sat Aug 12 20:50:18 2023]
Finished job 7.
1 of 3 steps (33%) done
Select jobs to execute...

[Sat Aug 12 20:50:18 2023]
rule 4:
    input: /home/seankent/bluejay/ip/lib/src/gen/d_flip_flop.sv, /home/seankent/bluejay/ip/jay/src/gen/jay__decoder.sv, /home/seankent/bluejay/ip/jay/src/gen/jay.sv, /home/seankent/bluejay/ip/jay/sim/jay/tb/gen/tb.sv, /home/seankent/bluejay/ip/jay/sim/jay/tb/gen/memory.sv
    output: ip/jay/sim/jay/gen/run__0/xvlog.done
    jobid: 1
    reason: Missing output files: ip/jay/sim/jay/gen/run__0/xvlog.done; Input files updated by another job: /home/seankent/bluejay/ip/jay/sim/jay/tb/gen/memory.sv
    wildcards: ip=jay, dut=jay, run=run__0
    resources: tmpdir=/tmp

Touching output file ip/jay/sim/jay/gen/run__0/xvlog.done.
[Sat Aug 12 20:50:19 2023]
Finished job 1.
2 of 3 steps (67%) done
Select jobs to execute...

[Sat Aug 12 20:50:19 2023]
rule 5:
    input: ip/jay/sim/jay/gen/run__0/xvlog.done
    output: ip/jay/sim/jay/gen/run__0/snapshot
    jobid: 0
    reason: Input files updated by another job: ip/jay/sim/jay/gen/run__0/xvlog.done
    wildcards: ip=jay, dut=jay, run=run__0
    resources: tmpdir=/tmp

[Sat Aug 12 20:50:20 2023]
Error in rule 5:
    jobid: 0
    input: ip/jay/sim/jay/gen/run__0/xvlog.done
    output: ip/jay/sim/jay/gen/run__0/snapshot
    shell:
        
        cd ip/jay/sim/jay/gen/run__0 ; xelab  -top tb -snapshot ip/jay/sim/jay/gen/run__0/snapshot
        
        (one of the commands exited with non-zero exit code; note that snakemake uses bash strict mode!)

Shutting down, this might take some time.
Exiting because a job execution failed. Look above for error message
Complete log: .snakemake/log/2023-08-12T205018.442384.snakemake.log
