Building DAG of jobs...
Using shell: /bin/bash
Provided cores: 1 (use --cores to define parallelism)
Rules claiming more threads will be scaled down.
Job stats:
job                          count
-------------------------  -------
all                              1
bluejay_to_system_verilog        1
total                            2

Select jobs to execute...

[Sun Aug  6 11:51:10 2023]
rule bluejay_to_system_verilog:
    input: /Users/seankent/Documents/bluejay/ip/jay/src/jay.b, /Users/seankent/Documents/bluejay/defs/gen/defs.py
    output: /Users/seankent/Documents/bluejay/ip/jay/src/gen/jay.sv
    jobid: 1
    reason: Missing output files: /Users/seankent/Documents/bluejay/ip/jay/src/gen/jay.sv
    wildcards: path=/Users/seankent/Documents/bluejay/ip/jay/src, gen=gen, filename=jay
    resources: tmpdir=/var/folders/60/y598ns5n3cqfww8y3ty2f3kr0000gn/T

[Sun Aug  6 11:51:17 2023]
Finished job 1.
1 of 2 steps (50%) done
Select jobs to execute...

[Sun Aug  6 11:51:17 2023]
localrule all:
    input: /Users/seankent/Documents/bluejay/ip/jay/src/gen/jay.sv
    jobid: 0
    reason: Input files updated by another job: /Users/seankent/Documents/bluejay/ip/jay/src/gen/jay.sv
    resources: tmpdir=/var/folders/60/y598ns5n3cqfww8y3ty2f3kr0000gn/T

[Sun Aug  6 11:51:17 2023]
Finished job 0.
2 of 2 steps (100%) done
Complete log: .snakemake/log/2023-08-06T115110.588205.snakemake.log
