Building DAG of jobs...
Using shell: /usr/bin/bash
Provided cores: 1 (use --cores to define parallelism)
Rules claiming more threads will be scaled down.
Job stats:
job                          count
-------------------------  -------
bluejay_to_system_verilog        1
xelab                            1
xsim                             1
xvlog                            1
total                            4

Select jobs to execute...

[Thu Aug 10 00:05:44 2023]
rule bluejay_to_system_verilog:
    input: /home/seankent/bluejay/ip/jay/src/jay.b, /home/seankent/bluejay/defs/gen/defs.py
    output: /home/seankent/bluejay/ip/jay/src/gen/jay.sv
    jobid: 4
    reason: Missing output files: /home/seankent/bluejay/ip/jay/src/gen/jay.sv
    wildcards: dir=/home/seankent/bluejay/ip/jay/src, gen=gen, module=jay
    resources: tmpdir=/tmp

[Thu Aug 10 00:05:47 2023]
Finished job 4.
1 of 4 steps (25%) done
Select jobs to execute...

[Thu Aug 10 00:05:47 2023]
rule xvlog:
    input: /home/seankent/bluejay/ip/jay/src/gen/jay__decoder.sv, /home/seankent/bluejay/ip/jay/src/gen/jay.sv, /home/seankent/bluejay/ip/lib/src/gen/d_flip_flop.sv
    output: /home/seankent/bluejay/ip/jay/sim/jay/gen/run__0123/xvlog.ts
    jobid: 2
    reason: Missing output files: /home/seankent/bluejay/ip/jay/sim/jay/gen/run__0123/xvlog.ts; Input files updated by another job: /home/seankent/bluejay/ip/jay/src/gen/jay.sv; Set of input files has changed since last execution
    wildcards: top=/home/seankent/bluejay, ip=jay, dut=jay, run=run__0123
    resources: tmpdir=/tmp

RuleException in rule xvlog in file /home/seankent/bluejay/Snakefile, line 30:
AttributeError: 'InputFiles' object has no attribute 'sv', when formatting the following:

        mkdir -p {wildcards.top}/ip/{wildcards.ip}/sim/{wildcards.dut}/gen/{wildcards.run}
        cp {input.sv} {output.xvlog_ts}
        
