Building DAG of jobs...
Using shell: /usr/bin/bash
Provided cores: 1 (use --cores to define parallelism)
Rules claiming more threads will be scaled down.
Job stats:
job      count
-----  -------
10           1
total        1

Select jobs to execute...

[Sat Aug 12 22:01:24 2023]
rule 10:
    input: ip/jay/sim/jay/tests/ADD-01/gen/ADD-01.elf
    output: ip/jay/sim/jay/tests/ADD-01/gen/signature
    jobid: 0
    reason: Missing output files: ip/jay/sim/jay/tests/ADD-01/gen/signature
    wildcards: test=ADD-01
    resources: tmpdir=/tmp

RuleException in rule 10 in file /home/seankent/bluejay/Snakefile, line 101:
AttributeError: 'InputFiles' object has no attribute 'elf', when formatting the following:

        {params.target_sim} {params.target_flags} --variant RV64I --override riscvOVPsim/cpu/tval_ii_code=F --program {input.elf} --signaturedump --customcontrol {params.coverenable} --override riscvOVPsim/cpu/sigdump/SignatureFile={output.signature} --override riscvOVPsim/cpu/sigdump/SignatureGranularity=4 --override riscvOVPsim/cpu/simulateexceptions=T --override riscvOVPsim/cpu/defaultsemihost=F --logfile {params.log} --override riscvOVPsim/cpu/user_version=2.3 {params.redir}
        
