Building DAG of jobs...
Using shell: /usr/bin/bash
Provided cores: 1 (use --cores to define parallelism)
Rules claiming more threads will be scaled down.
Job stats:
job      count
-----  -------
1            1
2            1
3            1
total        3

Select jobs to execute...

[Sat Aug 12 19:26:15 2023]
rule 3:
    input: defs/defs.py
    output: defs/gen/defs.py
    jobid: 2
    reason: Updated input files: defs/defs.py
    resources: tmpdir=/tmp

[Sat Aug 12 19:26:15 2023]
Finished job 2.
1 of 3 steps (33%) done
Select jobs to execute...

[Sat Aug 12 19:26:15 2023]
rule 2:
    input: ip/jay/src/jay.b, defs/gen/defs.py
    output: ip/jay/src/gen/jay.sv
    jobid: 1
    reason: Input files updated by another job: defs/gen/defs.py
    wildcards: dir=ip/jay/src, module=jay
    resources: tmpdir=/tmp

[Sat Aug 12 19:26:19 2023]
Finished job 1.
2 of 3 steps (67%) done
Select jobs to execute...

[Sat Aug 12 19:26:19 2023]
localrule 1:
    input: ip/jay/src/gen/jay.sv
    jobid: 0
    reason: Input files updated by another job: ip/jay/src/gen/jay.sv
    resources: tmpdir=/tmp

[Sat Aug 12 19:26:19 2023]
Finished job 0.
3 of 3 steps (100%) done
Complete log: .snakemake/log/2023-08-12T192615.609371.snakemake.log
