Building DAG of jobs...
Using shell: /usr/bin/bash
Provided cores: 1 (use --cores to define parallelism)
Rules claiming more threads will be scaled down.
Job stats:
job      count
-----  -------
2            1
4            1
5            1
total        3

Select jobs to execute...

[Sat Aug 12 21:10:52 2023]
rule 2:
    input: /home/seankent/bluejay/ip/jay/src/jay__control_and_status_registers.b, defs/gen/defs.py
    output: /home/seankent/bluejay/ip/jay/src/gen/jay__control_and_status_registers.sv
    jobid: 20
    reason: Updated input files: /home/seankent/bluejay/ip/jay/src/jay__control_and_status_registers.b
    wildcards: dir=/home/seankent/bluejay/ip/jay/src, module=jay__control_and_status_registers
    resources: tmpdir=/tmp

[Sat Aug 12 21:10:53 2023]
Finished job 20.
1 of 3 steps (33%) done
Select jobs to execute...

[Sat Aug 12 21:10:53 2023]
rule 4:
    input: /home/seankent/bluejay/ip/jay/src/gen/jay__mtval.sv, /home/seankent/bluejay/ip/jay/src/gen/jay__mideleg.sv, /home/seankent/bluejay/ip/jay/src/gen/jay__comparator.sv, /home/seankent/bluejay/ip/jay/src/gen/jay__marchid.sv, /home/seankent/bluejay/ip/jay/src/gen/jay__misa.sv, /home/seankent/bluejay/ip/jay/src/gen/jay__mip.sv, /home/seankent/bluejay/ip/jay/src/gen/jay__mscratch.sv, /home/seankent/bluejay/ip/jay/src/gen/jay__mcause.sv, /home/seankent/bluejay/ip/jay/src/gen/jay__mie.sv, /home/seankent/bluejay/ip/jay/src/gen/jay__mstatus.sv, /home/seankent/bluejay/ip/jay/src/gen/jay__mcycle.sv, /home/seankent/bluejay/ip/jay/src/gen/jay__mhpmevent.sv, /home/seankent/bluejay/ip/jay/src/gen/jay__mvendorid.sv, /home/seankent/bluejay/ip/jay/src/gen/jay__mhartid.sv, /home/seankent/bluejay/ip/jay/src/gen/jay.sv, /home/seankent/bluejay/ip/lib/src/gen/d_flip_flop.sv, /home/seankent/bluejay/ip/jay/src/gen/jay__decoder.sv, /home/seankent/bluejay/ip/jay/src/gen/jay__control_and_status_registers.sv, /home/seankent/bluejay/ip/jay/src/gen/jay__arithmetic_logic_unit.sv, /home/seankent/bluejay/ip/jay/src/gen/jay__medeleg.sv, /home/seankent/bluejay/ip/jay/src/gen/jay__mtvec.sv, /home/seankent/bluejay/ip/jay/src/gen/jay__mepc.sv, /home/seankent/bluejay/ip/jay/src/gen/jay__mimpid.sv, /home/seankent/bluejay/ip/jay/src/gen/jay__mhpmcounter.sv, /home/seankent/bluejay/ip/jay/src/gen/jay__register_file.sv, /home/seankent/bluejay/ip/jay/sim/jay/tb/gen/tb.sv, /home/seankent/bluejay/ip/jay/sim/jay/tb/gen/memory.sv
    output: ip/jay/sim/jay/gen/run__0/xvlog.done
    jobid: 1
    reason: Input files updated by another job: /home/seankent/bluejay/ip/jay/src/gen/jay__control_and_status_registers.sv
    wildcards: ip=jay, dut=jay, run=run__0
    resources: tmpdir=/tmp

Touching output file ip/jay/sim/jay/gen/run__0/xvlog.done.
[Sat Aug 12 21:10:54 2023]
Finished job 1.
2 of 3 steps (67%) done
Select jobs to execute...

[Sat Aug 12 21:10:54 2023]
rule 5:
    input: ip/jay/sim/jay/gen/run__0/xvlog.done
    output: ip/jay/sim/jay/gen/run__0/snapshot
    jobid: 0
    reason: Input files updated by another job: ip/jay/sim/jay/gen/run__0/xvlog.done
    wildcards: ip=jay, dut=jay, run=run__0
    resources: tmpdir=/tmp

[Sat Aug 12 21:10:55 2023]
Error in rule 5:
    jobid: 0
    input: ip/jay/sim/jay/gen/run__0/xvlog.done
    output: ip/jay/sim/jay/gen/run__0/snapshot
    shell:
        
        cd ip/jay/sim/jay/gen/run__0 ; xelab  -top tb -snapshot ip/jay/sim/jay/gen/run__0/snapshot
        
        (one of the commands exited with non-zero exit code; note that snakemake uses bash strict mode!)

Shutting down, this might take some time.
Exiting because a job execution failed. Look above for error message
Complete log: .snakemake/log/2023-08-12T211052.650213.snakemake.log
