Building DAG of jobs...
Using shell: /usr/bin/bash
Provided cores: 1 (use --cores to define parallelism)
Rules claiming more threads will be scaled down.
Job stats:
job      count
-----  -------
5            1
total        1

Select jobs to execute...

[Sat Aug 12 21:17:55 2023]
rule 5:
    input: ip/jay/sim/jay/gen/run__0/xvlog.done
    output: ip/jay/sim/jay/gen/run__0/xelab.done
    jobid: 0
    reason: Missing output files: ip/jay/sim/jay/gen/run__0/xelab.done
    wildcards: ip=jay, dut=jay, run=run__0
    resources: tmpdir=/tmp

Touching output file ip/jay/sim/jay/gen/run__0/xelab.done.
[Sat Aug 12 21:17:58 2023]
Finished job 0.
1 of 1 steps (100%) done
Complete log: .snakemake/log/2023-08-12T211755.000535.snakemake.log
