Building DAG of jobs...
Using shell: /usr/bin/bash
Provided cores: 1 (use --cores to define parallelism)
Rules claiming more threads will be scaled down.
Job stats:
job      count
-----  -------
4            1
total        1

Select jobs to execute...

[Sat Aug 12 19:51:38 2023]
rule 4:
    input: ip/jay/src/gen/jay.sv
    output: ip/jay/sim/jay/gen/run__0/xvlog.done
    jobid: 0
    reason: Missing output files: ip/jay/sim/jay/gen/run__0/xvlog.done
    wildcards: ip=jay, dut=jay, run=run__0
    resources: tmpdir=/tmp

[Sat Aug 12 19:51:38 2023]
Error in rule 4:
    jobid: 0
    input: ip/jay/src/gen/jay.sv
    output: ip/jay/sim/jay/gen/run__0/xvlog.done
    shell:
        
        mkdir -p ip/jay/sim/jay/gen/run__0"
        cd ip/jay/sim/jay/gen/run__0 ; xvlog --sv --incr ip/jay/src/gen/jay.sv
        
        (one of the commands exited with non-zero exit code; note that snakemake uses bash strict mode!)

Shutting down, this might take some time.
Exiting because a job execution failed. Look above for error message
Complete log: .snakemake/log/2023-08-12T195138.469549.snakemake.log
