Building DAG of jobs...
Using shell: /usr/bin/bash
Provided cores: 1 (use --cores to define parallelism)
Rules claiming more threads will be scaled down.
Job stats:
job      count
-----  -------
5            1
total        1

Select jobs to execute...

[Sat Aug 12 20:38:01 2023]
rule 5:
    input: ip/jay/sim/jay/gen/run__0/xvlog.done
    output: ip/jay/sim/jay/gen/run__0/snapshot
    jobid: 0
    reason: Missing output files: ip/jay/sim/jay/gen/run__0/snapshot
    wildcards: ip=jay, dut=jay, run=run__0
    resources: tmpdir=/tmp

RuleException in rule 5 in file /home/seankent/bluejay/Snakefile, line 40:
AttributeError: 'InputFiles' object has no attribute 'snapshot', when formatting the following:

        cd ip/{wildcards.ip}/sim/{wildcards.dut}/gen/{wildcards.run} ; xelab {params.xelab_opts} -top {params.tb_top} -snapshot {input.snapshot}
        
