Building DAG of jobs...
Using shell: /usr/bin/bash
Provided cores: 1 (use --cores to define parallelism)
Rules claiming more threads will be scaled down.
Job stats:
job      count
-----  -------
8            1
total        1

Select jobs to execute...

[Sat Aug 12 21:46:15 2023]
rule 8:
    input: ip/jay/sim/jay/tests/ADD-01/gen/ADD-01.elf
    output: ip/jay/sim/jay/tests/ADD-01/gen/ADD-01.bin
    jobid: 0
    reason: Missing output files: ip/jay/sim/jay/tests/ADD-01/gen/ADD-01.bin
    wildcards: test=ADD-01
    resources: tmpdir=/tmp

[Sat Aug 12 21:46:15 2023]
Finished job 0.
1 of 1 steps (100%) done
Complete log: .snakemake/log/2023-08-12T214615.797028.snakemake.log
