Building DAG of jobs...
Using shell: /bin/bash
Provided cores: 1 (use --cores to define parallelism)
Rules claiming more threads will be scaled down.
Job stats:
job      count
-----  -------
all          1
total        1

Select jobs to execute...

[Sun Aug  6 10:59:46 2023]
rule all:
    input: /Users/seankent/Documents/bluejay/ip/jay/src/jay.b, /Users/seankent/Documents/bluejay/defs/gen/defs.py
    output: /Users/seankent/Documents/bluejay/ip/jay/src/gen/jay.sv
    jobid: 0
    reason: Missing output files: /Users/seankent/Documents/bluejay/ip/jay/src/gen/jay.sv
    resources: tmpdir=/var/folders/60/y598ns5n3cqfww8y3ty2f3kr0000gn/T

[Sun Aug  6 10:59:54 2023]
Finished job 0.
1 of 1 steps (100%) done
Complete log: .snakemake/log/2023-08-06T105946.125721.snakemake.log
