Building DAG of jobs...
Using shell: /usr/bin/bash
Provided cores: 1 (use --cores to define parallelism)
Rules claiming more threads will be scaled down.
Job stats:
job      count
-----  -------
2            2
4            1
total        3

Select jobs to execute...

[Sat Aug 12 20:18:51 2023]
rule 2:
    input: /home/seankent/bluejay/ip/jay/src/jay__decoder.b, defs/gen/defs.py
    output: /home/seankent/bluejay/ip/jay/src/gen/jay__decoder.sv
    jobid: 3
    reason: Missing output files: /home/seankent/bluejay/ip/jay/src/gen/jay__decoder.sv
    wildcards: dir=/home/seankent/bluejay/ip/jay/src, module=jay__decoder
    resources: tmpdir=/tmp

[Sat Aug 12 20:18:52 2023]
Finished job 3.
1 of 3 steps (33%) done
Select jobs to execute...

[Sat Aug 12 20:18:52 2023]
rule 2:
    input: /home/seankent/bluejay/ip/lib/src/d_flip_flop.b, defs/gen/defs.py
    output: /home/seankent/bluejay/ip/lib/src/gen/d_flip_flop.sv
    jobid: 1
    reason: Updated input files: defs/gen/defs.py
    wildcards: dir=/home/seankent/bluejay/ip/lib/src, module=d_flip_flop
    resources: tmpdir=/tmp

[Sat Aug 12 20:18:52 2023]
Finished job 1.
2 of 3 steps (67%) done
Select jobs to execute...

[Sat Aug 12 20:18:52 2023]
rule 4:
    input: /home/seankent/bluejay/ip/lib/src/gen/d_flip_flop.sv, /home/seankent/bluejay/ip/jay/src/gen/jay__decoder.sv, /home/seankent/bluejay/ip/jay/src/gen/jay.sv
    output: ip/jay/sim/jay/gen/run__0/xvlog.done
    jobid: 0
    reason: Input files updated by another job: /home/seankent/bluejay/ip/lib/src/gen/d_flip_flop.sv, /home/seankent/bluejay/ip/jay/src/gen/jay__decoder.sv
    wildcards: ip=jay, dut=jay, run=run__0
    resources: tmpdir=/tmp

Touching output file ip/jay/sim/jay/gen/run__0/xvlog.done.
[Sat Aug 12 20:18:53 2023]
Finished job 0.
3 of 3 steps (100%) done
Complete log: .snakemake/log/2023-08-12T201851.514251.snakemake.log
