INFO: [VRFC 10-2263] Analyzing SystemVerilog file "C:/Users/seanj/Documents/bluejay/vivado/bluejay/bluejay.srcs/sources_1/new/arithmetic_logic_unit.sv" into library xil_defaultlib
INFO: [VRFC 10-311] analyzing module arithmetic_logic_unit
INFO: [VRFC 10-2263] Analyzing SystemVerilog file "C:/Users/seanj/Documents/bluejay/vivado/bluejay/bluejay.srcs/sources_1/new/central_processing_unit.sv" into library xil_defaultlib
INFO: [VRFC 10-311] analyzing module central_processing_unit
WARNING: [VRFC 10-3248] data object 'IF__il1__rd_data' is already declared [C:/Users/seanj/Documents/bluejay/vivado/bluejay/bluejay.srcs/sources_1/new/central_processing_unit.sv:39]
WARNING: [VRFC 10-3703] second declaration of 'IF__il1__rd_data' ignored [C:/Users/seanj/Documents/bluejay/vivado/bluejay/bluejay.srcs/sources_1/new/central_processing_unit.sv:39]
WARNING: [VRFC 10-3248] data object 'MEM__mem_valid' is already declared [C:/Users/seanj/Documents/bluejay/vivado/bluejay/bluejay.srcs/sources_1/new/central_processing_unit.sv:103]
WARNING: [VRFC 10-3703] second declaration of 'MEM__mem_valid' ignored [C:/Users/seanj/Documents/bluejay/vivado/bluejay/bluejay.srcs/sources_1/new/central_processing_unit.sv:103]
WARNING: [VRFC 10-3676] redeclaration of ansi port 'il1_to_mem__valid' is not allowed [C:/Users/seanj/Documents/bluejay/vivado/bluejay/bluejay.srcs/sources_1/new/central_processing_unit.sv:182]
WARNING: [VRFC 10-3676] redeclaration of ansi port 'il1_to_mem__data' is not allowed [C:/Users/seanj/Documents/bluejay/vivado/bluejay/bluejay.srcs/sources_1/new/central_processing_unit.sv:184]
WARNING: [VRFC 10-3676] redeclaration of ansi port 'mem_to_il1__valid' is not allowed [C:/Users/seanj/Documents/bluejay/vivado/bluejay/bluejay.srcs/sources_1/new/central_processing_unit.sv:185]
WARNING: [VRFC 10-3676] redeclaration of ansi port 'mem_to_il1__data' is not allowed [C:/Users/seanj/Documents/bluejay/vivado/bluejay/bluejay.srcs/sources_1/new/central_processing_unit.sv:187]
INFO: [VRFC 10-2263] Analyzing SystemVerilog file "C:/Users/seanj/Documents/bluejay/vivado/bluejay/bluejay.srcs/sources_1/new/comparator.sv" into library xil_defaultlib
INFO: [VRFC 10-311] analyzing module comparator
INFO: [VRFC 10-2263] Analyzing SystemVerilog file "C:/Users/seanj/Documents/bluejay/vivado/bluejay/bluejay.srcs/sources_1/new/decoder.sv" into library xil_defaultlib
INFO: [VRFC 10-311] analyzing module decoder
INFO: [VRFC 10-2263] Analyzing SystemVerilog file "C:/Users/seanj/Documents/bluejay/vivado/bluejay/bluejay.srcs/sources_1/new/jay.sv" into library xil_defaultlib
INFO: [VRFC 10-311] analyzing module jay
INFO: [VRFC 10-2458] undeclared symbol x, assumed default net type wire [C:/Users/seanj/Documents/bluejay/vivado/bluejay/bluejay.srcs/sources_1/new/jay.sv:28]
INFO: [VRFC 10-2458] undeclared symbol dl1_to_mem__valid, assumed default net type wire [C:/Users/seanj/Documents/bluejay/vivado/bluejay/bluejay.srcs/sources_1/new/jay.sv:44]
INFO: [VRFC 10-2458] undeclared symbol mem__rw, assumed default net type wire [C:/Users/seanj/Documents/bluejay/vivado/bluejay/bluejay.srcs/sources_1/new/jay.sv:72]
INFO: [VRFC 10-2458] undeclared symbol port__0__addr, assumed default net type wire [C:/Users/seanj/Documents/bluejay/vivado/bluejay/bluejay.srcs/sources_1/new/jay.sv:107]
INFO: [VRFC 10-2458] undeclared symbol port__0__rw, assumed default net type wire [C:/Users/seanj/Documents/bluejay/vivado/bluejay/bluejay.srcs/sources_1/new/jay.sv:108]
INFO: [VRFC 10-2458] undeclared symbol port__0__wr_data, assumed default net type wire [C:/Users/seanj/Documents/bluejay/vivado/bluejay/bluejay.srcs/sources_1/new/jay.sv:109]
WARNING: [VRFC 10-2938] 'port__0__addr' is already implicitly declared on line 107 [C:/Users/seanj/Documents/bluejay/vivado/bluejay/bluejay.srcs/sources_1/new/jay.sv:113]
WARNING: [VRFC 10-2938] 'port__0__rw' is already implicitly declared on line 108 [C:/Users/seanj/Documents/bluejay/vivado/bluejay/bluejay.srcs/sources_1/new/jay.sv:114]
WARNING: [VRFC 10-2938] 'port__0__wr_data' is already implicitly declared on line 109 [C:/Users/seanj/Documents/bluejay/vivado/bluejay/bluejay.srcs/sources_1/new/jay.sv:115]
WARNING: [VRFC 10-3676] redeclaration of ansi port 'port__0__rd_data' is not allowed [C:/Users/seanj/Documents/bluejay/vivado/bluejay/bluejay.srcs/sources_1/new/jay.sv:116]
WARNING: [VRFC 10-3029] 'port__0__rd_data' was previously declared without a range [C:/Users/seanj/Documents/bluejay/vivado/bluejay/bluejay.srcs/sources_1/new/jay.sv:116]
INFO: [VRFC 10-2263] Analyzing SystemVerilog file "C:/Users/seanj/Documents/bluejay/vivado/bluejay/bluejay.srcs/sources_1/new/l1.sv" into library xil_defaultlib
INFO: [VRFC 10-311] analyzing module l1
INFO: [VRFC 10-2263] Analyzing SystemVerilog file "C:/Users/seanj/Documents/bluejay/vivado/bluejay/bluejay.srcs/sources_1/new/l2.sv" into library xil_defaultlib
INFO: [VRFC 10-311] analyzing module l2
INFO: [VRFC 10-2458] undeclared symbol ireq__valid, assumed default net type wire [C:/Users/seanj/Documents/bluejay/vivado/bluejay/bluejay.srcs/sources_1/new/l2.sv:196]
INFO: [VRFC 10-2458] undeclared symbol ireq__ready, assumed default net type wire [C:/Users/seanj/Documents/bluejay/vivado/bluejay/bluejay.srcs/sources_1/new/l2.sv:197]
INFO: [VRFC 10-2458] undeclared symbol ireq__data, assumed default net type wire [C:/Users/seanj/Documents/bluejay/vivado/bluejay/bluejay.srcs/sources_1/new/l2.sv:198]
WARNING: [VRFC 10-2938] 'ireq__valid' is already implicitly declared on line 196 [C:/Users/seanj/Documents/bluejay/vivado/bluejay/bluejay.srcs/sources_1/new/l2.sv:204]
WARNING: [VRFC 10-2938] 'ireq__ready' is already implicitly declared on line 197 [C:/Users/seanj/Documents/bluejay/vivado/bluejay/bluejay.srcs/sources_1/new/l2.sv:205]
WARNING: [VRFC 10-2938] 'ireq__data' is already implicitly declared on line 198 [C:/Users/seanj/Documents/bluejay/vivado/bluejay/bluejay.srcs/sources_1/new/l2.sv:206]
INFO: [VRFC 10-2458] undeclared symbol irtn__valid, assumed default net type wire [C:/Users/seanj/Documents/bluejay/vivado/bluejay/bluejay.srcs/sources_1/new/l2.sv:216]
INFO: [VRFC 10-2458] undeclared symbol irtn__ready, assumed default net type wire [C:/Users/seanj/Documents/bluejay/vivado/bluejay/bluejay.srcs/sources_1/new/l2.sv:217]
INFO: [VRFC 10-2458] undeclared symbol irtn__data, assumed default net type wire [C:/Users/seanj/Documents/bluejay/vivado/bluejay/bluejay.srcs/sources_1/new/l2.sv:218]
WARNING: [VRFC 10-2938] 'irtn__valid' is already implicitly declared on line 216 [C:/Users/seanj/Documents/bluejay/vivado/bluejay/bluejay.srcs/sources_1/new/l2.sv:224]
WARNING: [VRFC 10-2938] 'irtn__ready' is already implicitly declared on line 217 [C:/Users/seanj/Documents/bluejay/vivado/bluejay/bluejay.srcs/sources_1/new/l2.sv:225]
WARNING: [VRFC 10-2938] 'irtn__data' is already implicitly declared on line 218 [C:/Users/seanj/Documents/bluejay/vivado/bluejay/bluejay.srcs/sources_1/new/l2.sv:226]
INFO: [VRFC 10-2458] undeclared symbol dreq__valid, assumed default net type wire [C:/Users/seanj/Documents/bluejay/vivado/bluejay/bluejay.srcs/sources_1/new/l2.sv:238]
INFO: [VRFC 10-2458] undeclared symbol dreq__ready, assumed default net type wire [C:/Users/seanj/Documents/bluejay/vivado/bluejay/bluejay.srcs/sources_1/new/l2.sv:239]
INFO: [VRFC 10-2458] undeclared symbol dreq__data, assumed default net type wire [C:/Users/seanj/Documents/bluejay/vivado/bluejay/bluejay.srcs/sources_1/new/l2.sv:240]
WARNING: [VRFC 10-2938] 'dreq__valid' is already implicitly declared on line 238 [C:/Users/seanj/Documents/bluejay/vivado/bluejay/bluejay.srcs/sources_1/new/l2.sv:246]
WARNING: [VRFC 10-2938] 'dreq__ready' is already implicitly declared on line 239 [C:/Users/seanj/Documents/bluejay/vivado/bluejay/bluejay.srcs/sources_1/new/l2.sv:247]
WARNING: [VRFC 10-2938] 'dreq__data' is already implicitly declared on line 240 [C:/Users/seanj/Documents/bluejay/vivado/bluejay/bluejay.srcs/sources_1/new/l2.sv:248]
INFO: [VRFC 10-2458] undeclared symbol drtn__valid, assumed default net type wire [C:/Users/seanj/Documents/bluejay/vivado/bluejay/bluejay.srcs/sources_1/new/l2.sv:258]
INFO: [VRFC 10-2458] undeclared symbol drtn__ready, assumed default net type wire [C:/Users/seanj/Documents/bluejay/vivado/bluejay/bluejay.srcs/sources_1/new/l2.sv:259]
INFO: [VRFC 10-2458] undeclared symbol drtn__data, assumed default net type wire [C:/Users/seanj/Documents/bluejay/vivado/bluejay/bluejay.srcs/sources_1/new/l2.sv:260]
WARNING: [VRFC 10-2938] 'drtn__valid' is already implicitly declared on line 258 [C:/Users/seanj/Documents/bluejay/vivado/bluejay/bluejay.srcs/sources_1/new/l2.sv:266]
WARNING: [VRFC 10-2938] 'drtn__ready' is already implicitly declared on line 259 [C:/Users/seanj/Documents/bluejay/vivado/bluejay/bluejay.srcs/sources_1/new/l2.sv:267]
WARNING: [VRFC 10-2938] 'drtn__data' is already implicitly declared on line 260 [C:/Users/seanj/Documents/bluejay/vivado/bluejay/bluejay.srcs/sources_1/new/l2.sv:268]
WARNING: [VRFC 10-3380] identifier 'ireq__ready' is used before its declaration [C:/Users/seanj/Documents/bluejay/vivado/bluejay/bluejay.srcs/sources_1/new/l2.sv:54]
WARNING: [VRFC 10-3380] identifier 'irtn__valid' is used before its declaration [C:/Users/seanj/Documents/bluejay/vivado/bluejay/bluejay.srcs/sources_1/new/l2.sv:55]
WARNING: [VRFC 10-3380] identifier 'irtn__data' is used before its declaration [C:/Users/seanj/Documents/bluejay/vivado/bluejay/bluejay.srcs/sources_1/new/l2.sv:56]
WARNING: [VRFC 10-3380] identifier 'dreq__ready' is used before its declaration [C:/Users/seanj/Documents/bluejay/vivado/bluejay/bluejay.srcs/sources_1/new/l2.sv:57]
WARNING: [VRFC 10-3380] identifier 'drtn__valid' is used before its declaration [C:/Users/seanj/Documents/bluejay/vivado/bluejay/bluejay.srcs/sources_1/new/l2.sv:58]
WARNING: [VRFC 10-3380] identifier 'drtn__data' is used before its declaration [C:/Users/seanj/Documents/bluejay/vivado/bluejay/bluejay.srcs/sources_1/new/l2.sv:59]
WARNING: [VRFC 10-3380] identifier 'ireq__valid' is used before its declaration [C:/Users/seanj/Documents/bluejay/vivado/bluejay/bluejay.srcs/sources_1/new/l2.sv:64]
WARNING: [VRFC 10-3380] identifier 'dreq__valid' is used before its declaration [C:/Users/seanj/Documents/bluejay/vivado/bluejay/bluejay.srcs/sources_1/new/l2.sv:67]
WARNING: [VRFC 10-3380] identifier 'ireq__ready' is used before its declaration [C:/Users/seanj/Documents/bluejay/vivado/bluejay/bluejay.srcs/sources_1/new/l2.sv:73]
WARNING: [VRFC 10-3380] identifier 'ireq__data' is used before its declaration [C:/Users/seanj/Documents/bluejay/vivado/bluejay/bluejay.srcs/sources_1/new/l2.sv:74]
WARNING: [VRFC 10-3380] identifier 'ireq__data' is used before its declaration [C:/Users/seanj/Documents/bluejay/vivado/bluejay/bluejay.srcs/sources_1/new/l2.sv:76]
WARNING: [VRFC 10-3380] identifier 'irtn__valid' is used before its declaration [C:/Users/seanj/Documents/bluejay/vivado/bluejay/bluejay.srcs/sources_1/new/l2.sv:93]
WARNING: [VRFC 10-3380] identifier 'irtn__ready' is used before its declaration [C:/Users/seanj/Documents/bluejay/vivado/bluejay/bluejay.srcs/sources_1/new/l2.sv:95]
WARNING: [VRFC 10-3380] identifier 'ireq__ready' is used before its declaration [C:/Users/seanj/Documents/bluejay/vivado/bluejay/bluejay.srcs/sources_1/new/l2.sv:108]
WARNING: [VRFC 10-3380] identifier 'ireq__valid' is used before its declaration [C:/Users/seanj/Documents/bluejay/vivado/bluejay/bluejay.srcs/sources_1/new/l2.sv:110]
WARNING: [VRFC 10-3380] identifier 'ireq__data' is used before its declaration [C:/Users/seanj/Documents/bluejay/vivado/bluejay/bluejay.srcs/sources_1/new/l2.sv:112]
WARNING: [VRFC 10-3380] identifier 'dreq__ready' is used before its declaration [C:/Users/seanj/Documents/bluejay/vivado/bluejay/bluejay.srcs/sources_1/new/l2.sv:122]
WARNING: [VRFC 10-3380] identifier 'dreq__data' is used before its declaration [C:/Users/seanj/Documents/bluejay/vivado/bluejay/bluejay.srcs/sources_1/new/l2.sv:123]
WARNING: [VRFC 10-3380] identifier 'dreq__data' is used before its declaration [C:/Users/seanj/Documents/bluejay/vivado/bluejay/bluejay.srcs/sources_1/new/l2.sv:125]
WARNING: [VRFC 10-3380] identifier 'drtn__valid' is used before its declaration [C:/Users/seanj/Documents/bluejay/vivado/bluejay/bluejay.srcs/sources_1/new/l2.sv:142]
WARNING: [VRFC 10-3380] identifier 'drtn__ready' is used before its declaration [C:/Users/seanj/Documents/bluejay/vivado/bluejay/bluejay.srcs/sources_1/new/l2.sv:144]
WARNING: [VRFC 10-3380] identifier 'dreq__ready' is used before its declaration [C:/Users/seanj/Documents/bluejay/vivado/bluejay/bluejay.srcs/sources_1/new/l2.sv:157]
WARNING: [VRFC 10-3380] identifier 'dreq__valid' is used before its declaration [C:/Users/seanj/Documents/bluejay/vivado/bluejay/bluejay.srcs/sources_1/new/l2.sv:159]
WARNING: [VRFC 10-3380] identifier 'dreq__data' is used before its declaration [C:/Users/seanj/Documents/bluejay/vivado/bluejay/bluejay.srcs/sources_1/new/l2.sv:161]
INFO: [VRFC 10-2263] Analyzing SystemVerilog file "C:/Users/seanj/Documents/bluejay/vivado/bluejay/bluejay.srcs/sources_1/new/memory.sv" into library xil_defaultlib
INFO: [VRFC 10-311] analyzing module memory
WARNING: [VRFC 10-3380] identifier 'DEPTH__LOG2' is used before its declaration [C:/Users/seanj/Documents/bluejay/vivado/bluejay/bluejay.srcs/sources_1/new/memory.sv:8]
WARNING: [VRFC 10-3380] identifier 'WIDTH' is used before its declaration [C:/Users/seanj/Documents/bluejay/vivado/bluejay/bluejay.srcs/sources_1/new/memory.sv:10]
WARNING: [VRFC 10-3380] identifier 'WIDTH' is used before its declaration [C:/Users/seanj/Documents/bluejay/vivado/bluejay/bluejay.srcs/sources_1/new/memory.sv:11]
INFO: [VRFC 10-2263] Analyzing SystemVerilog file "C:/Users/seanj/Documents/bluejay/vivado/bluejay/bluejay.srcs/sources_1/new/register_file.sv" into library xil_defaultlib
INFO: [VRFC 10-311] analyzing module register_file
INFO: [VRFC 10-2263] Analyzing SystemVerilog file "C:/Users/seanj/Documents/bluejay/vivado/bluejay/bluejay.srcs/sources_1/new/rx.sv" into library xil_defaultlib
INFO: [VRFC 10-311] analyzing module rx
WARNING: [VRFC 10-3380] identifier 'WIDTH' is used before its declaration [C:/Users/seanj/Documents/bluejay/vivado/bluejay/bluejay.srcs/sources_1/new/rx.sv:10]
WARNING: [VRFC 10-3380] identifier 'WIDTH' is used before its declaration [C:/Users/seanj/Documents/bluejay/vivado/bluejay/bluejay.srcs/sources_1/new/rx.sv:12]
INFO: [VRFC 10-2263] Analyzing SystemVerilog file "C:/Users/seanj/Documents/bluejay/vivado/bluejay/bluejay.srcs/sources_1/new/tx.sv" into library xil_defaultlib
INFO: [VRFC 10-311] analyzing module tx
WARNING: [VRFC 10-3380] identifier 'WIDTH' is used before its declaration [C:/Users/seanj/Documents/bluejay/vivado/bluejay/bluejay.srcs/sources_1/new/tx.sv:10]
WARNING: [VRFC 10-3380] identifier 'WIDTH' is used before its declaration [C:/Users/seanj/Documents/bluejay/vivado/bluejay/bluejay.srcs/sources_1/new/tx.sv:12]
INFO: [VRFC 10-2263] Analyzing SystemVerilog file "C:/Users/seanj/Documents/bluejay/vivado/bluejay/bluejay.srcs/sim_1/new/top_tb.sv" into library xil_defaultlib
INFO: [VRFC 10-311] analyzing module top_tb
INFO: [VRFC 10-2458] undeclared symbol clk, assumed default net type wire [C:/Users/seanj/Documents/bluejay/vivado/bluejay/bluejay.srcs/sim_1/new/top_tb.sv:20]
INFO: [VRFC 10-2458] undeclared symbol rst, assumed default net type wire [C:/Users/seanj/Documents/bluejay/vivado/bluejay/bluejay.srcs/sim_1/new/top_tb.sv:21]
WARNING: [VRFC 10-2938] 'clk' is already implicitly declared on line 20 [C:/Users/seanj/Documents/bluejay/vivado/bluejay/bluejay.srcs/sim_1/new/top_tb.sv:25]
WARNING: [VRFC 10-2938] 'rst' is already implicitly declared on line 21 [C:/Users/seanj/Documents/bluejay/vivado/bluejay/bluejay.srcs/sim_1/new/top_tb.sv:26]
