
sim__0.elf:     file format elf64-littleriscv


Disassembly of section .text:

0000000000010000 <main>:
   10000:	fe010113          	addi	x2,x2,-32
   10004:	00813c23          	sd	x8,24(x2)
   10008:	02010413          	addi	x8,x2,32
   1000c:	fe042623          	sw	x0,-20(x8)
   10010:	02c0006f          	jal	x0,1003c <main+0x3c>
   10014:	fec42783          	lw	x15,-20(x8)
   10018:	0ff7f713          	andi	x14,x15,255
   1001c:	000117b7          	lui	x15,0x11
   10020:	06078693          	addi	x13,x15,96 # 11060 <__DATA_BEGIN__>
   10024:	fec46783          	lwu	x15,-20(x8)
   10028:	00f687b3          	add	x15,x13,x15
   1002c:	00e78023          	sb	x14,0(x15)
   10030:	fec42783          	lw	x15,-20(x8)
   10034:	0017879b          	addiw	x15,x15,1
   10038:	fef42623          	sw	x15,-20(x8)
   1003c:	fec42783          	lw	x15,-20(x8)
   10040:	0007871b          	addiw	x14,x15,0
   10044:	02f00793          	addi	x15,x0,47
   10048:	fce7f6e3          	bgeu	x15,x14,10014 <main+0x14>
   1004c:	00000793          	addi	x15,x0,0
   10050:	00078513          	addi	x10,x15,0
   10054:	01813403          	ld	x8,24(x2)
   10058:	02010113          	addi	x2,x2,32
   1005c:	00008067          	jalr	x0,0(x1)
