
lib/prog.elf:     file format elf64-littleriscv


Disassembly of section .text:

0000000000000000 <_start>:
   0:	00008137          	lui	x2,0x8
   4:	00001197          	auipc	x3,0x1
   8:	b3018193          	addi	x3,x3,-1232 # b34 <__global_pointer$>
   c:	00000297          	auipc	x5,0x0
  10:	04028293          	addi	x5,x5,64 # 4c <trap_entry>
  14:	30529073          	csrrw	x0,mtvec,x5
  18:	00001297          	auipc	x5,0x1
  1c:	90828293          	addi	x5,x5,-1784 # 920 <jay>
  20:	00001317          	auipc	x6,0x1
  24:	90030313          	addi	x6,x6,-1792 # 920 <jay>

0000000000000028 <_start__while__0>:
  28:	0062f863          	bgeu	x5,x6,38 <_start__endwhile__0>
  2c:	00028023          	sb	x0,0(x5)
  30:	00128293          	addi	x5,x5,1
  34:	ff5ff06f          	jal	x0,28 <_start__while__0>

0000000000000038 <_start__endwhile__0>:
  38:	00000097          	auipc	x1,0x0
  3c:	404080e7          	jalr	x1,1028(x1) # 43c <__libc_init_array>
  40:	00000097          	auipc	x1,0x0
  44:	2f4080e7          	jalr	x1,756(x1) # 334 <main>

0000000000000048 <_start__while__1>:
  48:	0000006f          	jal	x0,48 <_start__while__1>

000000000000004c <trap_entry>:
  4c:	f8010113          	addi	x2,x2,-128 # 7f80 <__global_pointer$+0x744c>
  50:	00113023          	sd	x1,0(x2)
  54:	00a13423          	sd	x10,8(x2)
  58:	00b13823          	sd	x11,16(x2)
  5c:	00c13c23          	sd	x12,24(x2)
  60:	02d13023          	sd	x13,32(x2)
  64:	02e13423          	sd	x14,40(x2)
  68:	02f13823          	sd	x15,48(x2)
  6c:	03013c23          	sd	x16,56(x2)
  70:	05113023          	sd	x17,64(x2)
  74:	04513423          	sd	x5,72(x2)
  78:	04613823          	sd	x6,80(x2)
  7c:	04713c23          	sd	x7,88(x2)
  80:	07c13023          	sd	x28,96(x2)
  84:	07d13423          	sd	x29,104(x2)
  88:	07e13823          	sd	x30,112(x2)
  8c:	07f13c23          	sd	x31,120(x2)
  90:	342022f3          	csrrs	x5,mcause,x0

0000000000000094 <trap_entry__if__0>:
  94:	0002c863          	blt	x5,x0,a4 <trap_entry__else__0>

0000000000000098 <trap_entry__then__0>:
  98:	00000317          	auipc	x6,0x0
  9c:	7a830313          	addi	x6,x6,1960 # 840 <exception_vector_table>
  a0:	0100006f          	jal	x0,b0 <trap_entry__endif__0>

00000000000000a4 <trap_entry__else__0>:
  a4:	00001317          	auipc	x6,0x1
  a8:	81c30313          	addi	x6,x6,-2020 # 8c0 <interrupt_vector_table>
  ac:	0040006f          	jal	x0,b0 <trap_entry__endif__0>

00000000000000b0 <trap_entry__endif__0>:
  b0:	00329393          	slli	x7,x5,0x3
  b4:	00730e33          	add	x28,x6,x7
  b8:	000e3e83          	ld	x29,0(x28)
  bc:	000e80e7          	jalr	x1,0(x29)
  c0:	00013083          	ld	x1,0(x2)
  c4:	00813503          	ld	x10,8(x2)
  c8:	01013583          	ld	x11,16(x2)
  cc:	01813603          	ld	x12,24(x2)
  d0:	02013683          	ld	x13,32(x2)
  d4:	02813703          	ld	x14,40(x2)
  d8:	03013783          	ld	x15,48(x2)
  dc:	03813803          	ld	x16,56(x2)
  e0:	04013883          	ld	x17,64(x2)
  e4:	04813283          	ld	x5,72(x2)
  e8:	05013303          	ld	x6,80(x2)
  ec:	05813383          	ld	x7,88(x2)
  f0:	06013e03          	ld	x28,96(x2)
  f4:	06813e83          	ld	x29,104(x2)
  f8:	07013f03          	ld	x30,112(x2)
  fc:	07813f83          	ld	x31,120(x2)
 100:	08010113          	addi	x2,x2,128
 104:	30200073          	mret

0000000000000108 <default_handler>:
 108:	0000006f          	jal	x0,108 <default_handler>

000000000000010c <_ZN3MIE5csrrwEm>:
 10c:	30459573          	csrrw	x10,mie,x11
 110:	00008067          	jalr	x0,0(x1)

0000000000000114 <_ZN3MIE4csrrEv>:
 114:	30402573          	csrrs	x10,mie,x0
 118:	00008067          	jalr	x0,0(x1)

000000000000011c <_ZN3MIE4csrwEm>:
 11c:	30459073          	csrrw	x0,mie,x11
 120:	00008067          	jalr	x0,0(x1)

0000000000000124 <_ZN3MIE5csrrsEm>:
 124:	3045a573          	csrrs	x10,mie,x11
 128:	00008067          	jalr	x0,0(x1)

000000000000012c <_ZN3MIE4csrsEm>:
 12c:	3045a073          	csrrs	x0,mie,x11
 130:	00008067          	jalr	x0,0(x1)

0000000000000134 <_ZN3MIE5csrrcEm>:
 134:	3045b573          	csrrc	x10,mie,x11
 138:	00008067          	jalr	x0,0(x1)

000000000000013c <_ZN3MIE4csrcEm>:
 13c:	3045b073          	csrrc	x0,mie,x11
 140:	00008067          	jalr	x0,0(x1)

0000000000000144 <_ZN7MSTATUS5csrrwEm>:
 144:	30051573          	csrrw	x10,mstatus,x10
 148:	00008067          	jalr	x0,0(x1)

000000000000014c <_ZN7MSTATUS4csrrEv>:
 14c:	30002573          	csrrs	x10,mstatus,x0
 150:	00008067          	jalr	x0,0(x1)

0000000000000154 <_ZN7MSTATUS4csrwEm>:
 154:	30051073          	csrrw	x0,mstatus,x10
 158:	00008067          	jalr	x0,0(x1)

000000000000015c <_ZN7MSTATUS5csrrsEm>:
 15c:	30052573          	csrrs	x10,mstatus,x10
 160:	00008067          	jalr	x0,0(x1)

0000000000000164 <_ZN7MSTATUS4csrsEm>:
 164:	30052073          	csrrs	x0,mstatus,x10
 168:	00008067          	jalr	x0,0(x1)

000000000000016c <_ZN7MSTATUS5csrrcEm>:
 16c:	30053573          	csrrc	x10,mstatus,x10
 170:	00008067          	jalr	x0,0(x1)

0000000000000174 <_ZN7MSTATUS4csrcEm>:
 174:	30053073          	csrrc	x0,mstatus,x10
 178:	00008067          	jalr	x0,0(x1)

000000000000017c <_ZN5MTVEC5csrrwEm>:
 17c:	30559573          	csrrw	x10,mtvec,x11
 180:	00008067          	jalr	x0,0(x1)

0000000000000184 <_ZN5MTVEC4csrrEv>:
 184:	30502573          	csrrs	x10,mtvec,x0
 188:	00008067          	jalr	x0,0(x1)

000000000000018c <_ZN5MTVEC4csrwEm>:
 18c:	30559073          	csrrw	x0,mtvec,x11
 190:	00008067          	jalr	x0,0(x1)

0000000000000194 <_ZN5MTVEC5csrrsEm>:
 194:	3055a573          	csrrs	x10,mtvec,x11
 198:	00008067          	jalr	x0,0(x1)

000000000000019c <_ZN5MTVEC4csrsEm>:
 19c:	3055a073          	csrrs	x0,mtvec,x11
 1a0:	00008067          	jalr	x0,0(x1)

00000000000001a4 <_ZN5MTVEC5csrrcEm>:
 1a4:	3055b573          	csrrc	x10,mtvec,x11
 1a8:	00008067          	jalr	x0,0(x1)

00000000000001ac <_ZN5MTVEC4csrcEm>:
 1ac:	3055b073          	csrrc	x0,mtvec,x11
 1b0:	00008067          	jalr	x0,0(x1)

00000000000001b4 <_ZN6MCAUSE5csrrwEm>:
 1b4:	34251573          	csrrw	x10,mcause,x10
 1b8:	00008067          	jalr	x0,0(x1)

00000000000001bc <_ZN6MCAUSE4csrrEv>:
 1bc:	34202573          	csrrs	x10,mcause,x0
 1c0:	00008067          	jalr	x0,0(x1)

00000000000001c4 <_ZN6MCAUSE4csrwEm>:
 1c4:	34251073          	csrrw	x0,mcause,x10
 1c8:	00008067          	jalr	x0,0(x1)

00000000000001cc <_ZN6MCAUSE5csrrsEm>:
 1cc:	34252573          	csrrs	x10,mcause,x10
 1d0:	00008067          	jalr	x0,0(x1)

00000000000001d4 <_ZN6MCAUSE4csrsEm>:
 1d4:	34252073          	csrrs	x0,mcause,x10
 1d8:	00008067          	jalr	x0,0(x1)

00000000000001dc <_ZN6MCAUSE5csrrcEm>:
 1dc:	34253573          	csrrc	x10,mcause,x10
 1e0:	00008067          	jalr	x0,0(x1)

00000000000001e4 <_ZN6MCAUSE4csrcEm>:
 1e4:	34253073          	csrrc	x0,mcause,x10
 1e8:	00008067          	jalr	x0,0(x1)

00000000000001ec <_ZN3Jay2lbEm>:
 1ec:	00058503          	lb	x10,0(x11)
 1f0:	00008067          	jalr	x0,0(x1)

00000000000001f4 <_ZN3Jay2lhEm>:
 1f4:	00059503          	lh	x10,0(x11)
 1f8:	00008067          	jalr	x0,0(x1)

00000000000001fc <_ZN3Jay2lwEm>:
 1fc:	0005a503          	lw	x10,0(x11)
 200:	00008067          	jalr	x0,0(x1)

0000000000000204 <_ZN3Jay2ldEm>:
 204:	0005b503          	ld	x10,0(x11)
 208:	00008067          	jalr	x0,0(x1)

000000000000020c <_ZN3Jay2sbEmm>:
 20c:	00c58023          	sb	x12,0(x11)
 210:	00008067          	jalr	x0,0(x1)

0000000000000214 <_ZN3Jay2shEmm>:
 214:	00c59023          	sh	x12,0(x11)
 218:	00008067          	jalr	x0,0(x1)

000000000000021c <_ZN3Jay2swEmm>:
 21c:	00c5a023          	sw	x12,0(x11)
 220:	00008067          	jalr	x0,0(x1)

0000000000000224 <_ZN3Jay2sdEmm>:
 224:	00c5b023          	sd	x12,0(x11)
 228:	00008067          	jalr	x0,0(x1)

000000000000022c <_Z17TimerInterruptIsrv>:
 22c:	fe010113          	addi	x2,x2,-32
 230:	00813823          	sd	x8,16(x2)
 234:	00300413          	addi	x8,x0,3
 238:	00913423          	sd	x9,8(x2)
 23c:	01e41413          	slli	x8,x8,0x1e
 240:	000014b7          	lui	x9,0x1
 244:	00140593          	addi	x11,x8,1
 248:	92048513          	addi	x10,x9,-1760 # 920 <jay>
 24c:	00113c23          	sd	x1,24(x2)
 250:	00000097          	auipc	x1,0x0
 254:	f9c080e7          	jalr	x1,-100(x1) # 1ec <_ZN3Jay2lbEm>
 258:	00153613          	sltiu	x12,x10,1
 25c:	00140593          	addi	x11,x8,1
 260:	92048513          	addi	x10,x9,-1760
 264:	00000097          	auipc	x1,0x0
 268:	fa8080e7          	jalr	x1,-88(x1) # 20c <_ZN3Jay2sbEmm>
 26c:	01013403          	ld	x8,16(x2)
 270:	01813083          	ld	x1,24(x2)
 274:	92048513          	addi	x10,x9,-1760
 278:	00813483          	ld	x9,8(x2)
 27c:	00500593          	addi	x11,x0,5
 280:	00000613          	addi	x12,x0,0
 284:	01d59593          	slli	x11,x11,0x1d
 288:	02010113          	addi	x2,x2,32
 28c:	00000317          	auipc	x6,0x0
 290:	f9830067          	jalr	x0,-104(x6) # 224 <_ZN3Jay2sdEmm>

0000000000000294 <_Z20ExternalInterruptIsrv>:
 294:	fe010113          	addi	x2,x2,-32
 298:	48100593          	addi	x11,x0,1153
 29c:	00813823          	sd	x8,16(x2)
 2a0:	01559593          	slli	x11,x11,0x15
 2a4:	00001437          	lui	x8,0x1
 2a8:	00458593          	addi	x11,x11,4
 2ac:	92040513          	addi	x10,x8,-1760 # 920 <jay>
 2b0:	00113c23          	sd	x1,24(x2)
 2b4:	00913423          	sd	x9,8(x2)
 2b8:	00000097          	auipc	x1,0x0
 2bc:	f44080e7          	jalr	x1,-188(x1) # 1fc <_ZN3Jay2lwEm>
 2c0:	00500593          	addi	x11,x0,5
 2c4:	01d59593          	slli	x11,x11,0x1d
 2c8:	00050493          	addi	x9,x10,0
 2cc:	00858593          	addi	x11,x11,8
 2d0:	92040513          	addi	x10,x8,-1760
 2d4:	00000097          	auipc	x1,0x0
 2d8:	f30080e7          	jalr	x1,-208(x1) # 204 <_ZN3Jay2ldEm>
 2dc:	02faf637          	lui	x12,0x2faf
 2e0:	08060613          	addi	x12,x12,128 # 2faf080 <__global_pointer$+0x2fae54c>
 2e4:	00c51663          	bne	x10,x12,2f0 <_Z20ExternalInterruptIsrv+0x5c>
 2e8:	017d87b7          	lui	x15,0x17d8
 2ec:	84078613          	addi	x12,x15,-1984 # 17d7840 <__global_pointer$+0x17d6d0c>
 2f0:	00500593          	addi	x11,x0,5
 2f4:	01d59593          	slli	x11,x11,0x1d
 2f8:	92040513          	addi	x10,x8,-1760
 2fc:	00858593          	addi	x11,x11,8
 300:	00000097          	auipc	x1,0x0
 304:	f24080e7          	jalr	x1,-220(x1) # 224 <_ZN3Jay2sdEmm>
 308:	92040513          	addi	x10,x8,-1760
 30c:	01013403          	ld	x8,16(x2)
 310:	01813083          	ld	x1,24(x2)
 314:	00048613          	addi	x12,x9,0
 318:	48100593          	addi	x11,x0,1153
 31c:	00813483          	ld	x9,8(x2)
 320:	01559593          	slli	x11,x11,0x15
 324:	00458593          	addi	x11,x11,4
 328:	02010113          	addi	x2,x2,32
 32c:	00000317          	auipc	x6,0x0
 330:	ef030067          	jalr	x0,-272(x6) # 21c <_ZN3Jay2swEmm>

Disassembly of section .text.startup:

0000000000000334 <main>:
 334:	fe010113          	addi	x2,x2,-32
 338:	00913423          	sd	x9,8(x2)
 33c:	000014b7          	lui	x9,0x1
 340:	00813823          	sd	x8,16(x2)
 344:	8c048493          	addi	x9,x9,-1856 # 8c0 <interrupt_vector_table>
 348:	00001437          	lui	x8,0x1
 34c:	00000637          	lui	x12,0x0
 350:	03848593          	addi	x11,x9,56
 354:	92040513          	addi	x10,x8,-1760 # 920 <jay>
 358:	22c60613          	addi	x12,x12,556 # 22c <_Z17TimerInterruptIsrv>
 35c:	00113c23          	sd	x1,24(x2)
 360:	00000097          	auipc	x1,0x0
 364:	ec4080e7          	jalr	x1,-316(x1) # 224 <_ZN3Jay2sdEmm>
 368:	00000637          	lui	x12,0x0
 36c:	05848593          	addi	x11,x9,88
 370:	92040513          	addi	x10,x8,-1760
 374:	29460613          	addi	x12,x12,660 # 294 <_Z20ExternalInterruptIsrv>
 378:	00000097          	auipc	x1,0x0
 37c:	eac080e7          	jalr	x1,-340(x1) # 224 <_ZN3Jay2sdEmm>
 380:	00500493          	addi	x9,x0,5
 384:	01d49593          	slli	x11,x9,0x1d
 388:	92040513          	addi	x10,x8,-1760
 38c:	00000613          	addi	x12,x0,0
 390:	00000097          	auipc	x1,0x0
 394:	e94080e7          	jalr	x1,-364(x1) # 224 <_ZN3Jay2sdEmm>
 398:	01d49593          	slli	x11,x9,0x1d
 39c:	02faf637          	lui	x12,0x2faf
 3a0:	92040513          	addi	x10,x8,-1760
 3a4:	08060613          	addi	x12,x12,128 # 2faf080 <__global_pointer$+0x2fae54c>
 3a8:	00858593          	addi	x11,x11,8
 3ac:	00300493          	addi	x9,x0,3
 3b0:	00000097          	auipc	x1,0x0
 3b4:	e74080e7          	jalr	x1,-396(x1) # 224 <_ZN3Jay2sdEmm>
 3b8:	01e49493          	slli	x9,x9,0x1e
 3bc:	00148593          	addi	x11,x9,1
 3c0:	92040513          	addi	x10,x8,-1760
 3c4:	00100613          	addi	x12,x0,1
 3c8:	00000097          	auipc	x1,0x0
 3cc:	e44080e7          	jalr	x1,-444(x1) # 20c <_ZN3Jay2sbEmm>
 3d0:	00100613          	addi	x12,x0,1
 3d4:	00248593          	addi	x11,x9,2
 3d8:	92040513          	addi	x10,x8,-1760
 3dc:	00000097          	auipc	x1,0x0
 3e0:	e30080e7          	jalr	x1,-464(x1) # 20c <_ZN3Jay2sbEmm>
 3e4:	92040513          	addi	x10,x8,-1760
 3e8:	08000593          	addi	x11,x0,128
 3ec:	00000097          	auipc	x1,0x0
 3f0:	d40080e7          	jalr	x1,-704(x1) # 12c <_ZN3MIE4csrsEm>
 3f4:	000015b7          	lui	x11,0x1
 3f8:	92040513          	addi	x10,x8,-1760
 3fc:	80058593          	addi	x11,x11,-2048 # 800 <__libc_init_array+0x3c4>
 400:	00000097          	auipc	x1,0x0
 404:	d2c080e7          	jalr	x1,-724(x1) # 12c <_ZN3MIE4csrsEm>
 408:	480015b7          	lui	x11,0x48001
 40c:	92040513          	addi	x10,x8,-1760
 410:	00200613          	addi	x12,x0,2
 414:	00159593          	slli	x11,x11,0x1
 418:	00000097          	auipc	x1,0x0
 41c:	e04080e7          	jalr	x1,-508(x1) # 21c <_ZN3Jay2swEmm>
 420:	01013403          	ld	x8,16(x2)
 424:	01813083          	ld	x1,24(x2)
 428:	00813483          	ld	x9,8(x2)
 42c:	00800513          	addi	x10,x0,8
 430:	02010113          	addi	x2,x2,32
 434:	00000317          	auipc	x6,0x0
 438:	d3030067          	jalr	x0,-720(x6) # 164 <_ZN7MSTATUS4csrsEm>

Disassembly of section .text.__libc_init_array:

000000000000043c <__libc_init_array>:
 43c:	fe010113          	addi	x2,x2,-32
 440:	00813823          	sd	x8,16(x2)
 444:	000007b7          	lui	x15,0x0
 448:	00000437          	lui	x8,0x0
 44c:	01213023          	sd	x18,0(x2)
 450:	00078793          	addi	x15,x15,0 # 0 <_start>
 454:	00040713          	addi	x14,x8,0 # 0 <_start>
 458:	00113c23          	sd	x1,24(x2)
 45c:	00913423          	sd	x9,8(x2)
 460:	40e78933          	sub	x18,x15,x14
 464:	02e78263          	beq	x15,x14,488 <__libc_init_array+0x4c>
 468:	40395913          	srai	x18,x18,0x3
 46c:	00040413          	addi	x8,x8,0
 470:	00000493          	addi	x9,x0,0
 474:	00043783          	ld	x15,0(x8)
 478:	00148493          	addi	x9,x9,1
 47c:	00840413          	addi	x8,x8,8
 480:	000780e7          	jalr	x1,0(x15)
 484:	ff24e8e3          	bltu	x9,x18,474 <__libc_init_array+0x38>
 488:	00000437          	lui	x8,0x0
 48c:	000007b7          	lui	x15,0x0
 490:	00078793          	addi	x15,x15,0 # 0 <_start>
 494:	00040713          	addi	x14,x8,0 # 0 <_start>
 498:	40e78933          	sub	x18,x15,x14
 49c:	40395913          	srai	x18,x18,0x3
 4a0:	02e78063          	beq	x15,x14,4c0 <__libc_init_array+0x84>
 4a4:	00040413          	addi	x8,x8,0
 4a8:	00000493          	addi	x9,x0,0
 4ac:	00043783          	ld	x15,0(x8)
 4b0:	00148493          	addi	x9,x9,1
 4b4:	00840413          	addi	x8,x8,8
 4b8:	000780e7          	jalr	x1,0(x15)
 4bc:	ff24e8e3          	bltu	x9,x18,4ac <__libc_init_array+0x70>
 4c0:	01813083          	ld	x1,24(x2)
 4c4:	01013403          	ld	x8,16(x2)
 4c8:	00813483          	ld	x9,8(x2)
 4cc:	00013903          	ld	x18,0(x2)
 4d0:	02010113          	addi	x2,x2,32
 4d4:	00008067          	jalr	x0,0(x1)
