
*** Running vivado
    with args -log top.vds -m64 -product Vivado -mode batch -messageDb vivado.pb -notrace -source top.tcl


****** Vivado v2019.2 (64-bit)
  **** SW Build 2708876 on Wed Nov  6 21:40:23 MST 2019
  **** IP Build 2700528 on Thu Nov  7 00:09:20 MST 2019
    ** Copyright 1986-2019 Xilinx, Inc. All Rights Reserved.

source top.tcl -notrace
Command: synth_design -top top -part xc7a100tcsg324-1
Starting synth_design
Attempting to get a license for feature 'Synthesis' and/or device 'xc7a100t'
INFO: [Common 17-349] Got license for feature 'Synthesis' and/or device 'xc7a100t'
INFO: [Device 21-403] Loading part xc7a100tcsg324-1
INFO: Launching helper process for spawning children vivado processes
INFO: Helper process launched with PID 4004 
WARNING: [Synth 8-976] IF__il1__rd_data has already been declared [C:/Users/seanj/Documents/bluejay/vivado/bluejay/bluejay.srcs/sources_1/new/central_processing_unit.sv:39]
WARNING: [Synth 8-2654] second declaration of IF__il1__rd_data ignored [C:/Users/seanj/Documents/bluejay/vivado/bluejay/bluejay.srcs/sources_1/new/central_processing_unit.sv:39]
INFO: [Synth 8-994] IF__il1__rd_data is declared here [C:/Users/seanj/Documents/bluejay/vivado/bluejay/bluejay.srcs/sources_1/new/central_processing_unit.sv:31]
WARNING: [Synth 8-976] MEM__mem_valid has already been declared [C:/Users/seanj/Documents/bluejay/vivado/bluejay/bluejay.srcs/sources_1/new/central_processing_unit.sv:103]
WARNING: [Synth 8-2654] second declaration of MEM__mem_valid ignored [C:/Users/seanj/Documents/bluejay/vivado/bluejay/bluejay.srcs/sources_1/new/central_processing_unit.sv:103]
INFO: [Synth 8-994] MEM__mem_valid is declared here [C:/Users/seanj/Documents/bluejay/vivado/bluejay/bluejay.srcs/sources_1/new/central_processing_unit.sv:100]
WARNING: [Synth 8-2611] redeclaration of ansi port il1_to_mem__valid is not allowed [C:/Users/seanj/Documents/bluejay/vivado/bluejay/bluejay.srcs/sources_1/new/central_processing_unit.sv:182]
WARNING: [Synth 8-976] il1_to_mem__valid has already been declared [C:/Users/seanj/Documents/bluejay/vivado/bluejay/bluejay.srcs/sources_1/new/central_processing_unit.sv:182]
WARNING: [Synth 8-2654] second declaration of il1_to_mem__valid ignored [C:/Users/seanj/Documents/bluejay/vivado/bluejay/bluejay.srcs/sources_1/new/central_processing_unit.sv:182]
INFO: [Synth 8-994] il1_to_mem__valid is declared here [C:/Users/seanj/Documents/bluejay/vivado/bluejay/bluejay.srcs/sources_1/new/central_processing_unit.sv:9]
WARNING: [Synth 8-2611] redeclaration of ansi port il1_to_mem__data is not allowed [C:/Users/seanj/Documents/bluejay/vivado/bluejay/bluejay.srcs/sources_1/new/central_processing_unit.sv:184]
WARNING: [Synth 8-976] il1_to_mem__data has already been declared [C:/Users/seanj/Documents/bluejay/vivado/bluejay/bluejay.srcs/sources_1/new/central_processing_unit.sv:184]
WARNING: [Synth 8-2654] second declaration of il1_to_mem__data ignored [C:/Users/seanj/Documents/bluejay/vivado/bluejay/bluejay.srcs/sources_1/new/central_processing_unit.sv:184]
INFO: [Synth 8-994] il1_to_mem__data is declared here [C:/Users/seanj/Documents/bluejay/vivado/bluejay/bluejay.srcs/sources_1/new/central_processing_unit.sv:10]
WARNING: [Synth 8-2611] redeclaration of ansi port mem_to_il1__valid is not allowed [C:/Users/seanj/Documents/bluejay/vivado/bluejay/bluejay.srcs/sources_1/new/central_processing_unit.sv:185]
WARNING: [Synth 8-2611] redeclaration of ansi port mem_to_il1__data is not allowed [C:/Users/seanj/Documents/bluejay/vivado/bluejay/bluejay.srcs/sources_1/new/central_processing_unit.sv:187]
WARNING: [Synth 8-992] ireq__valid is already implicitly declared earlier [C:/Users/seanj/Documents/bluejay/vivado/bluejay/bluejay.srcs/sources_1/new/l2.sv:204]
WARNING: [Synth 8-992] ireq__ready is already implicitly declared earlier [C:/Users/seanj/Documents/bluejay/vivado/bluejay/bluejay.srcs/sources_1/new/l2.sv:205]
WARNING: [Synth 8-992] ireq__data is already implicitly declared earlier [C:/Users/seanj/Documents/bluejay/vivado/bluejay/bluejay.srcs/sources_1/new/l2.sv:206]
WARNING: [Synth 8-992] irtn__valid is already implicitly declared earlier [C:/Users/seanj/Documents/bluejay/vivado/bluejay/bluejay.srcs/sources_1/new/l2.sv:224]
WARNING: [Synth 8-992] irtn__ready is already implicitly declared earlier [C:/Users/seanj/Documents/bluejay/vivado/bluejay/bluejay.srcs/sources_1/new/l2.sv:225]
WARNING: [Synth 8-992] irtn__data is already implicitly declared earlier [C:/Users/seanj/Documents/bluejay/vivado/bluejay/bluejay.srcs/sources_1/new/l2.sv:226]
WARNING: [Synth 8-992] dreq__valid is already implicitly declared earlier [C:/Users/seanj/Documents/bluejay/vivado/bluejay/bluejay.srcs/sources_1/new/l2.sv:246]
WARNING: [Synth 8-992] dreq__ready is already implicitly declared earlier [C:/Users/seanj/Documents/bluejay/vivado/bluejay/bluejay.srcs/sources_1/new/l2.sv:247]
WARNING: [Synth 8-992] dreq__data is already implicitly declared earlier [C:/Users/seanj/Documents/bluejay/vivado/bluejay/bluejay.srcs/sources_1/new/l2.sv:248]
WARNING: [Synth 8-992] drtn__valid is already implicitly declared earlier [C:/Users/seanj/Documents/bluejay/vivado/bluejay/bluejay.srcs/sources_1/new/l2.sv:266]
WARNING: [Synth 8-992] drtn__ready is already implicitly declared earlier [C:/Users/seanj/Documents/bluejay/vivado/bluejay/bluejay.srcs/sources_1/new/l2.sv:267]
WARNING: [Synth 8-992] drtn__data is already implicitly declared earlier [C:/Users/seanj/Documents/bluejay/vivado/bluejay/bluejay.srcs/sources_1/new/l2.sv:268]
WARNING: [Synth 8-6901] identifier 'ireq__ready' is used before its declaration [C:/Users/seanj/Documents/bluejay/vivado/bluejay/bluejay.srcs/sources_1/new/l2.sv:54]
WARNING: [Synth 8-6901] identifier 'irtn__valid' is used before its declaration [C:/Users/seanj/Documents/bluejay/vivado/bluejay/bluejay.srcs/sources_1/new/l2.sv:55]
WARNING: [Synth 8-6901] identifier 'irtn__data' is used before its declaration [C:/Users/seanj/Documents/bluejay/vivado/bluejay/bluejay.srcs/sources_1/new/l2.sv:56]
WARNING: [Synth 8-6901] identifier 'dreq__ready' is used before its declaration [C:/Users/seanj/Documents/bluejay/vivado/bluejay/bluejay.srcs/sources_1/new/l2.sv:57]
WARNING: [Synth 8-6901] identifier 'drtn__valid' is used before its declaration [C:/Users/seanj/Documents/bluejay/vivado/bluejay/bluejay.srcs/sources_1/new/l2.sv:58]
WARNING: [Synth 8-6901] identifier 'drtn__data' is used before its declaration [C:/Users/seanj/Documents/bluejay/vivado/bluejay/bluejay.srcs/sources_1/new/l2.sv:59]
WARNING: [Synth 8-6901] identifier 'ireq__valid' is used before its declaration [C:/Users/seanj/Documents/bluejay/vivado/bluejay/bluejay.srcs/sources_1/new/l2.sv:64]
WARNING: [Synth 8-6901] identifier 'dreq__valid' is used before its declaration [C:/Users/seanj/Documents/bluejay/vivado/bluejay/bluejay.srcs/sources_1/new/l2.sv:67]
WARNING: [Synth 8-6901] identifier 'ireq__ready' is used before its declaration [C:/Users/seanj/Documents/bluejay/vivado/bluejay/bluejay.srcs/sources_1/new/l2.sv:73]
WARNING: [Synth 8-6901] identifier 'ireq__data' is used before its declaration [C:/Users/seanj/Documents/bluejay/vivado/bluejay/bluejay.srcs/sources_1/new/l2.sv:74]
WARNING: [Synth 8-6901] identifier 'ireq__data' is used before its declaration [C:/Users/seanj/Documents/bluejay/vivado/bluejay/bluejay.srcs/sources_1/new/l2.sv:76]
WARNING: [Synth 8-6901] identifier 'irtn__valid' is used before its declaration [C:/Users/seanj/Documents/bluejay/vivado/bluejay/bluejay.srcs/sources_1/new/l2.sv:93]
WARNING: [Synth 8-6901] identifier 'irtn__ready' is used before its declaration [C:/Users/seanj/Documents/bluejay/vivado/bluejay/bluejay.srcs/sources_1/new/l2.sv:95]
WARNING: [Synth 8-6901] identifier 'ireq__ready' is used before its declaration [C:/Users/seanj/Documents/bluejay/vivado/bluejay/bluejay.srcs/sources_1/new/l2.sv:108]
WARNING: [Synth 8-6901] identifier 'ireq__valid' is used before its declaration [C:/Users/seanj/Documents/bluejay/vivado/bluejay/bluejay.srcs/sources_1/new/l2.sv:110]
WARNING: [Synth 8-6901] identifier 'ireq__data' is used before its declaration [C:/Users/seanj/Documents/bluejay/vivado/bluejay/bluejay.srcs/sources_1/new/l2.sv:112]
WARNING: [Synth 8-6901] identifier 'dreq__ready' is used before its declaration [C:/Users/seanj/Documents/bluejay/vivado/bluejay/bluejay.srcs/sources_1/new/l2.sv:122]
WARNING: [Synth 8-6901] identifier 'dreq__data' is used before its declaration [C:/Users/seanj/Documents/bluejay/vivado/bluejay/bluejay.srcs/sources_1/new/l2.sv:123]
WARNING: [Synth 8-6901] identifier 'dreq__data' is used before its declaration [C:/Users/seanj/Documents/bluejay/vivado/bluejay/bluejay.srcs/sources_1/new/l2.sv:125]
WARNING: [Synth 8-6901] identifier 'drtn__valid' is used before its declaration [C:/Users/seanj/Documents/bluejay/vivado/bluejay/bluejay.srcs/sources_1/new/l2.sv:142]
WARNING: [Synth 8-6901] identifier 'drtn__ready' is used before its declaration [C:/Users/seanj/Documents/bluejay/vivado/bluejay/bluejay.srcs/sources_1/new/l2.sv:144]
WARNING: [Synth 8-6901] identifier 'dreq__ready' is used before its declaration [C:/Users/seanj/Documents/bluejay/vivado/bluejay/bluejay.srcs/sources_1/new/l2.sv:157]
WARNING: [Synth 8-6901] identifier 'dreq__valid' is used before its declaration [C:/Users/seanj/Documents/bluejay/vivado/bluejay/bluejay.srcs/sources_1/new/l2.sv:159]
WARNING: [Synth 8-6901] identifier 'dreq__data' is used before its declaration [C:/Users/seanj/Documents/bluejay/vivado/bluejay/bluejay.srcs/sources_1/new/l2.sv:161]
WARNING: [Synth 8-6901] identifier 'DEPTH__LOG2' is used before its declaration [C:/Users/seanj/Documents/bluejay/vivado/bluejay/bluejay.srcs/sources_1/new/memory.sv:8]
WARNING: [Synth 8-6901] identifier 'WIDTH' is used before its declaration [C:/Users/seanj/Documents/bluejay/vivado/bluejay/bluejay.srcs/sources_1/new/memory.sv:10]
WARNING: [Synth 8-6901] identifier 'WIDTH' is used before its declaration [C:/Users/seanj/Documents/bluejay/vivado/bluejay/bluejay.srcs/sources_1/new/memory.sv:11]
WARNING: [Synth 8-6901] identifier 'WIDTH' is used before its declaration [C:/Users/seanj/Documents/bluejay/vivado/bluejay/bluejay.srcs/sources_1/new/rx.sv:10]
WARNING: [Synth 8-6901] identifier 'WIDTH' is used before its declaration [C:/Users/seanj/Documents/bluejay/vivado/bluejay/bluejay.srcs/sources_1/new/rx.sv:12]
WARNING: [Synth 8-6901] identifier 'WIDTH' is used before its declaration [C:/Users/seanj/Documents/bluejay/vivado/bluejay/bluejay.srcs/sources_1/new/tx.sv:10]
WARNING: [Synth 8-6901] identifier 'WIDTH' is used before its declaration [C:/Users/seanj/Documents/bluejay/vivado/bluejay/bluejay.srcs/sources_1/new/tx.sv:12]
---------------------------------------------------------------------------------
Starting RTL Elaboration : Time (s): cpu = 00:00:03 ; elapsed = 00:00:03 . Memory (MB): peak = 890.047 ; gain = 238.973
---------------------------------------------------------------------------------
INFO: [Synth 8-6157] synthesizing module 'top' [C:/Users/seanj/Documents/bluejay/vivado/bluejay/bluejay.srcs/sources_1/new/top.sv:4]
ERROR: [Synth 8-6038] cannot resolve hierarchical name for the item 'jay__0' [C:/Users/seanj/Documents/bluejay/vivado/bluejay/bluejay.srcs/sources_1/new/top.sv:36]
ERROR: [Synth 8-6156] failed synthesizing module 'top' [C:/Users/seanj/Documents/bluejay/vivado/bluejay/bluejay.srcs/sources_1/new/top.sv:4]
---------------------------------------------------------------------------------
Finished RTL Elaboration : Time (s): cpu = 00:00:03 ; elapsed = 00:00:04 . Memory (MB): peak = 939.270 ; gain = 288.195
---------------------------------------------------------------------------------
RTL Elaboration failed
INFO: [Common 17-83] Releasing license: Synthesis
8 Infos, 55 Warnings, 0 Critical Warnings and 3 Errors encountered.
synth_design failed
ERROR: [Common 17-69] Command failed: Synthesis failed - please see the console or run log file for details
INFO: [Common 17-206] Exiting Vivado at Sat May  7 19:31:03 2022...
