Info Session started: Tue Mar  7 00:07:23 2023

Info PROGRAM /home/seankent/bluejay/imperas/imperas-riscv-tests/riscv-ovpsim-plus/bin/Linux64/riscvOVPsimPlus.exe
Info ------------- ENVIRONMENT -------------
Info --------------------------------------
Info -------- FLAGS (from command line)
Info --variant  RV64I
Info --override  riscvOVPsim/cpu/tval_ii_code=F
Info --program  /home/seankent/bluejay/ip/central_processing_unit/sim/gen/sim__xyz/ADDI-01/ADDI-01.elf
Info --signaturedump
Info --customcontrol
Info --override  riscvOVPsim/cpu/sigdump/SignatureFile=/home/seankent/bluejay/ip/central_processing_unit/sim/gen/sim__xyz/ADDI-01/ADDI-01.signature.output
Info --override  riscvOVPsim/cpu/sigdump/SignatureGranularity=4
Info --override  riscvOVPsim/cpu/simulateexceptions=T
Info --override  riscvOVPsim/cpu/defaultsemihost=F
Info --logfile  /home/seankent/bluejay/ip/central_processing_unit/sim/gen/sim__xyz/ADDI-01/ADDI-01.log
Info --override  riscvOVPsim/cpu/user_version=2.3
Info --------------------------------------
Imperas riscvOVPsimPlus


riscvOVPsimPlus (64-Bit) v20230201.0 Open Virtual Platform simulator from www.IMPERAS.com.
Copyright (c) 2005-2023 Imperas Software Ltd.  Contains Imperas Proprietary Information.
Licensed Software, All Rights Reserved.
Visit www.IMPERAS.com for multicore debug, verification and analysis solutions.

riscvOVPsimPlus started: Tue Mar  7 00:07:23 2023


Info (OR_OF) Target 'riscvOVPsim/cpu' has object file read from '/home/seankent/bluejay/ip/central_processing_unit/sim/gen/sim__xyz/ADDI-01/ADDI-01.elf'
Info (OR_PH) Program Headers:
Info (OR_PH) Type           Offset             VirtAddr           PhysAddr
Info (OR_PH)                FileSiz            MemSiz             Flags  Align
Info (OR_PD) PROC           0x0000000000004b08 0x0000000000000000 0x0000000000000000
Info (OR_PD)                0x000000000000001e 0x0000000000000000 R--    1
Info (OR_PD) LOAD           0x0000000000001000 0x0000000080000000 0x0000000080000000
Info (OR_PD)                0x0000000000001cb4 0x0000000000001cb4 R-E    1000
Info (OR_PD) LOAD           0x0000000000003000 0x0000000080002000 0x0000000080002000
Info (OR_PD)                0x0000000000001b08 0x0000000000001b08 RW-    1000
Info (SIGNATURE_DUMP_FSB) Found Symbol 'begin_signature' in application at 0x80003010
Info (SIGNATURE_DUMP_FSE) Found Symbol 'end_signature' in application at 0x80003970
Info (SIGNATURE_DUMP_EN) Signature File enabled, file '/home/seankent/bluejay/ip/central_processing_unit/sim/gen/sim__xyz/ADDI-01/ADDI-01.signature.output'.
Info (SIGNATURE_DUMP_ES) Extracting signature from 0x80003010 size 2400 bytes
Info (SIGNATURE_DUMP_SB) Symbol 'begin_signature' at 0x80003010
Info (SIGNATURE_DUMP_SE) Symbol 'end_signature' at 0x80003970
Info (SIGNATURE_DUMP_SFW) Signature Write 1 0x80003010 bytes 8 0x0
Info (SIGNATURE_DUMP_WTH) Intercept 'write_tohost'. Generate Signature file
1519ff16
54f4aeeb
429ed88e
e1b1199b
fffffc65
ffffffff
04661f73
f27008e6
c737a958
0c8484a3
00000000
00000000
2c63c32e
fd7b9df8
195b6690
0afaa29d
34b80fc8
413f2c62
34267f99
2c370a9a
67dd3ad0
2882a0b3
b2d3eb73
91dd5ad6
00000000
00000000
00000000
00000000
c83b3a08
4d236af8
a968a4ec
983b9f63
5b08602c
1fbe3ca6
6075c7c3
353a8593
4ff08f20
66268a1a
b32a446d
28ac54a3
17a2f8a6
dc3713a2
484604ab
74674399
fc9d8193
6bdd9821
9b1a86c8
825648e4
426b8727
7bf4ef1c
f6323ea8
0f49a4b2
4bfb0211
fe9b8abf
f22b6afc
347ebc89
0cc9d4a4
f52a52bf
169dc21a
caa4b80e
ffffffff
ffffffff
ffffffff
7fffffff
fffffffe
ffffffff
00000000
00000000
00000000
00000000
ffffffff
7fffffff
fffffffe
ffffffff
00000000
00000000
ffffffff
ffffffff
ffffffff
7fffffff
00000002
00000000
00000004
00000000
00000008
00000000
00000010
00000000
00000020
00000000
00000040
00000000
00000080
00000000
00000100
00000000
00000200
00000000
00000400
00000000
00000800
00000000
00000000
00000000
00000ffe
00000000
00001ffd
00000000
00003ffb
00000000
00007ff7
00000000
0000ffef
00000000
0001ffdf
00000000
0003ffbf
00000000
0007ff7f
00000000
000ffeff
00000000
001ffdff
00000000
003ffbff
00000000
008007ff
00000000
00fffffe
00000000
01fffffd
00000000
03fffffb
00000000
07fffff7
00000000
0fffffef
00000000
1fffffdf
00000000
3fffffbf
00000000
7fffff7f
00000000
fffffeff
00000000
fffffdff
00000001
fffffbff
00000003
000007ff
00000008
fffffffe
0000000f
fffffffd
0000001f
fffffffb
0000003f
fffffff7
0000007f
ffffffef
000000ff
ffffffdf
000001ff
ffffffbf
000003ff
ffffff7f
000007ff
fffffeff
00000fff
fffffdff
00001fff
fffffbff
00003fff
000007ff
00008000
fffffffe
0000ffff
fffffffd
0001ffff
fffffffb
0003ffff
fffffff7
0007ffff
ffffffef
000fffff
ffffffdf
001fffff
ffffffbf
003fffff
ffffff7f
007fffff
fffffeff
00ffffff
fffffdff
01ffffff
fffffbff
03ffffff
000007ff
08000000
fffffffe
0fffffff
fffffffd
1fffffff
fffffffb
3fffffff
fffffff7
7fffffff
ffffffed
ffffffff
ffffffdc
ffffffff
ffffffba
ffffffff
ffffff76
ffffffff
fffffeee
ffffffff
fffffdde
ffffffff
fffffbbe
ffffffff
0000077e
00000000
fffffefd
ffffffff
fffffdfc
ffffffff
fffffbfa
ffffffff
fffff7f6
ffffffff
ffffefee
ffffffff
ffffdfde
ffffffff
ffffbfbe
ffffffff
ffff7f7e
ffffffff
fffefefe
ffffffff
fffdfdfe
ffffffff
fffbfbfe
ffffffff
fff807fe
ffffffff
ffeffffd
ffffffff
ffdffffc
ffffffff
ffbffffa
ffffffff
ff7ffff6
ffffffff
feffffee
ffffffff
fdffffde
ffffffff
fbffffbe
ffffffff
f7ffff7e
ffffffff
effffefe
ffffffff
dffffdfe
ffffffff
bffffbfe
ffffffff
800007fe
ffffffff
fffffffd
fffffffe
fffffffc
fffffffd
fffffffa
fffffffb
fffffff6
fffffff7
ffffffee
ffffffef
ffffffde
ffffffdf
ffffffbe
ffffffbf
ffffff7e
ffffff7f
fffffefe
fffffeff
fffffdfe
fffffdff
fffffbfe
fffffbff
000007fe
fffff800
fffffffd
ffffefff
fffffffc
ffffdfff
fffffffa
ffffbfff
fffffff6
ffff7fff
ffffffee
fffeffff
ffffffde
fffdffff
ffffffbe
fffbffff
ffffff7e
fff7ffff
fffffefe
ffefffff
fffffdfe
ffdfffff
fffffbfe
ffbfffff
000007fe
ff800000
fffffffd
feffffff
fffffffc
fdffffff
fffffffa
fbffffff
fffffff6
f7ffffff
ffffffee
efffffff
ffffffde
dfffffff
ffffffbe
bfffffff
ffffff7e
7fffffff
00000002
00000000
00000004
00000000
00000008
00000000
00000010
00000000
00000020
00000000
00000040
00000000
00000080
00000000
00000100
00000000
00000200
00000000
00000400
00000000
00000800
00000000
00000000
00000000
00000ffe
00000000
00001ffd
00000000
00003ffb
00000000
00007ff7
00000000
0000ffef
00000000
0001ffdf
00000000
0003ffbf
00000000
0007ff7f
00000000
000ffeff
00000000
001ffdff
00000000
003ffbff
00000000
008007ff
00000000
00fffffe
00000000
01fffffd
00000000
03fffffb
00000000
07fffff7
00000000
0fffffef
00000000
1fffffdf
00000000
3fffffbf
00000000
7fffff7f
00000000
fffffeff
00000000
fffffdff
00000001
fffffbff
00000003
000007ff
00000008
fffffffe
0000000f
fffffffd
0000001f
fffffffb
0000003f
fffffff7
0000007f
ffffffef
000000ff
ffffffdf
000001ff
ffffffbf
000003ff
ffffff7f
000007ff
fffffeff
00000fff
fffffdff
00001fff
fffffbff
00003fff
000007ff
00008000
fffffffe
0000ffff
fffffffd
0001ffff
fffffffb
0003ffff
fffffff7
0007ffff
ffffffef
000fffff
ffffffdf
001fffff
ffffffbf
003fffff
ffffff7f
007fffff
fffffeff
00ffffff
fffffdff
01ffffff
fffffbff
03ffffff
000007ff
08000000
fffffffe
0fffffff
fffffffd
1fffffff
fffffffb
3fffffff
fffffff7
7fffffff
ffffffed
ffffffff
ffffffdc
ffffffff
ffffffba
ffffffff
ffffff76
ffffffff
fffffeee
ffffffff
fffffdde
ffffffff
fffffbbe
ffffffff
0000077e
00000000
fffffefd
ffffffff
fffffdfc
ffffffff
fffffbfa
ffffffff
fffff7f6
ffffffff
ffffefee
ffffffff
ffffdfde
ffffffff
ffffbfbe
ffffffff
ffff7f7e
ffffffff
fffefefe
ffffffff
fffdfdfe
ffffffff
fffbfbfe
ffffffff
fff807fe
ffffffff
ffeffffd
ffffffff
ffdffffc
ffffffff
ffbffffa
ffffffff
ff7ffff6
ffffffff
feffffee
ffffffff
fdffffde
ffffffff
fbffffbe
ffffffff
f7ffff7e
ffffffff
effffefe
ffffffff
dffffdfe
ffffffff
bffffbfe
ffffffff
800007fe
ffffffff
fffffffd
fffffffe
fffffffc
fffffffd
fffffffa
fffffffb
fffffff6
fffffff7
ffffffee
ffffffef
ffffffde
ffffffdf
ffffffbe
ffffffbf
ffffff7e
ffffff7f
fffffefe
fffffeff
fffffdfe
fffffdff
fffffbfe
fffffbff
000007fe
fffff800
fffffffd
ffffefff
fffffffc
ffffdfff
fffffffa
ffffbfff
fffffff6
ffff7fff
ffffffee
fffeffff
ffffffde
fffdffff
ffffffbe
fffbffff
ffffff7e
fff7ffff
fffffefe
ffefffff
fffffdfe
ffdfffff
fffffbfe
ffbfffff
000007fe
ff800000
fffffffd
feffffff
fffffffc
fdffffff
fffffffa
fbffffff
fffffff6
f7ffffff
ffffffee
efffffff
ffffffde
dfffffff
ffffffbe
bfffffff
ffffff7e
7fffffff
00000000
00000000
fffff8e8
ffffffff
deadbeef
00000000
deadbeef
00000000
Info 
Info ---------------------------------------------------
Info CPU 'riscvOVPsim/cpu' STATISTICS
Info   Type                  : riscv (RV64I)
Info   Nominal MIPS          : 100
Info   Final program counter : 0x8000003c
Info   Simulated instructions: 1,810
Info   Simulated MIPS        : run too short for meaningful result
Info ---------------------------------------------------
Info 
Info ---------------------------------------------------
Info SIMULATION TIME STATISTICS
Info   Simulated time        : 0.00 seconds
Info   User time             : 0.00 seconds
Info   System time           : 0.00 seconds
Info   Elapsed time          : 0.00 seconds
Info ---------------------------------------------------

riscvOVPsimPlus finished: Tue Mar  7 00:07:23 2023


riscvOVPsimPlus (64-Bit) v20230201.0 Open Virtual Platform simulator from www.IMPERAS.com.
Visit www.IMPERAS.com for multicore debug, verification and analysis solutions.

Info Session ended: Tue Mar  7 00:07:23 2023

