#-----------------------------------------------------------
# xsim v2019.2 (64-bit)
# SW Build 2708876 on Wed Nov  6 21:39:14 MST 2019
# IP Build 2700528 on Thu Nov  7 00:09:20 MST 2019
# Start of session at: Sat Feb 11 19:59:14 2023
# Process ID: 9232
# Current directory: /home/seankent/bluejay/ip/machine_timer_registers/sim/gen/sim__xyz
# Command line: xsim -mode tcl -source {xsim.dir/snapshot/xsim_script.tcl}
# Log file: /home/seankent/bluejay/ip/machine_timer_registers/sim/gen/sim__xyz/xsim.log
# Journal file: /home/seankent/bluejay/ip/machine_timer_registers/sim/gen/sim__xyz/xsim.jou
#-----------------------------------------------------------
source xsim.dir/snapshot/xsim_script.tcl
# xsim {snapshot} -wdb {/home/seankent/bluejay/ip/machine_timer_registers/sim/gen/sim__xyz/test__2/snapshot.wdb} -autoloadwcfg -tclbatch {/home/seankent/bluejay/tcl/xsim_cfg.tcl}
Vivado Simulator 2019.2
Time resolution is 1 ps
source /home/seankent/bluejay/tcl/xsim_cfg.tcl
## log_wave -recursive *
## run all
$finish called at time : 100 ns : File "/home/seankent/bluejay/ip/machine_timer_registers/tb/gen/tb.sv" Line 61
## exit
INFO: [Common 17-206] Exiting xsim at Sat Feb 11 19:59:19 2023...
