INFO: [VRFC 10-2263] Analyzing SystemVerilog file "/home/seankent/bluejay/ip/lib/src/gen/d_flip_flop.sv" into library work
INFO: [VRFC 10-311] analyzing module d_flip_flop
INFO: [VRFC 10-2263] Analyzing SystemVerilog file "/home/seankent/bluejay/ip/lib/src/gen/sr_flip_flop.sv" into library work
INFO: [VRFC 10-311] analyzing module sr_flip_flop
INFO: [VRFC 10-2263] Analyzing SystemVerilog file "/home/seankent/bluejay/ip/central_processing_unit/src/gen/central_processing_unit.sv" into library work
INFO: [VRFC 10-311] analyzing module central_processing_unit
INFO: [VRFC 10-2263] Analyzing SystemVerilog file "/home/seankent/bluejay/ip/central_processing_unit/src/gen/arithmetic_logic_unit.sv" into library work
INFO: [VRFC 10-311] analyzing module arithmetic_logic_unit
INFO: [VRFC 10-2263] Analyzing SystemVerilog file "/home/seankent/bluejay/ip/central_processing_unit/src/gen/register_file.sv" into library work
INFO: [VRFC 10-311] analyzing module register_file
INFO: [VRFC 10-2263] Analyzing SystemVerilog file "/home/seankent/bluejay/ip/central_processing_unit/src/gen/comparator.sv" into library work
INFO: [VRFC 10-311] analyzing module comparator
INFO: [VRFC 10-2263] Analyzing SystemVerilog file "/home/seankent/bluejay/ip/central_processing_unit/src/gen/decoder.sv" into library work
INFO: [VRFC 10-311] analyzing module decoder
INFO: [VRFC 10-2263] Analyzing SystemVerilog file "/home/seankent/bluejay/ip/central_processing_unit/src/gen/control_and_status_registers.sv" into library work
INFO: [VRFC 10-311] analyzing module control_and_status_registers
INFO: [VRFC 10-2458] undeclared symbol mstatus___spie, assumed default net type wire [/home/seankent/bluejay/ip/central_processing_unit/src/gen/control_and_status_registers.sv:287]
INFO: [VRFC 10-2458] undeclared symbol en__scratch, assumed default net type wire [/home/seankent/bluejay/ip/central_processing_unit/src/gen/control_and_status_registers.sv:706]
WARNING: [VRFC 10-3380] identifier 'we__misa' is used before its declaration [/home/seankent/bluejay/ip/central_processing_unit/src/gen/control_and_status_registers.sv:49]
WARNING: [VRFC 10-3380] identifier 'we__mvendorid' is used before its declaration [/home/seankent/bluejay/ip/central_processing_unit/src/gen/control_and_status_registers.sv:50]
WARNING: [VRFC 10-3380] identifier 'we__marchid' is used before its declaration [/home/seankent/bluejay/ip/central_processing_unit/src/gen/control_and_status_registers.sv:51]
WARNING: [VRFC 10-3380] identifier 'we__mimpid' is used before its declaration [/home/seankent/bluejay/ip/central_processing_unit/src/gen/control_and_status_registers.sv:52]
WARNING: [VRFC 10-3380] identifier 'we__mhartid' is used before its declaration [/home/seankent/bluejay/ip/central_processing_unit/src/gen/control_and_status_registers.sv:53]
WARNING: [VRFC 10-3380] identifier 'we__mstatus' is used before its declaration [/home/seankent/bluejay/ip/central_processing_unit/src/gen/control_and_status_registers.sv:54]
WARNING: [VRFC 10-3380] identifier 'we__mtvec' is used before its declaration [/home/seankent/bluejay/ip/central_processing_unit/src/gen/control_and_status_registers.sv:55]
WARNING: [VRFC 10-3380] identifier 'we__medeleg' is used before its declaration [/home/seankent/bluejay/ip/central_processing_unit/src/gen/control_and_status_registers.sv:56]
WARNING: [VRFC 10-3380] identifier 'we__mideleg' is used before its declaration [/home/seankent/bluejay/ip/central_processing_unit/src/gen/control_and_status_registers.sv:57]
WARNING: [VRFC 10-3380] identifier 'we__mip' is used before its declaration [/home/seankent/bluejay/ip/central_processing_unit/src/gen/control_and_status_registers.sv:58]
WARNING: [VRFC 10-3380] identifier 'we__mie' is used before its declaration [/home/seankent/bluejay/ip/central_processing_unit/src/gen/control_and_status_registers.sv:59]
WARNING: [VRFC 10-3380] identifier 'we__mcycle' is used before its declaration [/home/seankent/bluejay/ip/central_processing_unit/src/gen/control_and_status_registers.sv:60]
WARNING: [VRFC 10-3380] identifier 'we__minstret' is used before its declaration [/home/seankent/bluejay/ip/central_processing_unit/src/gen/control_and_status_registers.sv:61]
WARNING: [VRFC 10-3380] identifier 'we__mhpmcounter3' is used before its declaration [/home/seankent/bluejay/ip/central_processing_unit/src/gen/control_and_status_registers.sv:62]
WARNING: [VRFC 10-3380] identifier 'we__mhpmevent3' is used before its declaration [/home/seankent/bluejay/ip/central_processing_unit/src/gen/control_and_status_registers.sv:63]
WARNING: [VRFC 10-3380] identifier 'we__mscratch' is used before its declaration [/home/seankent/bluejay/ip/central_processing_unit/src/gen/control_and_status_registers.sv:64]
WARNING: [VRFC 10-3380] identifier 'we__mepc' is used before its declaration [/home/seankent/bluejay/ip/central_processing_unit/src/gen/control_and_status_registers.sv:65]
WARNING: [VRFC 10-3380] identifier 'we__mcause' is used before its declaration [/home/seankent/bluejay/ip/central_processing_unit/src/gen/control_and_status_registers.sv:66]
WARNING: [VRFC 10-3380] identifier 'we__mtval' is used before its declaration [/home/seankent/bluejay/ip/central_processing_unit/src/gen/control_and_status_registers.sv:67]
WARNING: [VRFC 10-3380] identifier 'misa' is used before its declaration [/home/seankent/bluejay/ip/central_processing_unit/src/gen/control_and_status_registers.sv:72]
WARNING: [VRFC 10-3380] identifier 'we__misa' is used before its declaration [/home/seankent/bluejay/ip/central_processing_unit/src/gen/control_and_status_registers.sv:73]
WARNING: [VRFC 10-3380] identifier 'mvendorid' is used before its declaration [/home/seankent/bluejay/ip/central_processing_unit/src/gen/control_and_status_registers.sv:77]
WARNING: [VRFC 10-3380] identifier 'we__mvendorid' is used before its declaration [/home/seankent/bluejay/ip/central_processing_unit/src/gen/control_and_status_registers.sv:78]
WARNING: [VRFC 10-3380] identifier 'marchid' is used before its declaration [/home/seankent/bluejay/ip/central_processing_unit/src/gen/control_and_status_registers.sv:82]
WARNING: [VRFC 10-3380] identifier 'we__marchid' is used before its declaration [/home/seankent/bluejay/ip/central_processing_unit/src/gen/control_and_status_registers.sv:83]
WARNING: [VRFC 10-3380] identifier 'mimpid' is used before its declaration [/home/seankent/bluejay/ip/central_processing_unit/src/gen/control_and_status_registers.sv:87]
WARNING: [VRFC 10-3380] identifier 'we__mimpid' is used before its declaration [/home/seankent/bluejay/ip/central_processing_unit/src/gen/control_and_status_registers.sv:88]
WARNING: [VRFC 10-3380] identifier 'mhartid' is used before its declaration [/home/seankent/bluejay/ip/central_processing_unit/src/gen/control_and_status_registers.sv:92]
WARNING: [VRFC 10-3380] identifier 'we__mhartid' is used before its declaration [/home/seankent/bluejay/ip/central_processing_unit/src/gen/control_and_status_registers.sv:93]
WARNING: [VRFC 10-3380] identifier 'mstatus' is used before its declaration [/home/seankent/bluejay/ip/central_processing_unit/src/gen/control_and_status_registers.sv:97]
WARNING: [VRFC 10-3380] identifier 'we__mstatus' is used before its declaration [/home/seankent/bluejay/ip/central_processing_unit/src/gen/control_and_status_registers.sv:98]
WARNING: [VRFC 10-3380] identifier 'mtvec' is used before its declaration [/home/seankent/bluejay/ip/central_processing_unit/src/gen/control_and_status_registers.sv:102]
WARNING: [VRFC 10-3380] identifier 'we__mtvec' is used before its declaration [/home/seankent/bluejay/ip/central_processing_unit/src/gen/control_and_status_registers.sv:103]
WARNING: [VRFC 10-3380] identifier 'medeleg' is used before its declaration [/home/seankent/bluejay/ip/central_processing_unit/src/gen/control_and_status_registers.sv:107]
WARNING: [VRFC 10-3380] identifier 'we__medeleg' is used before its declaration [/home/seankent/bluejay/ip/central_processing_unit/src/gen/control_and_status_registers.sv:108]
WARNING: [VRFC 10-3380] identifier 'mideleg' is used before its declaration [/home/seankent/bluejay/ip/central_processing_unit/src/gen/control_and_status_registers.sv:112]
WARNING: [VRFC 10-3380] identifier 'we__mideleg' is used before its declaration [/home/seankent/bluejay/ip/central_processing_unit/src/gen/control_and_status_registers.sv:113]
WARNING: [VRFC 10-3380] identifier 'mip' is used before its declaration [/home/seankent/bluejay/ip/central_processing_unit/src/gen/control_and_status_registers.sv:117]
WARNING: [VRFC 10-3380] identifier 'we__mip' is used before its declaration [/home/seankent/bluejay/ip/central_processing_unit/src/gen/control_and_status_registers.sv:118]
WARNING: [VRFC 10-3380] identifier 'mie' is used before its declaration [/home/seankent/bluejay/ip/central_processing_unit/src/gen/control_and_status_registers.sv:122]
WARNING: [VRFC 10-3380] identifier 'we__mie' is used before its declaration [/home/seankent/bluejay/ip/central_processing_unit/src/gen/control_and_status_registers.sv:123]
WARNING: [VRFC 10-3380] identifier 'mcycle' is used before its declaration [/home/seankent/bluejay/ip/central_processing_unit/src/gen/control_and_status_registers.sv:127]
WARNING: [VRFC 10-3380] identifier 'we__mcycle' is used before its declaration [/home/seankent/bluejay/ip/central_processing_unit/src/gen/control_and_status_registers.sv:128]
WARNING: [VRFC 10-3380] identifier 'minstret' is used before its declaration [/home/seankent/bluejay/ip/central_processing_unit/src/gen/control_and_status_registers.sv:132]
WARNING: [VRFC 10-3380] identifier 'we__minstret' is used before its declaration [/home/seankent/bluejay/ip/central_processing_unit/src/gen/control_and_status_registers.sv:133]
WARNING: [VRFC 10-3380] identifier 'mhpmcounter3' is used before its declaration [/home/seankent/bluejay/ip/central_processing_unit/src/gen/control_and_status_registers.sv:137]
WARNING: [VRFC 10-3380] identifier 'we__mhpmcounter3' is used before its declaration [/home/seankent/bluejay/ip/central_processing_unit/src/gen/control_and_status_registers.sv:138]
WARNING: [VRFC 10-3380] identifier 'mhpmevent3' is used before its declaration [/home/seankent/bluejay/ip/central_processing_unit/src/gen/control_and_status_registers.sv:142]
WARNING: [VRFC 10-3380] identifier 'we__mhpmevent3' is used before its declaration [/home/seankent/bluejay/ip/central_processing_unit/src/gen/control_and_status_registers.sv:143]
WARNING: [VRFC 10-3380] identifier 'mscratch' is used before its declaration [/home/seankent/bluejay/ip/central_processing_unit/src/gen/control_and_status_registers.sv:147]
WARNING: [VRFC 10-3380] identifier 'we__mscratch' is used before its declaration [/home/seankent/bluejay/ip/central_processing_unit/src/gen/control_and_status_registers.sv:148]
WARNING: [VRFC 10-3380] identifier 'mepc' is used before its declaration [/home/seankent/bluejay/ip/central_processing_unit/src/gen/control_and_status_registers.sv:152]
WARNING: [VRFC 10-3380] identifier 'we__mepc' is used before its declaration [/home/seankent/bluejay/ip/central_processing_unit/src/gen/control_and_status_registers.sv:153]
WARNING: [VRFC 10-3380] identifier 'mcause' is used before its declaration [/home/seankent/bluejay/ip/central_processing_unit/src/gen/control_and_status_registers.sv:157]
WARNING: [VRFC 10-3380] identifier 'we__mcause' is used before its declaration [/home/seankent/bluejay/ip/central_processing_unit/src/gen/control_and_status_registers.sv:158]
WARNING: [VRFC 10-3380] identifier 'mtval' is used before its declaration [/home/seankent/bluejay/ip/central_processing_unit/src/gen/control_and_status_registers.sv:162]
WARNING: [VRFC 10-3380] identifier 'we__mtval' is used before its declaration [/home/seankent/bluejay/ip/central_processing_unit/src/gen/control_and_status_registers.sv:163]
INFO: [VRFC 10-2263] Analyzing SystemVerilog file "/home/seankent/bluejay/ip/machine_timer_registers/src/gen/machine_timer_registers.sv" into library work
INFO: [VRFC 10-311] analyzing module machine_timer_registers
WARNING: [VRFC 10-3380] identifier 'mtime' is used before its declaration [/home/seankent/bluejay/ip/machine_timer_registers/src/gen/machine_timer_registers.sv:17]
WARNING: [VRFC 10-3380] identifier 'we__mtime' is used before its declaration [/home/seankent/bluejay/ip/machine_timer_registers/src/gen/machine_timer_registers.sv:22]
WARNING: [VRFC 10-3380] identifier 'we__mtimecmp' is used before its declaration [/home/seankent/bluejay/ip/machine_timer_registers/src/gen/machine_timer_registers.sv:23]
WARNING: [VRFC 10-3380] identifier 'mtime' is used before its declaration [/home/seankent/bluejay/ip/machine_timer_registers/src/gen/machine_timer_registers.sv:28]
WARNING: [VRFC 10-3380] identifier 'we__mtime' is used before its declaration [/home/seankent/bluejay/ip/machine_timer_registers/src/gen/machine_timer_registers.sv:29]
WARNING: [VRFC 10-3380] identifier 'mtimecmp' is used before its declaration [/home/seankent/bluejay/ip/machine_timer_registers/src/gen/machine_timer_registers.sv:33]
WARNING: [VRFC 10-3380] identifier 'we__mtimecmp' is used before its declaration [/home/seankent/bluejay/ip/machine_timer_registers/src/gen/machine_timer_registers.sv:34]
INFO: [VRFC 10-2263] Analyzing SystemVerilog file "/home/seankent/bluejay/ip/machine_timer_registers/tb/gen/tb.sv" into library work
INFO: [VRFC 10-311] analyzing module tb
