#-----------------------------------------------------------
# xsim v2019.2 (64-bit)
# SW Build 2708876 on Wed Nov  6 21:39:14 MST 2019
# IP Build 2700528 on Thu Nov  7 00:09:20 MST 2019
# Start of session at: Mon Jan 23 18:28:12 2023
# Process ID: 6056
# Current directory: /home/seankent/bluejay/ip/platform_level_interrupt_controller/sim
# Command line: xsim -mode tcl -source {xsim.dir/tb__platform_level_interrupt_controller__snapshot/xsim_script.tcl}
# Log file: /home/seankent/bluejay/ip/platform_level_interrupt_controller/sim/xsim.log
# Journal file: /home/seankent/bluejay/ip/platform_level_interrupt_controller/sim/xsim.jou
#-----------------------------------------------------------
source xsim.dir/tb__platform_level_interrupt_controller__snapshot/xsim_script.tcl
# xsim {tb__platform_level_interrupt_controller__snapshot} -wdb {tb__platform_level_interrupt_controller__snapshot.wdb} -autoloadwcfg -tclbatch {xsim_cfg.tcl}
Vivado Simulator 2019.2
Time resolution is 1 ps
source xsim_cfg.tcl
## log_wave -recursive *
## run all
$finish called at time : 120 ns : File "/home/seankent/bluejay/ip/platform_level_interrupt_controller/tb/gen/tb__platform_level_interrupt_controller.sv" Line 66
## exit
INFO: [Common 17-206] Exiting xsim at Mon Jan 23 18:28:17 2023...
