#-----------------------------------------------------------
# xsim v2019.2 (64-bit)
# SW Build 2708876 on Wed Nov  6 21:39:14 MST 2019
# IP Build 2700528 on Thu Nov  7 00:09:20 MST 2019
# Start of session at: Mon Jan 23 18:23:06 2023
# Process ID: 5359
# Current directory: /home/seankent/bluejay/ip/platform_level_interrupt_controller/sim
# Command line: xsim -source {xsim.dir/tb__platform_level_interrupt_controller__snapshot.wdb/xsim_script.tcl}
# Log file: /home/seankent/bluejay/ip/platform_level_interrupt_controller/sim/xsim.log
# Journal file: /home/seankent/bluejay/ip/platform_level_interrupt_controller/sim/xsim.jou
#-----------------------------------------------------------
start_gui
source xsim.dir/tb__platform_level_interrupt_controller__snapshot.wdb/xsim_script.tcl
# set_param project.enableReportConfiguration 0
# load_feature core
# current_fileset
INFO: [IP_Flow 19-234] Refreshing IP repositories
INFO: [IP_Flow 19-1704] No user IP repositories specified
INFO: [IP_Flow 19-2313] Loaded Vivado IP repository '/tools/Xilinx/Vivado/2019.2/data/ip'.
# xsim {tb__platform_level_interrupt_controller__snapshot.wdb} -autoloadwcfg
create_wave_config; add_wave /; set_property needs_save false [current_wave_config]
close_sim
INFO: [Simtcl 6-16] Simulation closed
exit
INFO: [Common 17-206] Exiting xsim at Mon Jan 23 18:28:05 2023...
