INFO: [VRFC 10-2263] Analyzing SystemVerilog file "/home/seankent/bluejay/ip/platform_level_interrupt_controller/src/gen/platform_level_interrupt_controller__core.sv" into library work
INFO: [VRFC 10-311] analyzing module platform_level_interrupt_controller__core
INFO: [VRFC 10-2458] undeclared symbol claim__1, assumed default net type wire [/home/seankent/bluejay/ip/platform_level_interrupt_controller/src/gen/platform_level_interrupt_controller__core.sv:32]
INFO: [VRFC 10-2458] undeclared symbol context__0__ie__0, assumed default net type wire [/home/seankent/bluejay/ip/platform_level_interrupt_controller/src/gen/platform_level_interrupt_controller__core.sv:45]
INFO: [VRFC 10-2458] undeclared symbol priority__0, assumed default net type wire [/home/seankent/bluejay/ip/platform_level_interrupt_controller/src/gen/platform_level_interrupt_controller__core.sv:47]
INFO: [VRFC 10-2458] undeclared symbol context__0__ie__1, assumed default net type wire [/home/seankent/bluejay/ip/platform_level_interrupt_controller/src/gen/platform_level_interrupt_controller__core.sv:49]
INFO: [VRFC 10-2458] undeclared symbol priority__1, assumed default net type wire [/home/seankent/bluejay/ip/platform_level_interrupt_controller/src/gen/platform_level_interrupt_controller__core.sv:51]
INFO: [VRFC 10-2458] undeclared symbol context__0__priority_mux__0__id, assumed default net type wire [/home/seankent/bluejay/ip/platform_level_interrupt_controller/src/gen/platform_level_interrupt_controller__core.sv:52]
INFO: [VRFC 10-2458] undeclared symbol context__0__priority_mux__0__ie, assumed default net type wire [/home/seankent/bluejay/ip/platform_level_interrupt_controller/src/gen/platform_level_interrupt_controller__core.sv:53]
INFO: [VRFC 10-2458] undeclared symbol context__0__priority_mux__0__ip, assumed default net type wire [/home/seankent/bluejay/ip/platform_level_interrupt_controller/src/gen/platform_level_interrupt_controller__core.sv:54]
INFO: [VRFC 10-2458] undeclared symbol context__0__priority_mux__0__priority, assumed default net type wire [/home/seankent/bluejay/ip/platform_level_interrupt_controller/src/gen/platform_level_interrupt_controller__core.sv:55]
INFO: [VRFC 10-2458] undeclared symbol context__0__id, assumed default net type wire [/home/seankent/bluejay/ip/platform_level_interrupt_controller/src/gen/platform_level_interrupt_controller__core.sv:58]
INFO: [VRFC 10-2458] undeclared symbol context__0__priority, assumed default net type wire [/home/seankent/bluejay/ip/platform_level_interrupt_controller/src/gen/platform_level_interrupt_controller__core.sv:59]
WARNING: [VRFC 10-2938] 'priority__0' is already implicitly declared on line 47 [/home/seankent/bluejay/ip/platform_level_interrupt_controller/src/gen/platform_level_interrupt_controller__core.sv:123]
WARNING: [VRFC 10-2938] 'priority__1' is already implicitly declared on line 51 [/home/seankent/bluejay/ip/platform_level_interrupt_controller/src/gen/platform_level_interrupt_controller__core.sv:134]
WARNING: [VRFC 10-2938] 'context__0__ie__0' is already implicitly declared on line 45 [/home/seankent/bluejay/ip/platform_level_interrupt_controller/src/gen/platform_level_interrupt_controller__core.sv:162]
WARNING: [VRFC 10-2938] 'context__0__ie__1' is already implicitly declared on line 49 [/home/seankent/bluejay/ip/platform_level_interrupt_controller/src/gen/platform_level_interrupt_controller__core.sv:163]
WARNING: [VRFC 10-2938] 'claim__1' is already implicitly declared on line 32 [/home/seankent/bluejay/ip/platform_level_interrupt_controller/src/gen/platform_level_interrupt_controller__core.sv:225]
WARNING: [VRFC 10-3380] identifier 'context__0__threshold' is used before its declaration [/home/seankent/bluejay/ip/platform_level_interrupt_controller/src/gen/platform_level_interrupt_controller__core.sv:60]
WARNING: [VRFC 10-3380] identifier 'we__priority__0' is used before its declaration [/home/seankent/bluejay/ip/platform_level_interrupt_controller/src/gen/platform_level_interrupt_controller__core.sv:66]
WARNING: [VRFC 10-3380] identifier 're__priority__0' is used before its declaration [/home/seankent/bluejay/ip/platform_level_interrupt_controller/src/gen/platform_level_interrupt_controller__core.sv:67]
WARNING: [VRFC 10-3380] identifier 'we__priority__1' is used before its declaration [/home/seankent/bluejay/ip/platform_level_interrupt_controller/src/gen/platform_level_interrupt_controller__core.sv:68]
WARNING: [VRFC 10-3380] identifier 're__priority__1' is used before its declaration [/home/seankent/bluejay/ip/platform_level_interrupt_controller/src/gen/platform_level_interrupt_controller__core.sv:69]
WARNING: [VRFC 10-3380] identifier 'we__ip__0_to_31' is used before its declaration [/home/seankent/bluejay/ip/platform_level_interrupt_controller/src/gen/platform_level_interrupt_controller__core.sv:70]
WARNING: [VRFC 10-3380] identifier 're__ip__0_to_31' is used before its declaration [/home/seankent/bluejay/ip/platform_level_interrupt_controller/src/gen/platform_level_interrupt_controller__core.sv:71]
WARNING: [VRFC 10-3380] identifier 'we__context__0__ie__0_to_31' is used before its declaration [/home/seankent/bluejay/ip/platform_level_interrupt_controller/src/gen/platform_level_interrupt_controller__core.sv:72]
WARNING: [VRFC 10-3380] identifier 're__context__0__ie__0_to_31' is used before its declaration [/home/seankent/bluejay/ip/platform_level_interrupt_controller/src/gen/platform_level_interrupt_controller__core.sv:73]
WARNING: [VRFC 10-3380] identifier 'we__context__0__threshold' is used before its declaration [/home/seankent/bluejay/ip/platform_level_interrupt_controller/src/gen/platform_level_interrupt_controller__core.sv:74]
WARNING: [VRFC 10-3380] identifier 're__context__0__threshold' is used before its declaration [/home/seankent/bluejay/ip/platform_level_interrupt_controller/src/gen/platform_level_interrupt_controller__core.sv:75]
WARNING: [VRFC 10-3380] identifier 'we__context__0__claim_complete' is used before its declaration [/home/seankent/bluejay/ip/platform_level_interrupt_controller/src/gen/platform_level_interrupt_controller__core.sv:76]
WARNING: [VRFC 10-3380] identifier 're__context__0__claim_complete' is used before its declaration [/home/seankent/bluejay/ip/platform_level_interrupt_controller/src/gen/platform_level_interrupt_controller__core.sv:77]
WARNING: [VRFC 10-3380] identifier 'we__priority__0' is used before its declaration [/home/seankent/bluejay/ip/platform_level_interrupt_controller/src/gen/platform_level_interrupt_controller__core.sv:83]
WARNING: [VRFC 10-3380] identifier 're__priority__0' is used before its declaration [/home/seankent/bluejay/ip/platform_level_interrupt_controller/src/gen/platform_level_interrupt_controller__core.sv:84]
WARNING: [VRFC 10-3380] identifier 'we__priority__1' is used before its declaration [/home/seankent/bluejay/ip/platform_level_interrupt_controller/src/gen/platform_level_interrupt_controller__core.sv:89]
WARNING: [VRFC 10-3380] identifier 're__priority__1' is used before its declaration [/home/seankent/bluejay/ip/platform_level_interrupt_controller/src/gen/platform_level_interrupt_controller__core.sv:90]
WARNING: [VRFC 10-3380] identifier 'ip__0_to_31' is used before its declaration [/home/seankent/bluejay/ip/platform_level_interrupt_controller/src/gen/platform_level_interrupt_controller__core.sv:94]
WARNING: [VRFC 10-3380] identifier 'we__ip__0_to_31' is used before its declaration [/home/seankent/bluejay/ip/platform_level_interrupt_controller/src/gen/platform_level_interrupt_controller__core.sv:95]
WARNING: [VRFC 10-3380] identifier 're__ip__0_to_31' is used before its declaration [/home/seankent/bluejay/ip/platform_level_interrupt_controller/src/gen/platform_level_interrupt_controller__core.sv:96]
WARNING: [VRFC 10-3380] identifier 'context__0__ie__0_to_31' is used before its declaration [/home/seankent/bluejay/ip/platform_level_interrupt_controller/src/gen/platform_level_interrupt_controller__core.sv:100]
WARNING: [VRFC 10-3380] identifier 'we__context__0__ie__0_to_31' is used before its declaration [/home/seankent/bluejay/ip/platform_level_interrupt_controller/src/gen/platform_level_interrupt_controller__core.sv:101]
WARNING: [VRFC 10-3380] identifier 're__context__0__ie__0_to_31' is used before its declaration [/home/seankent/bluejay/ip/platform_level_interrupt_controller/src/gen/platform_level_interrupt_controller__core.sv:102]
WARNING: [VRFC 10-3380] identifier 'context__0__threshold' is used before its declaration [/home/seankent/bluejay/ip/platform_level_interrupt_controller/src/gen/platform_level_interrupt_controller__core.sv:106]
WARNING: [VRFC 10-3380] identifier 'we__context__0__threshold' is used before its declaration [/home/seankent/bluejay/ip/platform_level_interrupt_controller/src/gen/platform_level_interrupt_controller__core.sv:107]
WARNING: [VRFC 10-3380] identifier 're__context__0__threshold' is used before its declaration [/home/seankent/bluejay/ip/platform_level_interrupt_controller/src/gen/platform_level_interrupt_controller__core.sv:108]
WARNING: [VRFC 10-3380] identifier 'context__0__claim_complete' is used before its declaration [/home/seankent/bluejay/ip/platform_level_interrupt_controller/src/gen/platform_level_interrupt_controller__core.sv:112]
WARNING: [VRFC 10-3380] identifier 'we__context__0__claim_complete' is used before its declaration [/home/seankent/bluejay/ip/platform_level_interrupt_controller/src/gen/platform_level_interrupt_controller__core.sv:113]
WARNING: [VRFC 10-3380] identifier 're__context__0__claim_complete' is used before its declaration [/home/seankent/bluejay/ip/platform_level_interrupt_controller/src/gen/platform_level_interrupt_controller__core.sv:114]
INFO: [VRFC 10-2263] Analyzing SystemVerilog file "/home/seankent/bluejay/ip/platform_level_interrupt_controller/src/gen/platform_level_interrupt_controller__gateway.sv" into library work
INFO: [VRFC 10-311] analyzing module platform_level_interrupt_controller__gateway
INFO: [VRFC 10-2263] Analyzing SystemVerilog file "/home/seankent/bluejay/ip/platform_level_interrupt_controller/src/gen/platform_level_interrupt_controller__priority_mux.sv" into library work
INFO: [VRFC 10-311] analyzing module platform_level_interrupt_controller__priority_mux
INFO: [VRFC 10-2263] Analyzing SystemVerilog file "/home/seankent/bluejay/ip/platform_level_interrupt_controller/src/gen/platform_level_interrupt_controller.sv" into library work
INFO: [VRFC 10-311] analyzing module platform_level_interrupt_controller
INFO: [VRFC 10-2263] Analyzing SystemVerilog file "/home/seankent/bluejay/ip/platform_level_interrupt_controller/tb/gen/tb__platform_level_interrupt_controller.sv" into library work
INFO: [VRFC 10-311] analyzing module tb__platform_level_interrupt_controller
