Info Session started: Sat Apr  1 16:49:43 2023

Info PROGRAM /home/seankent/bluejay/imperas/imperas-riscv-tests/riscv-ovpsim-plus/bin/Linux64/riscvOVPsimPlus.exe
Info ------------- ENVIRONMENT -------------
Info --------------------------------------
Info -------- FLAGS (from command line)
Info --variant  RV64I
Info --override  riscvOVPsim/cpu/tval_ii_code=F
Info --program  /home/seankent/bluejay/ip/central_processing_unit/sim/gen/sim__xyz/LWU-01/LWU-01.elf
Info --signaturedump
Info --customcontrol
Info --override  riscvOVPsim/cpu/sigdump/SignatureFile=/home/seankent/bluejay/ip/central_processing_unit/sim/gen/sim__xyz/LWU-01/LWU-01.signature.output
Info --override  riscvOVPsim/cpu/sigdump/SignatureGranularity=4
Info --override  riscvOVPsim/cpu/simulateexceptions=T
Info --override  riscvOVPsim/cpu/defaultsemihost=F
Info --logfile  /home/seankent/bluejay/ip/central_processing_unit/sim/gen/sim__xyz/LWU-01/LWU-01.log
Info --override  riscvOVPsim/cpu/user_version=2.3
Info --------------------------------------
Imperas riscvOVPsimPlus


riscvOVPsimPlus (64-Bit) v20230201.0 Open Virtual Platform simulator from www.IMPERAS.com.
Copyright (c) 2005-2023 Imperas Software Ltd.  Contains Imperas Proprietary Information.
Licensed Software, All Rights Reserved.
Visit www.IMPERAS.com for multicore debug, verification and analysis solutions.

riscvOVPsimPlus started: Sat Apr  1 16:49:43 2023


Info (OR_OF) Target 'riscvOVPsim/cpu' has object file read from '/home/seankent/bluejay/ip/central_processing_unit/sim/gen/sim__xyz/LWU-01/LWU-01.elf'
Info (OR_PH) Program Headers:
Info (OR_PH) Type           Offset             VirtAddr           PhysAddr
Info (OR_PH)                FileSiz            MemSiz             Flags  Align
Info (OR_PD) PROC           0x0000000000005d08 0x0000000000000000 0x0000000000000000
Info (OR_PD)                0x000000000000001e 0x0000000000000000 R--    1
Info (OR_PD) LOAD           0x0000000000001000 0x0000000080000000 0x0000000080000000
Info (OR_PD)                0x00000000000026b4 0x00000000000026b4 R-E    1000
Info (OR_PD) LOAD           0x0000000000004000 0x0000000080003000 0x0000000080003000
Info (OR_PD)                0x0000000000001d08 0x0000000000001d08 RW-    1000
Info (SIGNATURE_DUMP_FSB) Found Symbol 'begin_signature' in application at 0x80004210
Info (SIGNATURE_DUMP_FSE) Found Symbol 'end_signature' in application at 0x80004b70
Info (SIGNATURE_DUMP_EN) Signature File enabled, file '/home/seankent/bluejay/ip/central_processing_unit/sim/gen/sim__xyz/LWU-01/LWU-01.signature.output'.
Info (SIGNATURE_DUMP_ES) Extracting signature from 0x80004210 size 2400 bytes
Info (SIGNATURE_DUMP_SB) Symbol 'begin_signature' at 0x80004210
Info (SIGNATURE_DUMP_SE) Symbol 'end_signature' at 0x80004b70
Info (SIGNATURE_DUMP_SFW) Signature Write 1 0x80004210 bytes 8 0x0
Info (SIGNATURE_DUMP_WTH) Intercept 'write_tohost'. Generate Signature file
fffffffe
00000000
fffffffd
00000000
fffffffb
00000000
fffffff7
00000000
ffffffef
00000000
00000000
00000000
ffffffbf
00000000
ffffff7f
00000000
fffffeff
00000000
fffffdff
00000000
fffffeff
00000000
fffff7ff
00000000
ffffefff
00000000
ffffdfff
00000000
ffffefff
00000000
ffff7fff
00000000
fffeffff
00000000
fffdffff
00000000
fffbffff
00000000
fff7ffff
00000000
ffefffff
00000000
ffdfffff
00000000
ffbfffff
00000000
ff7fffff
00000000
feffffff
00000000
fdffffff
00000000
feffffff
00000000
f7ffffff
00000000
efffffff
00000000
dfffffff
00000000
efffffff
00000000
7fffffff
00000000
ffffffff
00000000
00000001
00000000
00000002
00000000
00000000
00000000
00000008
00000000
00000010
00000000
00000020
00000000
00000040
00000000
00000080
00000000
00000100
00000000
00000200
00000000
00000400
00000000
00000800
00000000
00001000
00000000
00002000
00000000
00004000
00000000
00008000
00000000
00000001
00000000
00000002
00000000
00040000
00000000
00080000
00000000
00000010
00000000
00000020
00000000
00400000
00000000
00800000
00000000
00000100
00000000
00000200
00000000
04000000
00000000
08000000
00000000
00001000
00000000
00002000
00000000
40000000
00000000
80000000
00000000
00000000
00000000
fffffffe
00000000
fffffffd
00000000
fffffffb
00000000
fffffff7
00000000
ffffffef
00000000
ffffffdf
00000000
ffffffbf
00000000
ffffff7f
00000000
fffffeff
00000000
fffffdff
00000000
fffffeff
00000000
fffff7ff
00000000
ffffefff
00000000
ffffdfff
00000000
ffffefff
00000000
ffff7fff
00000000
fffeffff
00000000
fffdffff
00000000
fffbffff
00000000
fff7ffff
00000000
ffefffff
00000000
ffdfffff
00000000
ffbfffff
00000000
ff7fffff
00000000
feffffff
00000000
fdffffff
00000000
feffffff
00000000
f7ffffff
00000000
efffffff
00000000
dfffffff
00000000
efffffff
00000000
7fffffff
00000000
ffffffff
00000000
00000001
00000000
00000002
00000000
00000004
00000000
00000008
00000000
00000010
00000000
00000020
00000000
00000040
00000000
00000080
00000000
00000100
00000000
00000200
00000000
00000400
00000000
00000800
00000000
00001000
00000000
00002000
00000000
00004000
00000000
00008000
00000000
00000001
00000000
00000002
00000000
00040000
00000000
00080000
00000000
00000010
00000000
00000020
00000000
00400000
00000000
00800000
00000000
00000100
00000000
00000200
00000000
04000000
00000000
08000000
00000000
00001000
00000000
00002000
00000000
40000000
00000000
80000000
00000000
00000000
00000000
fffffffe
00000000
fffffffd
00000000
fffffffb
00000000
fffffff7
00000000
ffffffef
00000000
ffffffdf
00000000
ffffffbf
00000000
ffffff7f
00000000
fffffeff
00000000
fffffdff
00000000
fffffeff
00000000
fffff7ff
00000000
ffffefff
00000000
ffffdfff
00000000
ffffefff
00000000
ffff7fff
00000000
fffeffff
00000000
fffdffff
00000000
fffbffff
00000000
fff7ffff
00000000
ffefffff
00000000
ffdfffff
00000000
ffbfffff
00000000
ff7fffff
00000000
feffffff
00000000
fdffffff
00000000
feffffff
00000000
f7ffffff
00000000
efffffff
00000000
dfffffff
00000000
efffffff
00000000
7fffffff
00000000
ffffffff
00000000
00000001
00000000
00000002
00000000
00000004
00000000
00000008
00000000
00000010
00000000
00000020
00000000
00000040
00000000
00000080
00000000
00000100
00000000
00000200
00000000
00000400
00000000
00000800
00000000
00001000
00000000
00002000
00000000
00004000
00000000
00008000
00000000
00000001
00000000
00000002
00000000
00040000
00000000
00080000
00000000
00000010
00000000
00000020
00000000
00400000
00000000
00800000
00000000
00000100
00000000
00000200
00000000
04000000
00000000
08000000
00000000
00001000
00000000
00002000
00000000
40000000
00000000
80000000
00000000
00000000
00000000
fffffffe
00000000
fffffffd
00000000
fffffffb
00000000
fffffff7
00000000
ffffffef
00000000
ffffffdf
00000000
ffffffbf
00000000
ffffff7f
00000000
fffffeff
00000000
fffffdff
00000000
fffffeff
00000000
fffff7ff
00000000
ffffefff
00000000
ffffdfff
00000000
ffffefff
00000000
ffff7fff
00000000
fffeffff
00000000
fffdffff
00000000
fffbffff
00000000
fff7ffff
00000000
ffefffff
00000000
ffdfffff
00000000
ffbfffff
00000000
ff7fffff
00000000
feffffff
00000000
fdffffff
00000000
feffffff
00000000
f7ffffff
00000000
efffffff
00000000
dfffffff
00000000
efffffff
00000000
7fffffff
00000000
ffffffff
00000000
00000001
00000000
00000002
00000000
00000004
00000000
00000008
00000000
00000010
00000000
00000020
00000000
00000040
00000000
00000080
00000000
00000100
00000000
00000200
00000000
00000400
00000000
00000800
00000000
00001000
00000000
00002000
00000000
00004000
00000000
00008000
00000000
00000001
00000000
00000002
00000000
00040000
00000000
00080000
00000000
00000010
00000000
00000020
00000000
00400000
00000000
00800000
00000000
00000100
00000000
00000200
00000000
04000000
00000000
08000000
00000000
00001000
00000000
00002000
00000000
40000000
00000000
80000000
00000000
00000000
00000000
fffffffe
00000000
fffffffd
00000000
fffffffb
00000000
fffffff7
00000000
ffffffef
00000000
ffffffdf
00000000
ffffffbf
00000000
ffffff7f
00000000
fffffeff
00000000
fffffdff
00000000
fffffeff
00000000
fffff7ff
00000000
ffffefff
00000000
ffffdfff
00000000
ffffefff
00000000
ffff7fff
00000000
fffeffff
00000000
fffdffff
00000000
fffbffff
00000000
fff7ffff
00000000
ffefffff
00000000
ffdfffff
00000000
ffbfffff
00000000
ff7fffff
00000000
feffffff
00000000
fdffffff
00000000
feffffff
00000000
f7ffffff
00000000
efffffff
00000000
dfffffff
00000000
efffffff
00000000
7fffffff
00000000
00000000
00000000
deadbeef
00000000
deadbeef
00000000
deadbeef
00000000
Info 
Info ---------------------------------------------------
Info CPU 'riscvOVPsim/cpu' STATISTICS
Info   Type                  : riscv (RV64I)
Info   Nominal MIPS          : 100
Info   Final program counter : 0x8000003c
Info   Simulated instructions: 2,454
Info   Simulated MIPS        : run too short for meaningful result
Info ---------------------------------------------------
Info 
Info ---------------------------------------------------
Info SIMULATION TIME STATISTICS
Info   Simulated time        : 0.00 seconds
Info   User time             : 0.00 seconds
Info   System time           : 0.00 seconds
Info   Elapsed time          : 0.00 seconds
Info ---------------------------------------------------

riscvOVPsimPlus finished: Sat Apr  1 16:49:43 2023


riscvOVPsimPlus (64-Bit) v20230201.0 Open Virtual Platform simulator from www.IMPERAS.com.
Visit www.IMPERAS.com for multicore debug, verification and analysis solutions.

Info Session ended: Sat Apr  1 16:49:43 2023

