Info Session started: Tue Apr 11 20:04:12 2023

Info PROGRAM /home/seankent/bluejay/imperas/imperas-riscv-tests/riscv-ovpsim-plus/bin/Linux64/riscvOVPsimPlus.exe
Info ------------- ENVIRONMENT -------------
Info --------------------------------------
Info -------- FLAGS (from command line)
Info --variant  RV64I
Info --override  riscvOVPsim/cpu/tval_ii_code=F
Info --program  /home/seankent/bluejay/ip/central_processing_unit/sim/gen/sim__xyz/BGEU-01/BGEU-01.elf
Info --signaturedump
Info --customcontrol
Info --override  riscvOVPsim/cpu/sigdump/SignatureFile=/home/seankent/bluejay/ip/central_processing_unit/sim/gen/sim__xyz/BGEU-01/BGEU-01.signature.output
Info --override  riscvOVPsim/cpu/sigdump/SignatureGranularity=4
Info --override  riscvOVPsim/cpu/simulateexceptions=T
Info --override  riscvOVPsim/cpu/defaultsemihost=F
Info --logfile  /home/seankent/bluejay/ip/central_processing_unit/sim/gen/sim__xyz/BGEU-01/BGEU-01.log
Info --override  riscvOVPsim/cpu/user_version=2.3
Info --------------------------------------
Imperas riscvOVPsimPlus


riscvOVPsimPlus (64-Bit) v20230201.0 Open Virtual Platform simulator from www.IMPERAS.com.
Copyright (c) 2005-2023 Imperas Software Ltd.  Contains Imperas Proprietary Information.
Licensed Software, All Rights Reserved.
Visit www.IMPERAS.com for multicore debug, verification and analysis solutions.

riscvOVPsimPlus started: Tue Apr 11 20:04:12 2023


Info (OR_OF) Target 'riscvOVPsim/cpu' has object file read from '/home/seankent/bluejay/ip/central_processing_unit/sim/gen/sim__xyz/BGEU-01/BGEU-01.elf'
Info (OR_PH) Program Headers:
Info (OR_PH) Type           Offset             VirtAddr           PhysAddr
Info (OR_PH)                FileSiz            MemSiz             Flags  Align
Info (OR_PD) PROC           0x0000000000006b08 0x0000000000000000 0x0000000000000000
Info (OR_PD)                0x000000000000001e 0x0000000000000000 R--    1
Info (OR_PD) LOAD           0x0000000000001000 0x0000000080000000 0x0000000080000000
Info (OR_PD)                0x0000000000003a2c 0x0000000000003a2c R-E    1000
Info (OR_PD) LOAD           0x0000000000005000 0x0000000080004000 0x0000000080004000
Info (OR_PD)                0x0000000000001b08 0x0000000000001b08 RW-    1000
Info (SIGNATURE_DUMP_FSB) Found Symbol 'begin_signature' in application at 0x80005010
Info (SIGNATURE_DUMP_FSE) Found Symbol 'end_signature' in application at 0x80005970
Info (SIGNATURE_DUMP_EN) Signature File enabled, file '/home/seankent/bluejay/ip/central_processing_unit/sim/gen/sim__xyz/BGEU-01/BGEU-01.signature.output'.
Info (SIGNATURE_DUMP_ES) Extracting signature from 0x80005010 size 2400 bytes
Info (SIGNATURE_DUMP_SB) Symbol 'begin_signature' at 0x80005010
Info (SIGNATURE_DUMP_SE) Symbol 'end_signature' at 0x80005970
Info (SIGNATURE_DUMP_SFW) Signature Write 1 0x80005010 bytes 8 0x0
Info (SIGNATURE_DUMP_WTH) Intercept 'write_tohost'. Generate Signature file
000123ab
00000000
0000cccc
00000000
0000cccc
00000000
000123ab
00000000
0000cccc
00000000
000123ab
00000000
000123ab
00000000
000123ab
00000000
000123ab
00000000
000123ab
00000000
0000cccc
00000000
000123ab
00000000
000123ab
00000000
000123ab
00000000
0000cccc
00000000
000123ab
00000000
000123ab
00000000
000123ab
00000000
000123ab
00000000
000123ab
00000000
000123ab
00000000
000123ab
00000000
000123ab
00000000
0000cccc
00000000
000123ab
00000000
0000cccc
00000000
000123ab
00000000
000123ab
00000000
000123ab
00000000
000123ab
00000000
000123ab
00000000
000123ab
00000000
0000cccc
00000000
000123ab
00000000
000123ab
00000000
0000cccc
00000000
0000cccc
00000000
0000cccc
00000000
000123ab
00000000
000123ab
00000000
000123ab
00000000
000123ab
00000000
000123ab
00000000
000123ab
00000000
000123ab
00000000
000123ab
00000000
000123ab
00000000
000123ab
00000000
000123ab
00000000
000123ab
00000000
000123ab
00000000
000123ab
00000000
000123ab
00000000
000123ab
00000000
000123ab
00000000
000123ab
00000000
000123ab
00000000
000123ab
00000000
000123ab
00000000
000123ab
00000000
000123ab
00000000
000123ab
00000000
000123ab
00000000
000123ab
00000000
000123ab
00000000
000123ab
00000000
000123ab
00000000
000123ab
00000000
000123ab
00000000
000123ab
00000000
000123ab
00000000
000123ab
00000000
000123ab
00000000
000123ab
00000000
000123ab
00000000
000123ab
00000000
000123ab
00000000
000123ab
00000000
000123ab
00000000
000123ab
00000000
000123ab
00000000
000123ab
00000000
000123ab
00000000
000123ab
00000000
000123ab
00000000
000123ab
00000000
000123ab
00000000
000123ab
00000000
000123ab
00000000
000123ab
00000000
000123ab
00000000
000123ab
00000000
000123ab
00000000
000123ab
00000000
000123ab
00000000
000123ab
00000000
000123ab
00000000
000123ab
00000000
000123ab
00000000
000123ab
00000000
000123ab
00000000
000123ab
00000000
000123ab
00000000
000123ab
00000000
0000cccc
00000000
0000cccc
00000000
0000cccc
00000000
0000cccc
00000000
0000cccc
00000000
0000cccc
00000000
0000cccc
00000000
0000cccc
00000000
0000cccc
00000000
0000cccc
00000000
0000cccc
00000000
0000cccc
00000000
0000cccc
00000000
0000cccc
00000000
0000cccc
00000000
0000cccc
00000000
0000cccc
00000000
0000cccc
00000000
0000cccc
00000000
0000cccc
00000000
0000cccc
00000000
0000cccc
00000000
0000cccc
00000000
0000cccc
00000000
0000cccc
00000000
0000cccc
00000000
0000cccc
00000000
0000cccc
00000000
0000cccc
00000000
0000cccc
00000000
0000cccc
00000000
0000cccc
00000000
0000cccc
00000000
0000cccc
00000000
0000cccc
00000000
0000cccc
00000000
0000cccc
00000000
0000cccc
00000000
0000cccc
00000000
0000cccc
00000000
0000cccc
00000000
0000cccc
00000000
0000cccc
00000000
0000cccc
00000000
0000cccc
00000000
0000cccc
00000000
0000cccc
00000000
0000cccc
00000000
0000cccc
00000000
0000cccc
00000000
0000cccc
00000000
0000cccc
00000000
0000cccc
00000000
0000cccc
00000000
0000cccc
00000000
0000cccc
00000000
0000cccc
00000000
0000cccc
00000000
0000cccc
00000000
0000cccc
00000000
0000cccc
00000000
0000cccc
00000000
0000cccc
00000000
0000cccc
00000000
0000cccc
00000000
0000cccc
00000000
0000cccc
00000000
0000cccc
00000000
0000cccc
00000000
0000cccc
00000000
0000cccc
00000000
0000cccc
00000000
0000cccc
00000000
0000cccc
00000000
0000cccc
00000000
0000cccc
00000000
0000cccc
00000000
0000cccc
00000000
0000cccc
00000000
0000cccc
00000000
0000cccc
00000000
0000cccc
00000000
0000cccc
00000000
0000cccc
00000000
0000cccc
00000000
0000cccc
00000000
0000cccc
00000000
0000cccc
00000000
0000cccc
00000000
0000cccc
00000000
0000cccc
00000000
0000cccc
00000000
0000cccc
00000000
0000cccc
00000000
0000cccc
00000000
0000cccc
00000000
0000cccc
00000000
0000cccc
00000000
0000cccc
00000000
0000cccc
00000000
0000cccc
00000000
0000cccc
00000000
0000cccc
00000000
0000cccc
00000000
0000cccc
00000000
0000cccc
00000000
0000cccc
00000000
0000cccc
00000000
0000cccc
00000000
0000cccc
00000000
0000cccc
00000000
0000cccc
00000000
0000cccc
00000000
0000cccc
00000000
0000cccc
00000000
0000cccc
00000000
0000cccc
00000000
0000cccc
00000000
0000cccc
00000000
0000cccc
00000000
0000cccc
00000000
0000cccc
00000000
0000cccc
00000000
0000cccc
00000000
0000cccc
00000000
0000cccc
00000000
0000cccc
00000000
0000cccc
00000000
0000cccc
00000000
0000cccc
00000000
0000cccc
00000000
0000cccc
00000000
0000cccc
00000000
0000cccc
00000000
0000cccc
00000000
0000cccc
00000000
0000cccc
00000000
0000cccc
00000000
0000cccc
00000000
0000cccc
00000000
0000cccc
00000000
0000cccc
00000000
0000cccc
00000000
0000cccc
00000000
0000cccc
00000000
0000cccc
00000000
0000cccc
00000000
0000cccc
00000000
0000cccc
00000000
0000cccc
00000000
0000cccc
00000000
0000cccc
00000000
0000cccc
00000000
0000cccc
00000000
0000cccc
00000000
0000cccc
00000000
0000cccc
00000000
0000cccc
00000000
0000cccc
00000000
0000cccc
00000000
0000cccc
00000000
0000cccc
00000000
0000cccc
00000000
0000cccc
00000000
0000cccc
00000000
0000cccc
00000000
0000cccc
00000000
0000cccc
00000000
0000cccc
00000000
0000cccc
00000000
0000cccc
00000000
0000cccc
00000000
0000cccc
00000000
0000cccc
00000000
0000cccc
00000000
0000cccc
00000000
0000cccc
00000000
0000cccc
00000000
0000cccc
00000000
0000cccc
00000000
0000cccc
00000000
0000cccc
00000000
0000cccc
00000000
0000cccc
00000000
0000cccc
00000000
0000cccc
00000000
0000cccc
00000000
0000cccc
00000000
0000cccc
00000000
0000cccc
00000000
0000cccc
00000000
0000cccc
00000000
0000cccc
00000000
000123ab
00000000
0000cccc
00000000
deadbeef
00000000
Info 
Info ---------------------------------------------------
Info CPU 'riscvOVPsim/cpu' STATISTICS
Info   Type                  : riscv (RV64I)
Info   Nominal MIPS          : 100
Info   Final program counter : 0x8000003c
Info   Simulated instructions: 3,277
Info   Simulated MIPS        : run too short for meaningful result
Info ---------------------------------------------------
Info 
Info ---------------------------------------------------
Info SIMULATION TIME STATISTICS
Info   Simulated time        : 0.00 seconds
Info   User time             : 0.00 seconds
Info   System time           : 0.00 seconds
Info   Elapsed time          : 0.01 seconds
Info ---------------------------------------------------

riscvOVPsimPlus finished: Tue Apr 11 20:04:12 2023


riscvOVPsimPlus (64-Bit) v20230201.0 Open Virtual Platform simulator from www.IMPERAS.com.
Visit www.IMPERAS.com for multicore debug, verification and analysis solutions.

Info Session ended: Tue Apr 11 20:04:12 2023

