Info Session started: Tue Mar  7 00:10:07 2023

Info PROGRAM /home/seankent/bluejay/imperas/imperas-riscv-tests/riscv-ovpsim-plus/bin/Linux64/riscvOVPsimPlus.exe
Info ------------- ENVIRONMENT -------------
Info --------------------------------------
Info -------- FLAGS (from command line)
Info --variant  RV64I
Info --override  riscvOVPsim/cpu/tval_ii_code=F
Info --program  /home/seankent/bluejay/ip/central_processing_unit/sim/gen/sim__xyz/LB-01/LB-01.elf
Info --signaturedump
Info --customcontrol
Info --override  riscvOVPsim/cpu/sigdump/SignatureFile=/home/seankent/bluejay/ip/central_processing_unit/sim/gen/sim__xyz/LB-01/LB-01.signature.output
Info --override  riscvOVPsim/cpu/sigdump/SignatureGranularity=4
Info --override  riscvOVPsim/cpu/simulateexceptions=T
Info --override  riscvOVPsim/cpu/defaultsemihost=F
Info --logfile  /home/seankent/bluejay/ip/central_processing_unit/sim/gen/sim__xyz/LB-01/LB-01.log
Info --override  riscvOVPsim/cpu/user_version=2.3
Info --------------------------------------
Imperas riscvOVPsimPlus


riscvOVPsimPlus (64-Bit) v20230201.0 Open Virtual Platform simulator from www.IMPERAS.com.
Copyright (c) 2005-2023 Imperas Software Ltd.  Contains Imperas Proprietary Information.
Licensed Software, All Rights Reserved.
Visit www.IMPERAS.com for multicore debug, verification and analysis solutions.

riscvOVPsimPlus started: Tue Mar  7 00:10:07 2023


Info (OR_OF) Target 'riscvOVPsim/cpu' has object file read from '/home/seankent/bluejay/ip/central_processing_unit/sim/gen/sim__xyz/LB-01/LB-01.elf'
Info (OR_PH) Program Headers:
Info (OR_PH) Type           Offset             VirtAddr           PhysAddr
Info (OR_PH)                FileSiz            MemSiz             Flags  Align
Info (OR_PD) PROC           0x0000000000005c08 0x0000000000000000 0x0000000000000000
Info (OR_PD)                0x000000000000001e 0x0000000000000000 R--    1
Info (OR_PD) LOAD           0x0000000000001000 0x0000000080000000 0x0000000080000000
Info (OR_PD)                0x00000000000027ec 0x00000000000027ec R-E    1000
Info (OR_PD) LOAD           0x0000000000004000 0x0000000080003000 0x0000000080003000
Info (OR_PD)                0x0000000000001c08 0x0000000000001c08 RW-    1000
Info (SIGNATURE_DUMP_FSB) Found Symbol 'begin_signature' in application at 0x80004120
Info (SIGNATURE_DUMP_FSE) Found Symbol 'end_signature' in application at 0x80004a70
Info (SIGNATURE_DUMP_EN) Signature File enabled, file '/home/seankent/bluejay/ip/central_processing_unit/sim/gen/sim__xyz/LB-01/LB-01.signature.output'.
Info (SIGNATURE_DUMP_ES) Extracting signature from 0x80004120 size 2384 bytes
Info (SIGNATURE_DUMP_SB) Symbol 'begin_signature' at 0x80004120
Info (SIGNATURE_DUMP_SE) Symbol 'end_signature' at 0x80004a70
Info (SIGNATURE_DUMP_SFW) Signature Write 1 0x80004120 bytes 8 0x0
Info (SIGNATURE_DUMP_WTH) Intercept 'write_tohost'. Generate Signature file
fffffffe
ffffffff
fffffffd
ffffffff
fffffffb
ffffffff
fffffff7
ffffffff
ffffffef
ffffffff
00000000
00000000
ffffffbf
ffffffff
0000007f
00000000
ffffffff
ffffffff
00000001
00000000
00000002
00000000
00000004
00000000
00000008
00000000
00000010
00000000
00000020
00000000
00000040
00000000
ffffff80
ffffffff
00000000
00000000
fffffffe
ffffffff
fffffffd
ffffffff
fffffffb
ffffffff
fffffff7
ffffffff
ffffffef
ffffffff
ffffffdf
ffffffff
fffffffe
ffffffff
fffffffd
ffffffff
fffffffb
ffffffff
fffffff7
ffffffff
ffffffef
ffffffff
ffffffdf
ffffffff
ffffffbf
ffffffff
0000007f
00000000
ffffffff
ffffffff
00000001
00000000
00000002
00000000
00000000
00000000
00000008
00000000
00000010
00000000
00000020
00000000
00000040
00000000
ffffff80
ffffffff
00000000
00000000
fffffffe
ffffffff
fffffffd
ffffffff
fffffffb
ffffffff
fffffff7
ffffffff
ffffffef
ffffffff
ffffffdf
ffffffff
fffffffe
ffffffff
fffffffd
ffffffff
fffffffb
ffffffff
fffffff7
ffffffff
ffffffef
ffffffff
ffffffdf
ffffffff
ffffffbf
ffffffff
0000007f
00000000
ffffffff
ffffffff
00000001
00000000
00000002
00000000
00000004
00000000
00000008
00000000
00000010
00000000
00000020
00000000
00000040
00000000
ffffff80
ffffffff
00000000
00000000
fffffffe
ffffffff
fffffffd
ffffffff
fffffffb
ffffffff
fffffff7
ffffffff
ffffffef
ffffffff
ffffffdf
ffffffff
fffffffe
ffffffff
fffffffd
ffffffff
fffffffb
ffffffff
fffffff7
ffffffff
ffffffef
ffffffff
ffffffdf
ffffffff
ffffffbf
ffffffff
0000007f
00000000
ffffffff
ffffffff
00000001
00000000
00000002
00000000
00000004
00000000
00000008
00000000
00000010
00000000
00000020
00000000
00000040
00000000
ffffff80
ffffffff
00000000
00000000
fffffffe
ffffffff
fffffffd
ffffffff
fffffffb
ffffffff
fffffff7
ffffffff
ffffffef
ffffffff
ffffffdf
ffffffff
fffffffe
ffffffff
fffffffd
ffffffff
fffffffb
ffffffff
fffffff7
ffffffff
ffffffef
ffffffff
ffffffdf
ffffffff
ffffffbf
ffffffff
0000007f
00000000
ffffffff
ffffffff
00000001
00000000
00000002
00000000
00000004
00000000
00000008
00000000
00000010
00000000
00000020
00000000
00000040
00000000
ffffff80
ffffffff
00000000
00000000
fffffffe
ffffffff
fffffffd
ffffffff
fffffffb
ffffffff
fffffff7
ffffffff
ffffffef
ffffffff
ffffffdf
ffffffff
fffffffe
ffffffff
fffffffd
ffffffff
fffffffb
ffffffff
fffffff7
ffffffff
ffffffef
ffffffff
ffffffdf
ffffffff
ffffffbf
ffffffff
0000007f
00000000
ffffffff
ffffffff
00000001
00000000
00000002
00000000
00000004
00000000
00000008
00000000
00000010
00000000
00000020
00000000
00000040
00000000
ffffff80
ffffffff
00000000
00000000
fffffffe
ffffffff
fffffffd
ffffffff
fffffffb
ffffffff
fffffff7
ffffffff
ffffffef
ffffffff
ffffffdf
ffffffff
fffffffe
ffffffff
fffffffd
ffffffff
fffffffb
ffffffff
fffffff7
ffffffff
ffffffef
ffffffff
ffffffdf
ffffffff
ffffffbf
ffffffff
0000007f
00000000
ffffffff
ffffffff
00000001
00000000
00000002
00000000
00000004
00000000
00000008
00000000
00000010
00000000
00000020
00000000
00000040
00000000
ffffff80
ffffffff
00000000
00000000
fffffffe
ffffffff
fffffffd
ffffffff
fffffffb
ffffffff
fffffff7
ffffffff
ffffffef
ffffffff
ffffffdf
ffffffff
fffffffe
ffffffff
fffffffd
ffffffff
fffffffb
ffffffff
fffffff7
ffffffff
ffffffef
ffffffff
ffffffdf
ffffffff
ffffffbf
ffffffff
0000007f
00000000
ffffffff
ffffffff
00000001
00000000
00000002
00000000
00000004
00000000
00000008
00000000
00000010
00000000
00000020
00000000
00000040
00000000
ffffff80
ffffffff
00000000
00000000
fffffffe
ffffffff
fffffffd
ffffffff
fffffffb
ffffffff
fffffff7
ffffffff
ffffffef
ffffffff
ffffffdf
ffffffff
fffffffe
ffffffff
fffffffd
ffffffff
fffffffb
ffffffff
fffffff7
ffffffff
ffffffef
ffffffff
ffffffdf
ffffffff
ffffffbf
ffffffff
0000007f
00000000
ffffffff
ffffffff
00000001
00000000
00000002
00000000
00000004
00000000
00000008
00000000
00000010
00000000
00000020
00000000
00000040
00000000
ffffff80
ffffffff
00000000
00000000
fffffffe
ffffffff
fffffffd
ffffffff
fffffffb
ffffffff
fffffff7
ffffffff
ffffffef
ffffffff
ffffffdf
ffffffff
fffffffe
ffffffff
fffffffd
ffffffff
fffffffb
ffffffff
fffffff7
ffffffff
ffffffef
ffffffff
ffffffdf
ffffffff
ffffffbf
ffffffff
0000007f
00000000
ffffffff
ffffffff
00000001
00000000
00000002
00000000
00000004
00000000
00000008
00000000
00000010
00000000
00000020
00000000
00000040
00000000
ffffff80
ffffffff
00000000
00000000
fffffffe
ffffffff
fffffffd
ffffffff
fffffffb
ffffffff
fffffff7
ffffffff
ffffffef
ffffffff
ffffffdf
ffffffff
fffffffe
ffffffff
fffffffd
ffffffff
fffffffb
ffffffff
fffffff7
ffffffff
ffffffef
ffffffff
ffffffdf
ffffffff
ffffffbf
ffffffff
0000007f
00000000
ffffffff
ffffffff
00000001
00000000
00000002
00000000
00000004
00000000
00000008
00000000
00000010
00000000
00000020
00000000
00000040
00000000
ffffff80
ffffffff
00000000
00000000
fffffffe
ffffffff
fffffffd
ffffffff
fffffffb
ffffffff
fffffff7
ffffffff
ffffffef
ffffffff
ffffffdf
ffffffff
fffffffe
ffffffff
fffffffd
ffffffff
fffffffb
ffffffff
fffffff7
ffffffff
ffffffef
ffffffff
ffffffdf
ffffffff
ffffffbf
ffffffff
0000007f
00000000
ffffffff
ffffffff
00000001
00000000
00000002
00000000
00000004
00000000
00000008
00000000
00000010
00000000
00000020
00000000
00000040
00000000
ffffff80
ffffffff
00000000
00000000
fffffffe
ffffffff
fffffffd
ffffffff
fffffffb
ffffffff
fffffff7
ffffffff
ffffffef
ffffffff
ffffffdf
ffffffff
fffffffe
ffffffff
fffffffd
ffffffff
fffffffb
ffffffff
fffffff7
ffffffff
ffffffef
ffffffff
ffffffdf
ffffffff
ffffffbf
ffffffff
0000007f
00000000
00000000
00000000
00000000
00000000
Info 
Info ---------------------------------------------------
Info CPU 'riscvOVPsim/cpu' STATISTICS
Info   Type                  : riscv (RV64I)
Info   Nominal MIPS          : 100
Info   Final program counter : 0x8000003c
Info   Simulated instructions: 2,530
Info   Simulated MIPS        : run too short for meaningful result
Info ---------------------------------------------------
Info 
Info ---------------------------------------------------
Info SIMULATION TIME STATISTICS
Info   Simulated time        : 0.00 seconds
Info   User time             : 0.00 seconds
Info   System time           : 0.00 seconds
Info   Elapsed time          : 0.00 seconds
Info ---------------------------------------------------

riscvOVPsimPlus finished: Tue Mar  7 00:10:07 2023


riscvOVPsimPlus (64-Bit) v20230201.0 Open Virtual Platform simulator from www.IMPERAS.com.
Visit www.IMPERAS.com for multicore debug, verification and analysis solutions.

Info Session ended: Tue Mar  7 00:10:07 2023

