Info Session started: Fri Mar  3 00:21:49 2023

Info PROGRAM /home/seankent/bluejay/imperas/imperas-riscv-tests/riscv-ovpsim-plus/bin/Linux64/riscvOVPsimPlus.exe
Info ------------- ENVIRONMENT -------------
Info --------------------------------------
Info -------- FLAGS (from command line)
Info --variant  RV64I
Info --override  riscvOVPsim/cpu/tval_ii_code=F
Info --program  /home/seankent/bluejay/ip/central_processing_unit/sim/gen/sim__xyz/AUIPC-01/AUIPC-01.elf
Info --signaturedump
Info --customcontrol
Info --override  riscvOVPsim/cpu/sigdump/SignatureFile=/home/seankent/bluejay/ip/central_processing_unit/sim/gen/sim__xyz/AUIPC-01/AUIPC-01.signature.output
Info --override  riscvOVPsim/cpu/sigdump/SignatureGranularity=4
Info --override  riscvOVPsim/cpu/simulateexceptions=T
Info --override  riscvOVPsim/cpu/defaultsemihost=F
Info --logfile  /home/seankent/bluejay/ip/central_processing_unit/sim/gen/sim__xyz/AUIPC-01/AUIPC-01.log
Info --override  riscvOVPsim/cpu/user_version=2.3
Info --------------------------------------
Imperas riscvOVPsimPlus


riscvOVPsimPlus (64-Bit) v20230201.0 Open Virtual Platform simulator from www.IMPERAS.com.
Copyright (c) 2005-2023 Imperas Software Ltd.  Contains Imperas Proprietary Information.
Licensed Software, All Rights Reserved.
Visit www.IMPERAS.com for multicore debug, verification and analysis solutions.

riscvOVPsimPlus started: Fri Mar  3 00:21:49 2023


Info (OR_OF) Target 'riscvOVPsim/cpu' has object file read from '/home/seankent/bluejay/ip/central_processing_unit/sim/gen/sim__xyz/AUIPC-01/AUIPC-01.elf'
Info (OR_PH) Program Headers:
Info (OR_PH) Type           Offset             VirtAddr           PhysAddr
Info (OR_PH)                FileSiz            MemSiz             Flags  Align
Info (OR_PD) PROC           0x0000000000004b08 0x0000000000000000 0x0000000000000000
Info (OR_PD)                0x000000000000001e 0x0000000000000000 R--    1
Info (OR_PD) LOAD           0x0000000000001000 0x0000000080000000 0x0000000080000000
Info (OR_PD)                0x0000000000001e6c 0x0000000000001e6c R-E    1000
Info (OR_PD) LOAD           0x0000000000003000 0x0000000080002000 0x0000000080002000
Info (OR_PD)                0x0000000000001b08 0x0000000000001b08 RW-    1000
Info (SIGNATURE_DUMP_FSB) Found Symbol 'begin_signature' in application at 0x80003010
Info (SIGNATURE_DUMP_FSE) Found Symbol 'end_signature' in application at 0x80003960
Info (SIGNATURE_DUMP_EN) Signature File enabled, file '/home/seankent/bluejay/ip/central_processing_unit/sim/gen/sim__xyz/AUIPC-01/AUIPC-01.signature.output'.
Info (SIGNATURE_DUMP_ES) Extracting signature from 0x80003010 size 2384 bytes
Info (SIGNATURE_DUMP_SB) Symbol 'begin_signature' at 0x80003010
Info (SIGNATURE_DUMP_SE) Symbol 'end_signature' at 0x80003960
Info (SIGNATURE_DUMP_SFW) Signature Write 1 0x80003010 bytes 8 0x0
Info (SIGNATURE_DUMP_WTH) Intercept 'write_tohost'. Generate Signature file
a01ef000
ffffffff
69d27000
00000000
ede3d000
ffffffff
19a51000
00000000
8d5fd000
ffffffff
00000000
00000000
6250f000
00000000
ffa64000
ffffffff
7ad3a000
00000000
c8c1e000
ffffffff
00000000
00000000
2dadf000
00000000
3c847000
00000000
a7ae7000
ffffffff
b62bf000
ffffffff
0a3d1000
00000000
80fd4000
ffffffff
f5ff4000
ffffffff
67ad9000
00000000
454c0000
00000000
d3492000
ffffffff
d663e000
ffffffff
3f1c5000
00000000
d39ae000
ffffffff
3a4dd000
00000000
00000000
00000000
c88d5000
ffffffff
00000000
00000000
b3c30000
ffffffff
c7dd8000
ffffffff
00000000
00000000
fffff000
ffffffff
fffff000
ffffffff
fffff000
ffffffff
00001000
00000000
fffff000
ffffffff
fffff000
ffffffff
00000000
00000000
00000000
00000000
fffff000
ffffffff
00001000
00000000
00002000
00000000
00004000
00000000
00008000
00000000
00010000
00000000
00020000
00000000
00040000
00000000
00080000
00000000
00100000
00000000
00200000
00000000
00400000
00000000
00800000
00000000
01000000
00000000
02000000
00000000
04000000
00000000
08000000
00000000
10000000
00000000
20000000
00000000
40000000
00000000
80000000
ffffffff
ffffe000
ffffffff
ffffd000
ffffffff
ffffb000
ffffffff
ffff7000
ffffffff
fffef000
ffffffff
fffdf000
ffffffff
fffbf000
ffffffff
fff7f000
ffffffff
ffeff000
ffffffff
ffdff000
ffffffff
ffbff000
ffffffff
ff7ff000
ffffffff
fefff000
ffffffff
fdfff000
ffffffff
fbfff000
ffffffff
f7fff000
ffffffff
effff000
ffffffff
dffff000
ffffffff
bffff000
ffffffff
7ffff000
00000000
ffffe000
ffffffff
ffffd000
ffffffff
ffffb000
ffffffff
ffff7000
ffffffff
fffef000
ffffffff
fffdf000
ffffffff
fffbf000
ffffffff
fff7f000
ffffffff
ffeff000
ffffffff
ffdff000
ffffffff
ffbff000
ffffffff
ff7ff000
ffffffff
fefff000
ffffffff
fdfff000
ffffffff
fbfff000
ffffffff
f7fff000
ffffffff
effff000
ffffffff
dffff000
ffffffff
bffff000
ffffffff
7ffff000
00000000
ffffe000
ffffffff
ffffd000
ffffffff
ffffb000
ffffffff
ffff7000
ffffffff
fffef000
ffffffff
fffdf000
ffffffff
fffbf000
ffffffff
fff7f000
ffffffff
ffeff000
ffffffff
ffdff000
ffffffff
ffbff000
ffffffff
ff7ff000
ffffffff
fefff000
ffffffff
fdfff000
ffffffff
fbfff000
ffffffff
f7fff000
ffffffff
effff000
ffffffff
dffff000
ffffffff
bffff000
ffffffff
7ffff000
00000000
ffffe000
ffffffff
ffffd000
ffffffff
ffffb000
ffffffff
ffff7000
ffffffff
fffef000
ffffffff
fffdf000
ffffffff
fffbf000
ffffffff
fff7f000
ffffffff
ffeff000
ffffffff
ffdff000
ffffffff
ffbff000
ffffffff
ff7ff000
ffffffff
fefff000
ffffffff
fdfff000
ffffffff
fbfff000
ffffffff
f7fff000
ffffffff
effff000
ffffffff
dffff000
ffffffff
bffff000
ffffffff
7ffff000
00000000
ffffe000
ffffffff
ffffd000
ffffffff
ffffb000
ffffffff
ffff7000
ffffffff
fffef000
ffffffff
fffdf000
ffffffff
fffbf000
ffffffff
fff7f000
ffffffff
ffeff000
ffffffff
ffdff000
ffffffff
ffbff000
ffffffff
ff7ff000
ffffffff
fefff000
ffffffff
fdfff000
ffffffff
fbfff000
ffffffff
f7fff000
ffffffff
effff000
ffffffff
dffff000
ffffffff
bffff000
ffffffff
7ffff000
00000000
ffffe000
ffffffff
ffffd000
ffffffff
ffffb000
ffffffff
ffff7000
ffffffff
fffef000
ffffffff
fffdf000
ffffffff
fffbf000
ffffffff
fff7f000
ffffffff
00001000
00000000
00002000
00000000
00004000
00000000
00008000
00000000
00010000
00000000
00020000
00000000
00040000
00000000
00080000
00000000
00100000
00000000
00200000
00000000
00400000
00000000
00800000
00000000
01000000
00000000
02000000
00000000
04000000
00000000
08000000
00000000
10000000
00000000
20000000
00000000
40000000
00000000
80000000
ffffffff
ffffe000
ffffffff
ffffd000
ffffffff
ffffb000
ffffffff
ffff7000
ffffffff
fffef000
ffffffff
fffdf000
ffffffff
fffbf000
ffffffff
fff7f000
ffffffff
ffeff000
ffffffff
ffdff000
ffffffff
ffbff000
ffffffff
ff7ff000
ffffffff
fefff000
ffffffff
fdfff000
ffffffff
fbfff000
ffffffff
f7fff000
ffffffff
effff000
ffffffff
dffff000
ffffffff
bffff000
ffffffff
7ffff000
00000000
ffffe000
ffffffff
ffffd000
ffffffff
ffffb000
ffffffff
ffff7000
ffffffff
fffef000
ffffffff
fffdf000
ffffffff
fffbf000
ffffffff
fff7f000
ffffffff
ffeff000
ffffffff
ffdff000
ffffffff
ffbff000
ffffffff
ff7ff000
ffffffff
fefff000
ffffffff
fdfff000
ffffffff
fbfff000
ffffffff
f7fff000
ffffffff
effff000
ffffffff
dffff000
ffffffff
bffff000
ffffffff
7ffff000
00000000
ffffe000
ffffffff
ffffd000
ffffffff
ffffb000
ffffffff
ffff7000
ffffffff
fffef000
ffffffff
fffdf000
ffffffff
fffbf000
ffffffff
fff7f000
ffffffff
ffeff000
ffffffff
ffdff000
ffffffff
ffbff000
ffffffff
ff7ff000
ffffffff
fefff000
ffffffff
fdfff000
ffffffff
fbfff000
ffffffff
f7fff000
ffffffff
effff000
ffffffff
dffff000
ffffffff
bffff000
ffffffff
7ffff000
00000000
ffffe000
ffffffff
ffffd000
ffffffff
ffffb000
ffffffff
ffff7000
ffffffff
fffef000
ffffffff
fffdf000
ffffffff
fffbf000
ffffffff
fff7f000
ffffffff
ffeff000
ffffffff
ffdff000
ffffffff
ffbff000
ffffffff
ff7ff000
ffffffff
fefff000
ffffffff
fdfff000
ffffffff
fbfff000
ffffffff
f7fff000
ffffffff
effff000
ffffffff
dffff000
ffffffff
bffff000
ffffffff
7ffff000
00000000
ffffe000
ffffffff
ffffd000
ffffffff
ffffb000
ffffffff
ffff7000
ffffffff
fffef000
ffffffff
fffdf000
ffffffff
fffbf000
ffffffff
fff7f000
ffffffff
ffeff000
ffffffff
ffdff000
ffffffff
ffbff000
ffffffff
ff7ff000
ffffffff
fefff000
ffffffff
fdfff000
ffffffff
fbfff000
ffffffff
f7fff000
ffffffff
effff000
ffffffff
dffff000
ffffffff
bffff000
ffffffff
7ffff000
00000000
ffffe000
ffffffff
ffffd000
ffffffff
ffffb000
ffffffff
ffff7000
ffffffff
fffef000
ffffffff
fffdf000
ffffffff
fffbf000
ffffffff
fff7f000
ffffffff
00000000
00000000
00000000
00000000
Info 
Info ---------------------------------------------------
Info CPU 'riscvOVPsim/cpu' STATISTICS
Info   Type                  : riscv (RV64I)
Info   Nominal MIPS          : 100
Info   Final program counter : 0x8000003c
Info   Simulated instructions: 1,934
Info   Simulated MIPS        : run too short for meaningful result
Info ---------------------------------------------------
Info 
Info ---------------------------------------------------
Info SIMULATION TIME STATISTICS
Info   Simulated time        : 0.00 seconds
Info   User time             : 0.01 seconds
Info   System time           : 0.01 seconds
Info   Elapsed time          : 0.02 seconds
Info ---------------------------------------------------

riscvOVPsimPlus finished: Fri Mar  3 00:21:49 2023


riscvOVPsimPlus (64-Bit) v20230201.0 Open Virtual Platform simulator from www.IMPERAS.com.
Visit www.IMPERAS.com for multicore debug, verification and analysis solutions.

Info Session ended: Fri Mar  3 00:21:49 2023

