
LUI-01.elf:     file format elf64-littleriscv


Disassembly of section .text.init:

0000000080000000 <rvtest_entry_point>:
    80000000:	0440006f          	jal	x0,80000044 <reset_vector>

0000000080000004 <trap_vector>:
    80000004:	342022f3          	csrrs	x5,mcause,x0
    80000008:	00800313          	addi	x6,x0,8
    8000000c:	02628663          	beq	x5,x6,80000038 <write_tohost>
    80000010:	00900313          	addi	x6,x0,9
    80000014:	02628263          	beq	x5,x6,80000038 <write_tohost>
    80000018:	00b00313          	addi	x6,x0,11
    8000001c:	00628e63          	beq	x5,x6,80000038 <write_tohost>
    80000020:	00000293          	addi	x5,x0,0
    80000024:	00028463          	beq	x5,x0,8000002c <trap_vector+0x28>
    80000028:	00028067          	jalr	x0,0(x5)
    8000002c:	342022f3          	csrrs	x5,mcause,x0
    80000030:	0002d263          	bge	x5,x0,80000034 <handle_exception>

0000000080000034 <handle_exception>:
    80000034:	5391e193          	ori	x3,x3,1337

0000000080000038 <write_tohost>:
    80000038:	00002297          	auipc	x5,0x2
    8000003c:	fc32a423          	sw	x3,-56(x5) # 80002000 <tohost>
    80000040:	ff9ff06f          	jal	x0,80000038 <write_tohost>

0000000080000044 <reset_vector>:
    80000044:	00002537          	lui	x10,0x2
    80000048:	8005051b          	addiw	x10,x10,-2048 # 1800 <offset+0x1800>
    8000004c:	30052073          	csrrs	x0,mstatus,x10
    80000050:	00000297          	auipc	x5,0x0
    80000054:	fb428293          	addi	x5,x5,-76 # 80000004 <trap_vector>
    80000058:	30529073          	csrrw	x0,mtvec,x5
    8000005c:	00000297          	auipc	x5,0x0
    80000060:	02428293          	addi	x5,x5,36 # 80000080 <rvtest_init>
    80000064:	34129073          	csrrw	x0,mepc,x5
    80000068:	f1402573          	csrrs	x10,mhartid,x0
    8000006c:	30200073          	mret
    80000070:	00000013          	addi	x0,x0,0
    80000074:	00000013          	addi	x0,x0,0
    80000078:	00000013          	addi	x0,x0,0
    8000007c:	00000013          	addi	x0,x0,0

0000000080000080 <rvtest_init>:
    80000080:	ff76e0b7          	lui	x1,0xff76e
    80000084:	f570809b          	addiw	x1,x1,-169 # ffffffffff76df57 <_end+0xffffffff7f76a44f>
    80000088:	01309093          	slli	x1,x1,0x13
    8000008c:	bb708093          	addi	x1,x1,-1097
    80000090:	00e09093          	slli	x1,x1,0xe
    80000094:	ead08093          	addi	x1,x1,-339
    80000098:	ff76e137          	lui	x2,0xff76e
    8000009c:	f571011b          	addiw	x2,x2,-169 # ffffffffff76df57 <_end+0xffffffff7f76a44f>
    800000a0:	01311113          	slli	x2,x2,0x13
    800000a4:	bb710113          	addi	x2,x2,-1097
    800000a8:	00d11113          	slli	x2,x2,0xd
    800000ac:	f5610113          	addi	x2,x2,-170
    800000b0:	000801b7          	lui	x3,0x80
    800000b4:	bb71819b          	addiw	x3,x3,-1097 # 7fbb7 <offset+0x7fbb7>
    800000b8:	00d19193          	slli	x3,x3,0xd
    800000bc:	f5718193          	addi	x3,x3,-169
    800000c0:	01319193          	slli	x3,x3,0x13
    800000c4:	bb718193          	addi	x3,x3,-1097
    800000c8:	00c19193          	slli	x3,x3,0xc
    800000cc:	fab18193          	addi	x3,x3,-85
    800000d0:	fff80237          	lui	x4,0xfff80
    800000d4:	bb72021b          	addiw	x4,x4,-1097 # fffffffffff7fbb7 <_end+0xffffffff7ff7c0af>
    800000d8:	00d21213          	slli	x4,x4,0xd
    800000dc:	f5720213          	addi	x4,x4,-169 # ffffffffffffff57 <_end+0xffffffff7fffc44f>
    800000e0:	01221213          	slli	x4,x4,0x12
    800000e4:	ddb20213          	addi	x4,x4,-549 # fffffffffffffddb <_end+0xffffffff7fffc2d3>
    800000e8:	00c21213          	slli	x4,x4,0xc
    800000ec:	7d520213          	addi	x4,x4,2005 # 7d5 <offset+0x7d5>
    800000f0:	00000297          	auipc	x5,0x0
    800000f4:	32028293          	addi	x5,x5,800 # 80000410 <rvtest_code_begin>
    800000f8:	00003317          	auipc	x6,0x3
    800000fc:	f0830313          	addi	x6,x6,-248 # 80003000 <rvtest_data_begin>
    80000100:	ffb803b7          	lui	x7,0xffb80
    80000104:	bb73839b          	addiw	x7,x7,-1097 # ffffffffffb7fbb7 <_end+0xffffffff7fb7c0af>
    80000108:	00d39393          	slli	x7,x7,0xd
    8000010c:	f5738393          	addi	x7,x7,-169
    80000110:	00f39393          	slli	x7,x7,0xf
    80000114:	fbb38393          	addi	x7,x7,-69
    80000118:	00c39393          	slli	x7,x7,0xc
    8000011c:	6fa38393          	addi	x7,x7,1786
    80000120:	00b80437          	lui	x8,0xb80
    80000124:	bb74041b          	addiw	x8,x8,-1097 # b7fbb7 <offset+0xb7fbb7>
    80000128:	00d41413          	slli	x8,x8,0xd
    8000012c:	f5740413          	addi	x8,x8,-169
    80000130:	00d41413          	slli	x8,x8,0xd
    80000134:	fef40413          	addi	x8,x8,-17
    80000138:	00d41413          	slli	x8,x8,0xd
    8000013c:	b7d40413          	addi	x8,x8,-1155
    80000140:	feb804b7          	lui	x9,0xfeb80
    80000144:	bb74849b          	addiw	x9,x9,-1097 # fffffffffeb7fbb7 <_end+0xffffffff7eb7c0af>
    80000148:	00d49493          	slli	x9,x9,0xd
    8000014c:	f5748493          	addi	x9,x9,-169
    80000150:	00d49493          	slli	x9,x9,0xd
    80000154:	fef48493          	addi	x9,x9,-17
    80000158:	00c49493          	slli	x9,x9,0xc
    8000015c:	dbe48493          	addi	x9,x9,-578
    80000160:	02b80537          	lui	x10,0x2b80
    80000164:	bb75051b          	addiw	x10,x10,-1097 # 2b7fbb7 <offset+0x2b7fbb7>
    80000168:	00d51513          	slli	x10,x10,0xd
    8000016c:	f5750513          	addi	x10,x10,-169
    80000170:	00c51513          	slli	x10,x10,0xc
    80000174:	ff750513          	addi	x10,x10,-9
    80000178:	00c51513          	slli	x10,x10,0xc
    8000017c:	6df50513          	addi	x10,x10,1759
    80000180:	ff5705b7          	lui	x11,0xff570
    80000184:	f775859b          	addiw	x11,x11,-137 # ffffffffff56ff77 <_end+0xffffffff7f56c46f>
    80000188:	00d59593          	slli	x11,x11,0xd
    8000018c:	beb58593          	addi	x11,x11,-1045
    80000190:	00c59593          	slli	x11,x11,0xc
    80000194:	dff58593          	addi	x11,x11,-513
    80000198:	00e59593          	slli	x11,x11,0xe
    8000019c:	b6f58593          	addi	x11,x11,-1169
    800001a0:	ff570637          	lui	x12,0xff570
    800001a4:	f776061b          	addiw	x12,x12,-137 # ffffffffff56ff77 <_end+0xffffffff7f56c46f>
    800001a8:	00d61613          	slli	x12,x12,0xd
    800001ac:	beb60613          	addi	x12,x12,-1045
    800001b0:	00c61613          	slli	x12,x12,0xc
    800001b4:	dff60613          	addi	x12,x12,-513
    800001b8:	00d61613          	slli	x12,x12,0xd
    800001bc:	db760613          	addi	x12,x12,-585
    800001c0:	ff5706b7          	lui	x13,0xff570
    800001c4:	f776869b          	addiw	x13,x13,-137 # ffffffffff56ff77 <_end+0xffffffff7f56c46f>
    800001c8:	00d69693          	slli	x13,x13,0xd
    800001cc:	beb68693          	addi	x13,x13,-1045
    800001d0:	00c69693          	slli	x13,x13,0xc
    800001d4:	dff68693          	addi	x13,x13,-513
    800001d8:	00c69693          	slli	x13,x13,0xc
    800001dc:	edb68693          	addi	x13,x13,-293
    800001e0:	ff570737          	lui	x14,0xff570
    800001e4:	f777071b          	addiw	x14,x14,-137 # ffffffffff56ff77 <_end+0xffffffff7f56c46f>
    800001e8:	00c71713          	slli	x14,x14,0xc
    800001ec:	df570713          	addi	x14,x14,-523
    800001f0:	00c71713          	slli	x14,x14,0xc
    800001f4:	6ff70713          	addi	x14,x14,1791
    800001f8:	00c71713          	slli	x14,x14,0xc
    800001fc:	76d70713          	addi	x14,x14,1901
    80000200:	fab807b7          	lui	x15,0xfab80
    80000204:	bb77879b          	addiw	x15,x15,-1097 # fffffffffab7fbb7 <_end+0xffffffff7ab7c0af>
    80000208:	00d79793          	slli	x15,x15,0xd
    8000020c:	f5778793          	addi	x15,x15,-169
    80000210:	01379793          	slli	x15,x15,0x13
    80000214:	bb678793          	addi	x15,x15,-1098
    80000218:	00002837          	lui	x16,0x2
    8000021c:	f578081b          	addiw	x16,x16,-169 # 1f57 <offset+0x1f57>
    80000220:	01381813          	slli	x16,x16,0x13
    80000224:	bb780813          	addi	x16,x16,-1097
    80000228:	00d81813          	slli	x16,x16,0xd
    8000022c:	f5780813          	addi	x16,x16,-169
    80000230:	01281813          	slli	x16,x16,0x12
    80000234:	ddb80813          	addi	x16,x16,-549
    80000238:	ffffe8b7          	lui	x17,0xffffe
    8000023c:	f578889b          	addiw	x17,x17,-169 # ffffffffffffdf57 <_end+0xffffffff7fffa44f>
    80000240:	01389893          	slli	x17,x17,0x13
    80000244:	bb788893          	addi	x17,x17,-1097
    80000248:	00d89893          	slli	x17,x17,0xd
    8000024c:	f5788893          	addi	x17,x17,-169
    80000250:	01189893          	slli	x17,x17,0x11
    80000254:	eed88893          	addi	x17,x17,-275
    80000258:	ffffe937          	lui	x18,0xffffe
    8000025c:	f579091b          	addiw	x18,x18,-169 # ffffffffffffdf57 <_end+0xffffffff7fffa44f>
    80000260:	01391913          	slli	x18,x18,0x13
    80000264:	bb790913          	addi	x18,x18,-1097
    80000268:	00d91913          	slli	x18,x18,0xd
    8000026c:	f5790913          	addi	x18,x18,-169
    80000270:	01091913          	slli	x18,x18,0x10
    80000274:	f7690913          	addi	x18,x18,-138
    80000278:	0000e9b7          	lui	x19,0xe
    8000027c:	f579899b          	addiw	x19,x19,-169 # df57 <offset+0xdf57>
    80000280:	01399993          	slli	x19,x19,0x13
    80000284:	bb798993          	addi	x19,x19,-1097
    80000288:	00d99993          	slli	x19,x19,0xd
    8000028c:	f5798993          	addi	x19,x19,-169
    80000290:	00f99993          	slli	x19,x19,0xf
    80000294:	fbb98993          	addi	x19,x19,-69
    80000298:	fffeea37          	lui	x20,0xfffee
    8000029c:	f57a0a1b          	addiw	x20,x20,-169 # fffffffffffedf57 <_end+0xffffffff7ffea44f>
    800002a0:	013a1a13          	slli	x20,x20,0x13
    800002a4:	bb7a0a13          	addi	x20,x20,-1097
    800002a8:	00da1a13          	slli	x20,x20,0xd
    800002ac:	f57a0a13          	addi	x20,x20,-169
    800002b0:	00ea1a13          	slli	x20,x20,0xe
    800002b4:	fdda0a13          	addi	x20,x20,-35
    800002b8:	fffeeab7          	lui	x21,0xfffee
    800002bc:	f57a8a9b          	addiw	x21,x21,-169 # fffffffffffedf57 <_end+0xffffffff7ffea44f>
    800002c0:	013a9a93          	slli	x21,x21,0x13
    800002c4:	bb7a8a93          	addi	x21,x21,-1097
    800002c8:	00da9a93          	slli	x21,x21,0xd
    800002cc:	f57a8a93          	addi	x21,x21,-169
    800002d0:	00da9a93          	slli	x21,x21,0xd
    800002d4:	feea8a93          	addi	x21,x21,-18
    800002d8:	0006eb37          	lui	x22,0x6e
    800002dc:	f57b0b1b          	addiw	x22,x22,-169 # 6df57 <offset+0x6df57>
    800002e0:	013b1b13          	slli	x22,x22,0x13
    800002e4:	bb7b0b13          	addi	x22,x22,-1097
    800002e8:	00db1b13          	slli	x22,x22,0xd
    800002ec:	f57b0b13          	addi	x22,x22,-169
    800002f0:	00cb1b13          	slli	x22,x22,0xc
    800002f4:	ff7b0b13          	addi	x22,x22,-9
    800002f8:	fff6ebb7          	lui	x23,0xfff6e
    800002fc:	f57b8b9b          	addiw	x23,x23,-169 # fffffffffff6df57 <_end+0xffffffff7ff6a44f>
    80000300:	013b9b93          	slli	x23,x23,0x13
    80000304:	bb7b8b93          	addi	x23,x23,-1097
    80000308:	00cb9b93          	slli	x23,x23,0xc
    8000030c:	fabb8b93          	addi	x23,x23,-85
    80000310:	00cb9b93          	slli	x23,x23,0xc
    80000314:	7fbb8b93          	addi	x23,x23,2043
    80000318:	fff6ec37          	lui	x24,0xfff6e
    8000031c:	f57c0c1b          	addiw	x24,x24,-169 # fffffffffff6df57 <_end+0xffffffff7ff6a44f>
    80000320:	010c1c13          	slli	x24,x24,0x10
    80000324:	f77c0c13          	addi	x24,x24,-137
    80000328:	00dc1c13          	slli	x24,x24,0xd
    8000032c:	bebc0c13          	addi	x24,x24,-1045
    80000330:	00dc1c13          	slli	x24,x24,0xd
    80000334:	bfdc0c13          	addi	x24,x24,-1027
    80000338:	fff6ecb7          	lui	x25,0xfff6e
    8000033c:	f57c8c9b          	addiw	x25,x25,-169 # fffffffffff6df57 <_end+0xffffffff7ff6a44f>
    80000340:	010c9c93          	slli	x25,x25,0x10
    80000344:	f77c8c93          	addi	x25,x25,-137
    80000348:	00dc9c93          	slli	x25,x25,0xd
    8000034c:	bebc8c93          	addi	x25,x25,-1045
    80000350:	00cc9c93          	slli	x25,x25,0xc
    80000354:	dfec8c93          	addi	x25,x25,-514
    80000358:	0076ed37          	lui	x26,0x76e
    8000035c:	f57d0d1b          	addiw	x26,x26,-169 # 76df57 <offset+0x76df57>
    80000360:	010d1d13          	slli	x26,x26,0x10
    80000364:	f77d0d13          	addi	x26,x26,-137
    80000368:	00cd1d13          	slli	x26,x26,0xc
    8000036c:	df5d0d13          	addi	x26,x26,-523
    80000370:	00cd1d13          	slli	x26,x26,0xc
    80000374:	6ffd0d13          	addi	x26,x26,1791
    80000378:	ff76edb7          	lui	x27,0xff76e
    8000037c:	f57d8d9b          	addiw	x27,x27,-169 # ffffffffff76df57 <_end+0xffffffff7f76a44f>
    80000380:	00fd9d93          	slli	x27,x27,0xf
    80000384:	fbbd8d93          	addi	x27,x27,-69
    80000388:	00cd9d93          	slli	x27,x27,0xc
    8000038c:	6fbd8d93          	addi	x27,x27,1787
    80000390:	00cd9d93          	slli	x27,x27,0xc
    80000394:	b7fd8d93          	addi	x27,x27,-1153
    80000398:	ff76ee37          	lui	x28,0xff76e
    8000039c:	f57e0e1b          	addiw	x28,x28,-169 # ffffffffff76df57 <_end+0xffffffff7f76a44f>
    800003a0:	00de1e13          	slli	x28,x28,0xd
    800003a4:	fefe0e13          	addi	x28,x28,-17
    800003a8:	00de1e13          	slli	x28,x28,0xd
    800003ac:	b7de0e13          	addi	x28,x28,-1155
    800003b0:	00ce1e13          	slli	x28,x28,0xc
    800003b4:	5bfe0e13          	addi	x28,x28,1471
    800003b8:	ff76eeb7          	lui	x29,0xff76e
    800003bc:	f57e8e9b          	addiw	x29,x29,-169 # ffffffffff76df57 <_end+0xffffffff7f76a44f>
    800003c0:	00de9e93          	slli	x29,x29,0xd
    800003c4:	fefe8e93          	addi	x29,x29,-17
    800003c8:	00ce9e93          	slli	x29,x29,0xc
    800003cc:	dbfe8e93          	addi	x29,x29,-577
    800003d0:	00ce9e93          	slli	x29,x29,0xc
    800003d4:	adfe8e93          	addi	x29,x29,-1313
    800003d8:	ff76ef37          	lui	x30,0xff76e
    800003dc:	f57f0f1b          	addiw	x30,x30,-169 # ffffffffff76df57 <_end+0xffffffff7f76a44f>
    800003e0:	00cf1f13          	slli	x30,x30,0xc
    800003e4:	ff7f0f13          	addi	x30,x30,-9
    800003e8:	00cf1f13          	slli	x30,x30,0xc
    800003ec:	6dff0f13          	addi	x30,x30,1759
    800003f0:	00cf1f13          	slli	x30,x30,0xc
    800003f4:	56ff0f13          	addi	x30,x30,1391
    800003f8:	ff76efb7          	lui	x31,0xff76e
    800003fc:	f57f8f9b          	addiw	x31,x31,-169 # ffffffffff76df57 <_end+0xffffffff7f76a44f>
    80000400:	013f9f93          	slli	x31,x31,0x13
    80000404:	bb7f8f93          	addi	x31,x31,-1097
    80000408:	010f9f93          	slli	x31,x31,0x10
    8000040c:	ab7f8f93          	addi	x31,x31,-1353

0000000080000410 <rvtest_code_begin>:
    80000410:	00003097          	auipc	x1,0x3
    80000414:	c0008093          	addi	x1,x1,-1024 # 80003010 <begin_signature>
    80000418:	a01ef9b7          	lui	x19,0xa01ef
    8000041c:	0130b023          	sd	x19,0(x1)
    80000420:	69d27e37          	lui	x28,0x69d27
    80000424:	01c0b423          	sd	x28,8(x1)
    80000428:	ede3df37          	lui	x30,0xede3d
    8000042c:	01e0b823          	sd	x30,16(x1)
    80000430:	00003097          	auipc	x1,0x3
    80000434:	bf808093          	addi	x1,x1,-1032 # 80003028 <signature_2_0>
    80000438:	19a51a37          	lui	x20,0x19a51
    8000043c:	0140b023          	sd	x20,0(x1)
    80000440:	8d5fd537          	lui	x10,0x8d5fd
    80000444:	00a0b423          	sd	x10,8(x1)
    80000448:	f6c65037          	lui	x0,0xf6c65
    8000044c:	0000b823          	sd	x0,16(x1)
    80000450:	00003097          	auipc	x1,0x3
    80000454:	bf008093          	addi	x1,x1,-1040 # 80003040 <signature_3_0>
    80000458:	6250f1b7          	lui	x3,0x6250f
    8000045c:	0030b023          	sd	x3,0(x1)
    80000460:	ffa64fb7          	lui	x31,0xffa64
    80000464:	01f0b423          	sd	x31,8(x1)
    80000468:	7ad3aeb7          	lui	x29,0x7ad3a
    8000046c:	01d0b823          	sd	x29,16(x1)
    80000470:	00003097          	auipc	x1,0x3
    80000474:	be808093          	addi	x1,x1,-1048 # 80003058 <signature_4_0>
    80000478:	c8c1e2b7          	lui	x5,0xc8c1e
    8000047c:	0050b023          	sd	x5,0(x1)
    80000480:	660db037          	lui	x0,0x660db
    80000484:	0000b423          	sd	x0,8(x1)
    80000488:	2dadf6b7          	lui	x13,0x2dadf
    8000048c:	00d0b823          	sd	x13,16(x1)
    80000490:	00003097          	auipc	x1,0x3
    80000494:	be008093          	addi	x1,x1,-1056 # 80003070 <signature_5_0>
    80000498:	3c847237          	lui	x4,0x3c847
    8000049c:	0040b023          	sd	x4,0(x1)
    800004a0:	a7ae75b7          	lui	x11,0xa7ae7
    800004a4:	00b0b423          	sd	x11,8(x1)
    800004a8:	b62bfcb7          	lui	x25,0xb62bf
    800004ac:	0190b823          	sd	x25,16(x1)
    800004b0:	00003097          	auipc	x1,0x3
    800004b4:	bd808093          	addi	x1,x1,-1064 # 80003088 <signature_6_0>
    800004b8:	0a3d1137          	lui	x2,0xa3d1
    800004bc:	0020b023          	sd	x2,0(x1)
    800004c0:	80fd4937          	lui	x18,0x80fd4
    800004c4:	0120b423          	sd	x18,8(x1)
    800004c8:	f5ff4937          	lui	x18,0xf5ff4
    800004cc:	0120b823          	sd	x18,16(x1)
    800004d0:	00003097          	auipc	x1,0x3
    800004d4:	bd008093          	addi	x1,x1,-1072 # 800030a0 <signature_7_0>
    800004d8:	67ad93b7          	lui	x7,0x67ad9
    800004dc:	0070b023          	sd	x7,0(x1)
    800004e0:	454c04b7          	lui	x9,0x454c0
    800004e4:	0090b423          	sd	x9,8(x1)
    800004e8:	d3492fb7          	lui	x31,0xd3492
    800004ec:	01f0b823          	sd	x31,16(x1)
    800004f0:	00003097          	auipc	x1,0x3
    800004f4:	bc808093          	addi	x1,x1,-1080 # 800030b8 <signature_8_0>
    800004f8:	d663e8b7          	lui	x17,0xd663e
    800004fc:	0110b023          	sd	x17,0(x1)
    80000500:	3f1c5bb7          	lui	x23,0x3f1c5
    80000504:	0170b423          	sd	x23,8(x1)
    80000508:	d39aefb7          	lui	x31,0xd39ae
    8000050c:	01f0b823          	sd	x31,16(x1)
    80000510:	00003097          	auipc	x1,0x3
    80000514:	bc008093          	addi	x1,x1,-1088 # 800030d0 <signature_9_0>
    80000518:	3a4ddab7          	lui	x21,0x3a4dd
    8000051c:	0150b023          	sd	x21,0(x1)
    80000520:	83650037          	lui	x0,0x83650
    80000524:	0000b423          	sd	x0,8(x1)
    80000528:	c88d5f37          	lui	x30,0xc88d5
    8000052c:	01e0b823          	sd	x30,16(x1)
    80000530:	00003097          	auipc	x1,0x3
    80000534:	bb808093          	addi	x1,x1,-1096 # 800030e8 <signature_10_0>
    80000538:	f4071037          	lui	x0,0xf4071
    8000053c:	0000b023          	sd	x0,0(x1)
    80000540:	b3c308b7          	lui	x17,0xb3c30
    80000544:	0110b423          	sd	x17,8(x1)
    80000548:	c7dd8fb7          	lui	x31,0xc7dd8
    8000054c:	01f0b823          	sd	x31,16(x1)
    80000550:	00003097          	auipc	x1,0x3
    80000554:	bb008093          	addi	x1,x1,-1104 # 80003100 <signature_11_0>
    80000558:	00000337          	lui	x6,0x0
    8000055c:	0060b023          	sd	x6,0(x1)
    80000560:	fffff5b7          	lui	x11,0xfffff
    80000564:	00b0b423          	sd	x11,8(x1)
    80000568:	fffffb37          	lui	x22,0xfffff
    8000056c:	0160b823          	sd	x22,16(x1)
    80000570:	00003097          	auipc	x1,0x3
    80000574:	ba808093          	addi	x1,x1,-1112 # 80003118 <signature_12_0>
    80000578:	fffff4b7          	lui	x9,0xfffff
    8000057c:	0090b023          	sd	x9,0(x1)
    80000580:	00001137          	lui	x2,0x1
    80000584:	0020b423          	sd	x2,8(x1)
    80000588:	fffff3b7          	lui	x7,0xfffff
    8000058c:	0070b823          	sd	x7,16(x1)
    80000590:	00003097          	auipc	x1,0x3
    80000594:	ba008093          	addi	x1,x1,-1120 # 80003130 <signature_13_0>
    80000598:	fffff6b7          	lui	x13,0xfffff
    8000059c:	00d0b023          	sd	x13,0(x1)
    800005a0:	000003b7          	lui	x7,0x0
    800005a4:	0070b423          	sd	x7,8(x1)
    800005a8:	000001b7          	lui	x3,0x0
    800005ac:	0030b823          	sd	x3,16(x1)
    800005b0:	00003117          	auipc	x2,0x3
    800005b4:	b9810113          	addi	x2,x2,-1128 # 80003148 <signature_14_0>
    800005b8:	fffff6b7          	lui	x13,0xfffff
    800005bc:	00d13023          	sd	x13,0(x2)
    800005c0:	000010b7          	lui	x1,0x1
    800005c4:	00113423          	sd	x1,8(x2)
    800005c8:	000020b7          	lui	x1,0x2
    800005cc:	00113823          	sd	x1,16(x2)
    800005d0:	00003097          	auipc	x1,0x3
    800005d4:	b9008093          	addi	x1,x1,-1136 # 80003160 <signature_15_0>
    800005d8:	00004137          	lui	x2,0x4
    800005dc:	0020b023          	sd	x2,0(x1)
    800005e0:	000081b7          	lui	x3,0x8
    800005e4:	0030b423          	sd	x3,8(x1)
    800005e8:	00010237          	lui	x4,0x10
    800005ec:	0040b823          	sd	x4,16(x1)
    800005f0:	00003097          	auipc	x1,0x3
    800005f4:	b8808093          	addi	x1,x1,-1144 # 80003178 <signature_16_0>
    800005f8:	000202b7          	lui	x5,0x20
    800005fc:	0050b023          	sd	x5,0(x1)
    80000600:	00040337          	lui	x6,0x40
    80000604:	0060b423          	sd	x6,8(x1)
    80000608:	000803b7          	lui	x7,0x80
    8000060c:	0070b823          	sd	x7,16(x1)
    80000610:	00003097          	auipc	x1,0x3
    80000614:	b8008093          	addi	x1,x1,-1152 # 80003190 <signature_17_0>
    80000618:	00100437          	lui	x8,0x100
    8000061c:	0080b023          	sd	x8,0(x1)
    80000620:	002004b7          	lui	x9,0x200
    80000624:	0090b423          	sd	x9,8(x1)
    80000628:	00400537          	lui	x10,0x400
    8000062c:	00a0b823          	sd	x10,16(x1)
    80000630:	00003097          	auipc	x1,0x3
    80000634:	b7808093          	addi	x1,x1,-1160 # 800031a8 <signature_18_0>
    80000638:	008005b7          	lui	x11,0x800
    8000063c:	00b0b023          	sd	x11,0(x1)
    80000640:	01000637          	lui	x12,0x1000
    80000644:	00c0b423          	sd	x12,8(x1)
    80000648:	020006b7          	lui	x13,0x2000
    8000064c:	00d0b823          	sd	x13,16(x1)
    80000650:	00003097          	auipc	x1,0x3
    80000654:	b7008093          	addi	x1,x1,-1168 # 800031c0 <signature_19_0>
    80000658:	04000737          	lui	x14,0x4000
    8000065c:	00e0b023          	sd	x14,0(x1)
    80000660:	080007b7          	lui	x15,0x8000
    80000664:	00f0b423          	sd	x15,8(x1)
    80000668:	10000837          	lui	x16,0x10000
    8000066c:	0100b823          	sd	x16,16(x1)
    80000670:	00003097          	auipc	x1,0x3
    80000674:	b6808093          	addi	x1,x1,-1176 # 800031d8 <signature_20_0>
    80000678:	200008b7          	lui	x17,0x20000
    8000067c:	0110b023          	sd	x17,0(x1)
    80000680:	40000937          	lui	x18,0x40000
    80000684:	0120b423          	sd	x18,8(x1)
    80000688:	800009b7          	lui	x19,0x80000
    8000068c:	0130b823          	sd	x19,16(x1)
    80000690:	00003097          	auipc	x1,0x3
    80000694:	b6008093          	addi	x1,x1,-1184 # 800031f0 <signature_21_0>
    80000698:	ffffea37          	lui	x20,0xffffe
    8000069c:	0140b023          	sd	x20,0(x1)
    800006a0:	ffffdab7          	lui	x21,0xffffd
    800006a4:	0150b423          	sd	x21,8(x1)
    800006a8:	ffffbb37          	lui	x22,0xffffb
    800006ac:	0160b823          	sd	x22,16(x1)
    800006b0:	00003097          	auipc	x1,0x3
    800006b4:	b5808093          	addi	x1,x1,-1192 # 80003208 <signature_22_0>
    800006b8:	ffff7bb7          	lui	x23,0xffff7
    800006bc:	0170b023          	sd	x23,0(x1)
    800006c0:	fffefc37          	lui	x24,0xfffef
    800006c4:	0180b423          	sd	x24,8(x1)
    800006c8:	fffdfcb7          	lui	x25,0xfffdf
    800006cc:	0190b823          	sd	x25,16(x1)
    800006d0:	00003097          	auipc	x1,0x3
    800006d4:	b5008093          	addi	x1,x1,-1200 # 80003220 <signature_23_0>
    800006d8:	fffbfd37          	lui	x26,0xfffbf
    800006dc:	01a0b023          	sd	x26,0(x1)
    800006e0:	fff7fdb7          	lui	x27,0xfff7f
    800006e4:	01b0b423          	sd	x27,8(x1)
    800006e8:	ffeffe37          	lui	x28,0xffeff
    800006ec:	01c0b823          	sd	x28,16(x1)
    800006f0:	00003097          	auipc	x1,0x3
    800006f4:	b4808093          	addi	x1,x1,-1208 # 80003238 <signature_24_0>
    800006f8:	ffdffeb7          	lui	x29,0xffdff
    800006fc:	01d0b023          	sd	x29,0(x1)
    80000700:	ffbfff37          	lui	x30,0xffbff
    80000704:	01e0b423          	sd	x30,8(x1)
    80000708:	ff7fffb7          	lui	x31,0xff7ff
    8000070c:	01f0b823          	sd	x31,16(x1)
    80000710:	00003197          	auipc	x3,0x3
    80000714:	b4018193          	addi	x3,x3,-1216 # 80003250 <signature_25_0>
    80000718:	fefff0b7          	lui	x1,0xfefff
    8000071c:	0011b023          	sd	x1,0(x3)
    80000720:	fdfff0b7          	lui	x1,0xfdfff
    80000724:	0011b423          	sd	x1,8(x3)
    80000728:	fbfff137          	lui	x2,0xfbfff
    8000072c:	0021b823          	sd	x2,16(x3)
    80000730:	00003097          	auipc	x1,0x3
    80000734:	b3808093          	addi	x1,x1,-1224 # 80003268 <signature_26_0>
    80000738:	f7fff1b7          	lui	x3,0xf7fff
    8000073c:	0030b023          	sd	x3,0(x1)
    80000740:	effff237          	lui	x4,0xeffff
    80000744:	0040b423          	sd	x4,8(x1)
    80000748:	dffff2b7          	lui	x5,0xdffff
    8000074c:	0050b823          	sd	x5,16(x1)
    80000750:	00003097          	auipc	x1,0x3
    80000754:	b3008093          	addi	x1,x1,-1232 # 80003280 <signature_27_0>
    80000758:	bffff337          	lui	x6,0xbffff
    8000075c:	0060b023          	sd	x6,0(x1)
    80000760:	7ffff3b7          	lui	x7,0x7ffff
    80000764:	0070b423          	sd	x7,8(x1)
    80000768:	ffffe437          	lui	x8,0xffffe
    8000076c:	0080b823          	sd	x8,16(x1)
    80000770:	00003097          	auipc	x1,0x3
    80000774:	b2808093          	addi	x1,x1,-1240 # 80003298 <signature_28_0>
    80000778:	ffffd4b7          	lui	x9,0xffffd
    8000077c:	0090b023          	sd	x9,0(x1)
    80000780:	ffffb537          	lui	x10,0xffffb
    80000784:	00a0b423          	sd	x10,8(x1)
    80000788:	ffff75b7          	lui	x11,0xffff7
    8000078c:	00b0b823          	sd	x11,16(x1)
    80000790:	00003097          	auipc	x1,0x3
    80000794:	b2008093          	addi	x1,x1,-1248 # 800032b0 <signature_29_0>
    80000798:	fffef637          	lui	x12,0xfffef
    8000079c:	00c0b023          	sd	x12,0(x1)
    800007a0:	fffdf6b7          	lui	x13,0xfffdf
    800007a4:	00d0b423          	sd	x13,8(x1)
    800007a8:	fffbf737          	lui	x14,0xfffbf
    800007ac:	00e0b823          	sd	x14,16(x1)
    800007b0:	00003097          	auipc	x1,0x3
    800007b4:	b1808093          	addi	x1,x1,-1256 # 800032c8 <signature_30_0>
    800007b8:	fff7f7b7          	lui	x15,0xfff7f
    800007bc:	00f0b023          	sd	x15,0(x1)
    800007c0:	ffeff837          	lui	x16,0xffeff
    800007c4:	0100b423          	sd	x16,8(x1)
    800007c8:	ffdff8b7          	lui	x17,0xffdff
    800007cc:	0110b823          	sd	x17,16(x1)
    800007d0:	00003097          	auipc	x1,0x3
    800007d4:	b1008093          	addi	x1,x1,-1264 # 800032e0 <signature_31_0>
    800007d8:	ffbff937          	lui	x18,0xffbff
    800007dc:	0120b023          	sd	x18,0(x1)
    800007e0:	ff7ff9b7          	lui	x19,0xff7ff
    800007e4:	0130b423          	sd	x19,8(x1)
    800007e8:	fefffa37          	lui	x20,0xfefff
    800007ec:	0140b823          	sd	x20,16(x1)
    800007f0:	00003097          	auipc	x1,0x3
    800007f4:	b0808093          	addi	x1,x1,-1272 # 800032f8 <signature_32_0>
    800007f8:	fdfffab7          	lui	x21,0xfdfff
    800007fc:	0150b023          	sd	x21,0(x1)
    80000800:	fbfffb37          	lui	x22,0xfbfff
    80000804:	0160b423          	sd	x22,8(x1)
    80000808:	f7fffbb7          	lui	x23,0xf7fff
    8000080c:	0170b823          	sd	x23,16(x1)
    80000810:	00003097          	auipc	x1,0x3
    80000814:	b0008093          	addi	x1,x1,-1280 # 80003310 <signature_33_0>
    80000818:	effffc37          	lui	x24,0xeffff
    8000081c:	0180b023          	sd	x24,0(x1)
    80000820:	dffffcb7          	lui	x25,0xdffff
    80000824:	0190b423          	sd	x25,8(x1)
    80000828:	bffffd37          	lui	x26,0xbffff
    8000082c:	01a0b823          	sd	x26,16(x1)
    80000830:	00003097          	auipc	x1,0x3
    80000834:	af808093          	addi	x1,x1,-1288 # 80003328 <signature_34_0>
    80000838:	7ffffdb7          	lui	x27,0x7ffff
    8000083c:	01b0b023          	sd	x27,0(x1)
    80000840:	ffffee37          	lui	x28,0xffffe
    80000844:	01c0b423          	sd	x28,8(x1)
    80000848:	ffffdeb7          	lui	x29,0xffffd
    8000084c:	01d0b823          	sd	x29,16(x1)
    80000850:	00003117          	auipc	x2,0x3
    80000854:	af010113          	addi	x2,x2,-1296 # 80003340 <signature_35_0>
    80000858:	ffffbf37          	lui	x30,0xffffb
    8000085c:	01e13023          	sd	x30,0(x2)
    80000860:	ffff7fb7          	lui	x31,0xffff7
    80000864:	01f13423          	sd	x31,8(x2)
    80000868:	fffef0b7          	lui	x1,0xfffef
    8000086c:	00113823          	sd	x1,16(x2)
    80000870:	00003217          	auipc	x4,0x3
    80000874:	ae820213          	addi	x4,x4,-1304 # 80003358 <signature_36_0>
    80000878:	fffdf0b7          	lui	x1,0xfffdf
    8000087c:	00123023          	sd	x1,0(x4) # 0 <offset>
    80000880:	fffbf137          	lui	x2,0xfffbf
    80000884:	00223423          	sd	x2,8(x4) # 8 <offset+0x8>
    80000888:	fff7f1b7          	lui	x3,0xfff7f
    8000088c:	00323823          	sd	x3,16(x4) # 10 <offset+0x10>
    80000890:	00003097          	auipc	x1,0x3
    80000894:	ae008093          	addi	x1,x1,-1312 # 80003370 <signature_37_0>
    80000898:	ffeff237          	lui	x4,0xffeff
    8000089c:	0040b023          	sd	x4,0(x1)
    800008a0:	ffdff2b7          	lui	x5,0xffdff
    800008a4:	0050b423          	sd	x5,8(x1)
    800008a8:	ffbff337          	lui	x6,0xffbff
    800008ac:	0060b823          	sd	x6,16(x1)
    800008b0:	00003097          	auipc	x1,0x3
    800008b4:	ad808093          	addi	x1,x1,-1320 # 80003388 <signature_38_0>
    800008b8:	ff7ff3b7          	lui	x7,0xff7ff
    800008bc:	0070b023          	sd	x7,0(x1)
    800008c0:	fefff437          	lui	x8,0xfefff
    800008c4:	0080b423          	sd	x8,8(x1)
    800008c8:	fdfff4b7          	lui	x9,0xfdfff
    800008cc:	0090b823          	sd	x9,16(x1)
    800008d0:	00003097          	auipc	x1,0x3
    800008d4:	ad008093          	addi	x1,x1,-1328 # 800033a0 <signature_39_0>
    800008d8:	fbfff537          	lui	x10,0xfbfff
    800008dc:	00a0b023          	sd	x10,0(x1)
    800008e0:	f7fff5b7          	lui	x11,0xf7fff
    800008e4:	00b0b423          	sd	x11,8(x1)
    800008e8:	effff637          	lui	x12,0xeffff
    800008ec:	00c0b823          	sd	x12,16(x1)
    800008f0:	00003097          	auipc	x1,0x3
    800008f4:	ac808093          	addi	x1,x1,-1336 # 800033b8 <signature_40_0>
    800008f8:	dffff6b7          	lui	x13,0xdffff
    800008fc:	00d0b023          	sd	x13,0(x1)
    80000900:	bffff737          	lui	x14,0xbffff
    80000904:	00e0b423          	sd	x14,8(x1)
    80000908:	7ffff7b7          	lui	x15,0x7ffff
    8000090c:	00f0b823          	sd	x15,16(x1)
    80000910:	00003097          	auipc	x1,0x3
    80000914:	ac008093          	addi	x1,x1,-1344 # 800033d0 <signature_41_0>
    80000918:	ffffe837          	lui	x16,0xffffe
    8000091c:	0100b023          	sd	x16,0(x1)
    80000920:	ffffd8b7          	lui	x17,0xffffd
    80000924:	0110b423          	sd	x17,8(x1)
    80000928:	ffffb937          	lui	x18,0xffffb
    8000092c:	0120b823          	sd	x18,16(x1)
    80000930:	00003097          	auipc	x1,0x3
    80000934:	ab808093          	addi	x1,x1,-1352 # 800033e8 <signature_42_0>
    80000938:	ffff79b7          	lui	x19,0xffff7
    8000093c:	0130b023          	sd	x19,0(x1)
    80000940:	fffefa37          	lui	x20,0xfffef
    80000944:	0140b423          	sd	x20,8(x1)
    80000948:	fffdfab7          	lui	x21,0xfffdf
    8000094c:	0150b823          	sd	x21,16(x1)
    80000950:	00003097          	auipc	x1,0x3
    80000954:	ab008093          	addi	x1,x1,-1360 # 80003400 <signature_43_0>
    80000958:	fffbfb37          	lui	x22,0xfffbf
    8000095c:	0160b023          	sd	x22,0(x1)
    80000960:	fff7fbb7          	lui	x23,0xfff7f
    80000964:	0170b423          	sd	x23,8(x1)
    80000968:	ffeffc37          	lui	x24,0xffeff
    8000096c:	0180b823          	sd	x24,16(x1)
    80000970:	00003097          	auipc	x1,0x3
    80000974:	aa808093          	addi	x1,x1,-1368 # 80003418 <signature_44_0>
    80000978:	ffdffcb7          	lui	x25,0xffdff
    8000097c:	0190b023          	sd	x25,0(x1)
    80000980:	ffbffd37          	lui	x26,0xffbff
    80000984:	01a0b423          	sd	x26,8(x1)
    80000988:	ff7ffdb7          	lui	x27,0xff7ff
    8000098c:	01b0b823          	sd	x27,16(x1)
    80000990:	00003097          	auipc	x1,0x3
    80000994:	aa008093          	addi	x1,x1,-1376 # 80003430 <signature_45_0>
    80000998:	fefffe37          	lui	x28,0xfefff
    8000099c:	01c0b023          	sd	x28,0(x1)
    800009a0:	fdfffeb7          	lui	x29,0xfdfff
    800009a4:	01d0b423          	sd	x29,8(x1)
    800009a8:	fbffff37          	lui	x30,0xfbfff
    800009ac:	01e0b823          	sd	x30,16(x1)
    800009b0:	00003117          	auipc	x2,0x3
    800009b4:	a9810113          	addi	x2,x2,-1384 # 80003448 <signature_46_0>
    800009b8:	f7ffffb7          	lui	x31,0xf7fff
    800009bc:	01f13023          	sd	x31,0(x2)
    800009c0:	effff0b7          	lui	x1,0xeffff
    800009c4:	00113423          	sd	x1,8(x2)
    800009c8:	dffff0b7          	lui	x1,0xdffff
    800009cc:	00113823          	sd	x1,16(x2)
    800009d0:	00003097          	auipc	x1,0x3
    800009d4:	a9008093          	addi	x1,x1,-1392 # 80003460 <signature_47_0>
    800009d8:	bffff137          	lui	x2,0xbffff
    800009dc:	0020b023          	sd	x2,0(x1)
    800009e0:	7ffff1b7          	lui	x3,0x7ffff
    800009e4:	0030b423          	sd	x3,8(x1)
    800009e8:	ffffe237          	lui	x4,0xffffe
    800009ec:	0040b823          	sd	x4,16(x1)
    800009f0:	00003097          	auipc	x1,0x3
    800009f4:	a8808093          	addi	x1,x1,-1400 # 80003478 <signature_48_0>
    800009f8:	ffffd2b7          	lui	x5,0xffffd
    800009fc:	0050b023          	sd	x5,0(x1)
    80000a00:	ffffb337          	lui	x6,0xffffb
    80000a04:	0060b423          	sd	x6,8(x1)
    80000a08:	ffff73b7          	lui	x7,0xffff7
    80000a0c:	0070b823          	sd	x7,16(x1)
    80000a10:	00003097          	auipc	x1,0x3
    80000a14:	a8008093          	addi	x1,x1,-1408 # 80003490 <signature_49_0>
    80000a18:	fffef437          	lui	x8,0xfffef
    80000a1c:	0080b023          	sd	x8,0(x1)
    80000a20:	fffdf4b7          	lui	x9,0xfffdf
    80000a24:	0090b423          	sd	x9,8(x1)
    80000a28:	fffbf537          	lui	x10,0xfffbf
    80000a2c:	00a0b823          	sd	x10,16(x1)
    80000a30:	00003097          	auipc	x1,0x3
    80000a34:	a7808093          	addi	x1,x1,-1416 # 800034a8 <signature_50_0>
    80000a38:	fff7f5b7          	lui	x11,0xfff7f
    80000a3c:	00b0b023          	sd	x11,0(x1)
    80000a40:	ffeff637          	lui	x12,0xffeff
    80000a44:	00c0b423          	sd	x12,8(x1)
    80000a48:	ffdff6b7          	lui	x13,0xffdff
    80000a4c:	00d0b823          	sd	x13,16(x1)
    80000a50:	00003097          	auipc	x1,0x3
    80000a54:	a7008093          	addi	x1,x1,-1424 # 800034c0 <signature_51_0>
    80000a58:	ffbff737          	lui	x14,0xffbff
    80000a5c:	00e0b023          	sd	x14,0(x1)
    80000a60:	ff7ff7b7          	lui	x15,0xff7ff
    80000a64:	00f0b423          	sd	x15,8(x1)
    80000a68:	fefff837          	lui	x16,0xfefff
    80000a6c:	0100b823          	sd	x16,16(x1)
    80000a70:	00003097          	auipc	x1,0x3
    80000a74:	a6808093          	addi	x1,x1,-1432 # 800034d8 <signature_52_0>
    80000a78:	fdfff8b7          	lui	x17,0xfdfff
    80000a7c:	0110b023          	sd	x17,0(x1)
    80000a80:	fbfff937          	lui	x18,0xfbfff
    80000a84:	0120b423          	sd	x18,8(x1)
    80000a88:	f7fff9b7          	lui	x19,0xf7fff
    80000a8c:	0130b823          	sd	x19,16(x1)
    80000a90:	00003097          	auipc	x1,0x3
    80000a94:	a6008093          	addi	x1,x1,-1440 # 800034f0 <signature_53_0>
    80000a98:	effffa37          	lui	x20,0xeffff
    80000a9c:	0140b023          	sd	x20,0(x1)
    80000aa0:	dffffab7          	lui	x21,0xdffff
    80000aa4:	0150b423          	sd	x21,8(x1)
    80000aa8:	bffffb37          	lui	x22,0xbffff
    80000aac:	0160b823          	sd	x22,16(x1)
    80000ab0:	00003097          	auipc	x1,0x3
    80000ab4:	a5808093          	addi	x1,x1,-1448 # 80003508 <signature_54_0>
    80000ab8:	7ffffbb7          	lui	x23,0x7ffff
    80000abc:	0170b023          	sd	x23,0(x1)
    80000ac0:	ffffec37          	lui	x24,0xffffe
    80000ac4:	0180b423          	sd	x24,8(x1)
    80000ac8:	ffffdcb7          	lui	x25,0xffffd
    80000acc:	0190b823          	sd	x25,16(x1)
    80000ad0:	00003097          	auipc	x1,0x3
    80000ad4:	a5008093          	addi	x1,x1,-1456 # 80003520 <signature_55_0>
    80000ad8:	ffffbd37          	lui	x26,0xffffb
    80000adc:	01a0b023          	sd	x26,0(x1)
    80000ae0:	ffff7db7          	lui	x27,0xffff7
    80000ae4:	01b0b423          	sd	x27,8(x1)
    80000ae8:	fffefe37          	lui	x28,0xfffef
    80000aec:	01c0b823          	sd	x28,16(x1)
    80000af0:	00003097          	auipc	x1,0x3
    80000af4:	a4808093          	addi	x1,x1,-1464 # 80003538 <signature_56_0>
    80000af8:	fffdfeb7          	lui	x29,0xfffdf
    80000afc:	01d0b023          	sd	x29,0(x1)
    80000b00:	fffbff37          	lui	x30,0xfffbf
    80000b04:	01e0b423          	sd	x30,8(x1)
    80000b08:	fff7ffb7          	lui	x31,0xfff7f
    80000b0c:	01f0b823          	sd	x31,16(x1)
    80000b10:	00003197          	auipc	x3,0x3
    80000b14:	a4018193          	addi	x3,x3,-1472 # 80003550 <signature_57_0>
    80000b18:	000010b7          	lui	x1,0x1
    80000b1c:	0011b023          	sd	x1,0(x3)
    80000b20:	000020b7          	lui	x1,0x2
    80000b24:	0011b423          	sd	x1,8(x3)
    80000b28:	00004137          	lui	x2,0x4
    80000b2c:	0021b823          	sd	x2,16(x3)
    80000b30:	00003097          	auipc	x1,0x3
    80000b34:	a3808093          	addi	x1,x1,-1480 # 80003568 <signature_58_0>
    80000b38:	000081b7          	lui	x3,0x8
    80000b3c:	0030b023          	sd	x3,0(x1)
    80000b40:	00010237          	lui	x4,0x10
    80000b44:	0040b423          	sd	x4,8(x1)
    80000b48:	000202b7          	lui	x5,0x20
    80000b4c:	0050b823          	sd	x5,16(x1)
    80000b50:	00003097          	auipc	x1,0x3
    80000b54:	a3008093          	addi	x1,x1,-1488 # 80003580 <signature_59_0>
    80000b58:	00040337          	lui	x6,0x40
    80000b5c:	0060b023          	sd	x6,0(x1)
    80000b60:	000803b7          	lui	x7,0x80
    80000b64:	0070b423          	sd	x7,8(x1)
    80000b68:	00100437          	lui	x8,0x100
    80000b6c:	0080b823          	sd	x8,16(x1)
    80000b70:	00003097          	auipc	x1,0x3
    80000b74:	a2808093          	addi	x1,x1,-1496 # 80003598 <signature_60_0>
    80000b78:	002004b7          	lui	x9,0x200
    80000b7c:	0090b023          	sd	x9,0(x1)
    80000b80:	00400537          	lui	x10,0x400
    80000b84:	00a0b423          	sd	x10,8(x1)
    80000b88:	008005b7          	lui	x11,0x800
    80000b8c:	00b0b823          	sd	x11,16(x1)
    80000b90:	00003097          	auipc	x1,0x3
    80000b94:	a2008093          	addi	x1,x1,-1504 # 800035b0 <signature_61_0>
    80000b98:	01000637          	lui	x12,0x1000
    80000b9c:	00c0b023          	sd	x12,0(x1)
    80000ba0:	020006b7          	lui	x13,0x2000
    80000ba4:	00d0b423          	sd	x13,8(x1)
    80000ba8:	04000737          	lui	x14,0x4000
    80000bac:	00e0b823          	sd	x14,16(x1)
    80000bb0:	00003097          	auipc	x1,0x3
    80000bb4:	a1808093          	addi	x1,x1,-1512 # 800035c8 <signature_62_0>
    80000bb8:	080007b7          	lui	x15,0x8000
    80000bbc:	00f0b023          	sd	x15,0(x1)
    80000bc0:	10000837          	lui	x16,0x10000
    80000bc4:	0100b423          	sd	x16,8(x1)
    80000bc8:	200008b7          	lui	x17,0x20000
    80000bcc:	0110b823          	sd	x17,16(x1)
    80000bd0:	00003097          	auipc	x1,0x3
    80000bd4:	a1008093          	addi	x1,x1,-1520 # 800035e0 <signature_63_0>
    80000bd8:	40000937          	lui	x18,0x40000
    80000bdc:	0120b023          	sd	x18,0(x1)
    80000be0:	800009b7          	lui	x19,0x80000
    80000be4:	0130b423          	sd	x19,8(x1)
    80000be8:	ffffea37          	lui	x20,0xffffe
    80000bec:	0140b823          	sd	x20,16(x1)
    80000bf0:	00003097          	auipc	x1,0x3
    80000bf4:	a0808093          	addi	x1,x1,-1528 # 800035f8 <signature_64_0>
    80000bf8:	ffffdab7          	lui	x21,0xffffd
    80000bfc:	0150b023          	sd	x21,0(x1)
    80000c00:	ffffbb37          	lui	x22,0xffffb
    80000c04:	0160b423          	sd	x22,8(x1)
    80000c08:	ffff7bb7          	lui	x23,0xffff7
    80000c0c:	0170b823          	sd	x23,16(x1)
    80000c10:	00003097          	auipc	x1,0x3
    80000c14:	a0008093          	addi	x1,x1,-1536 # 80003610 <signature_65_0>
    80000c18:	fffefc37          	lui	x24,0xfffef
    80000c1c:	0180b023          	sd	x24,0(x1)
    80000c20:	fffdfcb7          	lui	x25,0xfffdf
    80000c24:	0190b423          	sd	x25,8(x1)
    80000c28:	fffbfd37          	lui	x26,0xfffbf
    80000c2c:	01a0b823          	sd	x26,16(x1)
    80000c30:	00003097          	auipc	x1,0x3
    80000c34:	9f808093          	addi	x1,x1,-1544 # 80003628 <signature_66_0>
    80000c38:	fff7fdb7          	lui	x27,0xfff7f
    80000c3c:	01b0b023          	sd	x27,0(x1)
    80000c40:	ffeffe37          	lui	x28,0xffeff
    80000c44:	01c0b423          	sd	x28,8(x1)
    80000c48:	ffdffeb7          	lui	x29,0xffdff
    80000c4c:	01d0b823          	sd	x29,16(x1)
    80000c50:	00003117          	auipc	x2,0x3
    80000c54:	9f010113          	addi	x2,x2,-1552 # 80003640 <signature_67_0>
    80000c58:	ffbfff37          	lui	x30,0xffbff
    80000c5c:	01e13023          	sd	x30,0(x2)
    80000c60:	ff7fffb7          	lui	x31,0xff7ff
    80000c64:	01f13423          	sd	x31,8(x2)
    80000c68:	fefff0b7          	lui	x1,0xfefff
    80000c6c:	00113823          	sd	x1,16(x2)
    80000c70:	00003217          	auipc	x4,0x3
    80000c74:	9e820213          	addi	x4,x4,-1560 # 80003658 <signature_68_0>
    80000c78:	fdfff0b7          	lui	x1,0xfdfff
    80000c7c:	00123023          	sd	x1,0(x4) # 0 <offset>
    80000c80:	fbfff137          	lui	x2,0xfbfff
    80000c84:	00223423          	sd	x2,8(x4) # 8 <offset+0x8>
    80000c88:	f7fff1b7          	lui	x3,0xf7fff
    80000c8c:	00323823          	sd	x3,16(x4) # 10 <offset+0x10>
    80000c90:	00003097          	auipc	x1,0x3
    80000c94:	9e008093          	addi	x1,x1,-1568 # 80003670 <signature_69_0>
    80000c98:	effff237          	lui	x4,0xeffff
    80000c9c:	0040b023          	sd	x4,0(x1)
    80000ca0:	dffff2b7          	lui	x5,0xdffff
    80000ca4:	0050b423          	sd	x5,8(x1)
    80000ca8:	bffff337          	lui	x6,0xbffff
    80000cac:	0060b823          	sd	x6,16(x1)
    80000cb0:	00003097          	auipc	x1,0x3
    80000cb4:	9d808093          	addi	x1,x1,-1576 # 80003688 <signature_70_0>
    80000cb8:	7ffff3b7          	lui	x7,0x7ffff
    80000cbc:	0070b023          	sd	x7,0(x1)
    80000cc0:	ffffe437          	lui	x8,0xffffe
    80000cc4:	0080b423          	sd	x8,8(x1)
    80000cc8:	ffffd4b7          	lui	x9,0xffffd
    80000ccc:	0090b823          	sd	x9,16(x1)
    80000cd0:	00003097          	auipc	x1,0x3
    80000cd4:	9d008093          	addi	x1,x1,-1584 # 800036a0 <signature_71_0>
    80000cd8:	ffffb537          	lui	x10,0xffffb
    80000cdc:	00a0b023          	sd	x10,0(x1)
    80000ce0:	ffff75b7          	lui	x11,0xffff7
    80000ce4:	00b0b423          	sd	x11,8(x1)
    80000ce8:	fffef637          	lui	x12,0xfffef
    80000cec:	00c0b823          	sd	x12,16(x1)
    80000cf0:	00003097          	auipc	x1,0x3
    80000cf4:	9c808093          	addi	x1,x1,-1592 # 800036b8 <signature_72_0>
    80000cf8:	fffdf6b7          	lui	x13,0xfffdf
    80000cfc:	00d0b023          	sd	x13,0(x1)
    80000d00:	fffbf737          	lui	x14,0xfffbf
    80000d04:	00e0b423          	sd	x14,8(x1)
    80000d08:	fff7f7b7          	lui	x15,0xfff7f
    80000d0c:	00f0b823          	sd	x15,16(x1)
    80000d10:	00003097          	auipc	x1,0x3
    80000d14:	9c008093          	addi	x1,x1,-1600 # 800036d0 <signature_73_0>
    80000d18:	ffeff837          	lui	x16,0xffeff
    80000d1c:	0100b023          	sd	x16,0(x1)
    80000d20:	ffdff8b7          	lui	x17,0xffdff
    80000d24:	0110b423          	sd	x17,8(x1)
    80000d28:	ffbff937          	lui	x18,0xffbff
    80000d2c:	0120b823          	sd	x18,16(x1)
    80000d30:	00003097          	auipc	x1,0x3
    80000d34:	9b808093          	addi	x1,x1,-1608 # 800036e8 <signature_74_0>
    80000d38:	ff7ff9b7          	lui	x19,0xff7ff
    80000d3c:	0130b023          	sd	x19,0(x1)
    80000d40:	fefffa37          	lui	x20,0xfefff
    80000d44:	0140b423          	sd	x20,8(x1)
    80000d48:	fdfffab7          	lui	x21,0xfdfff
    80000d4c:	0150b823          	sd	x21,16(x1)
    80000d50:	00003097          	auipc	x1,0x3
    80000d54:	9b008093          	addi	x1,x1,-1616 # 80003700 <signature_75_0>
    80000d58:	fbfffb37          	lui	x22,0xfbfff
    80000d5c:	0160b023          	sd	x22,0(x1)
    80000d60:	f7fffbb7          	lui	x23,0xf7fff
    80000d64:	0170b423          	sd	x23,8(x1)
    80000d68:	effffc37          	lui	x24,0xeffff
    80000d6c:	0180b823          	sd	x24,16(x1)
    80000d70:	00003097          	auipc	x1,0x3
    80000d74:	9a808093          	addi	x1,x1,-1624 # 80003718 <signature_76_0>
    80000d78:	dffffcb7          	lui	x25,0xdffff
    80000d7c:	0190b023          	sd	x25,0(x1)
    80000d80:	bffffd37          	lui	x26,0xbffff
    80000d84:	01a0b423          	sd	x26,8(x1)
    80000d88:	7ffffdb7          	lui	x27,0x7ffff
    80000d8c:	01b0b823          	sd	x27,16(x1)
    80000d90:	00003097          	auipc	x1,0x3
    80000d94:	9a008093          	addi	x1,x1,-1632 # 80003730 <signature_77_0>
    80000d98:	ffffee37          	lui	x28,0xffffe
    80000d9c:	01c0b023          	sd	x28,0(x1)
    80000da0:	ffffdeb7          	lui	x29,0xffffd
    80000da4:	01d0b423          	sd	x29,8(x1)
    80000da8:	ffffbf37          	lui	x30,0xffffb
    80000dac:	01e0b823          	sd	x30,16(x1)
    80000db0:	00003117          	auipc	x2,0x3
    80000db4:	99810113          	addi	x2,x2,-1640 # 80003748 <signature_78_0>
    80000db8:	ffff7fb7          	lui	x31,0xffff7
    80000dbc:	01f13023          	sd	x31,0(x2)
    80000dc0:	fffef0b7          	lui	x1,0xfffef
    80000dc4:	00113423          	sd	x1,8(x2)
    80000dc8:	fffdf0b7          	lui	x1,0xfffdf
    80000dcc:	00113823          	sd	x1,16(x2)
    80000dd0:	00003097          	auipc	x1,0x3
    80000dd4:	99008093          	addi	x1,x1,-1648 # 80003760 <signature_79_0>
    80000dd8:	fffbf137          	lui	x2,0xfffbf
    80000ddc:	0020b023          	sd	x2,0(x1)
    80000de0:	fff7f1b7          	lui	x3,0xfff7f
    80000de4:	0030b423          	sd	x3,8(x1)
    80000de8:	ffeff237          	lui	x4,0xffeff
    80000dec:	0040b823          	sd	x4,16(x1)
    80000df0:	00003097          	auipc	x1,0x3
    80000df4:	98808093          	addi	x1,x1,-1656 # 80003778 <signature_80_0>
    80000df8:	ffdff2b7          	lui	x5,0xffdff
    80000dfc:	0050b023          	sd	x5,0(x1)
    80000e00:	ffbff337          	lui	x6,0xffbff
    80000e04:	0060b423          	sd	x6,8(x1)
    80000e08:	ff7ff3b7          	lui	x7,0xff7ff
    80000e0c:	0070b823          	sd	x7,16(x1)
    80000e10:	00003097          	auipc	x1,0x3
    80000e14:	98008093          	addi	x1,x1,-1664 # 80003790 <signature_81_0>
    80000e18:	fefff437          	lui	x8,0xfefff
    80000e1c:	0080b023          	sd	x8,0(x1)
    80000e20:	fdfff4b7          	lui	x9,0xfdfff
    80000e24:	0090b423          	sd	x9,8(x1)
    80000e28:	fbfff537          	lui	x10,0xfbfff
    80000e2c:	00a0b823          	sd	x10,16(x1)
    80000e30:	00003097          	auipc	x1,0x3
    80000e34:	97808093          	addi	x1,x1,-1672 # 800037a8 <signature_82_0>
    80000e38:	f7fff5b7          	lui	x11,0xf7fff
    80000e3c:	00b0b023          	sd	x11,0(x1)
    80000e40:	effff637          	lui	x12,0xeffff
    80000e44:	00c0b423          	sd	x12,8(x1)
    80000e48:	dffff6b7          	lui	x13,0xdffff
    80000e4c:	00d0b823          	sd	x13,16(x1)
    80000e50:	00003097          	auipc	x1,0x3
    80000e54:	97008093          	addi	x1,x1,-1680 # 800037c0 <signature_83_0>
    80000e58:	bffff737          	lui	x14,0xbffff
    80000e5c:	00e0b023          	sd	x14,0(x1)
    80000e60:	7ffff7b7          	lui	x15,0x7ffff
    80000e64:	00f0b423          	sd	x15,8(x1)
    80000e68:	ffffe837          	lui	x16,0xffffe
    80000e6c:	0100b823          	sd	x16,16(x1)
    80000e70:	00003097          	auipc	x1,0x3
    80000e74:	96808093          	addi	x1,x1,-1688 # 800037d8 <signature_84_0>
    80000e78:	ffffd8b7          	lui	x17,0xffffd
    80000e7c:	0110b023          	sd	x17,0(x1)
    80000e80:	ffffb937          	lui	x18,0xffffb
    80000e84:	0120b423          	sd	x18,8(x1)
    80000e88:	ffff79b7          	lui	x19,0xffff7
    80000e8c:	0130b823          	sd	x19,16(x1)
    80000e90:	00003097          	auipc	x1,0x3
    80000e94:	96008093          	addi	x1,x1,-1696 # 800037f0 <signature_85_0>
    80000e98:	fffefa37          	lui	x20,0xfffef
    80000e9c:	0140b023          	sd	x20,0(x1)
    80000ea0:	fffdfab7          	lui	x21,0xfffdf
    80000ea4:	0150b423          	sd	x21,8(x1)
    80000ea8:	fffbfb37          	lui	x22,0xfffbf
    80000eac:	0160b823          	sd	x22,16(x1)
    80000eb0:	00003097          	auipc	x1,0x3
    80000eb4:	95808093          	addi	x1,x1,-1704 # 80003808 <signature_86_0>
    80000eb8:	fff7fbb7          	lui	x23,0xfff7f
    80000ebc:	0170b023          	sd	x23,0(x1)
    80000ec0:	ffeffc37          	lui	x24,0xffeff
    80000ec4:	0180b423          	sd	x24,8(x1)
    80000ec8:	ffdffcb7          	lui	x25,0xffdff
    80000ecc:	0190b823          	sd	x25,16(x1)
    80000ed0:	00003097          	auipc	x1,0x3
    80000ed4:	95008093          	addi	x1,x1,-1712 # 80003820 <signature_87_0>
    80000ed8:	ffbffd37          	lui	x26,0xffbff
    80000edc:	01a0b023          	sd	x26,0(x1)
    80000ee0:	ff7ffdb7          	lui	x27,0xff7ff
    80000ee4:	01b0b423          	sd	x27,8(x1)
    80000ee8:	fefffe37          	lui	x28,0xfefff
    80000eec:	01c0b823          	sd	x28,16(x1)
    80000ef0:	00003097          	auipc	x1,0x3
    80000ef4:	94808093          	addi	x1,x1,-1720 # 80003838 <signature_88_0>
    80000ef8:	fdfffeb7          	lui	x29,0xfdfff
    80000efc:	01d0b023          	sd	x29,0(x1)
    80000f00:	fbffff37          	lui	x30,0xfbfff
    80000f04:	01e0b423          	sd	x30,8(x1)
    80000f08:	f7ffffb7          	lui	x31,0xf7fff
    80000f0c:	01f0b823          	sd	x31,16(x1)
    80000f10:	00003197          	auipc	x3,0x3
    80000f14:	94018193          	addi	x3,x3,-1728 # 80003850 <signature_89_0>
    80000f18:	effff0b7          	lui	x1,0xeffff
    80000f1c:	0011b023          	sd	x1,0(x3)
    80000f20:	dffff0b7          	lui	x1,0xdffff
    80000f24:	0011b423          	sd	x1,8(x3)
    80000f28:	bffff137          	lui	x2,0xbffff
    80000f2c:	0021b823          	sd	x2,16(x3)
    80000f30:	00003097          	auipc	x1,0x3
    80000f34:	93808093          	addi	x1,x1,-1736 # 80003868 <signature_90_0>
    80000f38:	7ffff1b7          	lui	x3,0x7ffff
    80000f3c:	0030b023          	sd	x3,0(x1)
    80000f40:	ffffe237          	lui	x4,0xffffe
    80000f44:	0040b423          	sd	x4,8(x1)
    80000f48:	ffffd2b7          	lui	x5,0xffffd
    80000f4c:	0050b823          	sd	x5,16(x1)
    80000f50:	00003097          	auipc	x1,0x3
    80000f54:	93008093          	addi	x1,x1,-1744 # 80003880 <signature_91_0>
    80000f58:	ffffb337          	lui	x6,0xffffb
    80000f5c:	0060b023          	sd	x6,0(x1)
    80000f60:	ffff73b7          	lui	x7,0xffff7
    80000f64:	0070b423          	sd	x7,8(x1)
    80000f68:	fffef437          	lui	x8,0xfffef
    80000f6c:	0080b823          	sd	x8,16(x1)
    80000f70:	00003097          	auipc	x1,0x3
    80000f74:	92808093          	addi	x1,x1,-1752 # 80003898 <signature_92_0>
    80000f78:	fffdf4b7          	lui	x9,0xfffdf
    80000f7c:	0090b023          	sd	x9,0(x1)
    80000f80:	fffbf537          	lui	x10,0xfffbf
    80000f84:	00a0b423          	sd	x10,8(x1)
    80000f88:	fff7f5b7          	lui	x11,0xfff7f
    80000f8c:	00b0b823          	sd	x11,16(x1)
    80000f90:	00003097          	auipc	x1,0x3
    80000f94:	92008093          	addi	x1,x1,-1760 # 800038b0 <signature_93_0>
    80000f98:	ffeff637          	lui	x12,0xffeff
    80000f9c:	00c0b023          	sd	x12,0(x1)
    80000fa0:	ffdff6b7          	lui	x13,0xffdff
    80000fa4:	00d0b423          	sd	x13,8(x1)
    80000fa8:	ffbff737          	lui	x14,0xffbff
    80000fac:	00e0b823          	sd	x14,16(x1)
    80000fb0:	00003097          	auipc	x1,0x3
    80000fb4:	91808093          	addi	x1,x1,-1768 # 800038c8 <signature_94_0>
    80000fb8:	ff7ff7b7          	lui	x15,0xff7ff
    80000fbc:	00f0b023          	sd	x15,0(x1)
    80000fc0:	fefff837          	lui	x16,0xfefff
    80000fc4:	0100b423          	sd	x16,8(x1)
    80000fc8:	fdfff8b7          	lui	x17,0xfdfff
    80000fcc:	0110b823          	sd	x17,16(x1)
    80000fd0:	00003097          	auipc	x1,0x3
    80000fd4:	91008093          	addi	x1,x1,-1776 # 800038e0 <signature_95_0>
    80000fd8:	fbfff937          	lui	x18,0xfbfff
    80000fdc:	0120b023          	sd	x18,0(x1)
    80000fe0:	f7fff9b7          	lui	x19,0xf7fff
    80000fe4:	0130b423          	sd	x19,8(x1)
    80000fe8:	effffa37          	lui	x20,0xeffff
    80000fec:	0140b823          	sd	x20,16(x1)
    80000ff0:	00003097          	auipc	x1,0x3
    80000ff4:	90808093          	addi	x1,x1,-1784 # 800038f8 <signature_96_0>
    80000ff8:	dffffab7          	lui	x21,0xdffff
    80000ffc:	0150b023          	sd	x21,0(x1)
    80001000:	bffffb37          	lui	x22,0xbffff
    80001004:	0160b423          	sd	x22,8(x1)
    80001008:	7ffffbb7          	lui	x23,0x7ffff
    8000100c:	0170b823          	sd	x23,16(x1)
    80001010:	00003097          	auipc	x1,0x3
    80001014:	90008093          	addi	x1,x1,-1792 # 80003910 <signature_97_0>
    80001018:	ffffec37          	lui	x24,0xffffe
    8000101c:	0180b023          	sd	x24,0(x1)
    80001020:	ffffdcb7          	lui	x25,0xffffd
    80001024:	0190b423          	sd	x25,8(x1)
    80001028:	ffffbd37          	lui	x26,0xffffb
    8000102c:	01a0b823          	sd	x26,16(x1)
    80001030:	00003097          	auipc	x1,0x3
    80001034:	8f808093          	addi	x1,x1,-1800 # 80003928 <signature_98_0>
    80001038:	ffff7db7          	lui	x27,0xffff7
    8000103c:	01b0b023          	sd	x27,0(x1)
    80001040:	fffefe37          	lui	x28,0xfffef
    80001044:	01c0b423          	sd	x28,8(x1)
    80001048:	fffdfeb7          	lui	x29,0xfffdf
    8000104c:	01d0b823          	sd	x29,16(x1)
    80001050:	00003097          	auipc	x1,0x3
    80001054:	8f008093          	addi	x1,x1,-1808 # 80003940 <signature_99_0>
    80001058:	fffbff37          	lui	x30,0xfffbf
    8000105c:	01e0b023          	sd	x30,0(x1)
    80001060:	fff7ffb7          	lui	x31,0xfff7f
    80001064:	01f0b423          	sd	x31,8(x1)
    80001068:	aa8dc037          	lui	x0,0xaa8dc
    8000106c:	0000b823          	sd	x0,16(x1)

0000000080001070 <rvtest_code_end>:
    80001070:	0ff0000f          	fence	iorw,iorw
    80001074:	00000073          	ecall
	...
