#-----------------------------------------------------------
# xsim v2022.2 (64-bit)
# SW Build 3671981 on Fri Oct 14 04:59:54 MDT 2022
# IP Build 3669848 on Fri Oct 14 08:30:02 MDT 2022
# Start of session at: Thu Dec  8 21:03:14 2022
# Process ID: 9794
# Current directory: /home/seankent/bluejay/ip/central_processing_unit/sim
# Command line: xsim -mode tcl -source {xsim.dir/central_processing_unit__tb__snapshot/xsim_script.tcl}
# Log file: /home/seankent/bluejay/ip/central_processing_unit/sim/xsim.log
# Journal file: /home/seankent/bluejay/ip/central_processing_unit/sim/xsim.jou
# Running On: seankent, OS: Linux, CPU Frequency: 3600.000 MHz, CPU Physical cores: 10, Host memory: 33523 MB
#-----------------------------------------------------------
source xsim.dir/central_processing_unit__tb__snapshot/xsim_script.tcl
# xsim {central_processing_unit__tb__snapshot} -testplusarg filename__mem=/home/seankent/bluejay/ip/central_processing_unit/sim/SRAW-01.mem -testplusarg filename__sig=/home/seankent/bluejay/ip/central_processing_unit/sim/SRAW-01.signature -testplusarg begin_signature=0000000080004010 -testplusarg end_signature=0000000080004970 -testplusarg tohost=0000000080003000 -wdb {SRAW-01.wdb} -autoloadwcfg -tclbatch {xsim_cfg.tcl}
Time resolution is 1 ps
source xsim_cfg.tcl
## log_wave -recursive *
WARNING: [Simtcl 6-197] One or more HDL objects could not be logged because of object type or size limitations.  To see details please rerun the command with -verbose (-v).
## run all
tohost = 80003000
filename__sig = /home/seankent/bluejay/ip/central_processing_unit/sim/SRAW-01.signature
begin_signature = 80004010
end_signature = 80004970
$finish called at time : 151350 ns : File "/home/seankent/bluejay/ip/central_processing_unit/tb/gen/central_processing_unit__tb.sv" Line 135
## exit
INFO: [Common 17-206] Exiting xsim at Thu Dec  8 21:03:18 2022...
