#-----------------------------------------------------------
# xsim v2022.1 (64-bit)
# SW Build 3526262 on Mon Apr 18 15:47:01 MDT 2022
# IP Build 3524634 on Mon Apr 18 20:55:01 MDT 2022
# Start of session at: Tue Oct  4 00:15:39 2022
# Process ID: 57946
# Current directory: /home/seankent/bluejay/ip/central_processing_unit/sim
# Command line: xsim -mode tcl -source {xsim.dir/central_processing_unit__tb__snapshot/xsim_script.tcl}
# Log file: /home/seankent/bluejay/ip/central_processing_unit/sim/xsim.log
# Journal file: /home/seankent/bluejay/ip/central_processing_unit/sim/xsim.jou
# Running On: seankent, OS: Linux, CPU Frequency: 3600.000 MHz, CPU Physical cores: 10, Host memory: 33524 MB
#-----------------------------------------------------------
source xsim.dir/central_processing_unit__tb__snapshot/xsim_script.tcl
# xsim {central_processing_unit__tb__snapshot} -testplusarg filename__mem=/home/seankent/bluejay/ip/central_processing_unit/sim/LBU-01.mem -testplusarg filename__sig=/home/seankent/bluejay/ip/central_processing_unit/sim/LBU-01.signature -testplusarg begin_signature=0000000080004120 -testplusarg end_signature= -wdb {LBU-01.wdb} -autoloadwcfg -tclbatch {xsim_cfg.tcl}
Time resolution is 1 ps
source xsim_cfg.tcl
## log_wave -recursive *
WARNING: [Simtcl 6-197] One or more HDL objects could not be logged because of object type or size limitations.  To see details please rerun the command with -verbose (-v).
## run all
filename__sig = /home/seankent/bluejay/ip/central_processing_unit/sim/LBU-01.signature
begin_signature = 80004120
end_signature = xxxxxxxxxxxxxxxx
$finish called at time : 188380 ns : File "/home/seankent/bluejay/ip/central_processing_unit/tb/gen/central_processing_unit__tb.sv" Line 132
## exit
INFO: [Common 17-206] Exiting xsim at Tue Oct  4 00:15:43 2022...
