#-----------------------------------------------------------
# xsim v2022.1 (64-bit)
# SW Build 3526262 on Mon Apr 18 15:47:01 MDT 2022
# IP Build 3524634 on Mon Apr 18 20:55:01 MDT 2022
# Start of session at: Wed Aug 31 00:55:32 2022
# Process ID: 12489
# Current directory: /home/seankent/bluejay/ip/central_processing_unit/sim
# Command line: xsim -mode tcl -source {xsim.dir/central_processing_unit__tb__snapshot/xsim_script.tcl}
# Log file: /home/seankent/bluejay/ip/central_processing_unit/sim/xsim.log
# Journal file: /home/seankent/bluejay/ip/central_processing_unit/sim/xsim.jou
# Running On: seankent, OS: Linux, CPU Frequency: 3600.000 MHz, CPU Physical cores: 10, Host memory: 33524 MB
#-----------------------------------------------------------
source xsim.dir/central_processing_unit__tb__snapshot/xsim_script.tcl
# xsim {central_processing_unit__tb__snapshot} -testplusarg filename=/home/seankent/bluejay/ip/central_processing_unit/sim/ADD-01.txt -wdb {ADD-01.wdb} -autoloadwcfg -tclbatch {xsim_cfg.tcl}
Time resolution is 1 ps
source xsim_cfg.tcl
## log_wave -recursive *
WARNING: [Simtcl 6-197] One or more HDL objects could not be logged because of object type or size limitations.  To see details please rerun the command with -verbose (-v).
## run all
$finish called at time : 2 ms : File "/home/seankent/bluejay/ip/central_processing_unit/tb/gen/central_processing_unit__tb.sv" Line 120
## exit
INFO: [Common 17-206] Exiting xsim at Wed Aug 31 00:55:35 2022...
