#-----------------------------------------------------------
# xsim v2019.2 (64-bit)
# SW Build 2708876 on Wed Nov  6 21:39:14 MST 2019
# IP Build 2700528 on Thu Nov  7 00:09:20 MST 2019
# Start of session at: Sun Jan 22 13:21:24 2023
# Process ID: 6904
# Current directory: /home/seankent/bluejay/ip/central_processing_unit/sim
# Command line: xsim -mode tcl -source {xsim.dir/central_processing_unit__tb__snapshot/xsim_script.tcl}
# Log file: /home/seankent/bluejay/ip/central_processing_unit/sim/xsim.log
# Journal file: /home/seankent/bluejay/ip/central_processing_unit/sim/xsim.jou
#-----------------------------------------------------------
source xsim.dir/central_processing_unit__tb__snapshot/xsim_script.tcl
# xsim {central_processing_unit__tb__snapshot} -testplusarg filename__mem=/home/seankent/bluejay/ip/central_processing_unit/sim/XORI-01.mem -testplusarg filename__sig=/home/seankent/bluejay/ip/central_processing_unit/sim/XORI-01.signature -testplusarg begin_signature=0000000080003010 -testplusarg end_signature=0000000080003970 -testplusarg tohost=0000000080002000 -wdb {XORI-01.wdb} -autoloadwcfg -tclbatch {xsim_cfg.tcl}
Vivado Simulator 2019.2
Time resolution is 1 ps
source xsim_cfg.tcl
## log_wave -recursive *
WARNING: [Simtcl 6-197] One or more HDL objects could not be logged because of object type or size limitations.  To see details please rerun the command with -verbose (-v).
## run all
tohost = 80002000
filename__sig = /home/seankent/bluejay/ip/central_processing_unit/sim/XORI-01.signature
begin_signature = 80003010
end_signature = 80003970
$finish called at time : 113310 ns : File "/home/seankent/bluejay/ip/central_processing_unit/tb/gen/central_processing_unit__tb.sv" Line 136
## exit
INFO: [Common 17-206] Exiting xsim at Sun Jan 22 13:21:29 2023...
