INFO: [VRFC 10-2263] Analyzing SystemVerilog file "/home/seankent/bluejay/ip/central_processing_unit/src/gen/arithmetic_logic_unit.sv" into library work
INFO: [VRFC 10-311] analyzing module arithmetic_logic_unit
INFO: [VRFC 10-2263] Analyzing SystemVerilog file "/home/seankent/bluejay/ip/central_processing_unit/src/gen/central_processing_unit.sv" into library work
INFO: [VRFC 10-311] analyzing module central_processing_unit
INFO: [VRFC 10-2263] Analyzing SystemVerilog file "/home/seankent/bluejay/ip/central_processing_unit/src/gen/comparator.sv" into library work
INFO: [VRFC 10-311] analyzing module comparator
INFO: [VRFC 10-2263] Analyzing SystemVerilog file "/home/seankent/bluejay/ip/central_processing_unit/src/gen/control_and_status_registers.sv" into library work
INFO: [VRFC 10-311] analyzing module control_and_status_registers
WARNING: [VRFC 10-3380] identifier 'misa' is used before its declaration [/home/seankent/bluejay/ip/central_processing_unit/src/gen/control_and_status_registers.sv:21]
WARNING: [VRFC 10-3380] identifier 'misa__we' is used before its declaration [/home/seankent/bluejay/ip/central_processing_unit/src/gen/control_and_status_registers.sv:22]
WARNING: [VRFC 10-3380] identifier 'mvendorid__we' is used before its declaration [/home/seankent/bluejay/ip/central_processing_unit/src/gen/control_and_status_registers.sv:23]
WARNING: [VRFC 10-3380] identifier 'marchid__we' is used before its declaration [/home/seankent/bluejay/ip/central_processing_unit/src/gen/control_and_status_registers.sv:24]
WARNING: [VRFC 10-3380] identifier 'mimpid__we' is used before its declaration [/home/seankent/bluejay/ip/central_processing_unit/src/gen/control_and_status_registers.sv:25]
WARNING: [VRFC 10-3380] identifier 'mhartid__we' is used before its declaration [/home/seankent/bluejay/ip/central_processing_unit/src/gen/control_and_status_registers.sv:26]
WARNING: [VRFC 10-3380] identifier 'mstatus__we' is used before its declaration [/home/seankent/bluejay/ip/central_processing_unit/src/gen/control_and_status_registers.sv:27]
WARNING: [VRFC 10-3380] identifier 'mtvec__we' is used before its declaration [/home/seankent/bluejay/ip/central_processing_unit/src/gen/control_and_status_registers.sv:28]
WARNING: [VRFC 10-3380] identifier 'medeleg__we' is used before its declaration [/home/seankent/bluejay/ip/central_processing_unit/src/gen/control_and_status_registers.sv:29]
WARNING: [VRFC 10-3380] identifier 'mideleg__we' is used before its declaration [/home/seankent/bluejay/ip/central_processing_unit/src/gen/control_and_status_registers.sv:30]
WARNING: [VRFC 10-3380] identifier 'mip__we' is used before its declaration [/home/seankent/bluejay/ip/central_processing_unit/src/gen/control_and_status_registers.sv:31]
WARNING: [VRFC 10-3380] identifier 'mie__we' is used before its declaration [/home/seankent/bluejay/ip/central_processing_unit/src/gen/control_and_status_registers.sv:32]
WARNING: [VRFC 10-3380] identifier 'mcycle__we' is used before its declaration [/home/seankent/bluejay/ip/central_processing_unit/src/gen/control_and_status_registers.sv:33]
WARNING: [VRFC 10-3380] identifier 'minstret__we' is used before its declaration [/home/seankent/bluejay/ip/central_processing_unit/src/gen/control_and_status_registers.sv:34]
WARNING: [VRFC 10-3380] identifier 'mhpmcounter3__we' is used before its declaration [/home/seankent/bluejay/ip/central_processing_unit/src/gen/control_and_status_registers.sv:35]
WARNING: [VRFC 10-3380] identifier 'mhpmevent3__we' is used before its declaration [/home/seankent/bluejay/ip/central_processing_unit/src/gen/control_and_status_registers.sv:36]
WARNING: [VRFC 10-3380] identifier 'mscratch__we' is used before its declaration [/home/seankent/bluejay/ip/central_processing_unit/src/gen/control_and_status_registers.sv:37]
WARNING: [VRFC 10-3380] identifier 'mepc__we' is used before its declaration [/home/seankent/bluejay/ip/central_processing_unit/src/gen/control_and_status_registers.sv:38]
WARNING: [VRFC 10-3380] identifier 'mcause__we' is used before its declaration [/home/seankent/bluejay/ip/central_processing_unit/src/gen/control_and_status_registers.sv:39]
WARNING: [VRFC 10-3380] identifier 'mtval__we' is used before its declaration [/home/seankent/bluejay/ip/central_processing_unit/src/gen/control_and_status_registers.sv:40]
WARNING: [VRFC 10-3380] identifier 'misa' is used before its declaration [/home/seankent/bluejay/ip/central_processing_unit/src/gen/control_and_status_registers.sv:45]
WARNING: [VRFC 10-3380] identifier 'misa__we' is used before its declaration [/home/seankent/bluejay/ip/central_processing_unit/src/gen/control_and_status_registers.sv:46]
WARNING: [VRFC 10-3380] identifier 'mvendorid' is used before its declaration [/home/seankent/bluejay/ip/central_processing_unit/src/gen/control_and_status_registers.sv:50]
WARNING: [VRFC 10-3380] identifier 'mvendorid__we' is used before its declaration [/home/seankent/bluejay/ip/central_processing_unit/src/gen/control_and_status_registers.sv:51]
WARNING: [VRFC 10-3380] identifier 'marchid' is used before its declaration [/home/seankent/bluejay/ip/central_processing_unit/src/gen/control_and_status_registers.sv:55]
WARNING: [VRFC 10-3380] identifier 'marchid__we' is used before its declaration [/home/seankent/bluejay/ip/central_processing_unit/src/gen/control_and_status_registers.sv:56]
WARNING: [VRFC 10-3380] identifier 'mimpid' is used before its declaration [/home/seankent/bluejay/ip/central_processing_unit/src/gen/control_and_status_registers.sv:60]
WARNING: [VRFC 10-3380] identifier 'mimpid__we' is used before its declaration [/home/seankent/bluejay/ip/central_processing_unit/src/gen/control_and_status_registers.sv:61]
WARNING: [VRFC 10-3380] identifier 'mhartid' is used before its declaration [/home/seankent/bluejay/ip/central_processing_unit/src/gen/control_and_status_registers.sv:65]
WARNING: [VRFC 10-3380] identifier 'mhartid__we' is used before its declaration [/home/seankent/bluejay/ip/central_processing_unit/src/gen/control_and_status_registers.sv:66]
WARNING: [VRFC 10-3380] identifier 'mstatus' is used before its declaration [/home/seankent/bluejay/ip/central_processing_unit/src/gen/control_and_status_registers.sv:70]
WARNING: [VRFC 10-3380] identifier 'mstatus__we' is used before its declaration [/home/seankent/bluejay/ip/central_processing_unit/src/gen/control_and_status_registers.sv:71]
WARNING: [VRFC 10-3380] identifier 'mtvec' is used before its declaration [/home/seankent/bluejay/ip/central_processing_unit/src/gen/control_and_status_registers.sv:75]
WARNING: [VRFC 10-3380] identifier 'mtvec__we' is used before its declaration [/home/seankent/bluejay/ip/central_processing_unit/src/gen/control_and_status_registers.sv:76]
WARNING: [VRFC 10-3380] identifier 'medeleg' is used before its declaration [/home/seankent/bluejay/ip/central_processing_unit/src/gen/control_and_status_registers.sv:80]
WARNING: [VRFC 10-3380] identifier 'medeleg__we' is used before its declaration [/home/seankent/bluejay/ip/central_processing_unit/src/gen/control_and_status_registers.sv:81]
WARNING: [VRFC 10-3380] identifier 'mideleg' is used before its declaration [/home/seankent/bluejay/ip/central_processing_unit/src/gen/control_and_status_registers.sv:85]
WARNING: [VRFC 10-3380] identifier 'mideleg__we' is used before its declaration [/home/seankent/bluejay/ip/central_processing_unit/src/gen/control_and_status_registers.sv:86]
WARNING: [VRFC 10-3380] identifier 'mip' is used before its declaration [/home/seankent/bluejay/ip/central_processing_unit/src/gen/control_and_status_registers.sv:90]
WARNING: [VRFC 10-3380] identifier 'mip__we' is used before its declaration [/home/seankent/bluejay/ip/central_processing_unit/src/gen/control_and_status_registers.sv:91]
WARNING: [VRFC 10-3380] identifier 'mie' is used before its declaration [/home/seankent/bluejay/ip/central_processing_unit/src/gen/control_and_status_registers.sv:95]
WARNING: [VRFC 10-3380] identifier 'mie__we' is used before its declaration [/home/seankent/bluejay/ip/central_processing_unit/src/gen/control_and_status_registers.sv:96]
WARNING: [VRFC 10-3380] identifier 'mcycle' is used before its declaration [/home/seankent/bluejay/ip/central_processing_unit/src/gen/control_and_status_registers.sv:100]
WARNING: [VRFC 10-3380] identifier 'mcycle__we' is used before its declaration [/home/seankent/bluejay/ip/central_processing_unit/src/gen/control_and_status_registers.sv:101]
WARNING: [VRFC 10-3380] identifier 'minstret' is used before its declaration [/home/seankent/bluejay/ip/central_processing_unit/src/gen/control_and_status_registers.sv:105]
WARNING: [VRFC 10-3380] identifier 'minstret__we' is used before its declaration [/home/seankent/bluejay/ip/central_processing_unit/src/gen/control_and_status_registers.sv:106]
WARNING: [VRFC 10-3380] identifier 'mhpmcounter3' is used before its declaration [/home/seankent/bluejay/ip/central_processing_unit/src/gen/control_and_status_registers.sv:110]
WARNING: [VRFC 10-3380] identifier 'mhpmcounter3__we' is used before its declaration [/home/seankent/bluejay/ip/central_processing_unit/src/gen/control_and_status_registers.sv:111]
WARNING: [VRFC 10-3380] identifier 'mhpmevent3' is used before its declaration [/home/seankent/bluejay/ip/central_processing_unit/src/gen/control_and_status_registers.sv:115]
WARNING: [VRFC 10-3380] identifier 'mhpmevent3__we' is used before its declaration [/home/seankent/bluejay/ip/central_processing_unit/src/gen/control_and_status_registers.sv:116]
WARNING: [VRFC 10-3380] identifier 'mscratch' is used before its declaration [/home/seankent/bluejay/ip/central_processing_unit/src/gen/control_and_status_registers.sv:120]
WARNING: [VRFC 10-3380] identifier 'mscratch__we' is used before its declaration [/home/seankent/bluejay/ip/central_processing_unit/src/gen/control_and_status_registers.sv:121]
WARNING: [VRFC 10-3380] identifier 'mepc' is used before its declaration [/home/seankent/bluejay/ip/central_processing_unit/src/gen/control_and_status_registers.sv:125]
WARNING: [VRFC 10-3380] identifier 'mepc__we' is used before its declaration [/home/seankent/bluejay/ip/central_processing_unit/src/gen/control_and_status_registers.sv:126]
WARNING: [VRFC 10-3380] identifier 'mcause' is used before its declaration [/home/seankent/bluejay/ip/central_processing_unit/src/gen/control_and_status_registers.sv:130]
WARNING: [VRFC 10-3380] identifier 'mcause__we' is used before its declaration [/home/seankent/bluejay/ip/central_processing_unit/src/gen/control_and_status_registers.sv:131]
WARNING: [VRFC 10-3380] identifier 'mtval' is used before its declaration [/home/seankent/bluejay/ip/central_processing_unit/src/gen/control_and_status_registers.sv:135]
WARNING: [VRFC 10-3380] identifier 'mtval__we' is used before its declaration [/home/seankent/bluejay/ip/central_processing_unit/src/gen/control_and_status_registers.sv:136]
INFO: [VRFC 10-2263] Analyzing SystemVerilog file "/home/seankent/bluejay/ip/central_processing_unit/src/gen/decoder.sv" into library work
INFO: [VRFC 10-311] analyzing module decoder
INFO: [VRFC 10-2263] Analyzing SystemVerilog file "/home/seankent/bluejay/ip/central_processing_unit/src/gen/register_file.sv" into library work
INFO: [VRFC 10-311] analyzing module register_file
INFO: [VRFC 10-2263] Analyzing SystemVerilog file "/home/seankent/bluejay/ip/central_processing_unit/tb/gen/central_processing_unit__tb.sv" into library work
INFO: [VRFC 10-311] analyzing module central_processing_unit__tb
INFO: [VRFC 10-2263] Analyzing SystemVerilog file "/home/seankent/bluejay/ip/central_processing_unit/tb/gen/memory.sv" into library work
INFO: [VRFC 10-311] analyzing module tb_mem
