Info Session started: Fri Mar  3 00:21:23 2023

Info PROGRAM /home/seankent/bluejay/imperas/imperas-riscv-tests/riscv-ovpsim-plus/bin/Linux64/riscvOVPsimPlus.exe
Info ------------- ENVIRONMENT -------------
Info --------------------------------------
Info -------- FLAGS (from command line)
Info --variant  RV64I
Info --override  riscvOVPsim/cpu/tval_ii_code=F
Info --program  /home/seankent/bluejay/ip/central_processing_unit/sim/gen/sim__xyz/ADDW-01/ADDW-01.elf
Info --signaturedump
Info --customcontrol
Info --override  riscvOVPsim/cpu/sigdump/SignatureFile=/home/seankent/bluejay/ip/central_processing_unit/sim/gen/sim__xyz/ADDW-01/ADDW-01.signature.output
Info --override  riscvOVPsim/cpu/sigdump/SignatureGranularity=4
Info --override  riscvOVPsim/cpu/simulateexceptions=T
Info --override  riscvOVPsim/cpu/defaultsemihost=F
Info --logfile  /home/seankent/bluejay/ip/central_processing_unit/sim/gen/sim__xyz/ADDW-01/ADDW-01.log
Info --override  riscvOVPsim/cpu/user_version=2.3
Info --------------------------------------
Imperas riscvOVPsimPlus


riscvOVPsimPlus (64-Bit) v20230201.0 Open Virtual Platform simulator from www.IMPERAS.com.
Copyright (c) 2005-2023 Imperas Software Ltd.  Contains Imperas Proprietary Information.
Licensed Software, All Rights Reserved.
Visit www.IMPERAS.com for multicore debug, verification and analysis solutions.

riscvOVPsimPlus started: Fri Mar  3 00:21:23 2023


Info (OR_OF) Target 'riscvOVPsim/cpu' has object file read from '/home/seankent/bluejay/ip/central_processing_unit/sim/gen/sim__xyz/ADDW-01/ADDW-01.elf'
Info (OR_PH) Program Headers:
Info (OR_PH) Type           Offset             VirtAddr           PhysAddr
Info (OR_PH)                FileSiz            MemSiz             Flags  Align
Info (OR_PD) PROC           0x0000000000005b08 0x0000000000000000 0x0000000000000000
Info (OR_PD)                0x000000000000001e 0x0000000000000000 R--    1
Info (OR_PD) LOAD           0x0000000000001000 0x0000000080000000 0x0000000080000000
Info (OR_PD)                0x00000000000025ec 0x00000000000025ec R-E    1000
Info (OR_PD) LOAD           0x0000000000004000 0x0000000080003000 0x0000000080003000
Info (OR_PD)                0x0000000000001b08 0x0000000000001b08 RW-    1000
Info (SIGNATURE_DUMP_FSB) Found Symbol 'begin_signature' in application at 0x80004010
Info (SIGNATURE_DUMP_FSE) Found Symbol 'end_signature' in application at 0x80004970
Info (SIGNATURE_DUMP_EN) Signature File enabled, file '/home/seankent/bluejay/ip/central_processing_unit/sim/gen/sim__xyz/ADDW-01/ADDW-01.signature.output'.
Info (SIGNATURE_DUMP_ES) Extracting signature from 0x80004010 size 2400 bytes
Info (SIGNATURE_DUMP_SB) Symbol 'begin_signature' at 0x80004010
Info (SIGNATURE_DUMP_SE) Symbol 'end_signature' at 0x80004970
Info (SIGNATURE_DUMP_SFW) Signature Write 1 0x80004010 bytes 8 0x0
Info (SIGNATURE_DUMP_WTH) Intercept 'write_tohost'. Generate Signature file
9b709f16
ffffffff
429ede3d
00000000
4f384262
00000000
e31ffa64
ffffffff
ac843958
ffffffff
83393bba
ffffffff
281e432e
00000000
0f5c0690
00000000
00000000
00000000
9c3acf99
ffffffff
180a9ad0
00000000
35212b73
00000000
26cbdb2d
00000000
50bbc946
00000000
99f7ba08
ffffffff
0c5f74ec
00000000
937d602c
ffffffff
f59447c3
ffffffff
eb230f20
ffffffff
b6ff546d
ffffffff
22f9e8a6
00000000
484605f6
00000000
00000000
00000000
756716c8
00000000
23549727
00000000
69e61ea8
00000000
d2ab8211
ffffffff
85dbcafc
ffffffff
486514a4
00000000
00000000
00000000
ffffffff
ffffffff
ffffffff
ffffffff
fffffffe
ffffffff
00000000
00000000
00000000
00000000
00000000
00000000
fffffffe
ffffffff
00000000
00000000
ffffffff
ffffffff
ffffffff
ffffffff
ffffffff
ffffffff
00000001
00000000
00000003
00000000
00000007
00000000
0000000f
00000000
0000001f
00000000
0000003f
00000000
0000007f
00000000
000000ff
00000000
000001ff
00000000
000003ff
00000000
000007ff
00000000
00000fff
00000000
00001fff
00000000
00003fff
00000000
00007fff
00000000
0000ffff
00000000
0001ffff
00000000
0003ffff
00000000
0007ffff
00000000
000fffff
00000000
001fffff
00000000
003fffff
00000000
007fffff
00000000
00ffffff
00000000
01ffffff
00000000
03ffffff
00000000
07ffffff
00000000
0fffffff
00000000
1fffffff
00000000
3fffffff
00000000
7fffffff
00000000
ffffffff
ffffffff
7fffffff
00000000
bfffffff
ffffffff
dfffffff
ffffffff
efffffff
ffffffff
f7ffffff
ffffffff
fbffffff
ffffffff
fdffffff
ffffffff
feffffff
ffffffff
ff7fffff
ffffffff
ffbfffff
ffffffff
ffdfffff
ffffffff
ffefffff
ffffffff
fff7ffff
ffffffff
fffbffff
ffffffff
fffdffff
ffffffff
fffeffff
ffffffff
ffff7fff
ffffffff
ffffbfff
ffffffff
ffffdfff
ffffffff
ffffefff
ffffffff
fffff7ff
ffffffff
fffffbff
ffffffff
fffffdff
ffffffff
fffffeff
ffffffff
ffffff7f
ffffffff
ffffffbf
ffffffff
ffffffdf
ffffffff
ffffffef
ffffffff
fffffff7
ffffffff
fffffffb
ffffffff
fffffffd
ffffffff
fffffffc
ffffffff
fffffffd
ffffffff
fffffffb
ffffffff
fffffff7
ffffffff
ffffffef
ffffffff
ffffffdf
ffffffff
ffffffbf
ffffffff
ffffff7f
ffffffff
fffffeff
ffffffff
fffffdff
ffffffff
fffffbff
ffffffff
fffff7ff
ffffffff
ffffefff
ffffffff
ffffdfff
ffffffff
ffffbfff
ffffffff
ffff7fff
ffffffff
fffeffff
ffffffff
fffdffff
ffffffff
fffbffff
ffffffff
fff7ffff
ffffffff
ffefffff
ffffffff
ffdfffff
ffffffff
ffbfffff
ffffffff
ff7fffff
ffffffff
feffffff
ffffffff
fdffffff
ffffffff
fbffffff
ffffffff
f7ffffff
ffffffff
efffffff
ffffffff
dfffffff
ffffffff
bfffffff
ffffffff
7fffffff
00000000
ffffffff
ffffffff
7fffffff
00000000
3fffffff
00000000
1fffffff
00000000
0fffffff
00000000
07ffffff
00000000
03ffffff
00000000
01ffffff
00000000
00ffffff
00000000
007fffff
00000000
003fffff
00000000
001fffff
00000000
000fffff
00000000
0007ffff
00000000
0003ffff
00000000
0001ffff
00000000
0000ffff
00000000
00007fff
00000000
00003fff
00000000
00001fff
00000000
00000fff
00000000
000007ff
00000000
000003ff
00000000
000001ff
00000000
000000ff
00000000
0000007f
00000000
0000003f
00000000
0000001f
00000000
0000000f
00000000
00000007
00000000
00000003
00000000
00000001
00000000
00000001
00000000
00000002
00000000
00000004
00000000
00000008
00000000
00000010
00000000
00000020
00000000
00000040
00000000
00000080
00000000
00000100
00000000
00000200
00000000
00000400
00000000
00000800
00000000
00001000
00000000
00002000
00000000
00004000
00000000
00008000
00000000
00010000
00000000
00020000
00000000
00040000
00000000
00080000
00000000
00100000
00000000
00200000
00000000
00400000
00000000
00800000
00000000
01000000
00000000
02000000
00000000
04000000
00000000
08000000
00000000
10000000
00000000
20000000
00000000
40000000
00000000
80000000
ffffffff
00000000
00000000
00000000
00000000
00000000
00000000
00000000
00000000
00000000
00000000
00000000
00000000
00000000
00000000
00000000
00000000
00000000
00000000
00000000
00000000
00000000
00000000
00000000
00000000
00000000
00000000
00000000
00000000
00000000
00000000
00000000
00000000
00000000
00000000
00000000
00000000
00000000
00000000
00000000
00000000
00000000
00000000
00000000
00000000
00000000
00000000
00000000
00000000
00000000
00000000
00000000
00000000
00000000
00000000
00000000
00000000
00000000
00000000
00000000
00000000
00000000
00000000
00000000
00000000
fffffffe
ffffffff
fffffffd
ffffffff
fffffffb
ffffffff
fffffff7
ffffffff
ffffffef
ffffffff
ffffffdf
ffffffff
ffffffbf
ffffffff
ffffff7f
ffffffff
fffffeff
ffffffff
fffffdff
ffffffff
fffffbff
ffffffff
fffff7ff
ffffffff
ffffefff
ffffffff
ffffdfff
ffffffff
ffffbfff
ffffffff
ffff7fff
ffffffff
fffeffff
ffffffff
fffdffff
ffffffff
fffbffff
ffffffff
fff7ffff
ffffffff
ffefffff
ffffffff
ffdfffff
ffffffff
ffbfffff
ffffffff
ff7fffff
ffffffff
feffffff
ffffffff
fdffffff
ffffffff
fbffffff
ffffffff
f7ffffff
ffffffff
efffffff
ffffffff
dfffffff
ffffffff
bfffffff
ffffffff
7fffffff
00000000
ffffffff
ffffffff
ffffffff
ffffffff
ffffffff
ffffffff
ffffffff
ffffffff
ffffffff
ffffffff
ffffffff
ffffffff
ffffffff
ffffffff
ffffffff
ffffffff
ffffffff
ffffffff
ffffffff
ffffffff
ffffffff
ffffffff
ffffffff
ffffffff
ffffffff
ffffffff
ffffffff
ffffffff
ffffffff
ffffffff
ffffffff
ffffffff
ffffffff
ffffffff
ffffffff
ffffffff
ffffffff
ffffffff
ffffffff
ffffffff
ffffffff
ffffffff
ffffffff
ffffffff
ffffffff
ffffffff
ffffffff
ffffffff
ffffffff
ffffffff
ffffffff
ffffffff
ffffffff
ffffffff
ffffffff
ffffffff
ffffffff
ffffffff
ffffffff
ffffffff
ffffffff
ffffffff
ffffffff
ffffffff
13349f1c
00000000
00000000
00000000
dce388e8
ffffffff
27eb62aa
00000000
Info 
Info ---------------------------------------------------
Info CPU 'riscvOVPsim/cpu' STATISTICS
Info   Type                  : riscv (RV64I)
Info   Nominal MIPS          : 100
Info   Final program counter : 0x8000003c
Info   Simulated instructions: 2,406
Info   Simulated MIPS        : run too short for meaningful result
Info ---------------------------------------------------
Info 
Info ---------------------------------------------------
Info SIMULATION TIME STATISTICS
Info   Simulated time        : 0.00 seconds
Info   User time             : 0.02 seconds
Info   System time           : 0.00 seconds
Info   Elapsed time          : 0.02 seconds
Info ---------------------------------------------------

riscvOVPsimPlus finished: Fri Mar  3 00:21:23 2023


riscvOVPsimPlus (64-Bit) v20230201.0 Open Virtual Platform simulator from www.IMPERAS.com.
Visit www.IMPERAS.com for multicore debug, verification and analysis solutions.

Info Session ended: Fri Mar  3 00:21:23 2023

