Vivado Simulator 2019.2
Copyright 1986-1999, 2001-2019 Xilinx, Inc. All Rights Reserved.
Running: /tools/Xilinx/Vivado/2019.2/bin/unwrapped/lnx64.o/xelab -top tb -snapshot snapshot 
Multi-threading is on. Using 18 slave threads.
Starting static elaboration
Pass Through NonSizing Optimizer
WARNING: [VRFC 10-3091] actual bit length 1 differs from formal bit length 8 for port 'd' [/home/seankent/bluejay/ip/jay/sim/jay/tb/gen/memory.sv:279]
WARNING: [VRFC 10-3091] actual bit length 1 differs from formal bit length 8 for port 'q' [/home/seankent/bluejay/ip/jay/sim/jay/tb/gen/memory.sv:280]
WARNING: [VRFC 10-5021] port 'sip' is not connected on this instance [/home/seankent/bluejay/ip/jay/sim/jay/tb/gen/tb.sv:28]
WARNING: [VRFC 10-3645] port 'tip' remains unconnected for this instance [/home/seankent/bluejay/ip/jay/src/gen/jay__control_and_status_registers.sv:754]
Completed static elaboration
Starting simulation data flow analysis
Completed simulation data flow analysis
Time Resolution for simulation is 1ps
Compiling module work.jay__decoder
Compiling module work.d_flip_flop(WIDTH=64)
Compiling module work.jay__register_file
Compiling module work.jay__arithmetic_logic_unit
Compiling module work.jay__comparator
Compiling module work.jay__misa
Compiling module work.jay__mvendorid
Compiling module work.jay__marchid
Compiling module work.jay__mimpid
Compiling module work.jay__mhartid
Compiling module work.d_flip_flop(RESET_VALUE=1'b0)
Compiling module work.d_flip_flop(RESET_VALUE=1'b1)
Compiling module work.jay__mstatus
Compiling module work.d_flip_flop(WIDTH=62,RESET_VALUE...
Compiling module work.jay__mtvec
Compiling module work.jay__medeleg
Compiling module work.jay__mideleg
Compiling module work.d_flip_flop
Compiling module work.jay__mip
Compiling module work.jay__mie
Compiling module work.d_flip_flop(WIDTH=64,RESET_VALUE...
Compiling module work.jay__mcycle
Compiling module work.jay__minstret
Compiling module work.jay__mscratch
Compiling module work.jay__mepc
Compiling module work.d_flip_flop(WIDTH=63,RESET_VALUE...
Compiling module work.jay__mcause
Compiling module work.jay__mtval
Compiling module work.jay__mhpmcounter
Compiling module work.jay__mhpmevent
Compiling module work.jay__control_and_status_register...
Compiling module work.d_flip_flop(WIDTH=8,RESET_VALUE=...
Compiling module work.d_flip_flop(WIDTH=32)
Compiling module work.jay
Compiling module work.tb_mem(DEPTH=64'b010000000000000...
Compiling module work.tb
WARNING: [XSIM 43-3373] "/home/seankent/bluejay/ip/jay/sim/jay/tb/gen/tb.sv" Line 121. System function $value$plusargs is used as system task. This system function should have a LHS e.g. x=$value$plusargs().
WARNING: [XSIM 43-3373] "/home/seankent/bluejay/ip/jay/sim/jay/tb/gen/tb.sv" Line 127. System function $value$plusargs is used as system task. This system function should have a LHS e.g. x=$value$plusargs().
WARNING: [XSIM 43-3373] "/home/seankent/bluejay/ip/jay/sim/jay/tb/gen/tb.sv" Line 129. System function $value$plusargs is used as system task. This system function should have a LHS e.g. x=$value$plusargs().
WARNING: [XSIM 43-3373] "/home/seankent/bluejay/ip/jay/sim/jay/tb/gen/tb.sv" Line 131. System function $value$plusargs is used as system task. This system function should have a LHS e.g. x=$value$plusargs().
WARNING: [XSIM 43-3373] "/home/seankent/bluejay/ip/jay/sim/jay/tb/gen/tb.sv" Line 155. System function $value$plusargs is used as system task. This system function should have a LHS e.g. x=$value$plusargs().
Built simulation snapshot snapshot
