Info Session started: Tue Aug 30 21:55:58 2022

Info PROGRAM /home/seankent/bluejay/imperas/imperas-riscv-tests/riscv-ovpsim-plus/bin/Linux64/riscvOVPsimPlus.exe
Info ------------- ENVIRONMENT -------------
Info --------------------------------------
Info -------- FLAGS (from command line)
Info --program  sim__0.elf
Info --variant  RV64I
Info --signaturedump
Info --override  riscvOVPsim/cpu/sigdump/SignatureFile=sim__0.sig.dat.txt
Info --override  riscvOVPsim/cpu/sigdump/StartSymbol=resultArray
Info --override  riscvOVPsim/cpu/sigdump/ByteCount=48
Info --override  riscvOVPsim/cpu/sigdump/SignatureAtEnd=T
Info --logfile  sim__0.sig.run.log
Info --------------------------------------
Imperas riscvOVPsimPlus


riscvOVPsimPlus (64-Bit) v20220722.0 Open Virtual Platform simulator from www.IMPERAS.com.
Copyright (c) 2005-2022 Imperas Software Ltd.  Contains Imperas Proprietary Information.
Licensed Software, All Rights Reserved.
Visit www.IMPERAS.com for multicore debug, verification and analysis solutions.

riscvOVPsimPlus started: Tue Aug 30 21:55:58 2022


Info (OR_OF) Target 'riscvOVPsim/cpu' has object file read from 'sim__0.elf'
Info (OR_PH) Program Headers:
Info (OR_PH) Type           Offset             VirtAddr           PhysAddr
Info (OR_PH)                FileSiz            MemSiz             Flags  Align
Info (OR_PD) PROC           0x0000000000001070 0x0000000000000000 0x0000000000000000
Info (OR_PD)                0x000000000000001c 0x0000000000000000 R--    1
Info (OR_PD) LOAD           0x0000000000000000 0x000000000000f000 0x000000000000f000
Info (OR_PD)                0x0000000000001060 0x0000000000001060 R-E    1000
Info (OR_PD) LOAD           0x0000000000000060 0x0000000000011060 0x0000000000011060
Info (OR_PD)                0x0000000000000000 0x0000000000000030 RW-    1000
Info (SIGNATURE_DUMP_FSB) Found Symbol 'resultArray' in application at 0x11060
Info (SIGNATURE_DUMP_EN) Signature File enabled, file 'sim__0.sig.dat.txt'.
Info (SIGNATURE_DUMP_ES) Extracting signature from 0x11060 size 48 bytes
Info (SIGNATURE_DUMP_SB) Symbol 'resultArray' at 0x11060
Warning (SIGNATURE_DUMP_SM) Found symbol main - this looks like a C test - not checking signature is written
Processor Exception (PC_PRX) Processor 'riscvOVPsim/cpu' 0x0: 0000     illegal
Processor Exception (PC_FIX) Executing at uninitialized address 0x0
Processor Exception (PC_FUM) NOTE: simulated exceptions are not enabled on processor riscvOVPsim/cpu. To continue execution when fetching from uninitialized memory, please ensure simulated exceptions are enabled.
Info 
Info ---------------------------------------------------
Info CPU 'riscvOVPsim/cpu' STATISTICS
Info   Type                  : riscv (RV64I)
Info   Nominal MIPS          : 100
Info   Final program counter : 0x0
Info   Simulated instructions: 687
Info   Simulated MIPS        : run too short for meaningful result
Info ---------------------------------------------------
Info 
Info ---------------------------------------------------
Info SIMULATION TIME STATISTICS
Info   Simulated time        : 0.00 seconds
Info   User time             : 0.01 seconds
Info   System time           : 0.00 seconds
Info   Elapsed time          : 0.00 seconds
Info ---------------------------------------------------

riscvOVPsimPlus finished: Tue Aug 30 21:55:58 2022


riscvOVPsimPlus (64-Bit) v20220722.0 Open Virtual Platform simulator from www.IMPERAS.com.
Visit www.IMPERAS.com for multicore debug, verification and analysis solutions.

Info (SIGNATURE_DUMP) Destructor. Generate Signature file
0f0e0d0c0b0a09080706050403020100
1f1e1d1c1b1a19181716151413121110
2f2e2d2c2b2a29282726252423222120
Info Session ended: Tue Aug 30 21:55:58 2022

