
blinky:     file format elf64-littleriscv


Disassembly of section .text:

0000000000000000 <_start>:
   0:	06c000ef          	jal	x1,6c <init__port__0__0>
   4:	00000517          	auipc	x10,0x0
   8:	05050513          	addi	x10,x10,80 # 54 <mtvec>
   c:	ffc00593          	addi	x11,x0,-4
  10:	00b57533          	and	x10,x10,x11
  14:	30551073          	csrrw	x0,mtvec,x10
  18:	0050051b          	addiw	x10,x0,5
  1c:	01d51513          	slli	x10,x10,0x1d
  20:	00000593          	addi	x11,x0,0
  24:	00b53023          	sd	x11,0(x10)
  28:	0050051b          	addiw	x10,x0,5
  2c:	01d51513          	slli	x10,x10,0x1d
  30:	00850513          	addi	x10,x10,8
  34:	02faf5b7          	lui	x11,0x2faf
  38:	0805859b          	addiw	x11,x11,128 # 2faf080 <__global_pointer$+0x2fad7cc>
  3c:	00b53023          	sd	x11,0(x10)
  40:	00800513          	addi	x10,x0,8
  44:	30052073          	csrrs	x0,mstatus,x10
  48:	08000513          	addi	x10,x0,128
  4c:	30452073          	csrrs	x0,mie,x10

0000000000000050 <loop>:
  50:	0000006f          	jal	x0,50 <loop>

0000000000000054 <mtvec>:
  54:	044000ef          	jal	x1,98 <toggle__data__0__0>
  58:	0050051b          	addiw	x10,x0,5
  5c:	01d51513          	slli	x10,x10,0x1d
  60:	00000593          	addi	x11,x0,0
  64:	00b53023          	sd	x11,0(x10)
  68:	30200073          	mret

000000000000006c <init__port__0__0>:
  6c:	0030051b          	addiw	x10,x0,3
  70:	01e51513          	slli	x10,x10,0x1e
  74:	00150513          	addi	x10,x10,1
  78:	00000593          	addi	x11,x0,0
  7c:	00b50023          	sb	x11,0(x10)
  80:	0030051b          	addiw	x10,x0,3
  84:	01e51513          	slli	x10,x10,0x1e
  88:	00250513          	addi	x10,x10,2
  8c:	00100593          	addi	x11,x0,1
  90:	00b50023          	sb	x11,0(x10)
  94:	00008067          	jalr	x0,0(x1)

0000000000000098 <toggle__data__0__0>:
  98:	0030051b          	addiw	x10,x0,3
  9c:	01e51513          	slli	x10,x10,0x1e
  a0:	00150513          	addi	x10,x10,1
  a4:	00050583          	lb	x11,0(x10)
  a8:	0015c593          	xori	x11,x11,1
  ac:	00b50023          	sb	x11,0(x10)
  b0:	00008067          	jalr	x0,0(x1)
