INFO: [VRFC 10-2263] Analyzing SystemVerilog file "/home/seankent/bluejay/vivado/bluejay/bluejay.srcs/sources_1/new/arithmetic_logic_unit.sv" into library xil_defaultlib
INFO: [VRFC 10-311] analyzing module arithmetic_logic_unit
INFO: [VRFC 10-2263] Analyzing SystemVerilog file "/home/seankent/bluejay/vivado/bluejay/bluejay.srcs/sources_1/new/central_processing_unit.sv" into library xil_defaultlib
INFO: [VRFC 10-311] analyzing module central_processing_unit
INFO: [VRFC 10-2263] Analyzing SystemVerilog file "/home/seankent/bluejay/vivado/bluejay/bluejay.srcs/sources_1/new/comparator.sv" into library xil_defaultlib
INFO: [VRFC 10-311] analyzing module comparator
INFO: [VRFC 10-2263] Analyzing SystemVerilog file "/home/seankent/bluejay/vivado/bluejay/bluejay.srcs/sources_1/new/decoder.sv" into library xil_defaultlib
INFO: [VRFC 10-311] analyzing module decoder
INFO: [VRFC 10-2263] Analyzing SystemVerilog file "/home/seankent/bluejay/vivado/bluejay/bluejay.srcs/sources_1/new/jay.sv" into library xil_defaultlib
INFO: [VRFC 10-311] analyzing module jay
INFO: [VRFC 10-2263] Analyzing SystemVerilog file "/home/seankent/bluejay/vivado/bluejay/bluejay.srcs/sources_1/new/l1.sv" into library xil_defaultlib
INFO: [VRFC 10-311] analyzing module l1
WARNING: [VRFC 10-3380] identifier 'STATE__IDLE' is used before its declaration [/home/seankent/bluejay/vivado/bluejay/bluejay.srcs/sources_1/new/l1.sv:39]
INFO: [VRFC 10-2263] Analyzing SystemVerilog file "/home/seankent/bluejay/vivado/bluejay/bluejay.srcs/sources_1/new/mem.sv" into library xil_defaultlib
INFO: [VRFC 10-311] analyzing module mem
WARNING: [VRFC 10-3380] identifier 'DEPTH__LOG2' is used before its declaration [/home/seankent/bluejay/vivado/bluejay/bluejay.srcs/sources_1/new/mem.sv:8]
WARNING: [VRFC 10-3380] identifier 'WIDTH' is used before its declaration [/home/seankent/bluejay/vivado/bluejay/bluejay.srcs/sources_1/new/mem.sv:11]
WARNING: [VRFC 10-3380] identifier 'WIDTH' is used before its declaration [/home/seankent/bluejay/vivado/bluejay/bluejay.srcs/sources_1/new/mem.sv:12]
INFO: [VRFC 10-2263] Analyzing SystemVerilog file "/home/seankent/bluejay/vivado/bluejay/bluejay.srcs/sources_1/new/register_file.sv" into library xil_defaultlib
INFO: [VRFC 10-311] analyzing module register_file
INFO: [VRFC 10-2263] Analyzing SystemVerilog file "/home/seankent/bluejay/vivado/bluejay/bluejay.srcs/sim_1/new/jay__tb.sv" into library xil_defaultlib
INFO: [VRFC 10-311] analyzing module jay__tb
WARNING: [VRFC 10-2938] 'clk' is already implicitly declared on line 16 [/home/seankent/bluejay/vivado/bluejay/bluejay.srcs/sim_1/new/jay__tb.sv:40]
WARNING: [VRFC 10-2938] 'rst' is already implicitly declared on line 17 [/home/seankent/bluejay/vivado/bluejay/bluejay.srcs/sim_1/new/jay__tb.sv:41]
WARNING: [VRFC 10-2938] 'l1_to_mem__addr' is already implicitly declared on line 18 [/home/seankent/bluejay/vivado/bluejay/bluejay.srcs/sim_1/new/jay__tb.sv:42]
WARNING: [VRFC 10-2938] 'l1_to_mem__wr_data' is already implicitly declared on line 19 [/home/seankent/bluejay/vivado/bluejay/bluejay.srcs/sim_1/new/jay__tb.sv:43]
WARNING: [VRFC 10-2938] 'l1_to_mem__rd_data' is already implicitly declared on line 20 [/home/seankent/bluejay/vivado/bluejay/bluejay.srcs/sim_1/new/jay__tb.sv:44]
WARNING: [VRFC 10-2938] 'l1_to_mem__en' is already implicitly declared on line 21 [/home/seankent/bluejay/vivado/bluejay/bluejay.srcs/sim_1/new/jay__tb.sv:45]
WARNING: [VRFC 10-2938] 'l1_to_mem__we' is already implicitly declared on line 22 [/home/seankent/bluejay/vivado/bluejay/bluejay.srcs/sim_1/new/jay__tb.sv:46]
WARNING: [VRFC 10-2938] 'addr' is already implicitly declared on line 32 [/home/seankent/bluejay/vivado/bluejay/bluejay.srcs/sim_1/new/jay__tb.sv:49]
WARNING: [VRFC 10-2938] 'wr_data' is already implicitly declared on line 33 [/home/seankent/bluejay/vivado/bluejay/bluejay.srcs/sim_1/new/jay__tb.sv:50]
WARNING: [VRFC 10-2938] 'rd_data' is already implicitly declared on line 34 [/home/seankent/bluejay/vivado/bluejay/bluejay.srcs/sim_1/new/jay__tb.sv:51]
WARNING: [VRFC 10-2938] 'en' is already implicitly declared on line 35 [/home/seankent/bluejay/vivado/bluejay/bluejay.srcs/sim_1/new/jay__tb.sv:52]
WARNING: [VRFC 10-2938] 'we' is already implicitly declared on line 36 [/home/seankent/bluejay/vivado/bluejay/bluejay.srcs/sim_1/new/jay__tb.sv:53]
