Info Session started: Sat Apr  1 17:00:11 2023

Info PROGRAM /home/seankent/bluejay/imperas/imperas-riscv-tests/riscv-ovpsim-plus/bin/Linux64/riscvOVPsimPlus.exe
Info ------------- ENVIRONMENT -------------
Info --------------------------------------
Info -------- FLAGS (from command line)
Info --variant  RV64I
Info --override  riscvOVPsim/cpu/tval_ii_code=F
Info --program  /home/seankent/bluejay/ip/central_processing_unit/sim/gen/sim__xyz/SH-01/SH-01.elf
Info --signaturedump
Info --customcontrol
Info --override  riscvOVPsim/cpu/sigdump/SignatureFile=/home/seankent/bluejay/ip/central_processing_unit/sim/gen/sim__xyz/SH-01/SH-01.signature.output
Info --override  riscvOVPsim/cpu/sigdump/SignatureGranularity=4
Info --override  riscvOVPsim/cpu/simulateexceptions=T
Info --override  riscvOVPsim/cpu/defaultsemihost=F
Info --logfile  /home/seankent/bluejay/ip/central_processing_unit/sim/gen/sim__xyz/SH-01/SH-01.log
Info --override  riscvOVPsim/cpu/user_version=2.3
Info --------------------------------------
Imperas riscvOVPsimPlus


riscvOVPsimPlus (64-Bit) v20230201.0 Open Virtual Platform simulator from www.IMPERAS.com.
Copyright (c) 2005-2023 Imperas Software Ltd.  Contains Imperas Proprietary Information.
Licensed Software, All Rights Reserved.
Visit www.IMPERAS.com for multicore debug, verification and analysis solutions.

riscvOVPsimPlus started: Sat Apr  1 17:00:11 2023


Info (OR_OF) Target 'riscvOVPsim/cpu' has object file read from '/home/seankent/bluejay/ip/central_processing_unit/sim/gen/sim__xyz/SH-01/SH-01.elf'
Info (OR_PH) Program Headers:
Info (OR_PH) Type           Offset             VirtAddr           PhysAddr
Info (OR_PH)                FileSiz            MemSiz             Flags  Align
Info (OR_PD) PROC           0x0000000000005b08 0x0000000000000000 0x0000000000000000
Info (OR_PD)                0x000000000000001e 0x0000000000000000 R--    1
Info (OR_PD) LOAD           0x0000000000001000 0x0000000080000000 0x0000000080000000
Info (OR_PD)                0x0000000000002d28 0x0000000000002d28 R-E    1000
Info (OR_PD) LOAD           0x0000000000004000 0x0000000080003000 0x0000000080003000
Info (OR_PD)                0x0000000000001b08 0x0000000000001b08 RW-    1000
Info (SIGNATURE_DUMP_FSB) Found Symbol 'begin_signature' in application at 0x80004010
Info (SIGNATURE_DUMP_FSE) Found Symbol 'end_signature' in application at 0x80004960
Info (SIGNATURE_DUMP_EN) Signature File enabled, file '/home/seankent/bluejay/ip/central_processing_unit/sim/gen/sim__xyz/SH-01/SH-01.signature.output'.
Info (SIGNATURE_DUMP_ES) Extracting signature from 0x80004010 size 2384 bytes
Info (SIGNATURE_DUMP_SB) Symbol 'begin_signature' at 0x80004010
Info (SIGNATURE_DUMP_SE) Symbol 'end_signature' at 0x80004960
Info (SIGNATURE_DUMP_SFW) Signature Write 1 0x80004010 bytes 8 0x0
Info (SIGNATURE_DUMP_WTH) Intercept 'write_tohost'. Generate Signature file
00009d27
00000000
0000d5fd
00000000
00000000
00000000
000060db
00000000
00007ae7
00000000
00000fd4
00000000
000054c0
00000000
0000f1c5
00000000
00003650
00000000
00003c30
00000000
0000cb6d
00000000
0000c1a2
00000000
00000000
00000000
00000000
00000000
0000eeb5
00000000
00008042
00000000
0000092c
00000000
0000003d
00000000
00006678
00000000
0000bce8
00000000
0000e57f
00000000
0000ad15
00000000
0000fe19
00000000
000093b3
00000000
0000f638
00000000
0000a11c
00000000
00002ebf
00000000
00000191
00000000
000008fb
00000000
00005e94
00000000
0000ffff
00000000
00000000
00000000
0000ffff
00000000
0000ffff
00000000
00000000
00000000
00000001
00000000
00000000
00000000
0000ffff
00000000
0000ffff
00000000
00000000
00000000
0000fffe
00000000
0000ffff
00000000
0000ffff
00000000
0000ffff
00000000
0000ffff
00000000
0000ffff
00000000
0000ffff
00000000
0000ffff
00000000
0000ffff
00000000
0000ffff
00000000
0000ffff
00000000
0000ffff
00000000
0000ffff
00000000
0000ffff
00000000
0000ffff
00000000
0000ffff
00000000
0000ffff
00000000
0000ffff
00000000
0000ffff
00000000
0000ffff
00000000
0000ffff
00000000
0000ffff
00000000
0000ffff
00000000
0000ffff
00000000
0000ffff
00000000
0000ffff
00000000
0000ffff
00000000
0000ffff
00000000
0000ffff
00000000
0000ffff
00000000
0000ffff
00000000
0000ffff
00000000
0000ffff
00000000
0000ffff
00000000
0000ffff
00000000
0000ffff
00000000
0000ffff
00000000
0000ffff
00000000
0000ffff
00000000
0000ffff
00000000
0000ffff
00000000
0000ffff
00000000
0000ffff
00000000
0000ffff
00000000
0000ffff
00000000
0000ffff
00000000
0000ffff
00000000
0000ffff
00000000
0000ffff
00000000
00007fff
00000000
0000bfff
00000000
0000dfff
00000000
0000efff
00000000
0000f7ff
00000000
0000fbff
00000000
0000fdff
00000000
0000feff
00000000
0000ff7f
00000000
0000ffbf
00000000
0000ffdf
00000000
0000ffef
00000000
0000fff7
00000000
0000fffb
00000000
0000fffd
00000000
0000fffe
00000000
00000000
00000000
00000000
00000000
00000000
00000000
00000000
00000000
00000000
00000000
00000000
00000000
00000000
00000000
00000000
00000000
00000000
00000000
00000000
00000000
00000000
00000000
00000000
00000000
00000000
00000000
00000000
00000000
00000000
00000000
00000000
00000000
00000000
00000000
00000000
00000000
00000000
00000000
00000000
00000000
00000000
00000000
00000000
00000000
00000000
00000000
00000000
00000000
00000000
00000000
00000000
00000000
00000000
00000000
00000000
00000000
00000000
00000000
00000000
00000000
00000000
00000000
00000000
00000000
00000000
00000000
00000000
00000000
00000000
00000000
00000000
00000000
00000000
00000000
00000000
00000000
00000000
00000000
00000000
00000000
00000000
00000000
00000000
00000000
00000000
00000000
00000000
00000000
00000000
00000000
00000000
00000000
00000000
00000000
00000000
00000000
00008000
00000000
00004000
00000000
00002000
00000000
00001000
00000000
00000800
00000000
00000400
00000000
00000200
00000000
00000100
00000000
00000080
00000000
00000040
00000000
00000020
00000000
00000010
00000000
00000008
00000000
00000004
00000000
00000002
00000000
00000000
00000000
00000000
00000000
00000000
00000000
00000000
00000000
00000000
00000000
00000000
00000000
00000000
00000000
00000000
00000000
00000000
00000000
00000000
00000000
00000000
00000000
00000000
00000000
00000000
00000000
00000000
00000000
00000000
00000000
00000000
00000000
00000000
00000000
00000000
00000000
00000000
00000000
00000000
00000000
00000000
00000000
00000000
00000000
00000000
00000000
00000000
00000000
00000000
00000000
00000000
00000000
00000000
00000000
00000000
00000000
00000000
00000000
00000000
00000000
00000000
00000000
00000000
00000000
00000000
00000000
00000000
00000000
00000000
00000000
00000000
00000000
00000000
00000000
00000000
00000000
00000000
00000000
00000000
00000000
00000000
00000000
00000000
00000000
00000000
00000000
00000000
00000000
00000000
00000000
00000000
00000000
00000000
00000000
00000000
00000000
00000000
00000000
00000000
00000000
00000000
00000000
00000000
00000000
00000000
00000000
00000000
00000000
00000000
00000000
00000000
00000000
00000000
00000000
00000000
00000000
00000000
00000000
00000000
00000000
00000000
00000000
00000000
00000000
00000000
00000000
00000000
00000000
00000000
00000000
00000000
00000000
00000000
00000000
00000000
00000000
00000000
00000000
00000000
00000000
00000000
00000000
00000000
00000000
00000000
00000000
00000000
00000000
00000000
00000000
00000000
00000000
00000000
00000000
00000000
00000000
00000000
00000000
00000000
00000000
00000000
00000000
00000000
00000000
00000000
00000000
00000000
00000000
00000000
00000000
00000000
00000000
00000000
00000000
00000000
00000000
00000000
00000000
00000000
00000000
00000000
00000000
00000000
00000000
00000000
00000000
00000000
00000000
00000000
00000000
00000000
00000000
00000000
00000000
00000000
00000000
00000000
00000000
00000000
00000000
00000000
00000000
00000000
00000000
00000000
00000000
00000000
00000000
00000000
00000000
00000000
00000000
00000000
00000000
00000000
00000000
00000000
00000000
00000000
00000000
00000000
00000000
00000000
00000000
00000000
00000000
00000000
00000000
00000000
00000000
00000000
00000000
00000000
00000000
00000000
00000000
00000000
00000000
00000000
00000000
00000000
00000000
00000000
00000000
00000000
00000000
00000000
00000000
00000000
00000000
00000000
00000000
00000000
00000000
00000000
00000000
00000000
00000000
00000000
00000000
Info 
Info ---------------------------------------------------
Info CPU 'riscvOVPsim/cpu' STATISTICS
Info   Type                  : riscv (RV64I)
Info   Nominal MIPS          : 100
Info   Final program counter : 0x8000003c
Info   Simulated instructions: 2,866
Info   Simulated MIPS        : run too short for meaningful result
Info ---------------------------------------------------
Info 
Info ---------------------------------------------------
Info SIMULATION TIME STATISTICS
Info   Simulated time        : 0.00 seconds
Info   User time             : 0.01 seconds
Info   System time           : 0.00 seconds
Info   Elapsed time          : 0.01 seconds
Info ---------------------------------------------------

riscvOVPsimPlus finished: Sat Apr  1 17:00:11 2023


riscvOVPsimPlus (64-Bit) v20230201.0 Open Virtual Platform simulator from www.IMPERAS.com.
Visit www.IMPERAS.com for multicore debug, verification and analysis solutions.

Info Session ended: Sat Apr  1 17:00:11 2023

