Copyright 1986-2019 Xilinx, Inc. All Rights Reserved.
------------------------------------------------------------------------------------
| Tool Version : Vivado v.2019.2 (lin64) Build 2708876 Wed Nov  6 21:39:14 MST 2019
| Date         : Sat Jun  3 16:25:33 2023
| Host         : seankent running 64-bit Ubuntu 22.04.2 LTS
| Command      : report_control_sets -verbose -file top_control_sets_placed.rpt
| Design       : top
| Device       : xc7a100t
------------------------------------------------------------------------------------

Control Set Information

Table of Contents
-----------------
1. Summary
2. Histogram
3. Flip-Flop Distribution
4. Detailed Control Set Information

1. Summary
----------

+----------------------------------------------------------+-------+
|                          Status                          | Count |
+----------------------------------------------------------+-------+
| Total control sets                                       |    63 |
|    Minimum number of control sets                        |    63 |
|    Addition due to synthesis replication                 |     0 |
|    Addition due to physical synthesis replication        |     0 |
| Unused register locations in slices containing registers |    38 |
+----------------------------------------------------------+-------+
* Control sets can be merged at opt_design using control_set_merge or merge_equivalent_drivers
** Run report_qor_suggestions for automated merging and remapping suggestions


2. Histogram
------------

+--------------------+-------+
|       Fanout       | Count |
+--------------------+-------+
| Total control sets |    63 |
| >= 0 to < 4        |     3 |
| >= 4 to < 6        |     1 |
| >= 6 to < 8        |     1 |
| >= 8 to < 10       |     8 |
| >= 10 to < 12      |     0 |
| >= 12 to < 14      |     0 |
| >= 14 to < 16      |     0 |
| >= 16              |    50 |
+--------------------+-------+
* Control sets can be remapped at either synth_design or opt_design


3. Flip-Flop Distribution
-------------------------

+--------------+-----------------------+------------------------+-----------------+--------------+
| Clock Enable | Synchronous Set/Reset | Asynchronous Set/Reset | Total Registers | Total Slices |
+--------------+-----------------------+------------------------+-----------------+--------------+
| No           | No                    | No                     |             528 |          217 |
| No           | No                    | Yes                    |               0 |            0 |
| No           | Yes                   | No                     |             427 |          167 |
| Yes          | No                    | No                     |            2048 |          868 |
| Yes          | No                    | Yes                    |               0 |            0 |
| Yes          | Yes                   | No                     |             807 |          282 |
+--------------+-----------------------+------------------------+-----------------+--------------+


4. Detailed Control Set Information
-----------------------------------

+--------------------------------------------------------------------+----------------------------------------------------------------------+------------------+------------------+----------------+
|                            Clock Signal                            |                             Enable Signal                            | Set/Reset Signal | Slice Load Count | Bel Load Count |
+--------------------------------------------------------------------+----------------------------------------------------------------------+------------------+------------------+----------------+
|  jay__0/memory_management_unit__0/d_flip_flop__state/ready         |                                                                      |                  |                1 |              1 |
|  edge_detector__btnd__clean/d_flip_flop__state/E[0]                |                                                                      |                  |                1 |              3 |
|  jay__0/memory_controller__0/d_flip_flop__state/E[0]               |                                                                      |                  |                1 |              3 |
|  jay__0/memory_management_unit__0/d_flip_flop__state/q_reg[3]_0[0] |                                                                      |                  |                3 |              5 |
|  jay__0/central_processing_unit__0/d_flip_flop__ir/E[0]            |                                                                      |                  |                5 |              6 |
|  clk_100mhz_IBUF_BUFG                                              | jay__0/memory_management_unit__0/d_flip_flop__addr__x/q_reg[0]_18[0] | btnc_IBUF        |                2 |              8 |
|  clk_100mhz_IBUF_BUFG                                              | jay__0/memory_management_unit__0/d_flip_flop__addr__x/q_reg[0]_17[0] | btnc_IBUF        |                3 |              8 |
|  clk_100mhz_IBUF_BUFG                                              | jay__0/memory_management_unit__0/d_flip_flop__addr__x/q_reg[0]_16[0] | btnc_IBUF        |                2 |              8 |
|  clk_100mhz_IBUF_BUFG                                              | jay__0/memory_management_unit__0/d_flip_flop__addr__x/en__oe__0      | btnc_IBUF        |                6 |              8 |
|  clk_100mhz_IBUF_BUFG                                              | jay__0/memory_management_unit__0/d_flip_flop__addr__x/en__data__3    |                  |                5 |              8 |
|  clk_100mhz_IBUF_BUFG                                              | jay__0/memory_management_unit__0/d_flip_flop__addr__x/en__data__2    |                  |                4 |              8 |
|  clk_100mhz_IBUF_BUFG                                              | jay__0/memory_management_unit__0/d_flip_flop__addr__x/en__data__1    |                  |                5 |              8 |
|  clk_100mhz_IBUF_BUFG                                              | jay__0/memory_management_unit__0/d_flip_flop__addr__x/en__data__0    |                  |                3 |              8 |
|  clk_100mhz_IBUF_BUFG                                              | jay__0/memory_management_unit__0/d_flip_flop__state/q_reg[0]_2[0]    | btnc_IBUF        |               10 |             32 |
|  clk_100mhz_IBUF_BUFG                                              | jay__0/central_processing_unit__0/d_flip_flop__state/q_reg[7]_5      |                  |               26 |             32 |
|  cs                                                                |                                                                      |                  |               23 |             38 |
|  clk_100mhz_IBUF_BUFG                                              | jay__0/central_processing_unit__0/d_flip_flop__state/q_reg[7]_2[0]   | btnc_IBUF        |               38 |             62 |
|  clk_100mhz_IBUF_BUFG                                              | jay__0/central_processing_unit__0/d_flip_flop__state/en__x__21       |                  |               26 |             64 |
|  clk_100mhz_IBUF_BUFG                                              | jay__0/central_processing_unit__0/d_flip_flop__state/en__x__22       |                  |               26 |             64 |
|  clk_100mhz_IBUF_BUFG                                              | jay__0/central_processing_unit__0/d_flip_flop__state/en__x__27       |                  |               24 |             64 |
|  clk_100mhz_IBUF_BUFG                                              | jay__0/central_processing_unit__0/d_flip_flop__state/en__x__28       |                  |               23 |             64 |
|  clk_100mhz_IBUF_BUFG                                              | jay__0/central_processing_unit__0/d_flip_flop__state/en__x__4        |                  |               24 |             64 |
|  clk_100mhz_IBUF_BUFG                                              | jay__0/central_processing_unit__0/d_flip_flop__state/en__x__5        |                  |               26 |             64 |
|  clk_100mhz_IBUF_BUFG                                              | jay__0/central_processing_unit__0/d_flip_flop__state/en__x__11       |                  |               28 |             64 |
|  clk_100mhz_IBUF_BUFG                                              | jay__0/central_processing_unit__0/d_flip_flop__state/en__x__12       |                  |               26 |             64 |
|  clk_100mhz_IBUF_BUFG                                              | jay__0/central_processing_unit__0/d_flip_flop__state/en__x__15       |                  |               25 |             64 |
|  clk_100mhz_IBUF_BUFG                                              | jay__0/central_processing_unit__0/d_flip_flop__state/en__x__16       |                  |               28 |             64 |
|  clk_100mhz_IBUF_BUFG                                              | jay__0/central_processing_unit__0/d_flip_flop__state/en__x__23       |                  |               40 |             64 |
|  clk_100mhz_IBUF_BUFG                                              | jay__0/central_processing_unit__0/d_flip_flop__state/en__x__24       |                  |               24 |             64 |
|  clk_100mhz_IBUF_BUFG                                              | jay__0/central_processing_unit__0/d_flip_flop__state/en__x__25       |                  |               21 |             64 |
|  clk_100mhz_IBUF_BUFG                                              | jay__0/central_processing_unit__0/d_flip_flop__state/en__x__26       |                  |               23 |             64 |
|  clk_100mhz_IBUF_BUFG                                              | jay__0/central_processing_unit__0/d_flip_flop__state/en__x__31       |                  |               37 |             64 |
|  clk_100mhz_IBUF_BUFG                                              | jay__0/central_processing_unit__0/d_flip_flop__state/E[0]            | btnc_IBUF        |               19 |             64 |
|  n_2_1069_BUFG                                                     |                                                                      |                  |               34 |             64 |
|  n_1_2604_BUFG                                                     |                                                                      |                  |               26 |             64 |
|  clk_100mhz_IBUF_BUFG                                              | jay__0/central_processing_unit__0/d_flip_flop__state/q_reg[7]_3[0]   | btnc_IBUF        |               19 |             64 |
|  clk_100mhz_IBUF_BUFG                                              | jay__0/central_processing_unit__0/d_flip_flop__state/q_reg[7]_4[0]   | btnc_IBUF        |               21 |             64 |
|  clk_100mhz_IBUF_BUFG                                              | jay__0/central_processing_unit__0/d_flip_flop__state/en__x__14       |                  |               20 |             64 |
|  clk_100mhz_IBUF_BUFG                                              | jay__0/memory_management_unit__0/d_flip_flop__state/q_reg[4]_0[0]    | btnc_IBUF        |               29 |             64 |
|  clk_100mhz_IBUF_BUFG                                              | jay__0/memory_management_unit__0/d_flip_flop__addr__x/q_reg[0]_15[0] | btnc_IBUF        |               19 |             64 |
|  clk_100mhz_IBUF_BUFG                                              | jay__0/memory_management_unit__0/d_flip_flop__addr__x/q_reg[0]_19[0] | btnc_IBUF        |               22 |             64 |
|  clk_100mhz_IBUF_BUFG                                              | jay__0/memory_management_unit__0/d_flip_flop__addr__x/q_reg[0]_20[0] | btnc_IBUF        |               21 |             64 |
|  clk_100mhz_IBUF_BUFG                                              | jay__0/central_processing_unit__0/d_flip_flop__state/en__x__10       |                  |               23 |             64 |
|  clk_100mhz_IBUF_BUFG                                              | jay__0/central_processing_unit__0/d_flip_flop__state/en__x__17       |                  |               30 |             64 |
|  clk_100mhz_IBUF_BUFG                                              | jay__0/central_processing_unit__0/d_flip_flop__state/en__x__18       |                  |               24 |             64 |
|  clk_100mhz_IBUF_BUFG                                              | jay__0/central_processing_unit__0/d_flip_flop__state/en__x__19       |                  |               24 |             64 |
|  clk_100mhz_IBUF_BUFG                                              | jay__0/central_processing_unit__0/d_flip_flop__state/en__x__2        |                  |               21 |             64 |
|  clk_100mhz_IBUF_BUFG                                              | jay__0/central_processing_unit__0/d_flip_flop__state/en__x__29       |                  |               24 |             64 |
|  clk_100mhz_IBUF_BUFG                                              | jay__0/central_processing_unit__0/d_flip_flop__state/en__x__3        |                  |               24 |             64 |
|  clk_100mhz_IBUF_BUFG                                              | jay__0/central_processing_unit__0/d_flip_flop__state/en__x__30       |                  |               26 |             64 |
|  clk_100mhz_IBUF_BUFG                                              | jay__0/central_processing_unit__0/d_flip_flop__state/en__x__6        |                  |               27 |             64 |
|  clk_100mhz_IBUF_BUFG                                              | jay__0/central_processing_unit__0/d_flip_flop__state/en__x__7        |                  |               38 |             64 |
|  clk_100mhz_IBUF_BUFG                                              | jay__0/central_processing_unit__0/d_flip_flop__state/en__x__8        |                  |               29 |             64 |
|  clk_100mhz_IBUF_BUFG                                              | jay__0/central_processing_unit__0/d_flip_flop__state/en__x__9        |                  |               39 |             64 |
|  clk_100mhz_IBUF_BUFG                                              | jay__0/central_processing_unit__0/d_flip_flop__state/en__x__1        |                  |               25 |             64 |
|  clk_100mhz_IBUF_BUFG                                              | jay__0/central_processing_unit__0/d_flip_flop__state/en__x__13       |                  |               25 |             64 |
|  clk_100mhz_IBUF_BUFG                                              | jay__0/central_processing_unit__0/d_flip_flop__state/en__x__20       |                  |               25 |             64 |
|  n_0_4751_BUFG                                                     |                                                                      |                  |               23 |             72 |
|  clk_100mhz_IBUF_BUFG                                              | jay__0/memory_management_unit__0/d_flip_flop__state/E[0]             | btnc_IBUF        |               41 |            105 |
|  clk_100mhz_IBUF_BUFG                                              | jay__0/pusle_width_modulator__0/en__x                                | btnc_IBUF        |               30 |            128 |
|  jay__0n_0_4896_BUFG                                               |                                                                      |                  |               49 |            128 |
|  clk_100mhz_IBUF_BUFG                                              |                                                                      |                  |               51 |            144 |
|  clk_100mhz_IBUF_BUFG                                              |                                                                      | btnc_IBUF        |              167 |            427 |
+--------------------------------------------------------------------+----------------------------------------------------------------------+------------------+------------------+----------------+


