Info Session started: Tue Apr 11 20:07:21 2023

Info PROGRAM /home/seankent/bluejay/imperas/imperas-riscv-tests/riscv-ovpsim-plus/bin/Linux64/riscvOVPsimPlus.exe
Info ------------- ENVIRONMENT -------------
Info --------------------------------------
Info -------- FLAGS (from command line)
Info --variant  RV64I
Info --override  riscvOVPsim/cpu/tval_ii_code=F
Info --program  /home/seankent/bluejay/ip/central_processing_unit/sim/gen/sim__xyz/SLLI-01/SLLI-01.elf
Info --signaturedump
Info --customcontrol
Info --override  riscvOVPsim/cpu/sigdump/SignatureFile=/home/seankent/bluejay/ip/central_processing_unit/sim/gen/sim__xyz/SLLI-01/SLLI-01.signature.output
Info --override  riscvOVPsim/cpu/sigdump/SignatureGranularity=4
Info --override  riscvOVPsim/cpu/simulateexceptions=T
Info --override  riscvOVPsim/cpu/defaultsemihost=F
Info --logfile  /home/seankent/bluejay/ip/central_processing_unit/sim/gen/sim__xyz/SLLI-01/SLLI-01.log
Info --override  riscvOVPsim/cpu/user_version=2.3
Info --------------------------------------
Imperas riscvOVPsimPlus


riscvOVPsimPlus (64-Bit) v20230201.0 Open Virtual Platform simulator from www.IMPERAS.com.
Copyright (c) 2005-2023 Imperas Software Ltd.  Contains Imperas Proprietary Information.
Licensed Software, All Rights Reserved.
Visit www.IMPERAS.com for multicore debug, verification and analysis solutions.

riscvOVPsimPlus started: Tue Apr 11 20:07:21 2023


Info (OR_OF) Target 'riscvOVPsim/cpu' has object file read from '/home/seankent/bluejay/ip/central_processing_unit/sim/gen/sim__xyz/SLLI-01/SLLI-01.elf'
Info (OR_PH) Program Headers:
Info (OR_PH) Type           Offset             VirtAddr           PhysAddr
Info (OR_PH)                FileSiz            MemSiz             Flags  Align
Info (OR_PD) PROC           0x0000000000004b08 0x0000000000000000 0x0000000000000000
Info (OR_PD)                0x000000000000001e 0x0000000000000000 R--    1
Info (OR_PD) LOAD           0x0000000000001000 0x0000000080000000 0x0000000080000000
Info (OR_PD)                0x0000000000001cb4 0x0000000000001cb4 R-E    1000
Info (OR_PD) LOAD           0x0000000000003000 0x0000000080002000 0x0000000080002000
Info (OR_PD)                0x0000000000001b08 0x0000000000001b08 RW-    1000
Info (SIGNATURE_DUMP_FSB) Found Symbol 'begin_signature' in application at 0x80003010
Info (SIGNATURE_DUMP_FSE) Found Symbol 'end_signature' in application at 0x80003970
Info (SIGNATURE_DUMP_EN) Signature File enabled, file '/home/seankent/bluejay/ip/central_processing_unit/sim/gen/sim__xyz/SLLI-01/SLLI-01.signature.output'.
Info (SIGNATURE_DUMP_ES) Extracting signature from 0x80003010 size 2400 bytes
Info (SIGNATURE_DUMP_SB) Symbol 'begin_signature' at 0x80003010
Info (SIGNATURE_DUMP_SE) Symbol 'end_signature' at 0x80003970
Info (SIGNATURE_DUMP_SFW) Signature Write 1 0x80003010 bytes 8 0x0
Info (SIGNATURE_DUMP_WTH) Intercept 'write_tohost'. Generate Signature file
8d00f780
7a57758a
bc7a0000
3336853d
00000000
00000000
466250f0
27008e60
80000000
f1cdeb4e
00000000
00000000
31e42380
bdcefc16
c57e0000
453a32b6
fd400000
c6234b80
34267ad9
2c370a9a
80000000
d9f74d24
fc714000
56b5acb4
00000000
00000000
00000000
00000000
30000000
f8c83b3c
152fe000
73ec752d
610cf0e0
f7c794cb
c0eb8344
6a750b26
f0937800
268a1a4f
90000000
1d995262
2fb1a000
713a217a
bec00000
732908c0
c9d848f0
bdd9821f
c6a01080
95923926
b8dfb000
4ef1c426
54800000
2cbd8c8f
03d00000
abf4bfb0
84000000
89f22b64
80000000
f0cc9d6c
f3a00000
e0385a76
ffffffff
ffffffff
00000000
00000000
80000000
ffffffff
80000000
00000000
00000000
00000000
00000000
00000000
80000000
ffffffff
80000000
00000000
ffffffff
ffffffff
00000000
00000000
00000002
00000000
00000008
00000000
00000040
00000000
00000800
00000000
00100000
00000000
00000020
00000000
00000040
00000000
00000080
00000000
00000100
00000000
00000200
00000000
00000400
00000000
00000800
00000000
00000000
00000400
00000000
00000400
00000000
00000200
00000000
00000040
80000000
00000000
00000000
00010000
00000000
00020000
00000000
00040000
00000000
00080000
00000000
00100000
00000000
00200000
00000000
00400000
00000000
00400000
00000000
00400000
00000000
00200000
00000000
00040000
00000000
00000800
00000000
10000000
00000000
20000000
00000000
40000000
00000000
80000000
00000000
00000000
00000000
00000000
00000000
00000000
00000000
00000000
00000000
00000000
00000000
00000000
00000000
40000000
00000000
00800000
00000000
00000000
00000000
00000000
00000000
00000000
00000000
00000000
00000000
00000000
00000000
00000000
00000000
00000000
00000000
00000000
00000000
00000000
00000000
00000000
00000000
00000000
00000000
00000000
00000000
00000000
00000000
00000000
00000000
00000000
00000000
00000000
00000000
00000000
00000000
00000000
00000000
00000000
00000000
00000000
00000000
00000000
00000000
00000000
00000000
00000000
ffff0000
ffffffff
80000000
fffffffe
80000000
fffffffd
80000000
fffffffb
80000000
fffffff7
80000000
ffffffef
80000000
ffffffdf
80000000
ffffffbf
c0000000
ffffffbf
e0000000
ffffffbf
f8000000
ffffffdf
ff800000
fffffffb
f7ff8000
ffffffff
80000000
ffffefff
80000000
ffffdfff
80000000
ffffbfff
80000000
ffff7fff
80000000
fffeffff
80000000
fffdffff
80000000
fffbffff
c0000000
fffbffff
e0000000
fffbffff
f8000000
fffdffff
ff800000
ffffbfff
ffff8000
ffffff7f
80000000
feffffff
80000000
fdffffff
80000000
fbffffff
80000000
f7ffffff
80000000
efffffff
80000000
dfffffff
80000000
bfffffff
c0000000
bfffffff
e0000000
bfffffff
f8000000
dfffffff
ff800000
fbffffff
ffff8000
fff7ffff
80000000
ffffffff
80000000
ffffffff
80000000
ffffffff
80000000
ffffffff
80000000
ffffffff
80000000
ffffffff
80000000
ffffffff
c0000000
ffffffff
e0000000
ffffffff
f8000000
ffffffff
ff800000
ffffffff
ffff8000
7fffffff
80000000
ffffffff
80000000
ffffffff
80000000
ffffffff
80000000
ffffffff
80000000
ffffffff
80000000
ffffffff
80000000
ffffffff
c0000000
ffffffff
e0000000
ffffffff
f8000000
ffffffff
ff800000
ffffffff
ffff8000
ffffffff
80000000
ffffffff
80000000
ffffffff
80000000
ffffffff
00000002
00000000
00000008
00000000
00000040
00000000
00000800
00000000
00100000
00000000
00000020
00000000
00000040
00000000
00000080
00000000
00000100
00000000
00000200
00000000
00000400
00000000
00000800
00000000
00000000
00000400
00000000
00000400
00000000
00000200
00000000
00000040
80000000
00000000
00000000
00010000
00000000
00020000
00000000
00040000
00000000
00080000
00000000
00100000
00000000
00200000
00000000
00400000
00000000
00400000
00000000
00400000
00000000
00200000
00000000
00040000
00000000
00000800
00000000
10000000
00000000
20000000
00000000
40000000
00000000
80000000
00000000
00000000
00000000
00000000
00000000
00000000
00000000
00000000
00000000
00000000
00000000
00000000
00000000
40000000
00000000
00800000
00000000
00000000
00000000
00000000
00000000
00000000
00000000
00000000
00000000
00000000
00000000
00000000
00000000
00000000
00000000
00000000
00000000
00000000
00000000
00000000
00000000
00000000
00000000
00000000
00000000
00000000
00000000
00000000
00000000
00000000
00000000
00000000
00000000
00000000
00000000
00000000
00000000
00000000
00000000
00000000
00000000
00000000
00000000
00000000
00000000
00000000
ffff0000
ffffffff
80000000
fffffffe
80000000
fffffffd
80000000
fffffffb
80000000
fffffff7
80000000
ffffffef
80000000
ffffffdf
80000000
ffffffbf
c0000000
ffffffbf
e0000000
ffffffbf
f8000000
ffffffdf
ff800000
fffffffb
f7ff8000
ffffffff
80000000
ffffefff
80000000
ffffdfff
80000000
ffffbfff
80000000
ffff7fff
80000000
fffeffff
80000000
fffdffff
80000000
fffbffff
c0000000
fffbffff
e0000000
fffbffff
f8000000
fffdffff
ff800000
ffffbfff
ffff8000
ffffff7f
80000000
feffffff
80000000
fdffffff
80000000
fbffffff
80000000
f7ffffff
80000000
efffffff
80000000
dfffffff
80000000
bfffffff
c0000000
bfffffff
e0000000
bfffffff
f8000000
dfffffff
ff800000
fbffffff
ffff8000
fff7ffff
80000000
ffffffff
80000000
ffffffff
80000000
ffffffff
80000000
ffffffff
80000000
ffffffff
80000000
ffffffff
80000000
ffffffff
c0000000
ffffffff
e0000000
ffffffff
f8000000
ffffffff
ff800000
ffffffff
ffff8000
7fffffff
80000000
ffffffff
80000000
ffffffff
80000000
ffffffff
80000000
ffffffff
80000000
ffffffff
80000000
ffffffff
80000000
ffffffff
c0000000
ffffffff
e0000000
ffffffff
f8000000
ffffffff
ff800000
ffffffff
ffff8000
ffffffff
80000000
ffffffff
80000000
ffffffff
80000000
ffffffff
00000000
00000000
00000000
00000000
deadbeef
00000000
deadbeef
00000000
Info 
Info ---------------------------------------------------
Info CPU 'riscvOVPsim/cpu' STATISTICS
Info   Type                  : riscv (RV64I)
Info   Nominal MIPS          : 100
Info   Final program counter : 0x8000003c
Info   Simulated instructions: 1,810
Info   Simulated MIPS        : run too short for meaningful result
Info ---------------------------------------------------
Info 
Info ---------------------------------------------------
Info SIMULATION TIME STATISTICS
Info   Simulated time        : 0.00 seconds
Info   User time             : 0.00 seconds
Info   System time           : 0.01 seconds
Info   Elapsed time          : 0.00 seconds
Info ---------------------------------------------------

riscvOVPsimPlus finished: Tue Apr 11 20:07:21 2023


riscvOVPsimPlus (64-Bit) v20230201.0 Open Virtual Platform simulator from www.IMPERAS.com.
Visit www.IMPERAS.com for multicore debug, verification and analysis solutions.

Info Session ended: Tue Apr 11 20:07:21 2023

