Info Session started: Tue Mar  7 00:11:48 2023

Info PROGRAM /home/seankent/bluejay/imperas/imperas-riscv-tests/riscv-ovpsim-plus/bin/Linux64/riscvOVPsimPlus.exe
Info ------------- ENVIRONMENT -------------
Info --------------------------------------
Info -------- FLAGS (from command line)
Info --variant  RV64I
Info --override  riscvOVPsim/cpu/tval_ii_code=F
Info --program  /home/seankent/bluejay/ip/central_processing_unit/sim/gen/sim__xyz/SLLIW-01/SLLIW-01.elf
Info --signaturedump
Info --customcontrol
Info --override  riscvOVPsim/cpu/sigdump/SignatureFile=/home/seankent/bluejay/ip/central_processing_unit/sim/gen/sim__xyz/SLLIW-01/SLLIW-01.signature.output
Info --override  riscvOVPsim/cpu/sigdump/SignatureGranularity=4
Info --override  riscvOVPsim/cpu/simulateexceptions=T
Info --override  riscvOVPsim/cpu/defaultsemihost=F
Info --logfile  /home/seankent/bluejay/ip/central_processing_unit/sim/gen/sim__xyz/SLLIW-01/SLLIW-01.log
Info --override  riscvOVPsim/cpu/user_version=2.3
Info --------------------------------------
Imperas riscvOVPsimPlus


riscvOVPsimPlus (64-Bit) v20230201.0 Open Virtual Platform simulator from www.IMPERAS.com.
Copyright (c) 2005-2023 Imperas Software Ltd.  Contains Imperas Proprietary Information.
Licensed Software, All Rights Reserved.
Visit www.IMPERAS.com for multicore debug, verification and analysis solutions.

riscvOVPsimPlus started: Tue Mar  7 00:11:48 2023


Info (OR_OF) Target 'riscvOVPsim/cpu' has object file read from '/home/seankent/bluejay/ip/central_processing_unit/sim/gen/sim__xyz/SLLIW-01/SLLIW-01.elf'
Info (OR_PH) Program Headers:
Info (OR_PH) Type           Offset             VirtAddr           PhysAddr
Info (OR_PH)                FileSiz            MemSiz             Flags  Align
Info (OR_PD) PROC           0x0000000000004b08 0x0000000000000000 0x0000000000000000
Info (OR_PD)                0x000000000000001e 0x0000000000000000 R--    1
Info (OR_PD) LOAD           0x0000000000001000 0x0000000080000000 0x0000000080000000
Info (OR_PD)                0x0000000000001b74 0x0000000000001b74 R-E    1000
Info (OR_PD) LOAD           0x0000000000003000 0x0000000080002000 0x0000000080002000
Info (OR_PD)                0x0000000000001b08 0x0000000000001b08 RW-    1000
Info (SIGNATURE_DUMP_FSB) Found Symbol 'begin_signature' in application at 0x80003010
Info (SIGNATURE_DUMP_FSE) Found Symbol 'end_signature' in application at 0x80003970
Info (SIGNATURE_DUMP_EN) Signature File enabled, file '/home/seankent/bluejay/ip/central_processing_unit/sim/gen/sim__xyz/SLLIW-01/SLLIW-01.signature.output'.
Info (SIGNATURE_DUMP_ES) Extracting signature from 0x80003010 size 2400 bytes
Info (SIGNATURE_DUMP_SB) Symbol 'begin_signature' at 0x80003010
Info (SIGNATURE_DUMP_SE) Symbol 'end_signature' at 0x80003970
Info (SIGNATURE_DUMP_SFW) Signature Write 1 0x80003010 bytes 8 0x0
Info (SIGNATURE_DUMP_WTH) Intercept 'write_tohost'. Generate Signature file
8d00f780
ffffffff
bc7a0000
ffffffff
00000000
00000000
466250f0
00000000
80000000
ffffffff
00000000
00000000
31e42380
00000000
c57e0000
ffffffff
fd400000
ffffffff
34267ad9
00000000
80000000
ffffffff
fc714000
ffffffff
00000000
00000000
00000000
00000000
30000000
00000000
152fe000
00000000
610cf0e0
00000000
c0eb8344
ffffffff
f0937800
ffffffff
90000000
ffffffff
2fb1a000
00000000
bec00000
ffffffff
c9d848f0
ffffffff
c6a01080
ffffffff
b8dfb000
ffffffff
54800000
00000000
03d00000
00000000
84000000
ffffffff
80000000
ffffffff
f3a00000
ffffffff
ffffffff
ffffffff
00000000
00000000
80000000
ffffffff
80000000
ffffffff
00000000
00000000
00000000
00000000
80000000
ffffffff
80000000
ffffffff
ffffffff
ffffffff
00000000
00000000
00000002
00000000
00000008
00000000
00000040
00000000
00000800
00000000
00100000
00000000
00000020
00000000
00000040
00000000
00000080
00000000
00000100
00000000
00000200
00000000
00000400
00000000
00000800
00000000
00000000
00000000
00000000
00000000
00000000
00000000
00000000
00000000
80000000
ffffffff
00000000
00000000
00000000
00000000
00000000
00000000
00000000
00000000
00000000
00000000
00000000
00000000
00000000
00000000
00000000
00000000
00000000
00000000
00000000
00000000
00000000
00000000
00000000
00000000
00000000
00000000
00000000
00000000
00000000
00000000
00000000
00000000
00000000
00000000
00000000
00000000
00000000
00000000
00000000
00000000
00000000
00000000
00000000
00000000
00000000
00000000
00000000
00000000
00000000
00000000
00000000
00000000
00000000
00000000
00000000
00000000
00000000
00000000
00000000
00000000
00000000
00000000
00000000
00000000
00000000
00000000
00000000
00000000
00000000
00000000
00000000
00000000
00000000
00000000
00000000
00000000
00000000
00000000
00000000
00000000
00000000
00000000
00000000
00000000
00000000
00000000
00000000
00000000
00000000
00000000
00000000
00000000
00000000
00000000
ffff0000
ffffffff
80000000
ffffffff
80000000
ffffffff
80000000
ffffffff
80000000
ffffffff
80000000
ffffffff
80000000
ffffffff
80000000
ffffffff
c0000000
ffffffff
e0000000
ffffffff
f8000000
ffffffff
ff800000
ffffffff
f7ff8000
ffffffff
80000000
ffffffff
80000000
ffffffff
80000000
ffffffff
80000000
ffffffff
80000000
ffffffff
80000000
ffffffff
80000000
ffffffff
c0000000
ffffffff
e0000000
ffffffff
f8000000
ffffffff
ff800000
ffffffff
ffff8000
ffffffff
80000000
ffffffff
80000000
ffffffff
80000000
ffffffff
80000000
ffffffff
80000000
ffffffff
80000000
ffffffff
80000000
ffffffff
c0000000
ffffffff
e0000000
ffffffff
f8000000
ffffffff
ff800000
ffffffff
ffff8000
ffffffff
80000000
ffffffff
80000000
ffffffff
80000000
ffffffff
80000000
ffffffff
80000000
ffffffff
80000000
ffffffff
80000000
ffffffff
c0000000
ffffffff
e0000000
ffffffff
f8000000
ffffffff
ff800000
ffffffff
ffff8000
ffffffff
80000000
ffffffff
80000000
ffffffff
80000000
ffffffff
80000000
ffffffff
80000000
ffffffff
80000000
ffffffff
80000000
ffffffff
c0000000
ffffffff
e0000000
ffffffff
f8000000
ffffffff
ff800000
ffffffff
ffff8000
ffffffff
80000000
ffffffff
80000000
ffffffff
80000000
ffffffff
00000002
00000000
00000008
00000000
00000040
00000000
00000800
00000000
00100000
00000000
00000020
00000000
00000040
00000000
00000080
00000000
00000100
00000000
00000200
00000000
00000400
00000000
00000800
00000000
00000000
00000000
00000000
00000000
00000000
00000000
00000000
00000000
80000000
ffffffff
00000000
00000000
00000000
00000000
00000000
00000000
00000000
00000000
00000000
00000000
00000000
00000000
00000000
00000000
00000000
00000000
00000000
00000000
00000000
00000000
00000000
00000000
00000000
00000000
00000000
00000000
00000000
00000000
00000000
00000000
00000000
00000000
00000000
00000000
00000000
00000000
00000000
00000000
00000000
00000000
00000000
00000000
00000000
00000000
00000000
00000000
00000000
00000000
00000000
00000000
00000000
00000000
00000000
00000000
00000000
00000000
00000000
00000000
00000000
00000000
00000000
00000000
00000000
00000000
00000000
00000000
00000000
00000000
00000000
00000000
00000000
00000000
00000000
00000000
00000000
00000000
00000000
00000000
00000000
00000000
00000000
00000000
00000000
00000000
00000000
00000000
00000000
00000000
00000000
00000000
00000000
00000000
00000000
00000000
ffff0000
ffffffff
80000000
ffffffff
80000000
ffffffff
80000000
ffffffff
80000000
ffffffff
80000000
ffffffff
80000000
ffffffff
80000000
ffffffff
c0000000
ffffffff
e0000000
ffffffff
f8000000
ffffffff
ff800000
ffffffff
f7ff8000
ffffffff
80000000
ffffffff
80000000
ffffffff
80000000
ffffffff
80000000
ffffffff
80000000
ffffffff
80000000
ffffffff
80000000
ffffffff
c0000000
ffffffff
e0000000
ffffffff
f8000000
ffffffff
ff800000
ffffffff
ffff8000
ffffffff
80000000
ffffffff
80000000
ffffffff
80000000
ffffffff
80000000
ffffffff
80000000
ffffffff
80000000
ffffffff
80000000
ffffffff
c0000000
ffffffff
e0000000
ffffffff
f8000000
ffffffff
ff800000
ffffffff
ffff8000
ffffffff
80000000
ffffffff
80000000
ffffffff
80000000
ffffffff
80000000
ffffffff
80000000
ffffffff
80000000
ffffffff
80000000
ffffffff
c0000000
ffffffff
e0000000
ffffffff
f8000000
ffffffff
ff800000
ffffffff
ffff8000
ffffffff
80000000
ffffffff
80000000
ffffffff
80000000
ffffffff
80000000
ffffffff
80000000
ffffffff
80000000
ffffffff
80000000
ffffffff
c0000000
ffffffff
e0000000
ffffffff
f8000000
ffffffff
ff800000
ffffffff
ffff8000
ffffffff
80000000
ffffffff
80000000
ffffffff
80000000
ffffffff
00000000
00000000
00000000
00000000
deadbeef
00000000
deadbeef
00000000
Info 
Info ---------------------------------------------------
Info CPU 'riscvOVPsim/cpu' STATISTICS
Info   Type                  : riscv (RV64I)
Info   Nominal MIPS          : 100
Info   Final program counter : 0x8000003c
Info   Simulated instructions: 1,730
Info   Simulated MIPS        : run too short for meaningful result
Info ---------------------------------------------------
Info 
Info ---------------------------------------------------
Info SIMULATION TIME STATISTICS
Info   Simulated time        : 0.00 seconds
Info   User time             : 0.01 seconds
Info   System time           : 0.00 seconds
Info   Elapsed time          : 0.02 seconds
Info ---------------------------------------------------

riscvOVPsimPlus finished: Tue Mar  7 00:11:48 2023


riscvOVPsimPlus (64-Bit) v20230201.0 Open Virtual Platform simulator from www.IMPERAS.com.
Visit www.IMPERAS.com for multicore debug, verification and analysis solutions.

Info Session ended: Tue Mar  7 00:11:48 2023

