Info Session started: Tue Apr 11 20:08:35 2023

Info PROGRAM /home/seankent/bluejay/imperas/imperas-riscv-tests/riscv-ovpsim-plus/bin/Linux64/riscvOVPsimPlus.exe
Info ------------- ENVIRONMENT -------------
Info --------------------------------------
Info -------- FLAGS (from command line)
Info --variant  RV64I
Info --override  riscvOVPsim/cpu/tval_ii_code=F
Info --program  /home/seankent/bluejay/ip/central_processing_unit/sim/gen/sim__xyz/SRLI-01/SRLI-01.elf
Info --signaturedump
Info --customcontrol
Info --override  riscvOVPsim/cpu/sigdump/SignatureFile=/home/seankent/bluejay/ip/central_processing_unit/sim/gen/sim__xyz/SRLI-01/SRLI-01.signature.output
Info --override  riscvOVPsim/cpu/sigdump/SignatureGranularity=4
Info --override  riscvOVPsim/cpu/simulateexceptions=T
Info --override  riscvOVPsim/cpu/defaultsemihost=F
Info --logfile  /home/seankent/bluejay/ip/central_processing_unit/sim/gen/sim__xyz/SRLI-01/SRLI-01.log
Info --override  riscvOVPsim/cpu/user_version=2.3
Info --------------------------------------
Imperas riscvOVPsimPlus


riscvOVPsimPlus (64-Bit) v20230201.0 Open Virtual Platform simulator from www.IMPERAS.com.
Copyright (c) 2005-2023 Imperas Software Ltd.  Contains Imperas Proprietary Information.
Licensed Software, All Rights Reserved.
Visit www.IMPERAS.com for multicore debug, verification and analysis solutions.

riscvOVPsimPlus started: Tue Apr 11 20:08:35 2023


Info (OR_OF) Target 'riscvOVPsim/cpu' has object file read from '/home/seankent/bluejay/ip/central_processing_unit/sim/gen/sim__xyz/SRLI-01/SRLI-01.elf'
Info (OR_PH) Program Headers:
Info (OR_PH) Type           Offset             VirtAddr           PhysAddr
Info (OR_PH)                FileSiz            MemSiz             Flags  Align
Info (OR_PD) PROC           0x0000000000004b08 0x0000000000000000 0x0000000000000000
Info (OR_PD)                0x000000000000001e 0x0000000000000000 R--    1
Info (OR_PD) LOAD           0x0000000000001000 0x0000000080000000 0x0000000080000000
Info (OR_PD)                0x0000000000001cb4 0x0000000000001cb4 R-E    1000
Info (OR_PD) LOAD           0x0000000000003000 0x0000000080002000 0x0000000080002000
Info (OR_PD)                0x0000000000001b08 0x0000000000001b08 RW-    1000
Info (SIGNATURE_DUMP_FSB) Found Symbol 'begin_signature' in application at 0x80003010
Info (SIGNATURE_DUMP_FSE) Found Symbol 'end_signature' in application at 0x80003970
Info (SIGNATURE_DUMP_EN) Signature File enabled, file '/home/seankent/bluejay/ip/central_processing_unit/sim/gen/sim__xyz/SRLI-01/SRLI-01.signature.output'.
Info (SIGNATURE_DUMP_ES) Extracting signature from 0x80003010 size 2400 bytes
Info (SIGNATURE_DUMP_SB) Symbol 'begin_signature' at 0x80003010
Info (SIGNATURE_DUMP_SE) Symbol 'end_signature' at 0x80003970
Info (SIGNATURE_DUMP_SFW) Signature Write 1 0x80003010 bytes 8 0x0
Info (SIGNATURE_DUMP_WTH) Intercept 'write_tohost'. Generate Signature file
d62a3403
00a9e95d
8ccda14f
000070d8
00000000
00000000
60466250
0f27008e
3212128f
00000000
00000000
00000000
f058c790
01faf73b
514e8cad
0000057d
f2c6234b
00000413
34267ad9
2c370a9a
a20a82cd
00000000
6b5acb4f
00024775
00000000
00000000
00000000
00000000
236af8c8
0000004d
fb1d4b45
0004c1dc
32d8433c
00fdf1e5
b03ae0d1
1a9d42c9
1a4ff093
0066268a
158a9476
00000005
3a217a2f
000dc371
3a1cca42
000003a3
1fc9d848
06bdd982
926c6a01
02095923
f1c426b8
0007bf4e
2692cbd8
0000003d
b8abf4bf
00000fe9
7ebc89f2
00000034
52a52bf0
0000000f
2e0385a7
000032a9
ffffffff
ffffffff
00000000
00000001
ffffffff
00000001
00000000
00000000
00000000
00000000
00000000
00000001
ffffffff
00000001
00000000
00000000
ffffffff
ffffffff
00000000
00000001
00000000
00000000
00000000
00000000
00000000
00000000
00000000
00000000
00000000
00000000
00000020
00000000
00000040
00000000
00000080
00000000
00000100
00000000
00000200
00000000
00000400
00000000
00000800
00000000
00000000
00000000
00000000
00000000
00000000
00000000
00000000
00000000
00000002
00000000
00000000
00000000
00000000
00000000
00000000
00000000
00000000
00000000
00000000
00000000
00000000
00000000
00000000
00000000
00000000
00000000
00000000
00000000
00000000
00000000
00000010
00000000
00002000
00000000
00000000
00000000
00000000
00000000
00000001
00000000
00000002
00000000
00000004
00000000
00000008
00000000
00000010
00000000
00000040
00000000
00000100
00000000
00000800
00000000
00010000
00000000
02000000
00000000
00000400
00000000
00000800
00000000
00001000
00000000
00002000
00000000
00004000
00000000
00008000
00000000
00010000
00000000
00040000
00000000
00100000
00000000
00800000
00000000
10000000
00000000
00000000
00000020
00400000
00000000
00800000
00000000
01000000
00000000
02000000
00000000
04000000
00000000
08000000
00000000
10000000
00000000
40000000
00000000
00000000
00000001
00000000
00000008
00000000
00000100
ffffffff
0001ffff
ffffffff
00000001
ffffffff
00000001
ffffffff
00000001
ffffffff
00000001
ffffffff
00000001
ffffffff
00000001
ffffffff
00000001
ffffffff
00000003
ffffffff
00000007
ffffffff
0000001f
ffffffff
000001ff
ffffffff
0001ffff
ffffffff
00000001
ffffffff
00000001
ffffffff
00000001
ffffffff
00000001
ffffffff
00000001
ffffffff
00000001
ffffffff
00000001
ffffffff
00000003
ffffffff
00000007
ffffffff
0000001f
fffffffe
000001ff
fffffdff
0001ffff
ffffffff
00000001
ffffffff
00000001
ffffffff
00000001
ffffffff
00000001
ffffffff
00000001
ffffffff
00000001
fffffffe
00000001
fffffffb
00000003
ffffffef
00000007
ffffff7f
0000001f
ffffefff
000001ff
ffdfffff
0001ffff
ffffffbf
00000001
ffffff7f
00000001
fffffeff
00000001
fffffdff
00000001
fffffbff
00000001
fffff7ff
00000001
ffffefff
00000001
ffffbfff
00000003
fffeffff
00000007
fff7ffff
0000001f
feffffff
000001ff
ffffffff
0001fffd
fffbffff
00000001
fff7ffff
00000001
ffefffff
00000001
ffdfffff
00000001
ffbfffff
00000001
ff7fffff
00000001
feffffff
00000001
fbffffff
00000003
efffffff
00000007
7fffffff
0000001f
ffffffff
000001ef
ffffffff
0001dfff
bfffffff
00000001
7fffffff
00000001
ffffffff
00000000
00000000
00000000
00000000
00000000
00000000
00000000
00000000
00000000
00000000
00000000
00000020
00000000
00000040
00000000
00000080
00000000
00000100
00000000
00000200
00000000
00000400
00000000
00000800
00000000
00000000
00000000
00000000
00000000
00000000
00000000
00000000
00000000
00000002
00000000
00000000
00000000
00000000
00000000
00000000
00000000
00000000
00000000
00000000
00000000
00000000
00000000
00000000
00000000
00000000
00000000
00000000
00000000
00000000
00000000
00000010
00000000
00002000
00000000
00000000
00000000
00000000
00000000
00000001
00000000
00000002
00000000
00000004
00000000
00000008
00000000
00000010
00000000
00000040
00000000
00000100
00000000
00000800
00000000
00010000
00000000
02000000
00000000
00000400
00000000
00000800
00000000
00001000
00000000
00002000
00000000
00004000
00000000
00008000
00000000
00010000
00000000
00040000
00000000
00100000
00000000
00800000
00000000
10000000
00000000
00000000
00000020
00400000
00000000
00800000
00000000
01000000
00000000
02000000
00000000
04000000
00000000
08000000
00000000
10000000
00000000
40000000
00000000
00000000
00000001
00000000
00000008
00000000
00000100
ffffffff
0001ffff
ffffffff
00000001
ffffffff
00000001
ffffffff
00000001
ffffffff
00000001
ffffffff
00000001
ffffffff
00000001
ffffffff
00000001
ffffffff
00000003
ffffffff
00000007
ffffffff
0000001f
ffffffff
000001ff
ffffffff
0001ffff
ffffffff
00000001
ffffffff
00000001
ffffffff
00000001
ffffffff
00000001
ffffffff
00000001
ffffffff
00000001
ffffffff
00000001
ffffffff
00000003
ffffffff
00000007
ffffffff
0000001f
fffffffe
000001ff
fffffdff
0001ffff
ffffffff
00000001
ffffffff
00000001
ffffffff
00000001
ffffffff
00000001
ffffffff
00000001
ffffffff
00000001
fffffffe
00000001
fffffffb
00000003
ffffffef
00000007
ffffff7f
0000001f
ffffefff
000001ff
ffdfffff
0001ffff
ffffffbf
00000001
ffffff7f
00000001
fffffeff
00000001
fffffdff
00000001
fffffbff
00000001
fffff7ff
00000001
ffffefff
00000001
ffffbfff
00000003
fffeffff
00000007
fff7ffff
0000001f
feffffff
000001ff
ffffffff
0001fffd
fffbffff
00000001
fff7ffff
00000001
ffefffff
00000001
ffdfffff
00000001
ffbfffff
00000001
ff7fffff
00000001
feffffff
00000001
fbffffff
00000003
efffffff
00000007
7fffffff
0000001f
ffffffff
000001ef
ffffffff
0001dfff
bfffffff
00000001
7fffffff
00000001
ffffffff
00000000
00000000
00000000
00000000
00000000
deadbeef
00000000
deadbeef
00000000
Info 
Info ---------------------------------------------------
Info CPU 'riscvOVPsim/cpu' STATISTICS
Info   Type                  : riscv (RV64I)
Info   Nominal MIPS          : 100
Info   Final program counter : 0x8000003c
Info   Simulated instructions: 1,810
Info   Simulated MIPS        : run too short for meaningful result
Info ---------------------------------------------------
Info 
Info ---------------------------------------------------
Info SIMULATION TIME STATISTICS
Info   Simulated time        : 0.00 seconds
Info   User time             : 0.00 seconds
Info   System time           : 0.01 seconds
Info   Elapsed time          : 0.00 seconds
Info ---------------------------------------------------

riscvOVPsimPlus finished: Tue Apr 11 20:08:35 2023


riscvOVPsimPlus (64-Bit) v20230201.0 Open Virtual Platform simulator from www.IMPERAS.com.
Visit www.IMPERAS.com for multicore debug, verification and analysis solutions.

Info Session ended: Tue Apr 11 20:08:35 2023

